[0.081s] Invoking command in '/home/wojciech/Workspaces/ROS2/SCARA/build/scara_controller': CMAKE_PREFIX_PATH=${CMAKE_PREFIX_PATH}:/opt/ros/jazzy DEBUGINFOD_URLS=https://debuginfod.ubuntu.com /usr/bin/cmake /home/wojciech/Workspaces/ROS2/SCARA/src/scara_controller -DCMAKE_INSTALL_PREFIX=/home/wojciech/Workspaces/ROS2/SCARA/install/scara_controller
[0.296s] -- The C compiler identification is GNU 13.3.0
[0.503s] -- The CXX compiler identification is GNU 13.3.0
[0.553s] -- Detecting C compiler ABI info
[0.957s] -- Detecting C compiler ABI info - done
[0.976s] -- Check for working C compiler: /usr/bin/cc - skipped
[0.976s] -- Detecting C compile features
[0.977s] -- Detecting C compile features - done
[0.996s] -- Detecting CXX compiler ABI info
[1.522s] -- Detecting CXX compiler ABI info - done
[1.563s] -- Check for working CXX compiler: /usr/bin/c++ - skipped
[1.563s] -- Detecting CXX compile features
[1.563s] -- Detecting CXX compile features - done
[1.564s] -- Found ament_cmake: 2.5.3 (/opt/ros/jazzy/share/ament_cmake/cmake)
[2.018s] -- Found Python3: /usr/bin/python3 (found version "3.12.3") found components: Interpreter 
[3.407s] -- Found ament_lint_auto: 0.17.2 (/opt/ros/jazzy/share/ament_lint_auto/cmake)
[3.668s] -- Added test 'flake8' to check Python code syntax and style conventions
[3.668s] -- Configured 'flake8' exclude dirs and/or files: 
[3.670s] -- Added test 'lint_cmake' to check CMake code style
[3.672s] -- Added test 'pep257' to check Python code against some of the docstring style conventions in PEP 257
[3.675s] -- Added test 'xmllint' to check XML markup files
[3.682s] -- Configuring done (3.6s)
[3.689s] -- Generating done (0.0s)
[3.740s] -- Build files have been written to: /home/wojciech/Workspaces/ROS2/SCARA/build/scara_controller
[3.763s] Invoked command in '/home/wojciech/Workspaces/ROS2/SCARA/build/scara_controller' returned '0': CMAKE_PREFIX_PATH=${CMAKE_PREFIX_PATH}:/opt/ros/jazzy DEBUGINFOD_URLS=https://debuginfod.ubuntu.com /usr/bin/cmake /home/wojciech/Workspaces/ROS2/SCARA/src/scara_controller -DCMAKE_INSTALL_PREFIX=/home/wojciech/Workspaces/ROS2/SCARA/install/scara_controller
[3.766s] Invoking command in '/home/wojciech/Workspaces/ROS2/SCARA/build/scara_controller': CMAKE_PREFIX_PATH=${CMAKE_PREFIX_PATH}:/opt/ros/jazzy DEBUGINFOD_URLS=https://debuginfod.ubuntu.com /usr/bin/cmake --build /home/wojciech/Workspaces/ROS2/SCARA/build/scara_controller -- -j4 -l4
[3.843s] Invoked command in '/home/wojciech/Workspaces/ROS2/SCARA/build/scara_controller' returned '0': CMAKE_PREFIX_PATH=${CMAKE_PREFIX_PATH}:/opt/ros/jazzy DEBUGINFOD_URLS=https://debuginfod.ubuntu.com /usr/bin/cmake --build /home/wojciech/Workspaces/ROS2/SCARA/build/scara_controller -- -j4 -l4
[3.862s] Invoking command in '/home/wojciech/Workspaces/ROS2/SCARA/build/scara_controller': CMAKE_PREFIX_PATH=${CMAKE_PREFIX_PATH}:/opt/ros/jazzy DEBUGINFOD_URLS=https://debuginfod.ubuntu.com /usr/bin/cmake --install /home/wojciech/Workspaces/ROS2/SCARA/build/scara_controller
[3.879s] -- Install configuration: ""
[3.880s] -- Installing: /home/wojciech/Workspaces/ROS2/SCARA/install/scara_controller/share/scara_controller/config
[3.880s] -- Installing: /home/wojciech/Workspaces/ROS2/SCARA/install/scara_controller/share/scara_controller/config/scara_controllers.yaml
[3.957s] -- Installing: /home/wojciech/Workspaces/ROS2/SCARA/install/scara_controller/share/scara_controller/launch
[3.957s] -- Installing: /home/wojciech/Workspaces/ROS2/SCARA/install/scara_controller/share/scara_controller/launch/controller.launch.py
[3.957s] -- Installing: /home/wojciech/Workspaces/ROS2/SCARA/install/scara_controller/share/ament_index/resource_index/package_run_dependencies/scara_controller
[3.958s] -- Installing: /home/wojciech/Workspaces/ROS2/SCARA/install/scara_controller/share/ament_index/resource_index/parent_prefix_path/scara_controller
[3.958s] -- Installing: /home/wojciech/Workspaces/ROS2/SCARA/install/scara_controller/share/scara_controller/environment/ament_prefix_path.sh
[3.958s] -- Installing: /home/wojciech/Workspaces/ROS2/SCARA/install/scara_controller/share/scara_controller/environment/ament_prefix_path.dsv
[3.959s] -- Installing: /home/wojciech/Workspaces/ROS2/SCARA/install/scara_controller/share/scara_controller/environment/path.sh
[3.959s] -- Installing: /home/wojciech/Workspaces/ROS2/SCARA/install/scara_controller/share/scara_controller/environment/path.dsv
[3.959s] -- Installing: /home/wojciech/Workspaces/ROS2/SCARA/install/scara_controller/share/scara_controller/local_setup.bash
[3.959s] -- Installing: /home/wojciech/Workspaces/ROS2/SCARA/install/scara_controller/share/scara_controller/local_setup.sh
[3.960s] -- Installing: /home/wojciech/Workspaces/ROS2/SCARA/install/scara_controller/share/scara_controller/local_setup.zsh
[3.960s] -- Installing: /home/wojciech/Workspaces/ROS2/SCARA/install/scara_controller/share/scara_controller/local_setup.dsv
[3.960s] -- Installing: /home/wojciech/Workspaces/ROS2/SCARA/install/scara_controller/share/scara_controller/package.dsv
[3.960s] -- Installing: /home/wojciech/Workspaces/ROS2/SCARA/install/scara_controller/share/ament_index/resource_index/packages/scara_controller
[3.961s] -- Installing: /home/wojciech/Workspaces/ROS2/SCARA/install/scara_controller/share/scara_controller/cmake/scara_controllerConfig.cmake
[3.961s] -- Installing: /home/wojciech/Workspaces/ROS2/SCARA/install/scara_controller/share/scara_controller/cmake/scara_controllerConfig-version.cmake
[3.961s] -- Installing: /home/wojciech/Workspaces/ROS2/SCARA/install/scara_controller/share/scara_controller/package.xml
[3.965s] Invoked command in '/home/wojciech/Workspaces/ROS2/SCARA/build/scara_controller' returned '0': CMAKE_PREFIX_PATH=${CMAKE_PREFIX_PATH}:/opt/ros/jazzy DEBUGINFOD_URLS=https://debuginfod.ubuntu.com /usr/bin/cmake --install /home/wojciech/Workspaces/ROS2/SCARA/build/scara_controller
