[0.071s] DEBUG:colcon:Command line arguments: ['/usr/bin/colcon', 'build']
[0.071s] DEBUG:colcon:Parsed command line arguments: Namespace(log_base=None, log_level=None, verb_name='build', build_base='build', install_base='install', merge_install=False, symlink_install=False, test_result_base=None, continue_on_error=False, executor='parallel', parallel_workers=12, event_handlers=None, ignore_user_meta=False, metas=['./colcon.meta'], base_paths=['.'], packages_ignore=None, packages_ignore_regex=None, paths=None, packages_up_to=None, packages_up_to_regex=None, packages_above=None, packages_above_and_dependencies=None, packages_above_depth=None, packages_select_by_dep=None, packages_skip_by_dep=None, packages_skip_up_to=None, packages_select_build_failed=False, packages_skip_build_finished=False, packages_select_test_failures=False, packages_skip_test_passed=False, packages_select=None, packages_skip=None, packages_select_regex=None, packages_skip_regex=None, packages_start=None, packages_end=None, allow_overriding=[], cmake_args=None, cmake_target=None, cmake_target_skip_unavailable=False, cmake_clean_cache=False, cmake_clean_first=False, cmake_force_configure=False, ament_cmake_args=None, catkin_cmake_args=None, catkin_skip_building_tests=False, mixin_files=None, mixin=None, verb_parser=<colcon_mixin.mixin.mixin_argument.MixinArgumentDecorator object at 0x7b9a95ab5460>, verb_extension=<colcon_core.verb.build.BuildVerb object at 0x7b9a95bd1bb0>, main=<bound method BuildVerb.main of <colcon_core.verb.build.BuildVerb object at 0x7b9a95bd1bb0>>, mixin_verb=('build',))
[0.096s] Level 1:colcon.colcon_core.package_discovery:discover_packages(colcon_meta) check parameters
[0.096s] Level 1:colcon.colcon_core.package_discovery:discover_packages(recursive) check parameters
[0.096s] Level 1:colcon.colcon_core.package_discovery:discover_packages(ignore) check parameters
[0.096s] Level 1:colcon.colcon_core.package_discovery:discover_packages(path) check parameters
[0.096s] Level 1:colcon.colcon_core.package_discovery:discover_packages(colcon_meta) discover
[0.096s] Level 1:colcon.colcon_core.package_discovery:discover_packages(recursive) discover
[0.096s] INFO:colcon.colcon_core.package_discovery:Crawling recursively for packages in '/home/wojciech/Workspaces/ROS2/SCARA'
[0.096s] Level 1:colcon.colcon_core.package_identification:_identify(.) by extensions ['ignore', 'ignore_ament_install']
[0.097s] Level 1:colcon.colcon_core.package_identification:_identify(.) by extension 'ignore'
[0.097s] Level 1:colcon.colcon_core.package_identification:_identify(.) by extension 'ignore_ament_install'
[0.097s] Level 1:colcon.colcon_core.package_identification:_identify(.) by extensions ['colcon_pkg']
[0.097s] Level 1:colcon.colcon_core.package_identification:_identify(.) by extension 'colcon_pkg'
[0.097s] Level 1:colcon.colcon_core.package_identification:_identify(.) by extensions ['colcon_meta']
[0.097s] Level 1:colcon.colcon_core.package_identification:_identify(.) by extension 'colcon_meta'
[0.097s] Level 1:colcon.colcon_core.package_identification:_identify(.) by extensions ['ros']
[0.097s] Level 1:colcon.colcon_core.package_identification:_identify(.) by extension 'ros'
[0.113s] Level 1:colcon.colcon_core.package_identification:_identify(.) by extensions ['cmake', 'python']
[0.113s] Level 1:colcon.colcon_core.package_identification:_identify(.) by extension 'cmake'
[0.113s] Level 1:colcon.colcon_core.package_identification:_identify(.) by extension 'python'
[0.113s] Level 1:colcon.colcon_core.package_identification:_identify(.) by extensions ['python_setup_py']
[0.113s] Level 1:colcon.colcon_core.package_identification:_identify(.) by extension 'python_setup_py'
[0.113s] Level 1:colcon.colcon_core.package_identification:_identify(build) by extensions ['ignore', 'ignore_ament_install']
[0.113s] Level 1:colcon.colcon_core.package_identification:_identify(build) by extension 'ignore'
[0.113s] Level 1:colcon.colcon_core.package_identification:_identify(build) ignored
[0.113s] Level 1:colcon.colcon_core.package_identification:_identify(install) by extensions ['ignore', 'ignore_ament_install']
[0.113s] Level 1:colcon.colcon_core.package_identification:_identify(install) by extension 'ignore'
[0.113s] Level 1:colcon.colcon_core.package_identification:_identify(install) ignored
[0.113s] Level 1:colcon.colcon_core.package_identification:_identify(log) by extensions ['ignore', 'ignore_ament_install']
[0.113s] Level 1:colcon.colcon_core.package_identification:_identify(log) by extension 'ignore'
[0.113s] Level 1:colcon.colcon_core.package_identification:_identify(log) ignored
[0.114s] Level 1:colcon.colcon_core.package_identification:_identify(src) by extensions ['ignore', 'ignore_ament_install']
[0.114s] Level 1:colcon.colcon_core.package_identification:_identify(src) by extension 'ignore'
[0.114s] Level 1:colcon.colcon_core.package_identification:_identify(src) by extension 'ignore_ament_install'
[0.114s] Level 1:colcon.colcon_core.package_identification:_identify(src) by extensions ['colcon_pkg']
[0.114s] Level 1:colcon.colcon_core.package_identification:_identify(src) by extension 'colcon_pkg'
[0.114s] Level 1:colcon.colcon_core.package_identification:_identify(src) by extensions ['colcon_meta']
[0.114s] Level 1:colcon.colcon_core.package_identification:_identify(src) by extension 'colcon_meta'
[0.114s] Level 1:colcon.colcon_core.package_identification:_identify(src) by extensions ['ros']
[0.114s] Level 1:colcon.colcon_core.package_identification:_identify(src) by extension 'ros'
[0.114s] Level 1:colcon.colcon_core.package_identification:_identify(src) by extensions ['cmake', 'python']
[0.114s] Level 1:colcon.colcon_core.package_identification:_identify(src) by extension 'cmake'
[0.114s] Level 1:colcon.colcon_core.package_identification:_identify(src) by extension 'python'
[0.114s] Level 1:colcon.colcon_core.package_identification:_identify(src) by extensions ['python_setup_py']
[0.114s] Level 1:colcon.colcon_core.package_identification:_identify(src) by extension 'python_setup_py'
[0.114s] Level 1:colcon.colcon_core.package_identification:_identify(src/puzzle_solver) by extensions ['ignore', 'ignore_ament_install']
[0.114s] Level 1:colcon.colcon_core.package_identification:_identify(src/puzzle_solver) by extension 'ignore'
[0.114s] Level 1:colcon.colcon_core.package_identification:_identify(src/puzzle_solver) by extension 'ignore_ament_install'
[0.114s] Level 1:colcon.colcon_core.package_identification:_identify(src/puzzle_solver) by extensions ['colcon_pkg']
[0.114s] Level 1:colcon.colcon_core.package_identification:_identify(src/puzzle_solver) by extension 'colcon_pkg'
[0.114s] Level 1:colcon.colcon_core.package_identification:_identify(src/puzzle_solver) by extensions ['colcon_meta']
[0.114s] Level 1:colcon.colcon_core.package_identification:_identify(src/puzzle_solver) by extension 'colcon_meta'
[0.114s] Level 1:colcon.colcon_core.package_identification:_identify(src/puzzle_solver) by extensions ['ros']
[0.114s] Level 1:colcon.colcon_core.package_identification:_identify(src/puzzle_solver) by extension 'ros'
[0.116s] DEBUG:colcon.colcon_core.package_identification:Package 'src/puzzle_solver' with type 'ros.ament_cmake' and name 'puzzle_solver'
[0.116s] Level 1:colcon.colcon_core.package_identification:_identify(src/puzzle_tuner) by extensions ['ignore', 'ignore_ament_install']
[0.116s] Level 1:colcon.colcon_core.package_identification:_identify(src/puzzle_tuner) by extension 'ignore'
[0.116s] Level 1:colcon.colcon_core.package_identification:_identify(src/puzzle_tuner) by extension 'ignore_ament_install'
[0.116s] Level 1:colcon.colcon_core.package_identification:_identify(src/puzzle_tuner) by extensions ['colcon_pkg']
[0.116s] Level 1:colcon.colcon_core.package_identification:_identify(src/puzzle_tuner) by extension 'colcon_pkg'
[0.116s] Level 1:colcon.colcon_core.package_identification:_identify(src/puzzle_tuner) by extensions ['colcon_meta']
[0.116s] Level 1:colcon.colcon_core.package_identification:_identify(src/puzzle_tuner) by extension 'colcon_meta'
[0.116s] Level 1:colcon.colcon_core.package_identification:_identify(src/puzzle_tuner) by extensions ['ros']
[0.116s] Level 1:colcon.colcon_core.package_identification:_identify(src/puzzle_tuner) by extension 'ros'
[0.116s] DEBUG:colcon.colcon_core.package_identification:Package 'src/puzzle_tuner' with type 'ros.ament_cmake' and name 'puzzle_tuner'
[0.116s] Level 1:colcon.colcon_core.package_identification:_identify(src/scara_controller) by extensions ['ignore', 'ignore_ament_install']
[0.116s] Level 1:colcon.colcon_core.package_identification:_identify(src/scara_controller) by extension 'ignore'
[0.116s] Level 1:colcon.colcon_core.package_identification:_identify(src/scara_controller) by extension 'ignore_ament_install'
[0.116s] Level 1:colcon.colcon_core.package_identification:_identify(src/scara_controller) by extensions ['colcon_pkg']
[0.116s] Level 1:colcon.colcon_core.package_identification:_identify(src/scara_controller) by extension 'colcon_pkg'
[0.116s] Level 1:colcon.colcon_core.package_identification:_identify(src/scara_controller) by extensions ['colcon_meta']
[0.116s] Level 1:colcon.colcon_core.package_identification:_identify(src/scara_controller) by extension 'colcon_meta'
[0.116s] Level 1:colcon.colcon_core.package_identification:_identify(src/scara_controller) by extensions ['ros']
[0.116s] Level 1:colcon.colcon_core.package_identification:_identify(src/scara_controller) by extension 'ros'
[0.117s] DEBUG:colcon.colcon_core.package_identification:Package 'src/scara_controller' with type 'ros.ament_cmake' and name 'scara_controller'
[0.117s] Level 1:colcon.colcon_core.package_identification:_identify(src/scara_description) by extensions ['ignore', 'ignore_ament_install']
[0.117s] Level 1:colcon.colcon_core.package_identification:_identify(src/scara_description) by extension 'ignore'
[0.117s] Level 1:colcon.colcon_core.package_identification:_identify(src/scara_description) by extension 'ignore_ament_install'
[0.117s] Level 1:colcon.colcon_core.package_identification:_identify(src/scara_description) by extensions ['colcon_pkg']
[0.117s] Level 1:colcon.colcon_core.package_identification:_identify(src/scara_description) by extension 'colcon_pkg'
[0.117s] Level 1:colcon.colcon_core.package_identification:_identify(src/scara_description) by extensions ['colcon_meta']
[0.117s] Level 1:colcon.colcon_core.package_identification:_identify(src/scara_description) by extension 'colcon_meta'
[0.117s] Level 1:colcon.colcon_core.package_identification:_identify(src/scara_description) by extensions ['ros']
[0.117s] Level 1:colcon.colcon_core.package_identification:_identify(src/scara_description) by extension 'ros'
[0.117s] DEBUG:colcon.colcon_core.package_identification:Package 'src/scara_description' with type 'ros.ament_cmake' and name 'scara_description'
[0.117s] Level 1:colcon.colcon_core.package_identification:_identify(src/scara_moveit) by extensions ['ignore', 'ignore_ament_install']
[0.117s] Level 1:colcon.colcon_core.package_identification:_identify(src/scara_moveit) by extension 'ignore'
[0.117s] Level 1:colcon.colcon_core.package_identification:_identify(src/scara_moveit) by extension 'ignore_ament_install'
[0.118s] Level 1:colcon.colcon_core.package_identification:_identify(src/scara_moveit) by extensions ['colcon_pkg']
[0.118s] Level 1:colcon.colcon_core.package_identification:_identify(src/scara_moveit) by extension 'colcon_pkg'
[0.118s] Level 1:colcon.colcon_core.package_identification:_identify(src/scara_moveit) by extensions ['colcon_meta']
[0.118s] Level 1:colcon.colcon_core.package_identification:_identify(src/scara_moveit) by extension 'colcon_meta'
[0.118s] Level 1:colcon.colcon_core.package_identification:_identify(src/scara_moveit) by extensions ['ros']
[0.118s] Level 1:colcon.colcon_core.package_identification:_identify(src/scara_moveit) by extension 'ros'
[0.118s] DEBUG:colcon.colcon_core.package_identification:Package 'src/scara_moveit' with type 'ros.ament_cmake' and name 'scara_moveit'
[0.118s] Level 1:colcon.colcon_core.package_identification:_identify(src/scara_msgs) by extensions ['ignore', 'ignore_ament_install']
[0.118s] Level 1:colcon.colcon_core.package_identification:_identify(src/scara_msgs) by extension 'ignore'
[0.118s] Level 1:colcon.colcon_core.package_identification:_identify(src/scara_msgs) by extension 'ignore_ament_install'
[0.118s] Level 1:colcon.colcon_core.package_identification:_identify(src/scara_msgs) by extensions ['colcon_pkg']
[0.118s] Level 1:colcon.colcon_core.package_identification:_identify(src/scara_msgs) by extension 'colcon_pkg'
[0.118s] Level 1:colcon.colcon_core.package_identification:_identify(src/scara_msgs) by extensions ['colcon_meta']
[0.118s] Level 1:colcon.colcon_core.package_identification:_identify(src/scara_msgs) by extension 'colcon_meta'
[0.118s] Level 1:colcon.colcon_core.package_identification:_identify(src/scara_msgs) by extensions ['ros']
[0.118s] Level 1:colcon.colcon_core.package_identification:_identify(src/scara_msgs) by extension 'ros'
[0.118s] DEBUG:colcon.colcon_core.package_identification:Package 'src/scara_msgs' with type 'ros.ament_cmake' and name 'scara_msgs'
[0.118s] Level 1:colcon.colcon_core.package_identification:_identify(src/scara_utils) by extensions ['ignore', 'ignore_ament_install']
[0.119s] Level 1:colcon.colcon_core.package_identification:_identify(src/scara_utils) by extension 'ignore'
[0.119s] Level 1:colcon.colcon_core.package_identification:_identify(src/scara_utils) by extension 'ignore_ament_install'
[0.119s] Level 1:colcon.colcon_core.package_identification:_identify(src/scara_utils) by extensions ['colcon_pkg']
[0.119s] Level 1:colcon.colcon_core.package_identification:_identify(src/scara_utils) by extension 'colcon_pkg'
[0.119s] Level 1:colcon.colcon_core.package_identification:_identify(src/scara_utils) by extensions ['colcon_meta']
[0.119s] Level 1:colcon.colcon_core.package_identification:_identify(src/scara_utils) by extension 'colcon_meta'
[0.119s] Level 1:colcon.colcon_core.package_identification:_identify(src/scara_utils) by extensions ['ros']
[0.119s] Level 1:colcon.colcon_core.package_identification:_identify(src/scara_utils) by extension 'ros'
[0.119s] DEBUG:colcon.colcon_core.package_identification:Package 'src/scara_utils' with type 'ros.ament_cmake' and name 'scara_utils'
[0.119s] Level 1:colcon.colcon_core.package_discovery:discover_packages(recursive) using defaults
[0.119s] Level 1:colcon.colcon_core.package_discovery:discover_packages(ignore) discover
[0.119s] Level 1:colcon.colcon_core.package_discovery:discover_packages(ignore) using defaults
[0.119s] Level 1:colcon.colcon_core.package_discovery:discover_packages(path) discover
[0.119s] Level 1:colcon.colcon_core.package_discovery:discover_packages(path) using defaults
[0.130s] Level 1:colcon.colcon_core.package_discovery:discover_packages(prefix_path) check parameters
[0.130s] Level 1:colcon.colcon_core.package_discovery:discover_packages(prefix_path) discover
[0.133s] DEBUG:colcon.colcon_installed_package_information.package_discovery:Found 432 installed packages in /opt/ros/jazzy
[0.134s] Level 1:colcon.colcon_core.package_discovery:discover_packages(prefix_path) using defaults
[0.169s] Level 5:colcon.colcon_core.verb:set package 'puzzle_solver' build argument 'cmake_args' from command line to 'None'
[0.169s] Level 5:colcon.colcon_core.verb:set package 'puzzle_solver' build argument 'cmake_target' from command line to 'None'
[0.169s] Level 5:colcon.colcon_core.verb:set package 'puzzle_solver' build argument 'cmake_target_skip_unavailable' from command line to 'False'
[0.169s] Level 5:colcon.colcon_core.verb:set package 'puzzle_solver' build argument 'cmake_clean_cache' from command line to 'False'
[0.169s] Level 5:colcon.colcon_core.verb:set package 'puzzle_solver' build argument 'cmake_clean_first' from command line to 'False'
[0.169s] Level 5:colcon.colcon_core.verb:set package 'puzzle_solver' build argument 'cmake_force_configure' from command line to 'False'
[0.169s] Level 5:colcon.colcon_core.verb:set package 'puzzle_solver' build argument 'ament_cmake_args' from command line to 'None'
[0.169s] Level 5:colcon.colcon_core.verb:set package 'puzzle_solver' build argument 'catkin_cmake_args' from command line to 'None'
[0.169s] Level 5:colcon.colcon_core.verb:set package 'puzzle_solver' build argument 'catkin_skip_building_tests' from command line to 'False'
[0.169s] DEBUG:colcon.colcon_core.verb:Building package 'puzzle_solver' with the following arguments: {'ament_cmake_args': None, 'build_base': '/home/wojciech/Workspaces/ROS2/SCARA/build/puzzle_solver', 'catkin_cmake_args': None, 'catkin_skip_building_tests': False, 'cmake_args': None, 'cmake_clean_cache': False, 'cmake_clean_first': False, 'cmake_force_configure': False, 'cmake_target': None, 'cmake_target_skip_unavailable': False, 'install_base': '/home/wojciech/Workspaces/ROS2/SCARA/install/puzzle_solver', 'merge_install': False, 'path': '/home/wojciech/Workspaces/ROS2/SCARA/src/puzzle_solver', 'symlink_install': False, 'test_result_base': None}
[0.169s] Level 5:colcon.colcon_core.verb:set package 'puzzle_tuner' build argument 'cmake_args' from command line to 'None'
[0.169s] Level 5:colcon.colcon_core.verb:set package 'puzzle_tuner' build argument 'cmake_target' from command line to 'None'
[0.169s] Level 5:colcon.colcon_core.verb:set package 'puzzle_tuner' build argument 'cmake_target_skip_unavailable' from command line to 'False'
[0.169s] Level 5:colcon.colcon_core.verb:set package 'puzzle_tuner' build argument 'cmake_clean_cache' from command line to 'False'
[0.169s] Level 5:colcon.colcon_core.verb:set package 'puzzle_tuner' build argument 'cmake_clean_first' from command line to 'False'
[0.169s] Level 5:colcon.colcon_core.verb:set package 'puzzle_tuner' build argument 'cmake_force_configure' from command line to 'False'
[0.169s] Level 5:colcon.colcon_core.verb:set package 'puzzle_tuner' build argument 'ament_cmake_args' from command line to 'None'
[0.169s] Level 5:colcon.colcon_core.verb:set package 'puzzle_tuner' build argument 'catkin_cmake_args' from command line to 'None'
[0.169s] Level 5:colcon.colcon_core.verb:set package 'puzzle_tuner' build argument 'catkin_skip_building_tests' from command line to 'False'
[0.169s] DEBUG:colcon.colcon_core.verb:Building package 'puzzle_tuner' with the following arguments: {'ament_cmake_args': None, 'build_base': '/home/wojciech/Workspaces/ROS2/SCARA/build/puzzle_tuner', 'catkin_cmake_args': None, 'catkin_skip_building_tests': False, 'cmake_args': None, 'cmake_clean_cache': False, 'cmake_clean_first': False, 'cmake_force_configure': False, 'cmake_target': None, 'cmake_target_skip_unavailable': False, 'install_base': '/home/wojciech/Workspaces/ROS2/SCARA/install/puzzle_tuner', 'merge_install': False, 'path': '/home/wojciech/Workspaces/ROS2/SCARA/src/puzzle_tuner', 'symlink_install': False, 'test_result_base': None}
[0.169s] Level 5:colcon.colcon_core.verb:set package 'scara_controller' build argument 'cmake_args' from command line to 'None'
[0.169s] Level 5:colcon.colcon_core.verb:set package 'scara_controller' build argument 'cmake_target' from command line to 'None'
[0.169s] Level 5:colcon.colcon_core.verb:set package 'scara_controller' build argument 'cmake_target_skip_unavailable' from command line to 'False'
[0.169s] Level 5:colcon.colcon_core.verb:set package 'scara_controller' build argument 'cmake_clean_cache' from command line to 'False'
[0.169s] Level 5:colcon.colcon_core.verb:set package 'scara_controller' build argument 'cmake_clean_first' from command line to 'False'
[0.169s] Level 5:colcon.colcon_core.verb:set package 'scara_controller' build argument 'cmake_force_configure' from command line to 'False'
[0.169s] Level 5:colcon.colcon_core.verb:set package 'scara_controller' build argument 'ament_cmake_args' from command line to 'None'
[0.169s] Level 5:colcon.colcon_core.verb:set package 'scara_controller' build argument 'catkin_cmake_args' from command line to 'None'
[0.169s] Level 5:colcon.colcon_core.verb:set package 'scara_controller' build argument 'catkin_skip_building_tests' from command line to 'False'
[0.169s] DEBUG:colcon.colcon_core.verb:Building package 'scara_controller' with the following arguments: {'ament_cmake_args': None, 'build_base': '/home/wojciech/Workspaces/ROS2/SCARA/build/scara_controller', 'catkin_cmake_args': None, 'catkin_skip_building_tests': False, 'cmake_args': None, 'cmake_clean_cache': False, 'cmake_clean_first': False, 'cmake_force_configure': False, 'cmake_target': None, 'cmake_target_skip_unavailable': False, 'install_base': '/home/wojciech/Workspaces/ROS2/SCARA/install/scara_controller', 'merge_install': False, 'path': '/home/wojciech/Workspaces/ROS2/SCARA/src/scara_controller', 'symlink_install': False, 'test_result_base': None}
[0.169s] Level 5:colcon.colcon_core.verb:set package 'scara_description' build argument 'cmake_args' from command line to 'None'
[0.169s] Level 5:colcon.colcon_core.verb:set package 'scara_description' build argument 'cmake_target' from command line to 'None'
[0.169s] Level 5:colcon.colcon_core.verb:set package 'scara_description' build argument 'cmake_target_skip_unavailable' from command line to 'False'
[0.169s] Level 5:colcon.colcon_core.verb:set package 'scara_description' build argument 'cmake_clean_cache' from command line to 'False'
[0.169s] Level 5:colcon.colcon_core.verb:set package 'scara_description' build argument 'cmake_clean_first' from command line to 'False'
[0.170s] Level 5:colcon.colcon_core.verb:set package 'scara_description' build argument 'cmake_force_configure' from command line to 'False'
[0.170s] Level 5:colcon.colcon_core.verb:set package 'scara_description' build argument 'ament_cmake_args' from command line to 'None'
[0.170s] Level 5:colcon.colcon_core.verb:set package 'scara_description' build argument 'catkin_cmake_args' from command line to 'None'
[0.170s] Level 5:colcon.colcon_core.verb:set package 'scara_description' build argument 'catkin_skip_building_tests' from command line to 'False'
[0.170s] DEBUG:colcon.colcon_core.verb:Building package 'scara_description' with the following arguments: {'ament_cmake_args': None, 'build_base': '/home/wojciech/Workspaces/ROS2/SCARA/build/scara_description', 'catkin_cmake_args': None, 'catkin_skip_building_tests': False, 'cmake_args': None, 'cmake_clean_cache': False, 'cmake_clean_first': False, 'cmake_force_configure': False, 'cmake_target': None, 'cmake_target_skip_unavailable': False, 'install_base': '/home/wojciech/Workspaces/ROS2/SCARA/install/scara_description', 'merge_install': False, 'path': '/home/wojciech/Workspaces/ROS2/SCARA/src/scara_description', 'symlink_install': False, 'test_result_base': None}
[0.170s] Level 5:colcon.colcon_core.verb:set package 'scara_moveit' build argument 'cmake_args' from command line to 'None'
[0.170s] Level 5:colcon.colcon_core.verb:set package 'scara_moveit' build argument 'cmake_target' from command line to 'None'
[0.170s] Level 5:colcon.colcon_core.verb:set package 'scara_moveit' build argument 'cmake_target_skip_unavailable' from command line to 'False'
[0.170s] Level 5:colcon.colcon_core.verb:set package 'scara_moveit' build argument 'cmake_clean_cache' from command line to 'False'
[0.170s] Level 5:colcon.colcon_core.verb:set package 'scara_moveit' build argument 'cmake_clean_first' from command line to 'False'
[0.170s] Level 5:colcon.colcon_core.verb:set package 'scara_moveit' build argument 'cmake_force_configure' from command line to 'False'
[0.170s] Level 5:colcon.colcon_core.verb:set package 'scara_moveit' build argument 'ament_cmake_args' from command line to 'None'
[0.170s] Level 5:colcon.colcon_core.verb:set package 'scara_moveit' build argument 'catkin_cmake_args' from command line to 'None'
[0.170s] Level 5:colcon.colcon_core.verb:set package 'scara_moveit' build argument 'catkin_skip_building_tests' from command line to 'False'
[0.170s] DEBUG:colcon.colcon_core.verb:Building package 'scara_moveit' with the following arguments: {'ament_cmake_args': None, 'build_base': '/home/wojciech/Workspaces/ROS2/SCARA/build/scara_moveit', 'catkin_cmake_args': None, 'catkin_skip_building_tests': False, 'cmake_args': None, 'cmake_clean_cache': False, 'cmake_clean_first': False, 'cmake_force_configure': False, 'cmake_target': None, 'cmake_target_skip_unavailable': False, 'install_base': '/home/wojciech/Workspaces/ROS2/SCARA/install/scara_moveit', 'merge_install': False, 'path': '/home/wojciech/Workspaces/ROS2/SCARA/src/scara_moveit', 'symlink_install': False, 'test_result_base': None}
[0.170s] Level 5:colcon.colcon_core.verb:set package 'scara_msgs' build argument 'cmake_args' from command line to 'None'
[0.170s] Level 5:colcon.colcon_core.verb:set package 'scara_msgs' build argument 'cmake_target' from command line to 'None'
[0.170s] Level 5:colcon.colcon_core.verb:set package 'scara_msgs' build argument 'cmake_target_skip_unavailable' from command line to 'False'
[0.170s] Level 5:colcon.colcon_core.verb:set package 'scara_msgs' build argument 'cmake_clean_cache' from command line to 'False'
[0.170s] Level 5:colcon.colcon_core.verb:set package 'scara_msgs' build argument 'cmake_clean_first' from command line to 'False'
[0.170s] Level 5:colcon.colcon_core.verb:set package 'scara_msgs' build argument 'cmake_force_configure' from command line to 'False'
[0.170s] Level 5:colcon.colcon_core.verb:set package 'scara_msgs' build argument 'ament_cmake_args' from command line to 'None'
[0.170s] Level 5:colcon.colcon_core.verb:set package 'scara_msgs' build argument 'catkin_cmake_args' from command line to 'None'
[0.170s] Level 5:colcon.colcon_core.verb:set package 'scara_msgs' build argument 'catkin_skip_building_tests' from command line to 'False'
[0.170s] DEBUG:colcon.colcon_core.verb:Building package 'scara_msgs' with the following arguments: {'ament_cmake_args': None, 'build_base': '/home/wojciech/Workspaces/ROS2/SCARA/build/scara_msgs', 'catkin_cmake_args': None, 'catkin_skip_building_tests': False, 'cmake_args': None, 'cmake_clean_cache': False, 'cmake_clean_first': False, 'cmake_force_configure': False, 'cmake_target': None, 'cmake_target_skip_unavailable': False, 'install_base': '/home/wojciech/Workspaces/ROS2/SCARA/install/scara_msgs', 'merge_install': False, 'path': '/home/wojciech/Workspaces/ROS2/SCARA/src/scara_msgs', 'symlink_install': False, 'test_result_base': None}
[0.170s] Level 5:colcon.colcon_core.verb:set package 'scara_utils' build argument 'cmake_args' from command line to 'None'
[0.170s] Level 5:colcon.colcon_core.verb:set package 'scara_utils' build argument 'cmake_target' from command line to 'None'
[0.170s] Level 5:colcon.colcon_core.verb:set package 'scara_utils' build argument 'cmake_target_skip_unavailable' from command line to 'False'
[0.170s] Level 5:colcon.colcon_core.verb:set package 'scara_utils' build argument 'cmake_clean_cache' from command line to 'False'
[0.170s] Level 5:colcon.colcon_core.verb:set package 'scara_utils' build argument 'cmake_clean_first' from command line to 'False'
[0.170s] Level 5:colcon.colcon_core.verb:set package 'scara_utils' build argument 'cmake_force_configure' from command line to 'False'
[0.170s] Level 5:colcon.colcon_core.verb:set package 'scara_utils' build argument 'ament_cmake_args' from command line to 'None'
[0.170s] Level 5:colcon.colcon_core.verb:set package 'scara_utils' build argument 'catkin_cmake_args' from command line to 'None'
[0.170s] Level 5:colcon.colcon_core.verb:set package 'scara_utils' build argument 'catkin_skip_building_tests' from command line to 'False'
[0.170s] DEBUG:colcon.colcon_core.verb:Building package 'scara_utils' with the following arguments: {'ament_cmake_args': None, 'build_base': '/home/wojciech/Workspaces/ROS2/SCARA/build/scara_utils', 'catkin_cmake_args': None, 'catkin_skip_building_tests': False, 'cmake_args': None, 'cmake_clean_cache': False, 'cmake_clean_first': False, 'cmake_force_configure': False, 'cmake_target': None, 'cmake_target_skip_unavailable': False, 'install_base': '/home/wojciech/Workspaces/ROS2/SCARA/install/scara_utils', 'merge_install': False, 'path': '/home/wojciech/Workspaces/ROS2/SCARA/src/scara_utils', 'symlink_install': False, 'test_result_base': None}
[0.170s] INFO:colcon.colcon_core.executor:Executing jobs using 'parallel' executor
[0.171s] DEBUG:colcon.colcon_parallel_executor.executor.parallel:run_until_complete
[0.171s] INFO:colcon.colcon_ros.task.ament_cmake.build:Building ROS package in '/home/wojciech/Workspaces/ROS2/SCARA/src/scara_msgs' with build type 'ament_cmake'
[0.171s] INFO:colcon.colcon_cmake.task.cmake.build:Building CMake package in '/home/wojciech/Workspaces/ROS2/SCARA/src/scara_msgs'
[0.172s] INFO:colcon.colcon_core.plugin_system:Skipping extension 'colcon_core.shell.bat': Not used on non-Windows systems
[0.172s] INFO:colcon.colcon_core.shell:Skip shell extension 'powershell' for command environment: Not usable outside of PowerShell
[0.172s] DEBUG:colcon.colcon_core.shell:Skip shell extension 'dsv' for command environment
[0.175s] INFO:colcon.colcon_ros.task.ament_cmake.build:Building ROS package in '/home/wojciech/Workspaces/ROS2/SCARA/src/puzzle_solver' with build type 'ament_cmake'
[0.175s] INFO:colcon.colcon_cmake.task.cmake.build:Building CMake package in '/home/wojciech/Workspaces/ROS2/SCARA/src/puzzle_solver'
[0.176s] INFO:colcon.colcon_core.shell:Skip shell extension 'powershell' for command environment: Not usable outside of PowerShell
[0.176s] DEBUG:colcon.colcon_core.shell:Skip shell extension 'dsv' for command environment
[0.178s] INFO:colcon.colcon_ros.task.ament_cmake.build:Building ROS package in '/home/wojciech/Workspaces/ROS2/SCARA/src/puzzle_tuner' with build type 'ament_cmake'
[0.178s] INFO:colcon.colcon_cmake.task.cmake.build:Building CMake package in '/home/wojciech/Workspaces/ROS2/SCARA/src/puzzle_tuner'
[0.178s] INFO:colcon.colcon_core.shell:Skip shell extension 'powershell' for command environment: Not usable outside of PowerShell
[0.178s] DEBUG:colcon.colcon_core.shell:Skip shell extension 'dsv' for command environment
[0.181s] INFO:colcon.colcon_ros.task.ament_cmake.build:Building ROS package in '/home/wojciech/Workspaces/ROS2/SCARA/src/scara_controller' with build type 'ament_cmake'
[0.181s] INFO:colcon.colcon_cmake.task.cmake.build:Building CMake package in '/home/wojciech/Workspaces/ROS2/SCARA/src/scara_controller'
[0.181s] INFO:colcon.colcon_core.shell:Skip shell extension 'powershell' for command environment: Not usable outside of PowerShell
[0.181s] DEBUG:colcon.colcon_core.shell:Skip shell extension 'dsv' for command environment
[0.185s] INFO:colcon.colcon_ros.task.ament_cmake.build:Building ROS package in '/home/wojciech/Workspaces/ROS2/SCARA/src/scara_description' with build type 'ament_cmake'
[0.185s] INFO:colcon.colcon_cmake.task.cmake.build:Building CMake package in '/home/wojciech/Workspaces/ROS2/SCARA/src/scara_description'
[0.185s] INFO:colcon.colcon_core.shell:Skip shell extension 'powershell' for command environment: Not usable outside of PowerShell
[0.185s] DEBUG:colcon.colcon_core.shell:Skip shell extension 'dsv' for command environment
[0.188s] INFO:colcon.colcon_ros.task.ament_cmake.build:Building ROS package in '/home/wojciech/Workspaces/ROS2/SCARA/src/scara_moveit' with build type 'ament_cmake'
[0.188s] INFO:colcon.colcon_cmake.task.cmake.build:Building CMake package in '/home/wojciech/Workspaces/ROS2/SCARA/src/scara_moveit'
[0.188s] INFO:colcon.colcon_core.shell:Skip shell extension 'powershell' for command environment: Not usable outside of PowerShell
[0.188s] DEBUG:colcon.colcon_core.shell:Skip shell extension 'dsv' for command environment
[0.194s] DEBUG:colcon.colcon_core.event_handler.log_command:Invoking command in '/home/wojciech/Workspaces/ROS2/SCARA/build/scara_msgs': CMAKE_PREFIX_PATH=${CMAKE_PREFIX_PATH}:/opt/ros/jazzy DEBUGINFOD_URLS=https://debuginfod.ubuntu.com /usr/bin/cmake --build /home/wojciech/Workspaces/ROS2/SCARA/build/scara_msgs -- -j12 -l12
[0.195s] DEBUG:colcon.colcon_core.event_handler.log_command:Invoking command in '/home/wojciech/Workspaces/ROS2/SCARA/build/puzzle_solver': CMAKE_PREFIX_PATH=${CMAKE_PREFIX_PATH}:/opt/ros/jazzy DEBUGINFOD_URLS=https://debuginfod.ubuntu.com /usr/bin/cmake --build /home/wojciech/Workspaces/ROS2/SCARA/build/puzzle_solver -- -j12 -l12
[0.197s] DEBUG:colcon.colcon_core.event_handler.log_command:Invoking command in '/home/wojciech/Workspaces/ROS2/SCARA/build/puzzle_tuner': CMAKE_PREFIX_PATH=${CMAKE_PREFIX_PATH}:/opt/ros/jazzy DEBUGINFOD_URLS=https://debuginfod.ubuntu.com /usr/bin/cmake --build /home/wojciech/Workspaces/ROS2/SCARA/build/puzzle_tuner -- -j12 -l12
[0.198s] DEBUG:colcon.colcon_core.event_handler.log_command:Invoking command in '/home/wojciech/Workspaces/ROS2/SCARA/build/scara_controller': CMAKE_PREFIX_PATH=${CMAKE_PREFIX_PATH}:/opt/ros/jazzy DEBUGINFOD_URLS=https://debuginfod.ubuntu.com /usr/bin/cmake --build /home/wojciech/Workspaces/ROS2/SCARA/build/scara_controller -- -j12 -l12
[0.201s] DEBUG:colcon.colcon_core.event_handler.log_command:Invoking command in '/home/wojciech/Workspaces/ROS2/SCARA/build/scara_description': CMAKE_PREFIX_PATH=${CMAKE_PREFIX_PATH}:/opt/ros/jazzy DEBUGINFOD_URLS=https://debuginfod.ubuntu.com /usr/bin/cmake --build /home/wojciech/Workspaces/ROS2/SCARA/build/scara_description -- -j12 -l12
[0.204s] DEBUG:colcon.colcon_core.event_handler.log_command:Invoking command in '/home/wojciech/Workspaces/ROS2/SCARA/build/scara_moveit': CMAKE_PREFIX_PATH=${CMAKE_PREFIX_PATH}:/opt/ros/jazzy DEBUGINFOD_URLS=https://debuginfod.ubuntu.com /usr/bin/cmake --build /home/wojciech/Workspaces/ROS2/SCARA/build/scara_moveit -- -j12 -l12
[0.229s] DEBUG:colcon.colcon_core.event_handler.log_command:Invoked command in '/home/wojciech/Workspaces/ROS2/SCARA/build/scara_controller' returned '0': CMAKE_PREFIX_PATH=${CMAKE_PREFIX_PATH}:/opt/ros/jazzy DEBUGINFOD_URLS=https://debuginfod.ubuntu.com /usr/bin/cmake --build /home/wojciech/Workspaces/ROS2/SCARA/build/scara_controller -- -j12 -l12
[0.235s] DEBUG:colcon.colcon_core.event_handler.log_command:Invoking command in '/home/wojciech/Workspaces/ROS2/SCARA/build/scara_controller': CMAKE_PREFIX_PATH=${CMAKE_PREFIX_PATH}:/opt/ros/jazzy DEBUGINFOD_URLS=https://debuginfod.ubuntu.com /usr/bin/cmake --install /home/wojciech/Workspaces/ROS2/SCARA/build/scara_controller
[0.236s] DEBUG:colcon.colcon_core.event_handler.log_command:Invoked command in '/home/wojciech/Workspaces/ROS2/SCARA/build/scara_description' returned '0': CMAKE_PREFIX_PATH=${CMAKE_PREFIX_PATH}:/opt/ros/jazzy DEBUGINFOD_URLS=https://debuginfod.ubuntu.com /usr/bin/cmake --build /home/wojciech/Workspaces/ROS2/SCARA/build/scara_description -- -j12 -l12
[0.237s] DEBUG:colcon.colcon_core.event_handler.log_command:Invoking command in '/home/wojciech/Workspaces/ROS2/SCARA/build/scara_description': CMAKE_PREFIX_PATH=${CMAKE_PREFIX_PATH}:/opt/ros/jazzy DEBUGINFOD_URLS=https://debuginfod.ubuntu.com /usr/bin/cmake --install /home/wojciech/Workspaces/ROS2/SCARA/build/scara_description
[0.243s] DEBUG:colcon.colcon_core.event_handler.log_command:Invoked command in '/home/wojciech/Workspaces/ROS2/SCARA/build/puzzle_tuner' returned '0': CMAKE_PREFIX_PATH=${CMAKE_PREFIX_PATH}:/opt/ros/jazzy DEBUGINFOD_URLS=https://debuginfod.ubuntu.com /usr/bin/cmake --build /home/wojciech/Workspaces/ROS2/SCARA/build/puzzle_tuner -- -j12 -l12
[0.243s] DEBUG:colcon.colcon_core.event_handler.log_command:Invoking command in '/home/wojciech/Workspaces/ROS2/SCARA/build/puzzle_tuner': CMAKE_PREFIX_PATH=${CMAKE_PREFIX_PATH}:/opt/ros/jazzy DEBUGINFOD_URLS=https://debuginfod.ubuntu.com /usr/bin/cmake --install /home/wojciech/Workspaces/ROS2/SCARA/build/puzzle_tuner
[0.244s] DEBUG:colcon.colcon_core.event_handler.log_command:Invoked command in '/home/wojciech/Workspaces/ROS2/SCARA/build/scara_moveit' returned '0': CMAKE_PREFIX_PATH=${CMAKE_PREFIX_PATH}:/opt/ros/jazzy DEBUGINFOD_URLS=https://debuginfod.ubuntu.com /usr/bin/cmake --build /home/wojciech/Workspaces/ROS2/SCARA/build/scara_moveit -- -j12 -l12
[0.248s] DEBUG:colcon.colcon_core.event_handler.log_command:Invoking command in '/home/wojciech/Workspaces/ROS2/SCARA/build/scara_moveit': CMAKE_PREFIX_PATH=${CMAKE_PREFIX_PATH}:/opt/ros/jazzy DEBUGINFOD_URLS=https://debuginfod.ubuntu.com /usr/bin/cmake --install /home/wojciech/Workspaces/ROS2/SCARA/build/scara_moveit
[0.249s] Level 1:colcon.colcon_core.environment:create_environment_scripts_only(scara_description)
[0.251s] DEBUG:colcon.colcon_core.event_handler.log_command:Invoked command in '/home/wojciech/Workspaces/ROS2/SCARA/build/scara_description' returned '0': CMAKE_PREFIX_PATH=${CMAKE_PREFIX_PATH}:/opt/ros/jazzy DEBUGINFOD_URLS=https://debuginfod.ubuntu.com /usr/bin/cmake --install /home/wojciech/Workspaces/ROS2/SCARA/build/scara_description
[0.254s] Level 1:colcon.colcon_core.environment:checking '/home/wojciech/Workspaces/ROS2/SCARA/install/scara_description' for CMake module files
[0.255s] Level 1:colcon.colcon_core.environment:checking '/home/wojciech/Workspaces/ROS2/SCARA/install/scara_description' for CMake config files
[0.255s] Level 1:colcon.colcon_core.shell:create_environment_hook('scara_description', 'cmake_prefix_path')
[0.255s] INFO:colcon.colcon_core.shell:Creating environment hook '/home/wojciech/Workspaces/ROS2/SCARA/install/scara_description/share/scara_description/hook/cmake_prefix_path.ps1'
[0.256s] INFO:colcon.colcon_core.shell:Creating environment descriptor '/home/wojciech/Workspaces/ROS2/SCARA/install/scara_description/share/scara_description/hook/cmake_prefix_path.dsv'
[0.256s] INFO:colcon.colcon_core.shell:Creating environment hook '/home/wojciech/Workspaces/ROS2/SCARA/install/scara_description/share/scara_description/hook/cmake_prefix_path.sh'
[0.257s] Level 1:colcon.colcon_core.environment:checking '/home/wojciech/Workspaces/ROS2/SCARA/install/scara_description/bin'
[0.257s] Level 1:colcon.colcon_core.environment:checking '/home/wojciech/Workspaces/ROS2/SCARA/install/scara_description/lib/pkgconfig/scara_description.pc'
[0.257s] Level 1:colcon.colcon_core.environment:checking '/home/wojciech/Workspaces/ROS2/SCARA/install/scara_description/lib/python3.12/site-packages'
[0.257s] Level 1:colcon.colcon_core.environment:checking '/home/wojciech/Workspaces/ROS2/SCARA/install/scara_description/bin'
[0.257s] INFO:colcon.colcon_core.shell:Creating package script '/home/wojciech/Workspaces/ROS2/SCARA/install/scara_description/share/scara_description/package.ps1'
[0.258s] INFO:colcon.colcon_core.shell:Creating package descriptor '/home/wojciech/Workspaces/ROS2/SCARA/install/scara_description/share/scara_description/package.dsv'
[0.258s] INFO:colcon.colcon_core.shell:Creating package script '/home/wojciech/Workspaces/ROS2/SCARA/install/scara_description/share/scara_description/package.sh'
[0.259s] INFO:colcon.colcon_core.shell:Creating package script '/home/wojciech/Workspaces/ROS2/SCARA/install/scara_description/share/scara_description/package.bash'
[0.259s] INFO:colcon.colcon_core.shell:Creating package script '/home/wojciech/Workspaces/ROS2/SCARA/install/scara_description/share/scara_description/package.zsh'
[0.259s] Level 1:colcon.colcon_core.environment:create_file_with_runtime_dependencies(/home/wojciech/Workspaces/ROS2/SCARA/install/scara_description/share/colcon-core/packages/scara_description)
[0.260s] Level 1:colcon.colcon_core.environment:create_environment_scripts_only(scara_description)
[0.260s] Level 1:colcon.colcon_core.environment:checking '/home/wojciech/Workspaces/ROS2/SCARA/install/scara_description' for CMake module files
[0.260s] Level 1:colcon.colcon_core.environment:checking '/home/wojciech/Workspaces/ROS2/SCARA/install/scara_description' for CMake config files
[0.260s] Level 1:colcon.colcon_core.shell:create_environment_hook('scara_description', 'cmake_prefix_path')
[0.261s] INFO:colcon.colcon_core.shell:Creating environment hook '/home/wojciech/Workspaces/ROS2/SCARA/install/scara_description/share/scara_description/hook/cmake_prefix_path.ps1'
[0.261s] INFO:colcon.colcon_core.shell:Creating environment descriptor '/home/wojciech/Workspaces/ROS2/SCARA/install/scara_description/share/scara_description/hook/cmake_prefix_path.dsv'
[0.261s] INFO:colcon.colcon_core.shell:Creating environment hook '/home/wojciech/Workspaces/ROS2/SCARA/install/scara_description/share/scara_description/hook/cmake_prefix_path.sh'
[0.262s] Level 1:colcon.colcon_core.environment:checking '/home/wojciech/Workspaces/ROS2/SCARA/install/scara_description/bin'
[0.262s] Level 1:colcon.colcon_core.environment:checking '/home/wojciech/Workspaces/ROS2/SCARA/install/scara_description/lib/pkgconfig/scara_description.pc'
[0.262s] Level 1:colcon.colcon_core.environment:checking '/home/wojciech/Workspaces/ROS2/SCARA/install/scara_description/lib/python3.12/site-packages'
[0.262s] Level 1:colcon.colcon_core.environment:checking '/home/wojciech/Workspaces/ROS2/SCARA/install/scara_description/bin'
[0.262s] INFO:colcon.colcon_core.shell:Creating package script '/home/wojciech/Workspaces/ROS2/SCARA/install/scara_description/share/scara_description/package.ps1'
[0.262s] INFO:colcon.colcon_core.shell:Creating package descriptor '/home/wojciech/Workspaces/ROS2/SCARA/install/scara_description/share/scara_description/package.dsv'
[0.263s] INFO:colcon.colcon_core.shell:Creating package script '/home/wojciech/Workspaces/ROS2/SCARA/install/scara_description/share/scara_description/package.sh'
[0.263s] INFO:colcon.colcon_core.shell:Creating package script '/home/wojciech/Workspaces/ROS2/SCARA/install/scara_description/share/scara_description/package.bash'
[0.263s] INFO:colcon.colcon_core.shell:Creating package script '/home/wojciech/Workspaces/ROS2/SCARA/install/scara_description/share/scara_description/package.zsh'
[0.264s] Level 1:colcon.colcon_core.environment:create_file_with_runtime_dependencies(/home/wojciech/Workspaces/ROS2/SCARA/install/scara_description/share/colcon-core/packages/scara_description)
[0.264s] Level 1:colcon.colcon_core.environment:create_environment_scripts_only(scara_controller)
[0.264s] Level 1:colcon.colcon_core.environment:checking '/home/wojciech/Workspaces/ROS2/SCARA/install/scara_controller' for CMake module files
[0.265s] DEBUG:colcon.colcon_core.event_handler.log_command:Invoked command in '/home/wojciech/Workspaces/ROS2/SCARA/build/scara_controller' returned '0': CMAKE_PREFIX_PATH=${CMAKE_PREFIX_PATH}:/opt/ros/jazzy DEBUGINFOD_URLS=https://debuginfod.ubuntu.com /usr/bin/cmake --install /home/wojciech/Workspaces/ROS2/SCARA/build/scara_controller
[0.265s] Level 1:colcon.colcon_core.environment:checking '/home/wojciech/Workspaces/ROS2/SCARA/install/scara_controller' for CMake config files
[0.265s] Level 1:colcon.colcon_core.shell:create_environment_hook('scara_controller', 'cmake_prefix_path')
[0.265s] INFO:colcon.colcon_core.shell:Creating environment hook '/home/wojciech/Workspaces/ROS2/SCARA/install/scara_controller/share/scara_controller/hook/cmake_prefix_path.ps1'
[0.266s] INFO:colcon.colcon_core.shell:Creating environment descriptor '/home/wojciech/Workspaces/ROS2/SCARA/install/scara_controller/share/scara_controller/hook/cmake_prefix_path.dsv'
[0.266s] INFO:colcon.colcon_core.shell:Creating environment hook '/home/wojciech/Workspaces/ROS2/SCARA/install/scara_controller/share/scara_controller/hook/cmake_prefix_path.sh'
[0.266s] Level 1:colcon.colcon_core.environment:checking '/home/wojciech/Workspaces/ROS2/SCARA/install/scara_controller/bin'
[0.266s] Level 1:colcon.colcon_core.environment:checking '/home/wojciech/Workspaces/ROS2/SCARA/install/scara_controller/lib/pkgconfig/scara_controller.pc'
[0.266s] Level 1:colcon.colcon_core.environment:checking '/home/wojciech/Workspaces/ROS2/SCARA/install/scara_controller/lib/python3.12/site-packages'
[0.266s] Level 1:colcon.colcon_core.environment:checking '/home/wojciech/Workspaces/ROS2/SCARA/install/scara_controller/bin'
[0.266s] INFO:colcon.colcon_core.shell:Creating package script '/home/wojciech/Workspaces/ROS2/SCARA/install/scara_controller/share/scara_controller/package.ps1'
[0.267s] INFO:colcon.colcon_core.shell:Creating package descriptor '/home/wojciech/Workspaces/ROS2/SCARA/install/scara_controller/share/scara_controller/package.dsv'
[0.267s] INFO:colcon.colcon_core.shell:Creating package script '/home/wojciech/Workspaces/ROS2/SCARA/install/scara_controller/share/scara_controller/package.sh'
[0.267s] INFO:colcon.colcon_core.shell:Creating package script '/home/wojciech/Workspaces/ROS2/SCARA/install/scara_controller/share/scara_controller/package.bash'
[0.267s] INFO:colcon.colcon_core.shell:Creating package script '/home/wojciech/Workspaces/ROS2/SCARA/install/scara_controller/share/scara_controller/package.zsh'
[0.268s] Level 1:colcon.colcon_core.environment:create_file_with_runtime_dependencies(/home/wojciech/Workspaces/ROS2/SCARA/install/scara_controller/share/colcon-core/packages/scara_controller)
[0.268s] Level 1:colcon.colcon_core.environment:create_environment_scripts_only(scara_controller)
[0.268s] Level 1:colcon.colcon_core.environment:checking '/home/wojciech/Workspaces/ROS2/SCARA/install/scara_controller' for CMake module files
[0.268s] Level 1:colcon.colcon_core.environment:checking '/home/wojciech/Workspaces/ROS2/SCARA/install/scara_controller' for CMake config files
[0.269s] Level 1:colcon.colcon_core.shell:create_environment_hook('scara_controller', 'cmake_prefix_path')
[0.269s] INFO:colcon.colcon_core.shell:Creating environment hook '/home/wojciech/Workspaces/ROS2/SCARA/install/scara_controller/share/scara_controller/hook/cmake_prefix_path.ps1'
[0.269s] INFO:colcon.colcon_core.shell:Creating environment descriptor '/home/wojciech/Workspaces/ROS2/SCARA/install/scara_controller/share/scara_controller/hook/cmake_prefix_path.dsv'
[0.269s] INFO:colcon.colcon_core.shell:Creating environment hook '/home/wojciech/Workspaces/ROS2/SCARA/install/scara_controller/share/scara_controller/hook/cmake_prefix_path.sh'
[0.270s] Level 1:colcon.colcon_core.environment:checking '/home/wojciech/Workspaces/ROS2/SCARA/install/scara_controller/bin'
[0.270s] Level 1:colcon.colcon_core.environment:checking '/home/wojciech/Workspaces/ROS2/SCARA/install/scara_controller/lib/pkgconfig/scara_controller.pc'
[0.270s] Level 1:colcon.colcon_core.environment:checking '/home/wojciech/Workspaces/ROS2/SCARA/install/scara_controller/lib/python3.12/site-packages'
[0.270s] Level 1:colcon.colcon_core.environment:checking '/home/wojciech/Workspaces/ROS2/SCARA/install/scara_controller/bin'
[0.270s] INFO:colcon.colcon_core.shell:Creating package script '/home/wojciech/Workspaces/ROS2/SCARA/install/scara_controller/share/scara_controller/package.ps1'
[0.270s] INFO:colcon.colcon_core.shell:Creating package descriptor '/home/wojciech/Workspaces/ROS2/SCARA/install/scara_controller/share/scara_controller/package.dsv'
[0.271s] INFO:colcon.colcon_core.shell:Creating package script '/home/wojciech/Workspaces/ROS2/SCARA/install/scara_controller/share/scara_controller/package.sh'
[0.271s] INFO:colcon.colcon_core.shell:Creating package script '/home/wojciech/Workspaces/ROS2/SCARA/install/scara_controller/share/scara_controller/package.bash'
[0.271s] INFO:colcon.colcon_core.shell:Creating package script '/home/wojciech/Workspaces/ROS2/SCARA/install/scara_controller/share/scara_controller/package.zsh'
[0.272s] Level 1:colcon.colcon_core.environment:create_file_with_runtime_dependencies(/home/wojciech/Workspaces/ROS2/SCARA/install/scara_controller/share/colcon-core/packages/scara_controller)
[0.274s] Level 1:colcon.colcon_core.environment:create_environment_scripts_only(puzzle_tuner)
[0.274s] Level 1:colcon.colcon_core.environment:checking '/home/wojciech/Workspaces/ROS2/SCARA/install/puzzle_tuner' for CMake module files
[0.274s] DEBUG:colcon.colcon_core.event_handler.log_command:Invoked command in '/home/wojciech/Workspaces/ROS2/SCARA/build/puzzle_tuner' returned '0': CMAKE_PREFIX_PATH=${CMAKE_PREFIX_PATH}:/opt/ros/jazzy DEBUGINFOD_URLS=https://debuginfod.ubuntu.com /usr/bin/cmake --install /home/wojciech/Workspaces/ROS2/SCARA/build/puzzle_tuner
[0.275s] Level 1:colcon.colcon_core.environment:checking '/home/wojciech/Workspaces/ROS2/SCARA/install/puzzle_tuner' for CMake config files
[0.275s] Level 1:colcon.colcon_core.shell:create_environment_hook('puzzle_tuner', 'cmake_prefix_path')
[0.275s] INFO:colcon.colcon_core.shell:Creating environment hook '/home/wojciech/Workspaces/ROS2/SCARA/install/puzzle_tuner/share/puzzle_tuner/hook/cmake_prefix_path.ps1'
[0.275s] INFO:colcon.colcon_core.shell:Creating environment descriptor '/home/wojciech/Workspaces/ROS2/SCARA/install/puzzle_tuner/share/puzzle_tuner/hook/cmake_prefix_path.dsv'
[0.275s] INFO:colcon.colcon_core.shell:Creating environment hook '/home/wojciech/Workspaces/ROS2/SCARA/install/puzzle_tuner/share/puzzle_tuner/hook/cmake_prefix_path.sh'
[0.276s] Level 1:colcon.colcon_core.environment:checking '/home/wojciech/Workspaces/ROS2/SCARA/install/puzzle_tuner/bin'
[0.276s] Level 1:colcon.colcon_core.environment:checking '/home/wojciech/Workspaces/ROS2/SCARA/install/puzzle_tuner/lib/pkgconfig/puzzle_tuner.pc'
[0.276s] Level 1:colcon.colcon_core.environment:checking '/home/wojciech/Workspaces/ROS2/SCARA/install/puzzle_tuner/lib/python3.12/site-packages'
[0.276s] Level 1:colcon.colcon_core.environment:checking '/home/wojciech/Workspaces/ROS2/SCARA/install/puzzle_tuner/bin'
[0.277s] INFO:colcon.colcon_core.shell:Creating package script '/home/wojciech/Workspaces/ROS2/SCARA/install/puzzle_tuner/share/puzzle_tuner/package.ps1'
[0.277s] INFO:colcon.colcon_core.shell:Creating package descriptor '/home/wojciech/Workspaces/ROS2/SCARA/install/puzzle_tuner/share/puzzle_tuner/package.dsv'
[0.277s] INFO:colcon.colcon_core.shell:Creating package script '/home/wojciech/Workspaces/ROS2/SCARA/install/puzzle_tuner/share/puzzle_tuner/package.sh'
[0.278s] INFO:colcon.colcon_core.shell:Creating package script '/home/wojciech/Workspaces/ROS2/SCARA/install/puzzle_tuner/share/puzzle_tuner/package.bash'
[0.278s] INFO:colcon.colcon_core.shell:Creating package script '/home/wojciech/Workspaces/ROS2/SCARA/install/puzzle_tuner/share/puzzle_tuner/package.zsh'
[0.279s] Level 1:colcon.colcon_core.environment:create_file_with_runtime_dependencies(/home/wojciech/Workspaces/ROS2/SCARA/install/puzzle_tuner/share/colcon-core/packages/puzzle_tuner)
[0.279s] Level 1:colcon.colcon_core.environment:create_environment_scripts_only(puzzle_tuner)
[0.279s] Level 1:colcon.colcon_core.environment:checking '/home/wojciech/Workspaces/ROS2/SCARA/install/puzzle_tuner' for CMake module files
[0.280s] Level 1:colcon.colcon_core.environment:checking '/home/wojciech/Workspaces/ROS2/SCARA/install/puzzle_tuner' for CMake config files
[0.280s] Level 1:colcon.colcon_core.shell:create_environment_hook('puzzle_tuner', 'cmake_prefix_path')
[0.280s] INFO:colcon.colcon_core.shell:Creating environment hook '/home/wojciech/Workspaces/ROS2/SCARA/install/puzzle_tuner/share/puzzle_tuner/hook/cmake_prefix_path.ps1'
[0.280s] INFO:colcon.colcon_core.shell:Creating environment descriptor '/home/wojciech/Workspaces/ROS2/SCARA/install/puzzle_tuner/share/puzzle_tuner/hook/cmake_prefix_path.dsv'
[0.280s] INFO:colcon.colcon_core.shell:Creating environment hook '/home/wojciech/Workspaces/ROS2/SCARA/install/puzzle_tuner/share/puzzle_tuner/hook/cmake_prefix_path.sh'
[0.281s] Level 1:colcon.colcon_core.environment:checking '/home/wojciech/Workspaces/ROS2/SCARA/install/puzzle_tuner/bin'
[0.281s] Level 1:colcon.colcon_core.environment:checking '/home/wojciech/Workspaces/ROS2/SCARA/install/puzzle_tuner/lib/pkgconfig/puzzle_tuner.pc'
[0.281s] Level 1:colcon.colcon_core.environment:checking '/home/wojciech/Workspaces/ROS2/SCARA/install/puzzle_tuner/lib/python3.12/site-packages'
[0.281s] Level 1:colcon.colcon_core.environment:checking '/home/wojciech/Workspaces/ROS2/SCARA/install/puzzle_tuner/bin'
[0.281s] INFO:colcon.colcon_core.shell:Creating package script '/home/wojciech/Workspaces/ROS2/SCARA/install/puzzle_tuner/share/puzzle_tuner/package.ps1'
[0.281s] INFO:colcon.colcon_core.shell:Creating package descriptor '/home/wojciech/Workspaces/ROS2/SCARA/install/puzzle_tuner/share/puzzle_tuner/package.dsv'
[0.282s] INFO:colcon.colcon_core.shell:Creating package script '/home/wojciech/Workspaces/ROS2/SCARA/install/puzzle_tuner/share/puzzle_tuner/package.sh'
[0.282s] INFO:colcon.colcon_core.shell:Creating package script '/home/wojciech/Workspaces/ROS2/SCARA/install/puzzle_tuner/share/puzzle_tuner/package.bash'
[0.282s] INFO:colcon.colcon_core.shell:Creating package script '/home/wojciech/Workspaces/ROS2/SCARA/install/puzzle_tuner/share/puzzle_tuner/package.zsh'
[0.283s] Level 1:colcon.colcon_core.environment:create_file_with_runtime_dependencies(/home/wojciech/Workspaces/ROS2/SCARA/install/puzzle_tuner/share/colcon-core/packages/puzzle_tuner)
[0.284s] Level 1:colcon.colcon_core.environment:create_environment_scripts_only(scara_moveit)
[0.284s] DEBUG:colcon.colcon_core.event_handler.log_command:Invoked command in '/home/wojciech/Workspaces/ROS2/SCARA/build/puzzle_solver' returned '0': CMAKE_PREFIX_PATH=${CMAKE_PREFIX_PATH}:/opt/ros/jazzy DEBUGINFOD_URLS=https://debuginfod.ubuntu.com /usr/bin/cmake --build /home/wojciech/Workspaces/ROS2/SCARA/build/puzzle_solver -- -j12 -l12
[0.284s] Level 1:colcon.colcon_core.environment:checking '/home/wojciech/Workspaces/ROS2/SCARA/install/scara_moveit' for CMake module files
[0.284s] DEBUG:colcon.colcon_core.event_handler.log_command:Invoking command in '/home/wojciech/Workspaces/ROS2/SCARA/build/puzzle_solver': CMAKE_PREFIX_PATH=${CMAKE_PREFIX_PATH}:/opt/ros/jazzy DEBUGINFOD_URLS=https://debuginfod.ubuntu.com /usr/bin/cmake --install /home/wojciech/Workspaces/ROS2/SCARA/build/puzzle_solver
[0.285s] DEBUG:colcon.colcon_core.event_handler.log_command:Invoked command in '/home/wojciech/Workspaces/ROS2/SCARA/build/scara_moveit' returned '0': CMAKE_PREFIX_PATH=${CMAKE_PREFIX_PATH}:/opt/ros/jazzy DEBUGINFOD_URLS=https://debuginfod.ubuntu.com /usr/bin/cmake --install /home/wojciech/Workspaces/ROS2/SCARA/build/scara_moveit
[0.285s] Level 1:colcon.colcon_core.environment:checking '/home/wojciech/Workspaces/ROS2/SCARA/install/scara_moveit' for CMake config files
[0.285s] Level 1:colcon.colcon_core.shell:create_environment_hook('scara_moveit', 'cmake_prefix_path')
[0.285s] INFO:colcon.colcon_core.shell:Creating environment hook '/home/wojciech/Workspaces/ROS2/SCARA/install/scara_moveit/share/scara_moveit/hook/cmake_prefix_path.ps1'
[0.285s] INFO:colcon.colcon_core.shell:Creating environment descriptor '/home/wojciech/Workspaces/ROS2/SCARA/install/scara_moveit/share/scara_moveit/hook/cmake_prefix_path.dsv'
[0.286s] INFO:colcon.colcon_core.shell:Creating environment hook '/home/wojciech/Workspaces/ROS2/SCARA/install/scara_moveit/share/scara_moveit/hook/cmake_prefix_path.sh'
[0.286s] Level 1:colcon.colcon_core.environment:checking '/home/wojciech/Workspaces/ROS2/SCARA/install/scara_moveit/bin'
[0.286s] Level 1:colcon.colcon_core.environment:checking '/home/wojciech/Workspaces/ROS2/SCARA/install/scara_moveit/lib/pkgconfig/scara_moveit.pc'
[0.286s] Level 1:colcon.colcon_core.environment:checking '/home/wojciech/Workspaces/ROS2/SCARA/install/scara_moveit/lib/python3.12/site-packages'
[0.286s] Level 1:colcon.colcon_core.environment:checking '/home/wojciech/Workspaces/ROS2/SCARA/install/scara_moveit/bin'
[0.286s] INFO:colcon.colcon_core.shell:Creating package script '/home/wojciech/Workspaces/ROS2/SCARA/install/scara_moveit/share/scara_moveit/package.ps1'
[0.287s] INFO:colcon.colcon_core.shell:Creating package descriptor '/home/wojciech/Workspaces/ROS2/SCARA/install/scara_moveit/share/scara_moveit/package.dsv'
[0.287s] INFO:colcon.colcon_core.shell:Creating package script '/home/wojciech/Workspaces/ROS2/SCARA/install/scara_moveit/share/scara_moveit/package.sh'
[0.287s] INFO:colcon.colcon_core.shell:Creating package script '/home/wojciech/Workspaces/ROS2/SCARA/install/scara_moveit/share/scara_moveit/package.bash'
[0.288s] INFO:colcon.colcon_core.shell:Creating package script '/home/wojciech/Workspaces/ROS2/SCARA/install/scara_moveit/share/scara_moveit/package.zsh'
[0.288s] Level 1:colcon.colcon_core.environment:create_file_with_runtime_dependencies(/home/wojciech/Workspaces/ROS2/SCARA/install/scara_moveit/share/colcon-core/packages/scara_moveit)
[0.288s] Level 1:colcon.colcon_core.environment:create_environment_scripts_only(scara_moveit)
[0.288s] Level 1:colcon.colcon_core.environment:checking '/home/wojciech/Workspaces/ROS2/SCARA/install/scara_moveit' for CMake module files
[0.289s] Level 1:colcon.colcon_core.environment:checking '/home/wojciech/Workspaces/ROS2/SCARA/install/scara_moveit' for CMake config files
[0.289s] Level 1:colcon.colcon_core.shell:create_environment_hook('scara_moveit', 'cmake_prefix_path')
[0.289s] INFO:colcon.colcon_core.shell:Creating environment hook '/home/wojciech/Workspaces/ROS2/SCARA/install/scara_moveit/share/scara_moveit/hook/cmake_prefix_path.ps1'
[0.289s] INFO:colcon.colcon_core.shell:Creating environment descriptor '/home/wojciech/Workspaces/ROS2/SCARA/install/scara_moveit/share/scara_moveit/hook/cmake_prefix_path.dsv'
[0.289s] INFO:colcon.colcon_core.shell:Creating environment hook '/home/wojciech/Workspaces/ROS2/SCARA/install/scara_moveit/share/scara_moveit/hook/cmake_prefix_path.sh'
[0.290s] Level 1:colcon.colcon_core.environment:checking '/home/wojciech/Workspaces/ROS2/SCARA/install/scara_moveit/bin'
[0.290s] Level 1:colcon.colcon_core.environment:checking '/home/wojciech/Workspaces/ROS2/SCARA/install/scara_moveit/lib/pkgconfig/scara_moveit.pc'
[0.290s] Level 1:colcon.colcon_core.environment:checking '/home/wojciech/Workspaces/ROS2/SCARA/install/scara_moveit/lib/python3.12/site-packages'
[0.290s] Level 1:colcon.colcon_core.environment:checking '/home/wojciech/Workspaces/ROS2/SCARA/install/scara_moveit/bin'
[0.290s] INFO:colcon.colcon_core.shell:Creating package script '/home/wojciech/Workspaces/ROS2/SCARA/install/scara_moveit/share/scara_moveit/package.ps1'
[0.290s] INFO:colcon.colcon_core.shell:Creating package descriptor '/home/wojciech/Workspaces/ROS2/SCARA/install/scara_moveit/share/scara_moveit/package.dsv'
[0.291s] INFO:colcon.colcon_core.shell:Creating package script '/home/wojciech/Workspaces/ROS2/SCARA/install/scara_moveit/share/scara_moveit/package.sh'
[0.291s] INFO:colcon.colcon_core.shell:Creating package script '/home/wojciech/Workspaces/ROS2/SCARA/install/scara_moveit/share/scara_moveit/package.bash'
[0.291s] INFO:colcon.colcon_core.shell:Creating package script '/home/wojciech/Workspaces/ROS2/SCARA/install/scara_moveit/share/scara_moveit/package.zsh'
[0.291s] Level 1:colcon.colcon_core.environment:create_file_with_runtime_dependencies(/home/wojciech/Workspaces/ROS2/SCARA/install/scara_moveit/share/colcon-core/packages/scara_moveit)
[0.292s] Level 1:colcon.colcon_core.environment:create_environment_scripts_only(puzzle_solver)
[0.292s] Level 1:colcon.colcon_core.environment:checking '/home/wojciech/Workspaces/ROS2/SCARA/install/puzzle_solver' for CMake module files
[0.294s] DEBUG:colcon.colcon_core.event_handler.log_command:Invoked command in '/home/wojciech/Workspaces/ROS2/SCARA/build/puzzle_solver' returned '0': CMAKE_PREFIX_PATH=${CMAKE_PREFIX_PATH}:/opt/ros/jazzy DEBUGINFOD_URLS=https://debuginfod.ubuntu.com /usr/bin/cmake --install /home/wojciech/Workspaces/ROS2/SCARA/build/puzzle_solver
[0.294s] Level 1:colcon.colcon_core.environment:checking '/home/wojciech/Workspaces/ROS2/SCARA/install/puzzle_solver' for CMake config files
[0.295s] Level 1:colcon.colcon_core.shell:create_environment_hook('puzzle_solver', 'cmake_prefix_path')
[0.295s] INFO:colcon.colcon_core.shell:Creating environment hook '/home/wojciech/Workspaces/ROS2/SCARA/install/puzzle_solver/share/puzzle_solver/hook/cmake_prefix_path.ps1'
[0.295s] INFO:colcon.colcon_core.shell:Creating environment descriptor '/home/wojciech/Workspaces/ROS2/SCARA/install/puzzle_solver/share/puzzle_solver/hook/cmake_prefix_path.dsv'
[0.295s] INFO:colcon.colcon_core.shell:Creating environment hook '/home/wojciech/Workspaces/ROS2/SCARA/install/puzzle_solver/share/puzzle_solver/hook/cmake_prefix_path.sh'
[0.296s] Level 1:colcon.colcon_core.environment:checking '/home/wojciech/Workspaces/ROS2/SCARA/install/puzzle_solver/lib'
[0.296s] Level 1:colcon.colcon_core.environment:checking '/home/wojciech/Workspaces/ROS2/SCARA/install/puzzle_solver/bin'
[0.296s] Level 1:colcon.colcon_core.environment:checking '/home/wojciech/Workspaces/ROS2/SCARA/install/puzzle_solver/lib/pkgconfig/puzzle_solver.pc'
[0.296s] Level 1:colcon.colcon_core.environment:checking '/home/wojciech/Workspaces/ROS2/SCARA/install/puzzle_solver/lib/python3.12/site-packages'
[0.297s] Level 1:colcon.colcon_core.environment:checking '/home/wojciech/Workspaces/ROS2/SCARA/install/puzzle_solver/bin'
[0.297s] INFO:colcon.colcon_core.shell:Creating package script '/home/wojciech/Workspaces/ROS2/SCARA/install/puzzle_solver/share/puzzle_solver/package.ps1'
[0.297s] INFO:colcon.colcon_core.shell:Creating package descriptor '/home/wojciech/Workspaces/ROS2/SCARA/install/puzzle_solver/share/puzzle_solver/package.dsv'
[0.297s] INFO:colcon.colcon_core.shell:Creating package script '/home/wojciech/Workspaces/ROS2/SCARA/install/puzzle_solver/share/puzzle_solver/package.sh'
[0.298s] INFO:colcon.colcon_core.shell:Creating package script '/home/wojciech/Workspaces/ROS2/SCARA/install/puzzle_solver/share/puzzle_solver/package.bash'
[0.298s] INFO:colcon.colcon_core.shell:Creating package script '/home/wojciech/Workspaces/ROS2/SCARA/install/puzzle_solver/share/puzzle_solver/package.zsh'
[0.298s] Level 1:colcon.colcon_core.environment:create_file_with_runtime_dependencies(/home/wojciech/Workspaces/ROS2/SCARA/install/puzzle_solver/share/colcon-core/packages/puzzle_solver)
[0.299s] Level 1:colcon.colcon_core.environment:create_environment_scripts_only(puzzle_solver)
[0.299s] Level 1:colcon.colcon_core.environment:checking '/home/wojciech/Workspaces/ROS2/SCARA/install/puzzle_solver' for CMake module files
[0.299s] Level 1:colcon.colcon_core.environment:checking '/home/wojciech/Workspaces/ROS2/SCARA/install/puzzle_solver' for CMake config files
[0.299s] Level 1:colcon.colcon_core.shell:create_environment_hook('puzzle_solver', 'cmake_prefix_path')
[0.299s] INFO:colcon.colcon_core.shell:Creating environment hook '/home/wojciech/Workspaces/ROS2/SCARA/install/puzzle_solver/share/puzzle_solver/hook/cmake_prefix_path.ps1'
[0.300s] INFO:colcon.colcon_core.shell:Creating environment descriptor '/home/wojciech/Workspaces/ROS2/SCARA/install/puzzle_solver/share/puzzle_solver/hook/cmake_prefix_path.dsv'
[0.300s] INFO:colcon.colcon_core.shell:Creating environment hook '/home/wojciech/Workspaces/ROS2/SCARA/install/puzzle_solver/share/puzzle_solver/hook/cmake_prefix_path.sh'
[0.300s] Level 1:colcon.colcon_core.environment:checking '/home/wojciech/Workspaces/ROS2/SCARA/install/puzzle_solver/lib'
[0.300s] Level 1:colcon.colcon_core.environment:checking '/home/wojciech/Workspaces/ROS2/SCARA/install/puzzle_solver/bin'
[0.300s] Level 1:colcon.colcon_core.environment:checking '/home/wojciech/Workspaces/ROS2/SCARA/install/puzzle_solver/lib/pkgconfig/puzzle_solver.pc'
[0.300s] Level 1:colcon.colcon_core.environment:checking '/home/wojciech/Workspaces/ROS2/SCARA/install/puzzle_solver/lib/python3.12/site-packages'
[0.301s] Level 1:colcon.colcon_core.environment:checking '/home/wojciech/Workspaces/ROS2/SCARA/install/puzzle_solver/bin'
[0.301s] INFO:colcon.colcon_core.shell:Creating package script '/home/wojciech/Workspaces/ROS2/SCARA/install/puzzle_solver/share/puzzle_solver/package.ps1'
[0.301s] INFO:colcon.colcon_core.shell:Creating package descriptor '/home/wojciech/Workspaces/ROS2/SCARA/install/puzzle_solver/share/puzzle_solver/package.dsv'
[0.301s] INFO:colcon.colcon_core.shell:Creating package script '/home/wojciech/Workspaces/ROS2/SCARA/install/puzzle_solver/share/puzzle_solver/package.sh'
[0.302s] INFO:colcon.colcon_core.shell:Creating package script '/home/wojciech/Workspaces/ROS2/SCARA/install/puzzle_solver/share/puzzle_solver/package.bash'
[0.302s] INFO:colcon.colcon_core.shell:Creating package script '/home/wojciech/Workspaces/ROS2/SCARA/install/puzzle_solver/share/puzzle_solver/package.zsh'
[0.302s] Level 1:colcon.colcon_core.environment:create_file_with_runtime_dependencies(/home/wojciech/Workspaces/ROS2/SCARA/install/puzzle_solver/share/colcon-core/packages/puzzle_solver)
[0.476s] DEBUG:colcon.colcon_core.event_handler.log_command:Invoked command in '/home/wojciech/Workspaces/ROS2/SCARA/build/scara_msgs' returned '0': CMAKE_PREFIX_PATH=${CMAKE_PREFIX_PATH}:/opt/ros/jazzy DEBUGINFOD_URLS=https://debuginfod.ubuntu.com /usr/bin/cmake --build /home/wojciech/Workspaces/ROS2/SCARA/build/scara_msgs -- -j12 -l12
[0.477s] DEBUG:colcon.colcon_core.event_handler.log_command:Invoking command in '/home/wojciech/Workspaces/ROS2/SCARA/build/scara_msgs': CMAKE_PREFIX_PATH=${CMAKE_PREFIX_PATH}:/opt/ros/jazzy DEBUGINFOD_URLS=https://debuginfod.ubuntu.com /usr/bin/cmake --install /home/wojciech/Workspaces/ROS2/SCARA/build/scara_msgs
[0.522s] Level 1:colcon.colcon_core.environment:create_environment_scripts_only(scara_msgs)
[0.523s] Level 1:colcon.colcon_core.environment:checking '/home/wojciech/Workspaces/ROS2/SCARA/install/scara_msgs' for CMake module files
[0.523s] DEBUG:colcon.colcon_core.event_handler.log_command:Invoked command in '/home/wojciech/Workspaces/ROS2/SCARA/build/scara_msgs' returned '0': CMAKE_PREFIX_PATH=${CMAKE_PREFIX_PATH}:/opt/ros/jazzy DEBUGINFOD_URLS=https://debuginfod.ubuntu.com /usr/bin/cmake --install /home/wojciech/Workspaces/ROS2/SCARA/build/scara_msgs
[0.523s] Level 1:colcon.colcon_core.environment:checking '/home/wojciech/Workspaces/ROS2/SCARA/install/scara_msgs' for CMake config files
[0.524s] Level 1:colcon.colcon_core.shell:create_environment_hook('scara_msgs', 'cmake_prefix_path')
[0.524s] INFO:colcon.colcon_core.shell:Creating environment hook '/home/wojciech/Workspaces/ROS2/SCARA/install/scara_msgs/share/scara_msgs/hook/cmake_prefix_path.ps1'
[0.524s] INFO:colcon.colcon_core.shell:Creating environment descriptor '/home/wojciech/Workspaces/ROS2/SCARA/install/scara_msgs/share/scara_msgs/hook/cmake_prefix_path.dsv'
[0.524s] INFO:colcon.colcon_core.shell:Creating environment hook '/home/wojciech/Workspaces/ROS2/SCARA/install/scara_msgs/share/scara_msgs/hook/cmake_prefix_path.sh'
[0.525s] Level 1:colcon.colcon_core.environment:checking '/home/wojciech/Workspaces/ROS2/SCARA/install/scara_msgs/lib'
[0.525s] Level 1:colcon.colcon_core.shell:create_environment_hook('scara_msgs', 'ld_library_path_lib')
[0.525s] INFO:colcon.colcon_core.shell:Creating environment hook '/home/wojciech/Workspaces/ROS2/SCARA/install/scara_msgs/share/scara_msgs/hook/ld_library_path_lib.ps1'
[0.525s] INFO:colcon.colcon_core.shell:Creating environment descriptor '/home/wojciech/Workspaces/ROS2/SCARA/install/scara_msgs/share/scara_msgs/hook/ld_library_path_lib.dsv'
[0.525s] INFO:colcon.colcon_core.shell:Creating environment hook '/home/wojciech/Workspaces/ROS2/SCARA/install/scara_msgs/share/scara_msgs/hook/ld_library_path_lib.sh'
[0.526s] Level 1:colcon.colcon_core.environment:checking '/home/wojciech/Workspaces/ROS2/SCARA/install/scara_msgs/bin'
[0.526s] Level 1:colcon.colcon_core.environment:checking '/home/wojciech/Workspaces/ROS2/SCARA/install/scara_msgs/lib/pkgconfig/scara_msgs.pc'
[0.526s] Level 1:colcon.colcon_core.environment:checking '/home/wojciech/Workspaces/ROS2/SCARA/install/scara_msgs/lib/python3.12/site-packages'
[0.526s] Level 1:colcon.colcon_core.shell:create_environment_hook('scara_msgs', 'pythonpath')
[0.526s] INFO:colcon.colcon_core.shell:Creating environment hook '/home/wojciech/Workspaces/ROS2/SCARA/install/scara_msgs/share/scara_msgs/hook/pythonpath.ps1'
[0.526s] INFO:colcon.colcon_core.shell:Creating environment descriptor '/home/wojciech/Workspaces/ROS2/SCARA/install/scara_msgs/share/scara_msgs/hook/pythonpath.dsv'
[0.526s] INFO:colcon.colcon_core.shell:Creating environment hook '/home/wojciech/Workspaces/ROS2/SCARA/install/scara_msgs/share/scara_msgs/hook/pythonpath.sh'
[0.527s] Level 1:colcon.colcon_core.environment:checking '/home/wojciech/Workspaces/ROS2/SCARA/install/scara_msgs/bin'
[0.527s] INFO:colcon.colcon_core.shell:Creating package script '/home/wojciech/Workspaces/ROS2/SCARA/install/scara_msgs/share/scara_msgs/package.ps1'
[0.527s] INFO:colcon.colcon_core.shell:Creating package descriptor '/home/wojciech/Workspaces/ROS2/SCARA/install/scara_msgs/share/scara_msgs/package.dsv'
[0.528s] INFO:colcon.colcon_core.shell:Creating package script '/home/wojciech/Workspaces/ROS2/SCARA/install/scara_msgs/share/scara_msgs/package.sh'
[0.528s] INFO:colcon.colcon_core.shell:Creating package script '/home/wojciech/Workspaces/ROS2/SCARA/install/scara_msgs/share/scara_msgs/package.bash'
[0.528s] INFO:colcon.colcon_core.shell:Creating package script '/home/wojciech/Workspaces/ROS2/SCARA/install/scara_msgs/share/scara_msgs/package.zsh'
[0.528s] Level 1:colcon.colcon_core.environment:create_file_with_runtime_dependencies(/home/wojciech/Workspaces/ROS2/SCARA/install/scara_msgs/share/colcon-core/packages/scara_msgs)
[0.529s] Level 1:colcon.colcon_core.environment:create_environment_scripts_only(scara_msgs)
[0.529s] Level 1:colcon.colcon_core.environment:checking '/home/wojciech/Workspaces/ROS2/SCARA/install/scara_msgs' for CMake module files
[0.529s] Level 1:colcon.colcon_core.environment:checking '/home/wojciech/Workspaces/ROS2/SCARA/install/scara_msgs' for CMake config files
[0.529s] Level 1:colcon.colcon_core.shell:create_environment_hook('scara_msgs', 'cmake_prefix_path')
[0.530s] INFO:colcon.colcon_core.shell:Creating environment hook '/home/wojciech/Workspaces/ROS2/SCARA/install/scara_msgs/share/scara_msgs/hook/cmake_prefix_path.ps1'
[0.530s] INFO:colcon.colcon_core.shell:Creating environment descriptor '/home/wojciech/Workspaces/ROS2/SCARA/install/scara_msgs/share/scara_msgs/hook/cmake_prefix_path.dsv'
[0.530s] INFO:colcon.colcon_core.shell:Creating environment hook '/home/wojciech/Workspaces/ROS2/SCARA/install/scara_msgs/share/scara_msgs/hook/cmake_prefix_path.sh'
[0.530s] Level 1:colcon.colcon_core.environment:checking '/home/wojciech/Workspaces/ROS2/SCARA/install/scara_msgs/lib'
[0.530s] Level 1:colcon.colcon_core.shell:create_environment_hook('scara_msgs', 'ld_library_path_lib')
[0.530s] INFO:colcon.colcon_core.shell:Creating environment hook '/home/wojciech/Workspaces/ROS2/SCARA/install/scara_msgs/share/scara_msgs/hook/ld_library_path_lib.ps1'
[0.531s] INFO:colcon.colcon_core.shell:Creating environment descriptor '/home/wojciech/Workspaces/ROS2/SCARA/install/scara_msgs/share/scara_msgs/hook/ld_library_path_lib.dsv'
[0.531s] INFO:colcon.colcon_core.shell:Creating environment hook '/home/wojciech/Workspaces/ROS2/SCARA/install/scara_msgs/share/scara_msgs/hook/ld_library_path_lib.sh'
[0.531s] Level 1:colcon.colcon_core.environment:checking '/home/wojciech/Workspaces/ROS2/SCARA/install/scara_msgs/bin'
[0.531s] Level 1:colcon.colcon_core.environment:checking '/home/wojciech/Workspaces/ROS2/SCARA/install/scara_msgs/lib/pkgconfig/scara_msgs.pc'
[0.531s] Level 1:colcon.colcon_core.environment:checking '/home/wojciech/Workspaces/ROS2/SCARA/install/scara_msgs/lib/python3.12/site-packages'
[0.531s] Level 1:colcon.colcon_core.shell:create_environment_hook('scara_msgs', 'pythonpath')
[0.532s] INFO:colcon.colcon_core.shell:Creating environment hook '/home/wojciech/Workspaces/ROS2/SCARA/install/scara_msgs/share/scara_msgs/hook/pythonpath.ps1'
[0.532s] INFO:colcon.colcon_core.shell:Creating environment descriptor '/home/wojciech/Workspaces/ROS2/SCARA/install/scara_msgs/share/scara_msgs/hook/pythonpath.dsv'
[0.532s] INFO:colcon.colcon_core.shell:Creating environment hook '/home/wojciech/Workspaces/ROS2/SCARA/install/scara_msgs/share/scara_msgs/hook/pythonpath.sh'
[0.533s] Level 1:colcon.colcon_core.environment:checking '/home/wojciech/Workspaces/ROS2/SCARA/install/scara_msgs/bin'
[0.533s] INFO:colcon.colcon_core.shell:Creating package script '/home/wojciech/Workspaces/ROS2/SCARA/install/scara_msgs/share/scara_msgs/package.ps1'
[0.533s] INFO:colcon.colcon_core.shell:Creating package descriptor '/home/wojciech/Workspaces/ROS2/SCARA/install/scara_msgs/share/scara_msgs/package.dsv'
[0.533s] INFO:colcon.colcon_core.shell:Creating package script '/home/wojciech/Workspaces/ROS2/SCARA/install/scara_msgs/share/scara_msgs/package.sh'
[0.534s] INFO:colcon.colcon_core.shell:Creating package script '/home/wojciech/Workspaces/ROS2/SCARA/install/scara_msgs/share/scara_msgs/package.bash'
[0.534s] INFO:colcon.colcon_core.shell:Creating package script '/home/wojciech/Workspaces/ROS2/SCARA/install/scara_msgs/share/scara_msgs/package.zsh'
[0.534s] Level 1:colcon.colcon_core.environment:create_file_with_runtime_dependencies(/home/wojciech/Workspaces/ROS2/SCARA/install/scara_msgs/share/colcon-core/packages/scara_msgs)
[0.534s] INFO:colcon.colcon_ros.task.ament_cmake.build:Building ROS package in '/home/wojciech/Workspaces/ROS2/SCARA/src/scara_utils' with build type 'ament_cmake'
[0.534s] INFO:colcon.colcon_cmake.task.cmake.build:Building CMake package in '/home/wojciech/Workspaces/ROS2/SCARA/src/scara_utils'
[0.535s] INFO:colcon.colcon_core.shell:Skip shell extension 'powershell' for command environment: Not usable outside of PowerShell
[0.535s] DEBUG:colcon.colcon_core.shell:Skip shell extension 'dsv' for command environment
[0.543s] DEBUG:colcon.colcon_core.event_handler.log_command:Invoking command in '/home/wojciech/Workspaces/ROS2/SCARA/build/scara_utils': AMENT_PREFIX_PATH=/home/wojciech/Workspaces/ROS2/SCARA/install/scara_msgs:${AMENT_PREFIX_PATH} CMAKE_PREFIX_PATH=/home/wojciech/Workspaces/ROS2/SCARA/install/scara_msgs:/opt/ros/jazzy/opt/gz_sim_vendor:/opt/ros/jazzy/opt/gz_sensors_vendor:/opt/ros/jazzy/opt/gz_physics_vendor:/opt/ros/jazzy/opt/sdformat_vendor:/opt/ros/jazzy/opt/gz_gui_vendor:/opt/ros/jazzy/opt/gz_transport_vendor:/opt/ros/jazzy/opt/gz_rendering_vendor:/opt/ros/jazzy/opt/gz_plugin_vendor:/opt/ros/jazzy/opt/gz_fuel_tools_vendor:/opt/ros/jazzy/opt/gz_msgs_vendor:/opt/ros/jazzy/opt/gz_common_vendor:/opt/ros/jazzy/opt/gz_math_vendor:/opt/ros/jazzy/opt/gz_utils_vendor:/opt/ros/jazzy/opt/gz_tools_vendor:/opt/ros/jazzy/opt/gz_ogre_next_vendor:/opt/ros/jazzy/opt/gz_dartsim_vendor:/opt/ros/jazzy/opt/gz_cmake_vendor:/opt/ros/jazzy DEBUGINFOD_URLS=https://debuginfod.ubuntu.com LD_LIBRARY_PATH=/home/wojciech/Workspaces/ROS2/SCARA/install/scara_msgs/lib:/lib/x86_64-linux-gnu:/usr/lib/x86_64-linux-gnu:/opt/ros/jazzy/opt/gz_sim_vendor/lib:/opt/ros/jazzy/opt/gz_sensors_vendor/lib:/opt/ros/jazzy/opt/gz_physics_vendor/lib:/opt/ros/jazzy/opt/sdformat_vendor/lib:/opt/ros/jazzy/opt/rviz_ogre_vendor/lib:/opt/ros/jazzy/lib/x86_64-linux-gnu:/opt/ros/jazzy/opt/gz_gui_vendor/lib:/opt/ros/jazzy/opt/gz_transport_vendor/lib:/opt/ros/jazzy/opt/gz_rendering_vendor/lib:/opt/ros/jazzy/opt/gz_plugin_vendor/lib:/opt/ros/jazzy/opt/gz_fuel_tools_vendor/lib:/opt/ros/jazzy/opt/gz_msgs_vendor/lib:/opt/ros/jazzy/opt/gz_common_vendor/lib:/opt/ros/jazzy/opt/gz_math_vendor/lib:/opt/ros/jazzy/opt/gz_utils_vendor/lib:/opt/ros/jazzy/opt/gz_tools_vendor/lib:/opt/ros/jazzy/opt/gz_ogre_next_vendor/lib:/opt/ros/jazzy/opt/gz_dartsim_vendor/lib:/opt/ros/jazzy/opt/gz_cmake_vendor/lib:/opt/ros/jazzy/lib:/lib/x86_64-linux-gnu:/usr/lib/x86_64-linux-gnu PYTHONPATH=/home/wojciech/Workspaces/ROS2/SCARA/install/scara_msgs/lib/python3.12/site-packages:${PYTHONPATH} /usr/bin/cmake --build /home/wojciech/Workspaces/ROS2/SCARA/build/scara_utils -- -j12 -l12
[0.601s] DEBUG:colcon.colcon_core.event_handler.log_command:Invoked command in '/home/wojciech/Workspaces/ROS2/SCARA/build/scara_utils' returned '0': AMENT_PREFIX_PATH=/home/wojciech/Workspaces/ROS2/SCARA/install/scara_msgs:${AMENT_PREFIX_PATH} CMAKE_PREFIX_PATH=/home/wojciech/Workspaces/ROS2/SCARA/install/scara_msgs:/opt/ros/jazzy/opt/gz_sim_vendor:/opt/ros/jazzy/opt/gz_sensors_vendor:/opt/ros/jazzy/opt/gz_physics_vendor:/opt/ros/jazzy/opt/sdformat_vendor:/opt/ros/jazzy/opt/gz_gui_vendor:/opt/ros/jazzy/opt/gz_transport_vendor:/opt/ros/jazzy/opt/gz_rendering_vendor:/opt/ros/jazzy/opt/gz_plugin_vendor:/opt/ros/jazzy/opt/gz_fuel_tools_vendor:/opt/ros/jazzy/opt/gz_msgs_vendor:/opt/ros/jazzy/opt/gz_common_vendor:/opt/ros/jazzy/opt/gz_math_vendor:/opt/ros/jazzy/opt/gz_utils_vendor:/opt/ros/jazzy/opt/gz_tools_vendor:/opt/ros/jazzy/opt/gz_ogre_next_vendor:/opt/ros/jazzy/opt/gz_dartsim_vendor:/opt/ros/jazzy/opt/gz_cmake_vendor:/opt/ros/jazzy DEBUGINFOD_URLS=https://debuginfod.ubuntu.com LD_LIBRARY_PATH=/home/wojciech/Workspaces/ROS2/SCARA/install/scara_msgs/lib:/lib/x86_64-linux-gnu:/usr/lib/x86_64-linux-gnu:/opt/ros/jazzy/opt/gz_sim_vendor/lib:/opt/ros/jazzy/opt/gz_sensors_vendor/lib:/opt/ros/jazzy/opt/gz_physics_vendor/lib:/opt/ros/jazzy/opt/sdformat_vendor/lib:/opt/ros/jazzy/opt/rviz_ogre_vendor/lib:/opt/ros/jazzy/lib/x86_64-linux-gnu:/opt/ros/jazzy/opt/gz_gui_vendor/lib:/opt/ros/jazzy/opt/gz_transport_vendor/lib:/opt/ros/jazzy/opt/gz_rendering_vendor/lib:/opt/ros/jazzy/opt/gz_plugin_vendor/lib:/opt/ros/jazzy/opt/gz_fuel_tools_vendor/lib:/opt/ros/jazzy/opt/gz_msgs_vendor/lib:/opt/ros/jazzy/opt/gz_common_vendor/lib:/opt/ros/jazzy/opt/gz_math_vendor/lib:/opt/ros/jazzy/opt/gz_utils_vendor/lib:/opt/ros/jazzy/opt/gz_tools_vendor/lib:/opt/ros/jazzy/opt/gz_ogre_next_vendor/lib:/opt/ros/jazzy/opt/gz_dartsim_vendor/lib:/opt/ros/jazzy/opt/gz_cmake_vendor/lib:/opt/ros/jazzy/lib:/lib/x86_64-linux-gnu:/usr/lib/x86_64-linux-gnu PYTHONPATH=/home/wojciech/Workspaces/ROS2/SCARA/install/scara_msgs/lib/python3.12/site-packages:${PYTHONPATH} /usr/bin/cmake --build /home/wojciech/Workspaces/ROS2/SCARA/build/scara_utils -- -j12 -l12
[0.602s] DEBUG:colcon.colcon_core.event_handler.log_command:Invoking command in '/home/wojciech/Workspaces/ROS2/SCARA/build/scara_utils': AMENT_PREFIX_PATH=/home/wojciech/Workspaces/ROS2/SCARA/install/scara_msgs:${AMENT_PREFIX_PATH} CMAKE_PREFIX_PATH=/home/wojciech/Workspaces/ROS2/SCARA/install/scara_msgs:/opt/ros/jazzy/opt/gz_sim_vendor:/opt/ros/jazzy/opt/gz_sensors_vendor:/opt/ros/jazzy/opt/gz_physics_vendor:/opt/ros/jazzy/opt/sdformat_vendor:/opt/ros/jazzy/opt/gz_gui_vendor:/opt/ros/jazzy/opt/gz_transport_vendor:/opt/ros/jazzy/opt/gz_rendering_vendor:/opt/ros/jazzy/opt/gz_plugin_vendor:/opt/ros/jazzy/opt/gz_fuel_tools_vendor:/opt/ros/jazzy/opt/gz_msgs_vendor:/opt/ros/jazzy/opt/gz_common_vendor:/opt/ros/jazzy/opt/gz_math_vendor:/opt/ros/jazzy/opt/gz_utils_vendor:/opt/ros/jazzy/opt/gz_tools_vendor:/opt/ros/jazzy/opt/gz_ogre_next_vendor:/opt/ros/jazzy/opt/gz_dartsim_vendor:/opt/ros/jazzy/opt/gz_cmake_vendor:/opt/ros/jazzy DEBUGINFOD_URLS=https://debuginfod.ubuntu.com LD_LIBRARY_PATH=/home/wojciech/Workspaces/ROS2/SCARA/install/scara_msgs/lib:/lib/x86_64-linux-gnu:/usr/lib/x86_64-linux-gnu:/opt/ros/jazzy/opt/gz_sim_vendor/lib:/opt/ros/jazzy/opt/gz_sensors_vendor/lib:/opt/ros/jazzy/opt/gz_physics_vendor/lib:/opt/ros/jazzy/opt/sdformat_vendor/lib:/opt/ros/jazzy/opt/rviz_ogre_vendor/lib:/opt/ros/jazzy/lib/x86_64-linux-gnu:/opt/ros/jazzy/opt/gz_gui_vendor/lib:/opt/ros/jazzy/opt/gz_transport_vendor/lib:/opt/ros/jazzy/opt/gz_rendering_vendor/lib:/opt/ros/jazzy/opt/gz_plugin_vendor/lib:/opt/ros/jazzy/opt/gz_fuel_tools_vendor/lib:/opt/ros/jazzy/opt/gz_msgs_vendor/lib:/opt/ros/jazzy/opt/gz_common_vendor/lib:/opt/ros/jazzy/opt/gz_math_vendor/lib:/opt/ros/jazzy/opt/gz_utils_vendor/lib:/opt/ros/jazzy/opt/gz_tools_vendor/lib:/opt/ros/jazzy/opt/gz_ogre_next_vendor/lib:/opt/ros/jazzy/opt/gz_dartsim_vendor/lib:/opt/ros/jazzy/opt/gz_cmake_vendor/lib:/opt/ros/jazzy/lib:/lib/x86_64-linux-gnu:/usr/lib/x86_64-linux-gnu PYTHONPATH=/home/wojciech/Workspaces/ROS2/SCARA/install/scara_msgs/lib/python3.12/site-packages:${PYTHONPATH} /usr/bin/cmake --install /home/wojciech/Workspaces/ROS2/SCARA/build/scara_utils
[0.610s] Level 1:colcon.colcon_core.environment:create_environment_scripts_only(scara_utils)
[0.610s] Level 1:colcon.colcon_core.environment:checking '/home/wojciech/Workspaces/ROS2/SCARA/install/scara_utils' for CMake module files
[0.610s] DEBUG:colcon.colcon_core.event_handler.log_command:Invoked command in '/home/wojciech/Workspaces/ROS2/SCARA/build/scara_utils' returned '0': AMENT_PREFIX_PATH=/home/wojciech/Workspaces/ROS2/SCARA/install/scara_msgs:${AMENT_PREFIX_PATH} CMAKE_PREFIX_PATH=/home/wojciech/Workspaces/ROS2/SCARA/install/scara_msgs:/opt/ros/jazzy/opt/gz_sim_vendor:/opt/ros/jazzy/opt/gz_sensors_vendor:/opt/ros/jazzy/opt/gz_physics_vendor:/opt/ros/jazzy/opt/sdformat_vendor:/opt/ros/jazzy/opt/gz_gui_vendor:/opt/ros/jazzy/opt/gz_transport_vendor:/opt/ros/jazzy/opt/gz_rendering_vendor:/opt/ros/jazzy/opt/gz_plugin_vendor:/opt/ros/jazzy/opt/gz_fuel_tools_vendor:/opt/ros/jazzy/opt/gz_msgs_vendor:/opt/ros/jazzy/opt/gz_common_vendor:/opt/ros/jazzy/opt/gz_math_vendor:/opt/ros/jazzy/opt/gz_utils_vendor:/opt/ros/jazzy/opt/gz_tools_vendor:/opt/ros/jazzy/opt/gz_ogre_next_vendor:/opt/ros/jazzy/opt/gz_dartsim_vendor:/opt/ros/jazzy/opt/gz_cmake_vendor:/opt/ros/jazzy DEBUGINFOD_URLS=https://debuginfod.ubuntu.com LD_LIBRARY_PATH=/home/wojciech/Workspaces/ROS2/SCARA/install/scara_msgs/lib:/lib/x86_64-linux-gnu:/usr/lib/x86_64-linux-gnu:/opt/ros/jazzy/opt/gz_sim_vendor/lib:/opt/ros/jazzy/opt/gz_sensors_vendor/lib:/opt/ros/jazzy/opt/gz_physics_vendor/lib:/opt/ros/jazzy/opt/sdformat_vendor/lib:/opt/ros/jazzy/opt/rviz_ogre_vendor/lib:/opt/ros/jazzy/lib/x86_64-linux-gnu:/opt/ros/jazzy/opt/gz_gui_vendor/lib:/opt/ros/jazzy/opt/gz_transport_vendor/lib:/opt/ros/jazzy/opt/gz_rendering_vendor/lib:/opt/ros/jazzy/opt/gz_plugin_vendor/lib:/opt/ros/jazzy/opt/gz_fuel_tools_vendor/lib:/opt/ros/jazzy/opt/gz_msgs_vendor/lib:/opt/ros/jazzy/opt/gz_common_vendor/lib:/opt/ros/jazzy/opt/gz_math_vendor/lib:/opt/ros/jazzy/opt/gz_utils_vendor/lib:/opt/ros/jazzy/opt/gz_tools_vendor/lib:/opt/ros/jazzy/opt/gz_ogre_next_vendor/lib:/opt/ros/jazzy/opt/gz_dartsim_vendor/lib:/opt/ros/jazzy/opt/gz_cmake_vendor/lib:/opt/ros/jazzy/lib:/lib/x86_64-linux-gnu:/usr/lib/x86_64-linux-gnu PYTHONPATH=/home/wojciech/Workspaces/ROS2/SCARA/install/scara_msgs/lib/python3.12/site-packages:${PYTHONPATH} /usr/bin/cmake --install /home/wojciech/Workspaces/ROS2/SCARA/build/scara_utils
[0.611s] Level 1:colcon.colcon_core.environment:checking '/home/wojciech/Workspaces/ROS2/SCARA/install/scara_utils' for CMake config files
[0.611s] Level 1:colcon.colcon_core.shell:create_environment_hook('scara_utils', 'cmake_prefix_path')
[0.611s] INFO:colcon.colcon_core.shell:Creating environment hook '/home/wojciech/Workspaces/ROS2/SCARA/install/scara_utils/share/scara_utils/hook/cmake_prefix_path.ps1'
[0.611s] INFO:colcon.colcon_core.shell:Creating environment descriptor '/home/wojciech/Workspaces/ROS2/SCARA/install/scara_utils/share/scara_utils/hook/cmake_prefix_path.dsv'
[0.612s] INFO:colcon.colcon_core.shell:Creating environment hook '/home/wojciech/Workspaces/ROS2/SCARA/install/scara_utils/share/scara_utils/hook/cmake_prefix_path.sh'
[0.612s] Level 1:colcon.colcon_core.environment:checking '/home/wojciech/Workspaces/ROS2/SCARA/install/scara_utils/lib'
[0.612s] Level 1:colcon.colcon_core.environment:checking '/home/wojciech/Workspaces/ROS2/SCARA/install/scara_utils/bin'
[0.612s] Level 1:colcon.colcon_core.environment:checking '/home/wojciech/Workspaces/ROS2/SCARA/install/scara_utils/lib/pkgconfig/scara_utils.pc'
[0.612s] Level 1:colcon.colcon_core.environment:checking '/home/wojciech/Workspaces/ROS2/SCARA/install/scara_utils/lib/python3.12/site-packages'
[0.612s] Level 1:colcon.colcon_core.environment:checking '/home/wojciech/Workspaces/ROS2/SCARA/install/scara_utils/bin'
[0.612s] INFO:colcon.colcon_core.shell:Creating package script '/home/wojciech/Workspaces/ROS2/SCARA/install/scara_utils/share/scara_utils/package.ps1'
[0.613s] INFO:colcon.colcon_core.shell:Creating package descriptor '/home/wojciech/Workspaces/ROS2/SCARA/install/scara_utils/share/scara_utils/package.dsv'
[0.613s] INFO:colcon.colcon_core.shell:Creating package script '/home/wojciech/Workspaces/ROS2/SCARA/install/scara_utils/share/scara_utils/package.sh'
[0.613s] INFO:colcon.colcon_core.shell:Creating package script '/home/wojciech/Workspaces/ROS2/SCARA/install/scara_utils/share/scara_utils/package.bash'
[0.613s] INFO:colcon.colcon_core.shell:Creating package script '/home/wojciech/Workspaces/ROS2/SCARA/install/scara_utils/share/scara_utils/package.zsh'
[0.614s] Level 1:colcon.colcon_core.environment:create_file_with_runtime_dependencies(/home/wojciech/Workspaces/ROS2/SCARA/install/scara_utils/share/colcon-core/packages/scara_utils)
[0.614s] Level 1:colcon.colcon_core.environment:create_environment_scripts_only(scara_utils)
[0.614s] Level 1:colcon.colcon_core.environment:checking '/home/wojciech/Workspaces/ROS2/SCARA/install/scara_utils' for CMake module files
[0.614s] Level 1:colcon.colcon_core.environment:checking '/home/wojciech/Workspaces/ROS2/SCARA/install/scara_utils' for CMake config files
[0.615s] Level 1:colcon.colcon_core.shell:create_environment_hook('scara_utils', 'cmake_prefix_path')
[0.615s] INFO:colcon.colcon_core.shell:Creating environment hook '/home/wojciech/Workspaces/ROS2/SCARA/install/scara_utils/share/scara_utils/hook/cmake_prefix_path.ps1'
[0.615s] INFO:colcon.colcon_core.shell:Creating environment descriptor '/home/wojciech/Workspaces/ROS2/SCARA/install/scara_utils/share/scara_utils/hook/cmake_prefix_path.dsv'
[0.615s] INFO:colcon.colcon_core.shell:Creating environment hook '/home/wojciech/Workspaces/ROS2/SCARA/install/scara_utils/share/scara_utils/hook/cmake_prefix_path.sh'
[0.616s] Level 1:colcon.colcon_core.environment:checking '/home/wojciech/Workspaces/ROS2/SCARA/install/scara_utils/lib'
[0.616s] Level 1:colcon.colcon_core.environment:checking '/home/wojciech/Workspaces/ROS2/SCARA/install/scara_utils/bin'
[0.616s] Level 1:colcon.colcon_core.environment:checking '/home/wojciech/Workspaces/ROS2/SCARA/install/scara_utils/lib/pkgconfig/scara_utils.pc'
[0.616s] Level 1:colcon.colcon_core.environment:checking '/home/wojciech/Workspaces/ROS2/SCARA/install/scara_utils/lib/python3.12/site-packages'
[0.616s] Level 1:colcon.colcon_core.environment:checking '/home/wojciech/Workspaces/ROS2/SCARA/install/scara_utils/bin'
[0.616s] INFO:colcon.colcon_core.shell:Creating package script '/home/wojciech/Workspaces/ROS2/SCARA/install/scara_utils/share/scara_utils/package.ps1'
[0.616s] INFO:colcon.colcon_core.shell:Creating package descriptor '/home/wojciech/Workspaces/ROS2/SCARA/install/scara_utils/share/scara_utils/package.dsv'
[0.617s] INFO:colcon.colcon_core.shell:Creating package script '/home/wojciech/Workspaces/ROS2/SCARA/install/scara_utils/share/scara_utils/package.sh'
[0.617s] INFO:colcon.colcon_core.shell:Creating package script '/home/wojciech/Workspaces/ROS2/SCARA/install/scara_utils/share/scara_utils/package.bash'
[0.617s] INFO:colcon.colcon_core.shell:Creating package script '/home/wojciech/Workspaces/ROS2/SCARA/install/scara_utils/share/scara_utils/package.zsh'
[0.617s] Level 1:colcon.colcon_core.environment:create_file_with_runtime_dependencies(/home/wojciech/Workspaces/ROS2/SCARA/install/scara_utils/share/colcon-core/packages/scara_utils)
[0.618s] DEBUG:colcon.colcon_parallel_executor.executor.parallel:closing loop
[0.618s] DEBUG:colcon.colcon_parallel_executor.executor.parallel:loop closed
[0.618s] DEBUG:colcon.colcon_parallel_executor.executor.parallel:run_until_complete finished with '0'
[0.618s] DEBUG:colcon.colcon_core.event_reactor:joining thread
[0.622s] INFO:colcon.colcon_core.plugin_system:Skipping extension 'colcon_notification.desktop_notification.terminal_notifier': Not used on non-Darwin systems
[0.622s] INFO:colcon.colcon_core.plugin_system:Skipping extension 'colcon_notification.desktop_notification.win32': Not used on non-Windows systems
[0.622s] INFO:colcon.colcon_notification.desktop_notification:Sending desktop notification using 'notify2'
[0.631s] DEBUG:colcon.colcon_core.event_reactor:joined thread
[0.631s] INFO:colcon.colcon_core.shell:Creating prefix script '/home/wojciech/Workspaces/ROS2/SCARA/install/local_setup.ps1'
[0.632s] INFO:colcon.colcon_core.shell:Creating prefix util module '/home/wojciech/Workspaces/ROS2/SCARA/install/_local_setup_util_ps1.py'
[0.632s] INFO:colcon.colcon_core.shell:Creating prefix chain script '/home/wojciech/Workspaces/ROS2/SCARA/install/setup.ps1'
[0.633s] INFO:colcon.colcon_core.shell:Creating prefix script '/home/wojciech/Workspaces/ROS2/SCARA/install/local_setup.sh'
[0.633s] INFO:colcon.colcon_core.shell:Creating prefix util module '/home/wojciech/Workspaces/ROS2/SCARA/install/_local_setup_util_sh.py'
[0.634s] INFO:colcon.colcon_core.shell:Creating prefix chain script '/home/wojciech/Workspaces/ROS2/SCARA/install/setup.sh'
[0.634s] INFO:colcon.colcon_core.shell:Creating prefix script '/home/wojciech/Workspaces/ROS2/SCARA/install/local_setup.bash'
[0.635s] INFO:colcon.colcon_core.shell:Creating prefix chain script '/home/wojciech/Workspaces/ROS2/SCARA/install/setup.bash'
[0.635s] INFO:colcon.colcon_core.shell:Creating prefix script '/home/wojciech/Workspaces/ROS2/SCARA/install/local_setup.zsh'
[0.635s] INFO:colcon.colcon_core.shell:Creating prefix chain script '/home/wojciech/Workspaces/ROS2/SCARA/install/setup.zsh'
