[0.035s] Invoking command in '/home/wojciech/Workspaces/ROS2/SCARA/build/scara_moveit': CMAKE_PREFIX_PATH=${CMAKE_PREFIX_PATH}:/opt/ros/jazzy DEBUGINFOD_URLS=https://debuginfod.ubuntu.com /usr/bin/cmake --build /home/wojciech/Workspaces/ROS2/SCARA/build/scara_moveit -- -j4 -l4
[0.307s] Invoked command in '/home/wojciech/Workspaces/ROS2/SCARA/build/scara_moveit' returned '0': CMAKE_PREFIX_PATH=${CMAKE_PREFIX_PATH}:/opt/ros/jazzy DEBUGINFOD_URLS=https://debuginfod.ubuntu.com /usr/bin/cmake --build /home/wojciech/Workspaces/ROS2/SCARA/build/scara_moveit -- -j4 -l4
[0.308s] Invoking command in '/home/wojciech/Workspaces/ROS2/SCARA/build/scara_moveit': CMAKE_PREFIX_PATH=${CMAKE_PREFIX_PATH}:/opt/ros/jazzy DEBUGINFOD_URLS=https://debuginfod.ubuntu.com /usr/bin/cmake --install /home/wojciech/Workspaces/ROS2/SCARA/build/scara_moveit
[0.340s] -- Install configuration: ""
[0.341s] -- Up-to-date: /home/wojciech/Workspaces/ROS2/SCARA/install/scara_moveit/share/scara_moveit/launch
[0.342s] -- Up-to-date: /home/wojciech/Workspaces/ROS2/SCARA/install/scara_moveit/share/scara_moveit/launch/moveit.launch.py
[0.342s] -- Up-to-date: /home/wojciech/Workspaces/ROS2/SCARA/install/scara_moveit/share/scara_moveit/config
[0.342s] -- Up-to-date: /home/wojciech/Workspaces/ROS2/SCARA/install/scara_moveit/share/scara_moveit/config/joint_limits.yaml
[0.342s] -- Up-to-date: /home/wojciech/Workspaces/ROS2/SCARA/install/scara_moveit/share/scara_moveit/config/scara.srdf
[0.342s] -- Up-to-date: /home/wojciech/Workspaces/ROS2/SCARA/install/scara_moveit/share/scara_moveit/config/pilz_cartesian_limits.yaml
[0.343s] -- Up-to-date: /home/wojciech/Workspaces/ROS2/SCARA/install/scara_moveit/share/scara_moveit/config/kinematics.yaml
[0.346s] -- Up-to-date: /home/wojciech/Workspaces/ROS2/SCARA/install/scara_moveit/share/scara_moveit/config/planning_python_api.yaml
[0.346s] -- Up-to-date: /home/wojciech/Workspaces/ROS2/SCARA/install/scara_moveit/share/scara_moveit/config/moveit_controllers.yaml
[0.346s] -- Up-to-date: /home/wojciech/Workspaces/ROS2/SCARA/install/scara_moveit/share/scara_moveit/config/initial_positions.yaml
[0.346s] -- Up-to-date: /home/wojciech/Workspaces/ROS2/SCARA/install/scara_moveit/share/scara_moveit/config/moveit.rviz
[0.346s] -- Up-to-date: /home/wojciech/Workspaces/ROS2/SCARA/install/scara_moveit/share/ament_index/resource_index/package_run_dependencies/scara_moveit
[0.347s] -- Up-to-date: /home/wojciech/Workspaces/ROS2/SCARA/install/scara_moveit/share/ament_index/resource_index/parent_prefix_path/scara_moveit
[0.347s] -- Up-to-date: /home/wojciech/Workspaces/ROS2/SCARA/install/scara_moveit/share/scara_moveit/environment/ament_prefix_path.sh
[0.347s] -- Up-to-date: /home/wojciech/Workspaces/ROS2/SCARA/install/scara_moveit/share/scara_moveit/environment/ament_prefix_path.dsv
[0.347s] -- Up-to-date: /home/wojciech/Workspaces/ROS2/SCARA/install/scara_moveit/share/scara_moveit/environment/path.sh
[0.347s] -- Up-to-date: /home/wojciech/Workspaces/ROS2/SCARA/install/scara_moveit/share/scara_moveit/environment/path.dsv
[0.348s] -- Up-to-date: /home/wojciech/Workspaces/ROS2/SCARA/install/scara_moveit/share/scara_moveit/local_setup.bash
[0.348s] -- Up-to-date: /home/wojciech/Workspaces/ROS2/SCARA/install/scara_moveit/share/scara_moveit/local_setup.sh
[0.348s] -- Up-to-date: /home/wojciech/Workspaces/ROS2/SCARA/install/scara_moveit/share/scara_moveit/local_setup.zsh
[0.348s] -- Up-to-date: /home/wojciech/Workspaces/ROS2/SCARA/install/scara_moveit/share/scara_moveit/local_setup.dsv
[0.349s] -- Up-to-date: /home/wojciech/Workspaces/ROS2/SCARA/install/scara_moveit/share/scara_moveit/package.dsv
[0.350s] -- Up-to-date: /home/wojciech/Workspaces/ROS2/SCARA/install/scara_moveit/share/ament_index/resource_index/packages/scara_moveit
[0.350s] -- Up-to-date: /home/wojciech/Workspaces/ROS2/SCARA/install/scara_moveit/share/scara_moveit/cmake/scara_moveitConfig.cmake
[0.350s] -- Up-to-date: /home/wojciech/Workspaces/ROS2/SCARA/install/scara_moveit/share/scara_moveit/cmake/scara_moveitConfig-version.cmake
[0.350s] -- Up-to-date: /home/wojciech/Workspaces/ROS2/SCARA/install/scara_moveit/share/scara_moveit/package.xml
[0.360s] Invoked command in '/home/wojciech/Workspaces/ROS2/SCARA/build/scara_moveit' returned '0': CMAKE_PREFIX_PATH=${CMAKE_PREFIX_PATH}:/opt/ros/jazzy DEBUGINFOD_URLS=https://debuginfod.ubuntu.com /usr/bin/cmake --install /home/wojciech/Workspaces/ROS2/SCARA/build/scara_moveit
