[0.011s] Invoking command in '/home/wojciech/Workspaces/ROS2/SCARA/build/scara_controller': CMAKE_PREFIX_PATH=${CMAKE_PREFIX_PATH}:/opt/ros/jazzy DEBUGINFOD_URLS=https://debuginfod.ubuntu.com /usr/bin/cmake --build /home/wojciech/Workspaces/ROS2/SCARA/build/scara_controller -- -j12 -l12
[0.030s] -- Found ament_cmake: 2.5.3 (/opt/ros/jazzy/share/ament_cmake/cmake)
[0.182s] -- Found ament_lint_auto: 0.17.1 (/opt/ros/jazzy/share/ament_lint_auto/cmake)
[0.242s] -- Added test 'flake8' to check Python code syntax and style conventions
[0.242s] -- Configured 'flake8' exclude dirs and/or files: 
[0.243s] -- Added test 'lint_cmake' to check CMake code style
[0.243s] -- Added test 'pep257' to check Python code against some of the docstring style conventions in PEP 257
[0.245s] -- Added test 'xmllint' to check XML markup files
[0.245s] -- Configuring done (0.2s)
[0.248s] -- Generating done (0.0s)
[0.249s] -- Build files have been written to: /home/wojciech/Workspaces/ROS2/SCARA/build/scara_controller
[0.268s] Invoked command in '/home/wojciech/Workspaces/ROS2/SCARA/build/scara_controller' returned '0': CMAKE_PREFIX_PATH=${CMAKE_PREFIX_PATH}:/opt/ros/jazzy DEBUGINFOD_URLS=https://debuginfod.ubuntu.com /usr/bin/cmake --build /home/wojciech/Workspaces/ROS2/SCARA/build/scara_controller -- -j12 -l12
[0.268s] Invoking command in '/home/wojciech/Workspaces/ROS2/SCARA/build/scara_controller': CMAKE_PREFIX_PATH=${CMAKE_PREFIX_PATH}:/opt/ros/jazzy DEBUGINFOD_URLS=https://debuginfod.ubuntu.com /usr/bin/cmake --install /home/wojciech/Workspaces/ROS2/SCARA/build/scara_controller
[0.274s] -- Install configuration: ""
[0.275s] -- Installing: /home/wojciech/Workspaces/ROS2/SCARA/install/scara_controller/share/scara_controller/config
[0.275s] -- Installing: /home/wojciech/Workspaces/ROS2/SCARA/install/scara_controller/share/scara_controller/config/scara_controllers.yaml
[0.275s] -- Installing: /home/wojciech/Workspaces/ROS2/SCARA/install/scara_controller/share/scara_controller/launch
[0.275s] -- Installing: /home/wojciech/Workspaces/ROS2/SCARA/install/scara_controller/share/scara_controller/launch/controller.launch.py
[0.275s] -- Installing: /home/wojciech/Workspaces/ROS2/SCARA/install/scara_controller/share/ament_index/resource_index/package_run_dependencies/scara_controller
[0.275s] -- Up-to-date: /home/wojciech/Workspaces/ROS2/SCARA/install/scara_controller/share/ament_index/resource_index/parent_prefix_path/scara_controller
[0.275s] -- Up-to-date: /home/wojciech/Workspaces/ROS2/SCARA/install/scara_controller/share/scara_controller/environment/ament_prefix_path.sh
[0.275s] -- Up-to-date: /home/wojciech/Workspaces/ROS2/SCARA/install/scara_controller/share/scara_controller/environment/ament_prefix_path.dsv
[0.275s] -- Up-to-date: /home/wojciech/Workspaces/ROS2/SCARA/install/scara_controller/share/scara_controller/environment/path.sh
[0.275s] -- Up-to-date: /home/wojciech/Workspaces/ROS2/SCARA/install/scara_controller/share/scara_controller/environment/path.dsv
[0.275s] -- Up-to-date: /home/wojciech/Workspaces/ROS2/SCARA/install/scara_controller/share/scara_controller/local_setup.bash
[0.275s] -- Up-to-date: /home/wojciech/Workspaces/ROS2/SCARA/install/scara_controller/share/scara_controller/local_setup.sh
[0.275s] -- Up-to-date: /home/wojciech/Workspaces/ROS2/SCARA/install/scara_controller/share/scara_controller/local_setup.zsh
[0.275s] -- Up-to-date: /home/wojciech/Workspaces/ROS2/SCARA/install/scara_controller/share/scara_controller/local_setup.dsv
[0.275s] -- Installing: /home/wojciech/Workspaces/ROS2/SCARA/install/scara_controller/share/scara_controller/package.dsv
[0.275s] -- Up-to-date: /home/wojciech/Workspaces/ROS2/SCARA/install/scara_controller/share/ament_index/resource_index/packages/scara_controller
[0.275s] -- Up-to-date: /home/wojciech/Workspaces/ROS2/SCARA/install/scara_controller/share/scara_controller/cmake/scara_controllerConfig.cmake
[0.275s] -- Up-to-date: /home/wojciech/Workspaces/ROS2/SCARA/install/scara_controller/share/scara_controller/cmake/scara_controllerConfig-version.cmake
[0.276s] -- Installing: /home/wojciech/Workspaces/ROS2/SCARA/install/scara_controller/share/scara_controller/package.xml
[0.277s] Invoked command in '/home/wojciech/Workspaces/ROS2/SCARA/build/scara_controller' returned '0': CMAKE_PREFIX_PATH=${CMAKE_PREFIX_PATH}:/opt/ros/jazzy DEBUGINFOD_URLS=https://debuginfod.ubuntu.com /usr/bin/cmake --install /home/wojciech/Workspaces/ROS2/SCARA/build/scara_controller
