-- The C compiler identification is GNU 13.3.0
-- The CXX compiler identification is GNU 13.3.0
-- Detecting C compiler ABI info
-- Detecting C compiler ABI info - done
-- Check for working C compiler: /usr/bin/cc - skipped
-- Detecting C compile features
-- Detecting C compile features - done
-- Detecting CXX compiler ABI info
-- Detecting CXX compiler ABI info - done
-- Check for working CXX compiler: /usr/bin/c++ - skipped
-- Detecting CXX compile features
-- Detecting CXX compile features - done
-- Found ament_cmake: 2.5.3 (/opt/ros/jazzy/share/ament_cmake/cmake)
-- Found Python3: /usr/bin/python3 (found version "3.12.3") found components: Interpreter 
-- Found std_msgs: 5.3.6 (/opt/ros/jazzy/share/std_msgs/cmake)
-- Found rosidl_generator_c: 4.6.5 (/opt/ros/jazzy/share/rosidl_generator_c/cmake)
-- Found rosidl_generator_cpp: 4.6.5 (/opt/ros/jazzy/share/rosidl_generator_cpp/cmake)
-- Using all available rosidl_typesupport_c: rosidl_typesupport_fastrtps_c;rosidl_typesupport_introspection_c
-- Using all available rosidl_typesupport_cpp: rosidl_typesupport_fastrtps_cpp;rosidl_typesupport_introspection_cpp
-- Found rosidl_default_generators: 1.6.0 (/opt/ros/jazzy/share/rosidl_default_generators/cmake)
-- Found rosidl_adapter: 4.6.5 (/opt/ros/jazzy/share/rosidl_adapter/cmake)
-- Found ament_cmake_ros: 0.12.0 (/opt/ros/jazzy/share/ament_cmake_ros/cmake)
-- Using all available rosidl_typesupport_c: rosidl_typesupport_fastrtps_c;rosidl_typesupport_introspection_c
-- Using all available rosidl_typesupport_cpp: rosidl_typesupport_fastrtps_cpp;rosidl_typesupport_introspection_cpp
-- Found python_cmake_module: 0.11.1 (/opt/ros/jazzy/share/python_cmake_module/cmake)
-- Found PythonExtra: /usr/bin/python3  
-- Found Python3: /usr/bin/python3 (found version "3.12.3") found components: Interpreter Development NumPy Development.Module Development.Embed 
-- Found ament_lint_auto: 0.17.2 (/opt/ros/jazzy/share/ament_lint_auto/cmake)
-- Added test 'lint_cmake' to check CMake code style
-- Added test 'xmllint' to check XML markup files
-- Configuring done (15.8s)
-- Generating done (0.1s)
-- Build files have been written to: /home/wojciech/Workspaces/ROS2/SCARA/build/scara_msgs
[  1%] [34m[1mGenerating type hashes for ROS interfaces[0m
[  1%] Built target scara_msgs__rosidl_generator_type_description
[  1%] Built target ament_cmake_python_copy_scara_msgs
[  3%] [34m[1mGenerating C code for ROS interfaces[0m
[  5%] [32mBuilding C object CMakeFiles/scara_msgs__rosidl_generator_c.dir/rosidl_generator_c/scara_msgs/srv/detail/euler_to_quaternion__description.c.o[0m
[  7%] [32mBuilding C object CMakeFiles/scara_msgs__rosidl_generator_c.dir/rosidl_generator_c/scara_msgs/srv/detail/euler_to_quaternion__functions.c.o[0m
[  9%] [32mBuilding C object CMakeFiles/scara_msgs__rosidl_generator_c.dir/rosidl_generator_c/scara_msgs/srv/detail/euler_to_quaternion__type_support.c.o[0m
[ 11%] [32mBuilding C object CMakeFiles/scara_msgs__rosidl_generator_c.dir/rosidl_generator_c/scara_msgs/srv/detail/quaternion_to_euler__description.c.o[0m
[ 12%] [32mBuilding C object CMakeFiles/scara_msgs__rosidl_generator_c.dir/rosidl_generator_c/scara_msgs/srv/detail/quaternion_to_euler__functions.c.o[0m
[ 14%] [32mBuilding C object CMakeFiles/scara_msgs__rosidl_generator_c.dir/rosidl_generator_c/scara_msgs/srv/detail/quaternion_to_euler__type_support.c.o[0m
[ 16%] [32mBuilding C object CMakeFiles/scara_msgs__rosidl_generator_c.dir/rosidl_generator_c/scara_msgs/action/detail/scara_task__description.c.o[0m
[ 18%] [32mBuilding C object CMakeFiles/scara_msgs__rosidl_generator_c.dir/rosidl_generator_c/scara_msgs/action/detail/scara_task__functions.c.o[0m
[ 20%] [32mBuilding C object CMakeFiles/scara_msgs__rosidl_generator_c.dir/rosidl_generator_c/scara_msgs/action/detail/scara_task__type_support.c.o[0m
[ 22%] [32m[1mLinking C shared library libscara_msgs__rosidl_generator_c.so[0m
[ 22%] Built target scara_msgs__rosidl_generator_c
running egg_info
creating scara_msgs.egg-info
writing scara_msgs.egg-info/PKG-INFO
writing dependency_links to scara_msgs.egg-info/dependency_links.txt
writing top-level names to scara_msgs.egg-info/top_level.txt
writing manifest file 'scara_msgs.egg-info/SOURCES.txt'
reading manifest file 'scara_msgs.egg-info/SOURCES.txt'
writing manifest file 'scara_msgs.egg-info/SOURCES.txt'
[ 22%] Built target ament_cmake_python_build_scara_msgs_egg
[ 24%] [34m[1mGenerating C introspection for ROS interfaces[0m
[ 25%] [32mBuilding C object CMakeFiles/scara_msgs__rosidl_typesupport_introspection_c.dir/rosidl_typesupport_introspection_c/scara_msgs/srv/detail/euler_to_quaternion__type_support.c.o[0m
[ 27%] [32mBuilding C object CMakeFiles/scara_msgs__rosidl_typesupport_introspection_c.dir/rosidl_typesupport_introspection_c/scara_msgs/srv/detail/quaternion_to_euler__type_support.c.o[0m
[ 29%] [32mBuilding C object CMakeFiles/scara_msgs__rosidl_typesupport_introspection_c.dir/rosidl_typesupport_introspection_c/scara_msgs/action/detail/scara_task__type_support.c.o[0m
[ 31%] [32m[1mLinking C shared library libscara_msgs__rosidl_typesupport_introspection_c.so[0m
[ 31%] Built target scara_msgs__rosidl_typesupport_introspection_c
[ 33%] [34m[1mGenerating C type support dispatch for ROS interfaces[0m
[ 35%] [32mBuilding CXX object CMakeFiles/scara_msgs__rosidl_typesupport_c.dir/rosidl_typesupport_c/scara_msgs/srv/euler_to_quaternion__type_support.cpp.o[0m
[ 37%] [32mBuilding CXX object CMakeFiles/scara_msgs__rosidl_typesupport_c.dir/rosidl_typesupport_c/scara_msgs/srv/quaternion_to_euler__type_support.cpp.o[0m
[ 38%] [32mBuilding CXX object CMakeFiles/scara_msgs__rosidl_typesupport_c.dir/rosidl_typesupport_c/scara_msgs/action/scara_task__type_support.cpp.o[0m
[ 40%] [32m[1mLinking CXX shared library libscara_msgs__rosidl_typesupport_c.so[0m
[ 40%] Built target scara_msgs__rosidl_typesupport_c
[ 42%] [34m[1mGenerating C type support for eProsima Fast-RTPS[0m
[ 44%] [32mBuilding CXX object CMakeFiles/scara_msgs__rosidl_typesupport_fastrtps_c.dir/rosidl_typesupport_fastrtps_c/scara_msgs/srv/detail/euler_to_quaternion__type_support_c.cpp.o[0m
[ 46%] [32mBuilding CXX object CMakeFiles/scara_msgs__rosidl_typesupport_fastrtps_c.dir/rosidl_typesupport_fastrtps_c/scara_msgs/action/detail/scara_task__type_support_c.cpp.o[0m
[ 48%] [32mBuilding CXX object CMakeFiles/scara_msgs__rosidl_typesupport_fastrtps_c.dir/rosidl_typesupport_fastrtps_c/scara_msgs/srv/detail/quaternion_to_euler__type_support_c.cpp.o[0m
[ 50%] [32m[1mLinking CXX shared library libscara_msgs__rosidl_typesupport_fastrtps_c.so[0m
[ 50%] Built target scara_msgs__rosidl_typesupport_fastrtps_c
[ 51%] [34m[1mGenerating C++ code for ROS interfaces[0m
[ 51%] Built target scara_msgs__cpp
[ 53%] [34m[1mGenerating C++ type support dispatch for ROS interfaces[0m
[ 55%] [32mBuilding CXX object CMakeFiles/scara_msgs__rosidl_typesupport_cpp.dir/rosidl_typesupport_cpp/scara_msgs/srv/euler_to_quaternion__type_support.cpp.o[0m
[ 57%] [32mBuilding CXX object CMakeFiles/scara_msgs__rosidl_typesupport_cpp.dir/rosidl_typesupport_cpp/scara_msgs/srv/quaternion_to_euler__type_support.cpp.o[0m
[ 59%] [32mBuilding CXX object CMakeFiles/scara_msgs__rosidl_typesupport_cpp.dir/rosidl_typesupport_cpp/scara_msgs/action/scara_task__type_support.cpp.o[0m
[ 61%] [32m[1mLinking CXX shared library libscara_msgs__rosidl_typesupport_cpp.so[0m
[ 61%] Built target scara_msgs__rosidl_typesupport_cpp
[ 62%] [34m[1mGenerating C++ introspection for ROS interfaces[0m
[ 64%] [32mBuilding CXX object CMakeFiles/scara_msgs__rosidl_typesupport_introspection_cpp.dir/rosidl_typesupport_introspection_cpp/scara_msgs/srv/detail/euler_to_quaternion__type_support.cpp.o[0m
[ 66%] [32mBuilding CXX object CMakeFiles/scara_msgs__rosidl_typesupport_introspection_cpp.dir/rosidl_typesupport_introspection_cpp/scara_msgs/action/detail/scara_task__type_support.cpp.o[0m
[ 68%] [32mBuilding CXX object CMakeFiles/scara_msgs__rosidl_typesupport_introspection_cpp.dir/rosidl_typesupport_introspection_cpp/scara_msgs/srv/detail/quaternion_to_euler__type_support.cpp.o[0m
[ 70%] [32m[1mLinking CXX shared library libscara_msgs__rosidl_typesupport_introspection_cpp.so[0m
[ 70%] Built target scara_msgs__rosidl_typesupport_introspection_cpp
[ 72%] [34m[1mGenerating C++ type support for eProsima Fast-RTPS[0m
[ 75%] [32mBuilding CXX object CMakeFiles/scara_msgs__rosidl_typesupport_fastrtps_cpp.dir/rosidl_typesupport_fastrtps_cpp/scara_msgs/srv/detail/dds_fastrtps/euler_to_quaternion__type_support.cpp.o[0m
[ 75%] [32mBuilding CXX object CMakeFiles/scara_msgs__rosidl_typesupport_fastrtps_cpp.dir/rosidl_typesupport_fastrtps_cpp/scara_msgs/srv/detail/dds_fastrtps/quaternion_to_euler__type_support.cpp.o[0m
[ 77%] [32mBuilding CXX object CMakeFiles/scara_msgs__rosidl_typesupport_fastrtps_cpp.dir/rosidl_typesupport_fastrtps_cpp/scara_msgs/action/detail/dds_fastrtps/scara_task__type_support.cpp.o[0m
[ 79%] [32m[1mLinking CXX shared library libscara_msgs__rosidl_typesupport_fastrtps_cpp.so[0m
[ 79%] Built target scara_msgs__rosidl_typesupport_fastrtps_cpp
[ 79%] Built target scara_msgs
[ 81%] [34m[1mGenerating Python code for ROS interfaces[0m
[ 81%] Built target scara_msgs__py
[ 83%] [32mBuilding C object CMakeFiles/scara_msgs__rosidl_generator_py.dir/rosidl_generator_py/scara_msgs/srv/_euler_to_quaternion_s.c.o[0m
[ 85%] [32mBuilding C object CMakeFiles/scara_msgs__rosidl_generator_py.dir/rosidl_generator_py/scara_msgs/action/_scara_task_s.c.o[0m
[ 87%] [32mBuilding C object CMakeFiles/scara_msgs__rosidl_generator_py.dir/rosidl_generator_py/scara_msgs/srv/_quaternion_to_euler_s.c.o[0m
[ 88%] [32m[1mLinking C shared library libscara_msgs__rosidl_generator_py.so[0m
[ 88%] Built target scara_msgs__rosidl_generator_py
[ 90%] [32mBuilding C object CMakeFiles/scara_msgs_s__rosidl_typesupport_fastrtps_c.dir/rosidl_generator_py/scara_msgs/_scara_msgs_s.ep.rosidl_typesupport_fastrtps_c.c.o[0m
[ 92%] [32m[1mLinking C shared module rosidl_generator_py/scara_msgs/scara_msgs_s__rosidl_typesupport_fastrtps_c.so[0m
[ 92%] Built target scara_msgs_s__rosidl_typesupport_fastrtps_c
[ 94%] [32mBuilding C object CMakeFiles/scara_msgs_s__rosidl_typesupport_c.dir/rosidl_generator_py/scara_msgs/_scara_msgs_s.ep.rosidl_typesupport_c.c.o[0m
[ 96%] [32m[1mLinking C shared module rosidl_generator_py/scara_msgs/scara_msgs_s__rosidl_typesupport_c.so[0m
[ 96%] Built target scara_msgs_s__rosidl_typesupport_c
[ 98%] [32mBuilding C object CMakeFiles/scara_msgs_s__rosidl_typesupport_introspection_c.dir/rosidl_generator_py/scara_msgs/_scara_msgs_s.ep.rosidl_typesupport_introspection_c.c.o[0m
[100%] [32m[1mLinking C shared module rosidl_generator_py/scara_msgs/scara_msgs_s__rosidl_typesupport_introspection_c.so[0m
[100%] Built target scara_msgs_s__rosidl_typesupport_introspection_c
-- Install configuration: ""
-- Installing: /home/wojciech/Workspaces/ROS2/SCARA/install/scara_msgs/share/ament_index/resource_index/rosidl_interfaces/scara_msgs
-- Installing: /home/wojciech/Workspaces/ROS2/SCARA/install/scara_msgs/share/scara_msgs/srv/EulerToQuaternion.json
-- Installing: /home/wojciech/Workspaces/ROS2/SCARA/install/scara_msgs/share/scara_msgs/srv/QuaternionToEuler.json
-- Installing: /home/wojciech/Workspaces/ROS2/SCARA/install/scara_msgs/share/scara_msgs/action/ScaraTask.json
-- Installing: /home/wojciech/Workspaces/ROS2/SCARA/install/scara_msgs/include/scara_msgs/scara_msgs
-- Installing: /home/wojciech/Workspaces/ROS2/SCARA/install/scara_msgs/include/scara_msgs/scara_msgs/srv
-- Installing: /home/wojciech/Workspaces/ROS2/SCARA/install/scara_msgs/include/scara_msgs/scara_msgs/srv/quaternion_to_euler.h
-- Installing: /home/wojciech/Workspaces/ROS2/SCARA/install/scara_msgs/include/scara_msgs/scara_msgs/srv/detail
-- Installing: /home/wojciech/Workspaces/ROS2/SCARA/install/scara_msgs/include/scara_msgs/scara_msgs/srv/detail/euler_to_quaternion__functions.c
-- Installing: /home/wojciech/Workspaces/ROS2/SCARA/install/scara_msgs/include/scara_msgs/scara_msgs/srv/detail/euler_to_quaternion__type_support.h
-- Installing: /home/wojciech/Workspaces/ROS2/SCARA/install/scara_msgs/include/scara_msgs/scara_msgs/srv/detail/quaternion_to_euler__description.c
-- Installing: /home/wojciech/Workspaces/ROS2/SCARA/install/scara_msgs/include/scara_msgs/scara_msgs/srv/detail/quaternion_to_euler__type_support.c
-- Installing: /home/wojciech/Workspaces/ROS2/SCARA/install/scara_msgs/include/scara_msgs/scara_msgs/srv/detail/euler_to_quaternion__description.c
-- Installing: /home/wojciech/Workspaces/ROS2/SCARA/install/scara_msgs/include/scara_msgs/scara_msgs/srv/detail/quaternion_to_euler__functions.c
-- Installing: /home/wojciech/Workspaces/ROS2/SCARA/install/scara_msgs/include/scara_msgs/scara_msgs/srv/detail/quaternion_to_euler__struct.h
-- Installing: /home/wojciech/Workspaces/ROS2/SCARA/install/scara_msgs/include/scara_msgs/scara_msgs/srv/detail/quaternion_to_euler__type_support.h
-- Installing: /home/wojciech/Workspaces/ROS2/SCARA/install/scara_msgs/include/scara_msgs/scara_msgs/srv/detail/quaternion_to_euler__functions.h
-- Installing: /home/wojciech/Workspaces/ROS2/SCARA/install/scara_msgs/include/scara_msgs/scara_msgs/srv/detail/euler_to_quaternion__struct.h
-- Installing: /home/wojciech/Workspaces/ROS2/SCARA/install/scara_msgs/include/scara_msgs/scara_msgs/srv/detail/euler_to_quaternion__functions.h
-- Installing: /home/wojciech/Workspaces/ROS2/SCARA/install/scara_msgs/include/scara_msgs/scara_msgs/srv/detail/euler_to_quaternion__type_support.c
-- Installing: /home/wojciech/Workspaces/ROS2/SCARA/install/scara_msgs/include/scara_msgs/scara_msgs/srv/euler_to_quaternion.h
-- Installing: /home/wojciech/Workspaces/ROS2/SCARA/install/scara_msgs/include/scara_msgs/scara_msgs/action
-- Installing: /home/wojciech/Workspaces/ROS2/SCARA/install/scara_msgs/include/scara_msgs/scara_msgs/action/detail
-- Installing: /home/wojciech/Workspaces/ROS2/SCARA/install/scara_msgs/include/scara_msgs/scara_msgs/action/detail/scara_task__functions.c
-- Installing: /home/wojciech/Workspaces/ROS2/SCARA/install/scara_msgs/include/scara_msgs/scara_msgs/action/detail/scara_task__struct.h
-- Installing: /home/wojciech/Workspaces/ROS2/SCARA/install/scara_msgs/include/scara_msgs/scara_msgs/action/detail/scara_task__type_support.c
-- Installing: /home/wojciech/Workspaces/ROS2/SCARA/install/scara_msgs/include/scara_msgs/scara_msgs/action/detail/scara_task__functions.h
-- Installing: /home/wojciech/Workspaces/ROS2/SCARA/install/scara_msgs/include/scara_msgs/scara_msgs/action/detail/scara_task__type_support.h
-- Installing: /home/wojciech/Workspaces/ROS2/SCARA/install/scara_msgs/include/scara_msgs/scara_msgs/action/detail/scara_task__description.c
-- Installing: /home/wojciech/Workspaces/ROS2/SCARA/install/scara_msgs/include/scara_msgs/scara_msgs/action/scara_task.h
-- Installing: /home/wojciech/Workspaces/ROS2/SCARA/install/scara_msgs/include/scara_msgs/scara_msgs/msg
-- Installing: /home/wojciech/Workspaces/ROS2/SCARA/install/scara_msgs/include/scara_msgs/scara_msgs/msg/rosidl_generator_c__visibility_control.h
-- Installing: /home/wojciech/Workspaces/ROS2/SCARA/install/scara_msgs/share/scara_msgs/environment/library_path.sh
-- Installing: /home/wojciech/Workspaces/ROS2/SCARA/install/scara_msgs/share/scara_msgs/environment/library_path.dsv
-- Installing: /home/wojciech/Workspaces/ROS2/SCARA/install/scara_msgs/lib/libscara_msgs__rosidl_generator_c.so
-- Set non-toolchain portion of runtime path of "/home/wojciech/Workspaces/ROS2/SCARA/install/scara_msgs/lib/libscara_msgs__rosidl_generator_c.so" to ""
-- Up-to-date: /home/wojciech/Workspaces/ROS2/SCARA/install/scara_msgs/include/scara_msgs/scara_msgs
-- Up-to-date: /home/wojciech/Workspaces/ROS2/SCARA/install/scara_msgs/include/scara_msgs/scara_msgs/srv
-- Up-to-date: /home/wojciech/Workspaces/ROS2/SCARA/install/scara_msgs/include/scara_msgs/scara_msgs/srv/detail
-- Installing: /home/wojciech/Workspaces/ROS2/SCARA/install/scara_msgs/include/scara_msgs/scara_msgs/srv/detail/quaternion_to_euler__rosidl_typesupport_fastrtps_c.h
-- Installing: /home/wojciech/Workspaces/ROS2/SCARA/install/scara_msgs/include/scara_msgs/scara_msgs/srv/detail/euler_to_quaternion__rosidl_typesupport_fastrtps_c.h
-- Up-to-date: /home/wojciech/Workspaces/ROS2/SCARA/install/scara_msgs/include/scara_msgs/scara_msgs/action
-- Up-to-date: /home/wojciech/Workspaces/ROS2/SCARA/install/scara_msgs/include/scara_msgs/scara_msgs/action/detail
-- Installing: /home/wojciech/Workspaces/ROS2/SCARA/install/scara_msgs/include/scara_msgs/scara_msgs/action/detail/scara_task__rosidl_typesupport_fastrtps_c.h
-- Up-to-date: /home/wojciech/Workspaces/ROS2/SCARA/install/scara_msgs/include/scara_msgs/scara_msgs/msg
-- Installing: /home/wojciech/Workspaces/ROS2/SCARA/install/scara_msgs/include/scara_msgs/scara_msgs/msg/rosidl_typesupport_fastrtps_c__visibility_control.h
-- Installing: /home/wojciech/Workspaces/ROS2/SCARA/install/scara_msgs/lib/libscara_msgs__rosidl_typesupport_fastrtps_c.so
-- Set non-toolchain portion of runtime path of "/home/wojciech/Workspaces/ROS2/SCARA/install/scara_msgs/lib/libscara_msgs__rosidl_typesupport_fastrtps_c.so" to ""
-- Up-to-date: /home/wojciech/Workspaces/ROS2/SCARA/install/scara_msgs/include/scara_msgs/scara_msgs
-- Up-to-date: /home/wojciech/Workspaces/ROS2/SCARA/install/scara_msgs/include/scara_msgs/scara_msgs/srv
-- Installing: /home/wojciech/Workspaces/ROS2/SCARA/install/scara_msgs/include/scara_msgs/scara_msgs/srv/euler_to_quaternion.hpp
-- Installing: /home/wojciech/Workspaces/ROS2/SCARA/install/scara_msgs/include/scara_msgs/scara_msgs/srv/quaternion_to_euler.hpp
-- Up-to-date: /home/wojciech/Workspaces/ROS2/SCARA/install/scara_msgs/include/scara_msgs/scara_msgs/srv/detail
-- Installing: /home/wojciech/Workspaces/ROS2/SCARA/install/scara_msgs/include/scara_msgs/scara_msgs/srv/detail/euler_to_quaternion__struct.hpp
-- Installing: /home/wojciech/Workspaces/ROS2/SCARA/install/scara_msgs/include/scara_msgs/scara_msgs/srv/detail/euler_to_quaternion__builder.hpp
-- Installing: /home/wojciech/Workspaces/ROS2/SCARA/install/scara_msgs/include/scara_msgs/scara_msgs/srv/detail/quaternion_to_euler__traits.hpp
-- Installing: /home/wojciech/Workspaces/ROS2/SCARA/install/scara_msgs/include/scara_msgs/scara_msgs/srv/detail/euler_to_quaternion__traits.hpp
-- Installing: /home/wojciech/Workspaces/ROS2/SCARA/install/scara_msgs/include/scara_msgs/scara_msgs/srv/detail/quaternion_to_euler__builder.hpp
-- Installing: /home/wojciech/Workspaces/ROS2/SCARA/install/scara_msgs/include/scara_msgs/scara_msgs/srv/detail/quaternion_to_euler__type_support.hpp
-- Installing: /home/wojciech/Workspaces/ROS2/SCARA/install/scara_msgs/include/scara_msgs/scara_msgs/srv/detail/quaternion_to_euler__struct.hpp
-- Installing: /home/wojciech/Workspaces/ROS2/SCARA/install/scara_msgs/include/scara_msgs/scara_msgs/srv/detail/euler_to_quaternion__type_support.hpp
-- Up-to-date: /home/wojciech/Workspaces/ROS2/SCARA/install/scara_msgs/include/scara_msgs/scara_msgs/action
-- Installing: /home/wojciech/Workspaces/ROS2/SCARA/install/scara_msgs/include/scara_msgs/scara_msgs/action/scara_task.hpp
-- Up-to-date: /home/wojciech/Workspaces/ROS2/SCARA/install/scara_msgs/include/scara_msgs/scara_msgs/action/detail
-- Installing: /home/wojciech/Workspaces/ROS2/SCARA/install/scara_msgs/include/scara_msgs/scara_msgs/action/detail/scara_task__traits.hpp
-- Installing: /home/wojciech/Workspaces/ROS2/SCARA/install/scara_msgs/include/scara_msgs/scara_msgs/action/detail/scara_task__type_support.hpp
-- Installing: /home/wojciech/Workspaces/ROS2/SCARA/install/scara_msgs/include/scara_msgs/scara_msgs/action/detail/scara_task__struct.hpp
-- Installing: /home/wojciech/Workspaces/ROS2/SCARA/install/scara_msgs/include/scara_msgs/scara_msgs/action/detail/scara_task__builder.hpp
-- Up-to-date: /home/wojciech/Workspaces/ROS2/SCARA/install/scara_msgs/include/scara_msgs/scara_msgs/msg
-- Installing: /home/wojciech/Workspaces/ROS2/SCARA/install/scara_msgs/include/scara_msgs/scara_msgs/msg/rosidl_generator_cpp__visibility_control.hpp
-- Up-to-date: /home/wojciech/Workspaces/ROS2/SCARA/install/scara_msgs/include/scara_msgs/scara_msgs
-- Up-to-date: /home/wojciech/Workspaces/ROS2/SCARA/install/scara_msgs/include/scara_msgs/scara_msgs/srv
-- Up-to-date: /home/wojciech/Workspaces/ROS2/SCARA/install/scara_msgs/include/scara_msgs/scara_msgs/srv/detail
-- Installing: /home/wojciech/Workspaces/ROS2/SCARA/install/scara_msgs/include/scara_msgs/scara_msgs/srv/detail/dds_fastrtps
-- Installing: /home/wojciech/Workspaces/ROS2/SCARA/install/scara_msgs/include/scara_msgs/scara_msgs/srv/detail/quaternion_to_euler__rosidl_typesupport_fastrtps_cpp.hpp
-- Installing: /home/wojciech/Workspaces/ROS2/SCARA/install/scara_msgs/include/scara_msgs/scara_msgs/srv/detail/euler_to_quaternion__rosidl_typesupport_fastrtps_cpp.hpp
-- Up-to-date: /home/wojciech/Workspaces/ROS2/SCARA/install/scara_msgs/include/scara_msgs/scara_msgs/action
-- Up-to-date: /home/wojciech/Workspaces/ROS2/SCARA/install/scara_msgs/include/scara_msgs/scara_msgs/action/detail
-- Installing: /home/wojciech/Workspaces/ROS2/SCARA/install/scara_msgs/include/scara_msgs/scara_msgs/action/detail/dds_fastrtps
-- Installing: /home/wojciech/Workspaces/ROS2/SCARA/install/scara_msgs/include/scara_msgs/scara_msgs/action/detail/scara_task__rosidl_typesupport_fastrtps_cpp.hpp
-- Up-to-date: /home/wojciech/Workspaces/ROS2/SCARA/install/scara_msgs/include/scara_msgs/scara_msgs/msg
-- Installing: /home/wojciech/Workspaces/ROS2/SCARA/install/scara_msgs/include/scara_msgs/scara_msgs/msg/rosidl_typesupport_fastrtps_cpp__visibility_control.h
-- Installing: /home/wojciech/Workspaces/ROS2/SCARA/install/scara_msgs/lib/libscara_msgs__rosidl_typesupport_fastrtps_cpp.so
-- Set non-toolchain portion of runtime path of "/home/wojciech/Workspaces/ROS2/SCARA/install/scara_msgs/lib/libscara_msgs__rosidl_typesupport_fastrtps_cpp.so" to ""
-- Up-to-date: /home/wojciech/Workspaces/ROS2/SCARA/install/scara_msgs/include/scara_msgs/scara_msgs
-- Up-to-date: /home/wojciech/Workspaces/ROS2/SCARA/install/scara_msgs/include/scara_msgs/scara_msgs/srv
-- Up-to-date: /home/wojciech/Workspaces/ROS2/SCARA/install/scara_msgs/include/scara_msgs/scara_msgs/srv/detail
-- Installing: /home/wojciech/Workspaces/ROS2/SCARA/install/scara_msgs/include/scara_msgs/scara_msgs/srv/detail/quaternion_to_euler__type_support.c
-- Installing: /home/wojciech/Workspaces/ROS2/SCARA/install/scara_msgs/include/scara_msgs/scara_msgs/srv/detail/quaternion_to_euler__rosidl_typesupport_introspection_c.h
-- Installing: /home/wojciech/Workspaces/ROS2/SCARA/install/scara_msgs/include/scara_msgs/scara_msgs/srv/detail/euler_to_quaternion__rosidl_typesupport_introspection_c.h
-- Installing: /home/wojciech/Workspaces/ROS2/SCARA/install/scara_msgs/include/scara_msgs/scara_msgs/srv/detail/euler_to_quaternion__type_support.c
-- Up-to-date: /home/wojciech/Workspaces/ROS2/SCARA/install/scara_msgs/include/scara_msgs/scara_msgs/action
-- Up-to-date: /home/wojciech/Workspaces/ROS2/SCARA/install/scara_msgs/include/scara_msgs/scara_msgs/action/detail
-- Installing: /home/wojciech/Workspaces/ROS2/SCARA/install/scara_msgs/include/scara_msgs/scara_msgs/action/detail/scara_task__type_support.c
-- Installing: /home/wojciech/Workspaces/ROS2/SCARA/install/scara_msgs/include/scara_msgs/scara_msgs/action/detail/scara_task__rosidl_typesupport_introspection_c.h
-- Up-to-date: /home/wojciech/Workspaces/ROS2/SCARA/install/scara_msgs/include/scara_msgs/scara_msgs/msg
-- Installing: /home/wojciech/Workspaces/ROS2/SCARA/install/scara_msgs/include/scara_msgs/scara_msgs/msg/rosidl_typesupport_introspection_c__visibility_control.h
-- Installing: /home/wojciech/Workspaces/ROS2/SCARA/install/scara_msgs/lib/libscara_msgs__rosidl_typesupport_introspection_c.so
-- Set non-toolchain portion of runtime path of "/home/wojciech/Workspaces/ROS2/SCARA/install/scara_msgs/lib/libscara_msgs__rosidl_typesupport_introspection_c.so" to ""
-- Installing: /home/wojciech/Workspaces/ROS2/SCARA/install/scara_msgs/lib/libscara_msgs__rosidl_typesupport_c.so
-- Set non-toolchain portion of runtime path of "/home/wojciech/Workspaces/ROS2/SCARA/install/scara_msgs/lib/libscara_msgs__rosidl_typesupport_c.so" to ""
-- Up-to-date: /home/wojciech/Workspaces/ROS2/SCARA/install/scara_msgs/include/scara_msgs/scara_msgs
-- Up-to-date: /home/wojciech/Workspaces/ROS2/SCARA/install/scara_msgs/include/scara_msgs/scara_msgs/srv
-- Up-to-date: /home/wojciech/Workspaces/ROS2/SCARA/install/scara_msgs/include/scara_msgs/scara_msgs/srv/detail
-- Installing: /home/wojciech/Workspaces/ROS2/SCARA/install/scara_msgs/include/scara_msgs/scara_msgs/srv/detail/euler_to_quaternion__rosidl_typesupport_introspection_cpp.hpp
-- Installing: /home/wojciech/Workspaces/ROS2/SCARA/install/scara_msgs/include/scara_msgs/scara_msgs/srv/detail/quaternion_to_euler__rosidl_typesupport_introspection_cpp.hpp
-- Installing: /home/wojciech/Workspaces/ROS2/SCARA/install/scara_msgs/include/scara_msgs/scara_msgs/srv/detail/quaternion_to_euler__type_support.cpp
-- Installing: /home/wojciech/Workspaces/ROS2/SCARA/install/scara_msgs/include/scara_msgs/scara_msgs/srv/detail/euler_to_quaternion__type_support.cpp
-- Up-to-date: /home/wojciech/Workspaces/ROS2/SCARA/install/scara_msgs/include/scara_msgs/scara_msgs/action
-- Up-to-date: /home/wojciech/Workspaces/ROS2/SCARA/install/scara_msgs/include/scara_msgs/scara_msgs/action/detail
-- Installing: /home/wojciech/Workspaces/ROS2/SCARA/install/scara_msgs/include/scara_msgs/scara_msgs/action/detail/scara_task__rosidl_typesupport_introspection_cpp.hpp
-- Installing: /home/wojciech/Workspaces/ROS2/SCARA/install/scara_msgs/include/scara_msgs/scara_msgs/action/detail/scara_task__type_support.cpp
-- Installing: /home/wojciech/Workspaces/ROS2/SCARA/install/scara_msgs/lib/libscara_msgs__rosidl_typesupport_introspection_cpp.so
-- Set non-toolchain portion of runtime path of "/home/wojciech/Workspaces/ROS2/SCARA/install/scara_msgs/lib/libscara_msgs__rosidl_typesupport_introspection_cpp.so" to ""
-- Installing: /home/wojciech/Workspaces/ROS2/SCARA/install/scara_msgs/lib/libscara_msgs__rosidl_typesupport_cpp.so
-- Set non-toolchain portion of runtime path of "/home/wojciech/Workspaces/ROS2/SCARA/install/scara_msgs/lib/libscara_msgs__rosidl_typesupport_cpp.so" to ""
-- Installing: /home/wojciech/Workspaces/ROS2/SCARA/install/scara_msgs/share/scara_msgs/environment/pythonpath.sh
-- Installing: /home/wojciech/Workspaces/ROS2/SCARA/install/scara_msgs/share/scara_msgs/environment/pythonpath.dsv
-- Installing: /home/wojciech/Workspaces/ROS2/SCARA/install/scara_msgs/lib/python3.12/site-packages/scara_msgs-0.0.0-py3.12.egg-info
-- Installing: /home/wojciech/Workspaces/ROS2/SCARA/install/scara_msgs/lib/python3.12/site-packages/scara_msgs-0.0.0-py3.12.egg-info/dependency_links.txt
-- Installing: /home/wojciech/Workspaces/ROS2/SCARA/install/scara_msgs/lib/python3.12/site-packages/scara_msgs-0.0.0-py3.12.egg-info/PKG-INFO
-- Installing: /home/wojciech/Workspaces/ROS2/SCARA/install/scara_msgs/lib/python3.12/site-packages/scara_msgs-0.0.0-py3.12.egg-info/top_level.txt
-- Installing: /home/wojciech/Workspaces/ROS2/SCARA/install/scara_msgs/lib/python3.12/site-packages/scara_msgs-0.0.0-py3.12.egg-info/SOURCES.txt
-- Installing: /home/wojciech/Workspaces/ROS2/SCARA/install/scara_msgs/lib/python3.12/site-packages/scara_msgs
-- Installing: /home/wojciech/Workspaces/ROS2/SCARA/install/scara_msgs/lib/python3.12/site-packages/scara_msgs/scara_msgs_s__rosidl_typesupport_introspection_c.so
-- Installing: /home/wojciech/Workspaces/ROS2/SCARA/install/scara_msgs/lib/python3.12/site-packages/scara_msgs/srv
-- Installing: /home/wojciech/Workspaces/ROS2/SCARA/install/scara_msgs/lib/python3.12/site-packages/scara_msgs/srv/_quaternion_to_euler_s.c
-- Installing: /home/wojciech/Workspaces/ROS2/SCARA/install/scara_msgs/lib/python3.12/site-packages/scara_msgs/srv/_euler_to_quaternion_s.c
-- Installing: /home/wojciech/Workspaces/ROS2/SCARA/install/scara_msgs/lib/python3.12/site-packages/scara_msgs/srv/__init__.py
-- Installing: /home/wojciech/Workspaces/ROS2/SCARA/install/scara_msgs/lib/python3.12/site-packages/scara_msgs/srv/_quaternion_to_euler.py
-- Installing: /home/wojciech/Workspaces/ROS2/SCARA/install/scara_msgs/lib/python3.12/site-packages/scara_msgs/srv/_euler_to_quaternion.py
-- Installing: /home/wojciech/Workspaces/ROS2/SCARA/install/scara_msgs/lib/python3.12/site-packages/scara_msgs/_scara_msgs_s.ep.rosidl_typesupport_c.c
-- Installing: /home/wojciech/Workspaces/ROS2/SCARA/install/scara_msgs/lib/python3.12/site-packages/scara_msgs/action
-- Installing: /home/wojciech/Workspaces/ROS2/SCARA/install/scara_msgs/lib/python3.12/site-packages/scara_msgs/action/_scara_task_s.c
-- Installing: /home/wojciech/Workspaces/ROS2/SCARA/install/scara_msgs/lib/python3.12/site-packages/scara_msgs/action/__init__.py
-- Installing: /home/wojciech/Workspaces/ROS2/SCARA/install/scara_msgs/lib/python3.12/site-packages/scara_msgs/action/_scara_task.py
-- Installing: /home/wojciech/Workspaces/ROS2/SCARA/install/scara_msgs/lib/python3.12/site-packages/scara_msgs/scara_msgs_s__rosidl_typesupport_c.so
-- Installing: /home/wojciech/Workspaces/ROS2/SCARA/install/scara_msgs/lib/python3.12/site-packages/scara_msgs/_scara_msgs_s.ep.rosidl_typesupport_fastrtps_c.c
-- Installing: /home/wojciech/Workspaces/ROS2/SCARA/install/scara_msgs/lib/python3.12/site-packages/scara_msgs/__init__.py
-- Installing: /home/wojciech/Workspaces/ROS2/SCARA/install/scara_msgs/lib/python3.12/site-packages/scara_msgs/scara_msgs_s__rosidl_typesupport_fastrtps_c.so
-- Installing: /home/wojciech/Workspaces/ROS2/SCARA/install/scara_msgs/lib/python3.12/site-packages/scara_msgs/_scara_msgs_s.ep.rosidl_typesupport_introspection_c.c
Listing '/home/wojciech/Workspaces/ROS2/SCARA/install/scara_msgs/lib/python3.12/site-packages/scara_msgs'...
Compiling '/home/wojciech/Workspaces/ROS2/SCARA/install/scara_msgs/lib/python3.12/site-packages/scara_msgs/__init__.py'...
Listing '/home/wojciech/Workspaces/ROS2/SCARA/install/scara_msgs/lib/python3.12/site-packages/scara_msgs/action'...
Compiling '/home/wojciech/Workspaces/ROS2/SCARA/install/scara_msgs/lib/python3.12/site-packages/scara_msgs/action/__init__.py'...
Compiling '/home/wojciech/Workspaces/ROS2/SCARA/install/scara_msgs/lib/python3.12/site-packages/scara_msgs/action/_scara_task.py'...
Listing '/home/wojciech/Workspaces/ROS2/SCARA/install/scara_msgs/lib/python3.12/site-packages/scara_msgs/srv'...
Compiling '/home/wojciech/Workspaces/ROS2/SCARA/install/scara_msgs/lib/python3.12/site-packages/scara_msgs/srv/__init__.py'...
Compiling '/home/wojciech/Workspaces/ROS2/SCARA/install/scara_msgs/lib/python3.12/site-packages/scara_msgs/srv/_euler_to_quaternion.py'...
Compiling '/home/wojciech/Workspaces/ROS2/SCARA/install/scara_msgs/lib/python3.12/site-packages/scara_msgs/srv/_quaternion_to_euler.py'...
-- Installing: /home/wojciech/Workspaces/ROS2/SCARA/install/scara_msgs/lib/python3.12/site-packages/scara_msgs/scara_msgs_s__rosidl_typesupport_fastrtps_c.so
-- Set non-toolchain portion of runtime path of "/home/wojciech/Workspaces/ROS2/SCARA/install/scara_msgs/lib/python3.12/site-packages/scara_msgs/scara_msgs_s__rosidl_typesupport_fastrtps_c.so" to ""
-- Installing: /home/wojciech/Workspaces/ROS2/SCARA/install/scara_msgs/lib/python3.12/site-packages/scara_msgs/scara_msgs_s__rosidl_typesupport_introspection_c.so
-- Set non-toolchain portion of runtime path of "/home/wojciech/Workspaces/ROS2/SCARA/install/scara_msgs/lib/python3.12/site-packages/scara_msgs/scara_msgs_s__rosidl_typesupport_introspection_c.so" to ""
-- Installing: /home/wojciech/Workspaces/ROS2/SCARA/install/scara_msgs/lib/python3.12/site-packages/scara_msgs/scara_msgs_s__rosidl_typesupport_c.so
-- Set non-toolchain portion of runtime path of "/home/wojciech/Workspaces/ROS2/SCARA/install/scara_msgs/lib/python3.12/site-packages/scara_msgs/scara_msgs_s__rosidl_typesupport_c.so" to ""
-- Installing: /home/wojciech/Workspaces/ROS2/SCARA/install/scara_msgs/lib/libscara_msgs__rosidl_generator_py.so
-- Set non-toolchain portion of runtime path of "/home/wojciech/Workspaces/ROS2/SCARA/install/scara_msgs/lib/libscara_msgs__rosidl_generator_py.so" to ""
-- Installing: /home/wojciech/Workspaces/ROS2/SCARA/install/scara_msgs/share/scara_msgs/srv/EulerToQuaternion.idl
-- Installing: /home/wojciech/Workspaces/ROS2/SCARA/install/scara_msgs/share/scara_msgs/srv/QuaternionToEuler.idl
-- Installing: /home/wojciech/Workspaces/ROS2/SCARA/install/scara_msgs/share/scara_msgs/action/ScaraTask.idl
-- Installing: /home/wojciech/Workspaces/ROS2/SCARA/install/scara_msgs/share/scara_msgs/srv/EulerToQuaternion.srv
-- Installing: /home/wojciech/Workspaces/ROS2/SCARA/install/scara_msgs/share/scara_msgs/srv/QuaternionToEuler.srv
-- Installing: /home/wojciech/Workspaces/ROS2/SCARA/install/scara_msgs/share/scara_msgs/action/ScaraTask.action
-- Installing: /home/wojciech/Workspaces/ROS2/SCARA/install/scara_msgs/share/ament_index/resource_index/package_run_dependencies/scara_msgs
-- Installing: /home/wojciech/Workspaces/ROS2/SCARA/install/scara_msgs/share/ament_index/resource_index/parent_prefix_path/scara_msgs
-- Installing: /home/wojciech/Workspaces/ROS2/SCARA/install/scara_msgs/share/scara_msgs/environment/ament_prefix_path.sh
-- Installing: /home/wojciech/Workspaces/ROS2/SCARA/install/scara_msgs/share/scara_msgs/environment/ament_prefix_path.dsv
-- Installing: /home/wojciech/Workspaces/ROS2/SCARA/install/scara_msgs/share/scara_msgs/environment/path.sh
-- Installing: /home/wojciech/Workspaces/ROS2/SCARA/install/scara_msgs/share/scara_msgs/environment/path.dsv
-- Installing: /home/wojciech/Workspaces/ROS2/SCARA/install/scara_msgs/share/scara_msgs/local_setup.bash
-- Installing: /home/wojciech/Workspaces/ROS2/SCARA/install/scara_msgs/share/scara_msgs/local_setup.sh
-- Installing: /home/wojciech/Workspaces/ROS2/SCARA/install/scara_msgs/share/scara_msgs/local_setup.zsh
-- Installing: /home/wojciech/Workspaces/ROS2/SCARA/install/scara_msgs/share/scara_msgs/local_setup.dsv
-- Installing: /home/wojciech/Workspaces/ROS2/SCARA/install/scara_msgs/share/scara_msgs/package.dsv
-- Installing: /home/wojciech/Workspaces/ROS2/SCARA/install/scara_msgs/share/ament_index/resource_index/packages/scara_msgs
-- Installing: /home/wojciech/Workspaces/ROS2/SCARA/install/scara_msgs/share/scara_msgs/cmake/export_scara_msgs__rosidl_generator_cExport.cmake
-- Installing: /home/wojciech/Workspaces/ROS2/SCARA/install/scara_msgs/share/scara_msgs/cmake/export_scara_msgs__rosidl_generator_cExport-noconfig.cmake
-- Installing: /home/wojciech/Workspaces/ROS2/SCARA/install/scara_msgs/share/scara_msgs/cmake/export_scara_msgs__rosidl_typesupport_fastrtps_cExport.cmake
-- Installing: /home/wojciech/Workspaces/ROS2/SCARA/install/scara_msgs/share/scara_msgs/cmake/export_scara_msgs__rosidl_typesupport_fastrtps_cExport-noconfig.cmake
-- Installing: /home/wojciech/Workspaces/ROS2/SCARA/install/scara_msgs/share/scara_msgs/cmake/export_scara_msgs__rosidl_generator_cppExport.cmake
-- Installing: /home/wojciech/Workspaces/ROS2/SCARA/install/scara_msgs/share/scara_msgs/cmake/export_scara_msgs__rosidl_typesupport_fastrtps_cppExport.cmake
-- Installing: /home/wojciech/Workspaces/ROS2/SCARA/install/scara_msgs/share/scara_msgs/cmake/export_scara_msgs__rosidl_typesupport_fastrtps_cppExport-noconfig.cmake
-- Installing: /home/wojciech/Workspaces/ROS2/SCARA/install/scara_msgs/share/scara_msgs/cmake/scara_msgs__rosidl_typesupport_introspection_cExport.cmake
-- Installing: /home/wojciech/Workspaces/ROS2/SCARA/install/scara_msgs/share/scara_msgs/cmake/scara_msgs__rosidl_typesupport_introspection_cExport-noconfig.cmake
-- Installing: /home/wojciech/Workspaces/ROS2/SCARA/install/scara_msgs/share/scara_msgs/cmake/scara_msgs__rosidl_typesupport_cExport.cmake
-- Installing: /home/wojciech/Workspaces/ROS2/SCARA/install/scara_msgs/share/scara_msgs/cmake/scara_msgs__rosidl_typesupport_cExport-noconfig.cmake
-- Installing: /home/wojciech/Workspaces/ROS2/SCARA/install/scara_msgs/share/scara_msgs/cmake/scara_msgs__rosidl_typesupport_introspection_cppExport.cmake
-- Installing: /home/wojciech/Workspaces/ROS2/SCARA/install/scara_msgs/share/scara_msgs/cmake/scara_msgs__rosidl_typesupport_introspection_cppExport-noconfig.cmake
-- Installing: /home/wojciech/Workspaces/ROS2/SCARA/install/scara_msgs/share/scara_msgs/cmake/scara_msgs__rosidl_typesupport_cppExport.cmake
-- Installing: /home/wojciech/Workspaces/ROS2/SCARA/install/scara_msgs/share/scara_msgs/cmake/scara_msgs__rosidl_typesupport_cppExport-noconfig.cmake
-- Installing: /home/wojciech/Workspaces/ROS2/SCARA/install/scara_msgs/share/scara_msgs/cmake/export_scara_msgs__rosidl_generator_pyExport.cmake
-- Installing: /home/wojciech/Workspaces/ROS2/SCARA/install/scara_msgs/share/scara_msgs/cmake/export_scara_msgs__rosidl_generator_pyExport-noconfig.cmake
-- Installing: /home/wojciech/Workspaces/ROS2/SCARA/install/scara_msgs/share/scara_msgs/cmake/rosidl_cmake-extras.cmake
-- Installing: /home/wojciech/Workspaces/ROS2/SCARA/install/scara_msgs/share/scara_msgs/cmake/ament_cmake_export_dependencies-extras.cmake
-- Installing: /home/wojciech/Workspaces/ROS2/SCARA/install/scara_msgs/share/scara_msgs/cmake/ament_cmake_export_include_directories-extras.cmake
-- Installing: /home/wojciech/Workspaces/ROS2/SCARA/install/scara_msgs/share/scara_msgs/cmake/ament_cmake_export_libraries-extras.cmake
-- Installing: /home/wojciech/Workspaces/ROS2/SCARA/install/scara_msgs/share/scara_msgs/cmake/ament_cmake_export_targets-extras.cmake
-- Installing: /home/wojciech/Workspaces/ROS2/SCARA/install/scara_msgs/share/scara_msgs/cmake/rosidl_cmake_export_typesupport_targets-extras.cmake
-- Installing: /home/wojciech/Workspaces/ROS2/SCARA/install/scara_msgs/share/scara_msgs/cmake/rosidl_cmake_export_typesupport_libraries-extras.cmake
-- Installing: /home/wojciech/Workspaces/ROS2/SCARA/install/scara_msgs/share/scara_msgs/cmake/scara_msgsConfig.cmake
-- Installing: /home/wojciech/Workspaces/ROS2/SCARA/install/scara_msgs/share/scara_msgs/cmake/scara_msgsConfig-version.cmake
-- Installing: /home/wojciech/Workspaces/ROS2/SCARA/install/scara_msgs/share/scara_msgs/package.xml
