[0.017s] Invoking command in '/home/wojciech/Workspaces/ROS2/SCARA/build/scara_utils': CMAKE_PREFIX_PATH=/home/wojciech/Workspaces/ROS2/SCARA/install/scara_msgs:/home/wojciech/Workspaces/ROS2/SCARA/install/scara_utils:/home/wojciech/Workspaces/ROS2/SCARA/install/scara_moveit:/home/wojciech/Workspaces/ROS2/SCARA/install/scara_description:/home/wojciech/Workspaces/ROS2/SCARA/install/scara_controller:/home/wojciech/Workspaces/ROS2/SCARA/install/puzzle_tuner:/home/wojciech/Workspaces/ROS2/SCARA/install/puzzle_solver:/opt/ros/jazzy/opt/gz_sim_vendor:/opt/ros/jazzy/opt/gz_sensors_vendor:/opt/ros/jazzy/opt/gz_physics_vendor:/opt/ros/jazzy/opt/sdformat_vendor:/opt/ros/jazzy/opt/gz_gui_vendor:/opt/ros/jazzy/opt/gz_transport_vendor:/opt/ros/jazzy/opt/gz_rendering_vendor:/opt/ros/jazzy/opt/gz_plugin_vendor:/opt/ros/jazzy/opt/gz_fuel_tools_vendor:/opt/ros/jazzy/opt/gz_msgs_vendor:/opt/ros/jazzy/opt/gz_common_vendor:/opt/ros/jazzy/opt/gz_math_vendor:/opt/ros/jazzy/opt/gz_utils_vendor:/opt/ros/jazzy/opt/gz_tools_vendor:/opt/ros/jazzy/opt/gz_ogre_next_vendor:/opt/ros/jazzy/opt/gz_dartsim_vendor:/opt/ros/jazzy/opt/gz_cmake_vendor:/opt/ros/jazzy DEBUGINFOD_URLS=https://debuginfod.ubuntu.com /usr/bin/cmake /home/wojciech/Workspaces/ROS2/SCARA/src/scara_utils -DCMAKE_INSTALL_PREFIX=/home/wojciech/Workspaces/ROS2/SCARA/install/scara_utils
[0.124s] -- The C compiler identification is GNU 13.3.0
[0.232s] -- The CXX compiler identification is GNU 13.3.0
[0.261s] -- Detecting C compiler ABI info
[0.452s] -- Detecting C compiler ABI info - done
[0.467s] -- Check for working C compiler: /usr/bin/cc - skipped
[0.467s] -- Detecting C compile features
[0.468s] -- Detecting C compile features - done
[0.483s] -- Detecting CXX compiler ABI info
[0.678s] -- Detecting CXX compiler ABI info - done
[0.691s] -- Check for working CXX compiler: /usr/bin/c++ - skipped
[0.691s] -- Detecting CXX compile features
[0.692s] -- Detecting CXX compile features - done
[0.700s] -- Found ament_cmake: 2.5.3 (/opt/ros/jazzy/share/ament_cmake/cmake)
[1.020s] -- Found Python3: /usr/bin/python3 (found version "3.12.3") found components: Interpreter 
[1.292s] -- Found rclcpp: 28.1.8 (/opt/ros/jazzy/share/rclcpp/cmake)
[1.392s] -- Found rosidl_generator_c: 4.6.5 (/opt/ros/jazzy/share/rosidl_generator_c/cmake)
[1.425s] -- Found rosidl_generator_cpp: 4.6.5 (/opt/ros/jazzy/share/rosidl_generator_cpp/cmake)
[1.461s] -- Using all available rosidl_typesupport_c: rosidl_typesupport_fastrtps_c;rosidl_typesupport_introspection_c
[1.500s] -- Using all available rosidl_typesupport_cpp: rosidl_typesupport_fastrtps_cpp;rosidl_typesupport_introspection_cpp
[1.651s] -- Found rmw_implementation_cmake: 7.3.2 (/opt/ros/jazzy/share/rmw_implementation_cmake/cmake)
[1.659s] -- Found rmw_fastrtps_cpp: 8.4.2 (/opt/ros/jazzy/share/rmw_fastrtps_cpp/cmake)
[1.827s] -- Found OpenSSL: /usr/lib/aarch64-linux-gnu/libcrypto.so (found version "3.0.13")  
[1.858s] -- Found FastRTPS: /opt/ros/jazzy/include (Required is at least version "2.13") 
[1.898s] -- Using RMW implementation 'rmw_fastrtps_cpp' as default
[2.024s] -- Found scara_msgs: 0.0.0 (/home/wojciech/Workspaces/ROS2/SCARA/install/scara_msgs/share/scara_msgs/cmake)
[2.114s] -- Found tf2: 0.36.9 (/opt/ros/jazzy/share/tf2/cmake)
[2.185s] -- Found ament_lint_auto: 0.17.2 (/opt/ros/jazzy/share/ament_lint_auto/cmake)
[2.410s] -- Added test 'cppcheck' to perform static code analysis on C / C++ code
[2.410s] -- Configured cppcheck include dirs: 
[2.410s] -- Configured cppcheck exclude dirs and/or files: 
[2.412s] -- Added test 'lint_cmake' to check CMake code style
[2.413s] -- Added test 'uncrustify' to check C / C++ code style
[2.414s] -- Configured uncrustify additional arguments: 
[2.415s] -- Added test 'xmllint' to check XML markup files
[2.419s] -- Configuring done (2.4s)
[2.440s] -- Generating done (0.0s)
[2.448s] -- Build files have been written to: /home/wojciech/Workspaces/ROS2/SCARA/build/scara_utils
[2.468s] Invoked command in '/home/wojciech/Workspaces/ROS2/SCARA/build/scara_utils' returned '0': CMAKE_PREFIX_PATH=/home/wojciech/Workspaces/ROS2/SCARA/install/scara_msgs:/home/wojciech/Workspaces/ROS2/SCARA/install/scara_utils:/home/wojciech/Workspaces/ROS2/SCARA/install/scara_moveit:/home/wojciech/Workspaces/ROS2/SCARA/install/scara_description:/home/wojciech/Workspaces/ROS2/SCARA/install/scara_controller:/home/wojciech/Workspaces/ROS2/SCARA/install/puzzle_tuner:/home/wojciech/Workspaces/ROS2/SCARA/install/puzzle_solver:/opt/ros/jazzy/opt/gz_sim_vendor:/opt/ros/jazzy/opt/gz_sensors_vendor:/opt/ros/jazzy/opt/gz_physics_vendor:/opt/ros/jazzy/opt/sdformat_vendor:/opt/ros/jazzy/opt/gz_gui_vendor:/opt/ros/jazzy/opt/gz_transport_vendor:/opt/ros/jazzy/opt/gz_rendering_vendor:/opt/ros/jazzy/opt/gz_plugin_vendor:/opt/ros/jazzy/opt/gz_fuel_tools_vendor:/opt/ros/jazzy/opt/gz_msgs_vendor:/opt/ros/jazzy/opt/gz_common_vendor:/opt/ros/jazzy/opt/gz_math_vendor:/opt/ros/jazzy/opt/gz_utils_vendor:/opt/ros/jazzy/opt/gz_tools_vendor:/opt/ros/jazzy/opt/gz_ogre_next_vendor:/opt/ros/jazzy/opt/gz_dartsim_vendor:/opt/ros/jazzy/opt/gz_cmake_vendor:/opt/ros/jazzy DEBUGINFOD_URLS=https://debuginfod.ubuntu.com /usr/bin/cmake /home/wojciech/Workspaces/ROS2/SCARA/src/scara_utils -DCMAKE_INSTALL_PREFIX=/home/wojciech/Workspaces/ROS2/SCARA/install/scara_utils
[2.470s] Invoking command in '/home/wojciech/Workspaces/ROS2/SCARA/build/scara_utils': CMAKE_PREFIX_PATH=/home/wojciech/Workspaces/ROS2/SCARA/install/scara_msgs:/home/wojciech/Workspaces/ROS2/SCARA/install/scara_utils:/home/wojciech/Workspaces/ROS2/SCARA/install/scara_moveit:/home/wojciech/Workspaces/ROS2/SCARA/install/scara_description:/home/wojciech/Workspaces/ROS2/SCARA/install/scara_controller:/home/wojciech/Workspaces/ROS2/SCARA/install/puzzle_tuner:/home/wojciech/Workspaces/ROS2/SCARA/install/puzzle_solver:/opt/ros/jazzy/opt/gz_sim_vendor:/opt/ros/jazzy/opt/gz_sensors_vendor:/opt/ros/jazzy/opt/gz_physics_vendor:/opt/ros/jazzy/opt/sdformat_vendor:/opt/ros/jazzy/opt/gz_gui_vendor:/opt/ros/jazzy/opt/gz_transport_vendor:/opt/ros/jazzy/opt/gz_rendering_vendor:/opt/ros/jazzy/opt/gz_plugin_vendor:/opt/ros/jazzy/opt/gz_fuel_tools_vendor:/opt/ros/jazzy/opt/gz_msgs_vendor:/opt/ros/jazzy/opt/gz_common_vendor:/opt/ros/jazzy/opt/gz_math_vendor:/opt/ros/jazzy/opt/gz_utils_vendor:/opt/ros/jazzy/opt/gz_tools_vendor:/opt/ros/jazzy/opt/gz_ogre_next_vendor:/opt/ros/jazzy/opt/gz_dartsim_vendor:/opt/ros/jazzy/opt/gz_cmake_vendor:/opt/ros/jazzy DEBUGINFOD_URLS=https://debuginfod.ubuntu.com /usr/bin/cmake --build /home/wojciech/Workspaces/ROS2/SCARA/build/scara_utils -- -j4 -l4
[2.570s] [ 50%] [32mBuilding CXX object CMakeFiles/angle_conversion.dir/src/angle_conversion.cpp.o[0m
[9.687s] [100%] [32m[1mLinking CXX executable angle_conversion[0m
[10.114s] [100%] Built target angle_conversion
[10.137s] Invoked command in '/home/wojciech/Workspaces/ROS2/SCARA/build/scara_utils' returned '0': CMAKE_PREFIX_PATH=/home/wojciech/Workspaces/ROS2/SCARA/install/scara_msgs:/home/wojciech/Workspaces/ROS2/SCARA/install/scara_utils:/home/wojciech/Workspaces/ROS2/SCARA/install/scara_moveit:/home/wojciech/Workspaces/ROS2/SCARA/install/scara_description:/home/wojciech/Workspaces/ROS2/SCARA/install/scara_controller:/home/wojciech/Workspaces/ROS2/SCARA/install/puzzle_tuner:/home/wojciech/Workspaces/ROS2/SCARA/install/puzzle_solver:/opt/ros/jazzy/opt/gz_sim_vendor:/opt/ros/jazzy/opt/gz_sensors_vendor:/opt/ros/jazzy/opt/gz_physics_vendor:/opt/ros/jazzy/opt/sdformat_vendor:/opt/ros/jazzy/opt/gz_gui_vendor:/opt/ros/jazzy/opt/gz_transport_vendor:/opt/ros/jazzy/opt/gz_rendering_vendor:/opt/ros/jazzy/opt/gz_plugin_vendor:/opt/ros/jazzy/opt/gz_fuel_tools_vendor:/opt/ros/jazzy/opt/gz_msgs_vendor:/opt/ros/jazzy/opt/gz_common_vendor:/opt/ros/jazzy/opt/gz_math_vendor:/opt/ros/jazzy/opt/gz_utils_vendor:/opt/ros/jazzy/opt/gz_tools_vendor:/opt/ros/jazzy/opt/gz_ogre_next_vendor:/opt/ros/jazzy/opt/gz_dartsim_vendor:/opt/ros/jazzy/opt/gz_cmake_vendor:/opt/ros/jazzy DEBUGINFOD_URLS=https://debuginfod.ubuntu.com /usr/bin/cmake --build /home/wojciech/Workspaces/ROS2/SCARA/build/scara_utils -- -j4 -l4
[10.139s] Invoking command in '/home/wojciech/Workspaces/ROS2/SCARA/build/scara_utils': CMAKE_PREFIX_PATH=/home/wojciech/Workspaces/ROS2/SCARA/install/scara_msgs:/home/wojciech/Workspaces/ROS2/SCARA/install/scara_utils:/home/wojciech/Workspaces/ROS2/SCARA/install/scara_moveit:/home/wojciech/Workspaces/ROS2/SCARA/install/scara_description:/home/wojciech/Workspaces/ROS2/SCARA/install/scara_controller:/home/wojciech/Workspaces/ROS2/SCARA/install/puzzle_tuner:/home/wojciech/Workspaces/ROS2/SCARA/install/puzzle_solver:/opt/ros/jazzy/opt/gz_sim_vendor:/opt/ros/jazzy/opt/gz_sensors_vendor:/opt/ros/jazzy/opt/gz_physics_vendor:/opt/ros/jazzy/opt/sdformat_vendor:/opt/ros/jazzy/opt/gz_gui_vendor:/opt/ros/jazzy/opt/gz_transport_vendor:/opt/ros/jazzy/opt/gz_rendering_vendor:/opt/ros/jazzy/opt/gz_plugin_vendor:/opt/ros/jazzy/opt/gz_fuel_tools_vendor:/opt/ros/jazzy/opt/gz_msgs_vendor:/opt/ros/jazzy/opt/gz_common_vendor:/opt/ros/jazzy/opt/gz_math_vendor:/opt/ros/jazzy/opt/gz_utils_vendor:/opt/ros/jazzy/opt/gz_tools_vendor:/opt/ros/jazzy/opt/gz_ogre_next_vendor:/opt/ros/jazzy/opt/gz_dartsim_vendor:/opt/ros/jazzy/opt/gz_cmake_vendor:/opt/ros/jazzy DEBUGINFOD_URLS=https://debuginfod.ubuntu.com /usr/bin/cmake --install /home/wojciech/Workspaces/ROS2/SCARA/build/scara_utils
[10.155s] -- Install configuration: ""
[10.155s] -- Installing: /home/wojciech/Workspaces/ROS2/SCARA/install/scara_utils/lib/scara_utils/angle_conversion
[10.159s] -- Set non-toolchain portion of runtime path of "/home/wojciech/Workspaces/ROS2/SCARA/install/scara_utils/lib/scara_utils/angle_conversion" to ""
[10.159s] -- Installing: /home/wojciech/Workspaces/ROS2/SCARA/install/scara_utils/share/ament_index/resource_index/package_run_dependencies/scara_utils
[10.160s] -- Installing: /home/wojciech/Workspaces/ROS2/SCARA/install/scara_utils/share/ament_index/resource_index/parent_prefix_path/scara_utils
[10.160s] -- Installing: /home/wojciech/Workspaces/ROS2/SCARA/install/scara_utils/share/scara_utils/environment/ament_prefix_path.sh
[10.160s] -- Installing: /home/wojciech/Workspaces/ROS2/SCARA/install/scara_utils/share/scara_utils/environment/ament_prefix_path.dsv
[10.160s] -- Installing: /home/wojciech/Workspaces/ROS2/SCARA/install/scara_utils/share/scara_utils/environment/path.sh
[10.161s] -- Installing: /home/wojciech/Workspaces/ROS2/SCARA/install/scara_utils/share/scara_utils/environment/path.dsv
[10.161s] -- Installing: /home/wojciech/Workspaces/ROS2/SCARA/install/scara_utils/share/scara_utils/local_setup.bash
[10.161s] -- Installing: /home/wojciech/Workspaces/ROS2/SCARA/install/scara_utils/share/scara_utils/local_setup.sh
[10.161s] -- Installing: /home/wojciech/Workspaces/ROS2/SCARA/install/scara_utils/share/scara_utils/local_setup.zsh
[10.161s] -- Installing: /home/wojciech/Workspaces/ROS2/SCARA/install/scara_utils/share/scara_utils/local_setup.dsv
[10.162s] -- Installing: /home/wojciech/Workspaces/ROS2/SCARA/install/scara_utils/share/scara_utils/package.dsv
[10.162s] -- Installing: /home/wojciech/Workspaces/ROS2/SCARA/install/scara_utils/share/ament_index/resource_index/packages/scara_utils
[10.162s] -- Installing: /home/wojciech/Workspaces/ROS2/SCARA/install/scara_utils/share/scara_utils/cmake/scara_utilsConfig.cmake
[10.162s] -- Installing: /home/wojciech/Workspaces/ROS2/SCARA/install/scara_utils/share/scara_utils/cmake/scara_utilsConfig-version.cmake
[10.163s] -- Installing: /home/wojciech/Workspaces/ROS2/SCARA/install/scara_utils/share/scara_utils/package.xml
[10.167s] Invoked command in '/home/wojciech/Workspaces/ROS2/SCARA/build/scara_utils' returned '0': CMAKE_PREFIX_PATH=/home/wojciech/Workspaces/ROS2/SCARA/install/scara_msgs:/home/wojciech/Workspaces/ROS2/SCARA/install/scara_utils:/home/wojciech/Workspaces/ROS2/SCARA/install/scara_moveit:/home/wojciech/Workspaces/ROS2/SCARA/install/scara_description:/home/wojciech/Workspaces/ROS2/SCARA/install/scara_controller:/home/wojciech/Workspaces/ROS2/SCARA/install/puzzle_tuner:/home/wojciech/Workspaces/ROS2/SCARA/install/puzzle_solver:/opt/ros/jazzy/opt/gz_sim_vendor:/opt/ros/jazzy/opt/gz_sensors_vendor:/opt/ros/jazzy/opt/gz_physics_vendor:/opt/ros/jazzy/opt/sdformat_vendor:/opt/ros/jazzy/opt/gz_gui_vendor:/opt/ros/jazzy/opt/gz_transport_vendor:/opt/ros/jazzy/opt/gz_rendering_vendor:/opt/ros/jazzy/opt/gz_plugin_vendor:/opt/ros/jazzy/opt/gz_fuel_tools_vendor:/opt/ros/jazzy/opt/gz_msgs_vendor:/opt/ros/jazzy/opt/gz_common_vendor:/opt/ros/jazzy/opt/gz_math_vendor:/opt/ros/jazzy/opt/gz_utils_vendor:/opt/ros/jazzy/opt/gz_tools_vendor:/opt/ros/jazzy/opt/gz_ogre_next_vendor:/opt/ros/jazzy/opt/gz_dartsim_vendor:/opt/ros/jazzy/opt/gz_cmake_vendor:/opt/ros/jazzy DEBUGINFOD_URLS=https://debuginfod.ubuntu.com /usr/bin/cmake --install /home/wojciech/Workspaces/ROS2/SCARA/build/scara_utils
