-- The C compiler identification is GNU 13.3.0
-- The CXX compiler identification is GNU 13.3.0
-- Detecting C compiler ABI info
-- Detecting C compiler ABI info - done
-- Check for working C compiler: /usr/bin/cc - skipped
-- Detecting C compile features
-- Detecting C compile features - done
-- Detecting CXX compiler ABI info
-- Detecting CXX compiler ABI info - done
-- Check for working CXX compiler: /usr/bin/c++ - skipped
-- Detecting CXX compile features
-- Detecting CXX compile features - done
-- Found ament_cmake: 2.5.3 (/opt/ros/jazzy/share/ament_cmake/cmake)
-- Found Python3: /usr/bin/python3 (found version "3.12.3") found components: Interpreter 
-- Found rclcpp: 28.1.6 (/opt/ros/jazzy/share/rclcpp/cmake)
-- Found rosidl_generator_c: 4.6.5 (/opt/ros/jazzy/share/rosidl_generator_c/cmake)
-- Found rosidl_generator_cpp: 4.6.5 (/opt/ros/jazzy/share/rosidl_generator_cpp/cmake)
-- Using all available rosidl_typesupport_c: rosidl_typesupport_fastrtps_c;rosidl_typesupport_introspection_c
-- Using all available rosidl_typesupport_cpp: rosidl_typesupport_fastrtps_cpp;rosidl_typesupport_introspection_cpp
-- Found rmw_implementation_cmake: 7.3.1 (/opt/ros/jazzy/share/rmw_implementation_cmake/cmake)
-- Found rmw_cyclonedds_cpp: 2.2.2 (/opt/ros/jazzy/share/rmw_cyclonedds_cpp/cmake)
-- Using RMW implementation 'rmw_cyclonedds_cpp' as default
-- Found sensor_msgs: 5.3.5 (/opt/ros/jazzy/share/sensor_msgs/cmake)
-- Found cv_bridge: 4.1.0 (/opt/ros/jazzy/share/cv_bridge/cmake)
-- Found OpenCV: /usr/local (found version "4.9.0") 
-- Configuring done (0.8s)
-- Generating done (0.0s)
-- Build files have been written to: /home/wojciech/Workspaces/ROS2/SCARA/build/puzzle_solver
[ 40%] [32mBuilding CXX object CMakeFiles/puzzle_solver_node.dir/src/puzzle_processing.cpp.o[0m
[ 40%] [32mBuilding CXX object CMakeFiles/puzzle_solver_node.dir/src/puzzle_matching.cpp.o[0m
[ 60%] [32mBuilding CXX object CMakeFiles/puzzle_solver_node.dir/src/puzzle_solver_node.cpp.o[0m
[ 80%] [32mBuilding CXX object CMakeFiles/puzzle_solver_node.dir/src/puzzle_utils.cpp.o[0m
[100%] [32m[1mLinking CXX executable puzzle_solver_node[0m
[100%] Built target puzzle_solver_node
-- Install configuration: ""
-- Installing: /home/wojciech/Workspaces/ROS2/SCARA/install/puzzle_solver/lib/puzzle_solver/puzzle_solver_node
-- Set non-toolchain portion of runtime path of "/home/wojciech/Workspaces/ROS2/SCARA/install/puzzle_solver/lib/puzzle_solver/puzzle_solver_node" to ""
-- Installing: /home/wojciech/Workspaces/ROS2/SCARA/install/puzzle_solver/share/ament_index/resource_index/package_run_dependencies/puzzle_solver
-- Installing: /home/wojciech/Workspaces/ROS2/SCARA/install/puzzle_solver/share/ament_index/resource_index/parent_prefix_path/puzzle_solver
-- Installing: /home/wojciech/Workspaces/ROS2/SCARA/install/puzzle_solver/share/puzzle_solver/environment/ament_prefix_path.sh
-- Installing: /home/wojciech/Workspaces/ROS2/SCARA/install/puzzle_solver/share/puzzle_solver/environment/ament_prefix_path.dsv
-- Installing: /home/wojciech/Workspaces/ROS2/SCARA/install/puzzle_solver/share/puzzle_solver/environment/path.sh
-- Installing: /home/wojciech/Workspaces/ROS2/SCARA/install/puzzle_solver/share/puzzle_solver/environment/path.dsv
-- Installing: /home/wojciech/Workspaces/ROS2/SCARA/install/puzzle_solver/share/puzzle_solver/local_setup.bash
-- Installing: /home/wojciech/Workspaces/ROS2/SCARA/install/puzzle_solver/share/puzzle_solver/local_setup.sh
-- Installing: /home/wojciech/Workspaces/ROS2/SCARA/install/puzzle_solver/share/puzzle_solver/local_setup.zsh
-- Installing: /home/wojciech/Workspaces/ROS2/SCARA/install/puzzle_solver/share/puzzle_solver/local_setup.dsv
-- Installing: /home/wojciech/Workspaces/ROS2/SCARA/install/puzzle_solver/share/puzzle_solver/package.dsv
-- Installing: /home/wojciech/Workspaces/ROS2/SCARA/install/puzzle_solver/share/ament_index/resource_index/packages/puzzle_solver
-- Installing: /home/wojciech/Workspaces/ROS2/SCARA/install/puzzle_solver/share/puzzle_solver/cmake/puzzle_solverConfig.cmake
-- Installing: /home/wojciech/Workspaces/ROS2/SCARA/install/puzzle_solver/share/puzzle_solver/cmake/puzzle_solverConfig-version.cmake
-- Installing: /home/wojciech/Workspaces/ROS2/SCARA/install/puzzle_solver/share/puzzle_solver/package.xml
