[0.011s] Invoking command in '/home/wojciech/Workspaces/ROS2/SCARA/build/scara_controller': CMAKE_PREFIX_PATH=${CMAKE_PREFIX_PATH}:/opt/ros/jazzy DEBUGINFOD_URLS=https://debuginfod.ubuntu.com /usr/bin/cmake /home/wojciech/Workspaces/ROS2/SCARA/src/scara_controller -DCMAKE_INSTALL_PREFIX=/home/wojciech/Workspaces/ROS2/SCARA/install/scara_controller
[0.050s] -- The C compiler identification is GNU 13.3.0
[0.091s] -- The CXX compiler identification is GNU 13.3.0
[0.103s] -- Detecting C compiler ABI info
[0.172s] -- Detecting C compiler ABI info - done
[0.179s] -- Check for working C compiler: /usr/bin/cc - skipped
[0.179s] -- Detecting C compile features
[0.179s] -- Detecting C compile features - done
[0.186s] -- Detecting CXX compiler ABI info
[0.261s] -- Detecting CXX compiler ABI info - done
[0.267s] -- Check for working CXX compiler: /usr/bin/c++ - skipped
[0.268s] -- Detecting CXX compile features
[0.268s] -- Detecting CXX compile features - done
[0.271s] -- Found ament_cmake: 2.5.3 (/opt/ros/jazzy/share/ament_cmake/cmake)
[0.384s] -- Found Python3: /usr/bin/python3 (found version "3.12.3") found components: Interpreter 
[0.474s] -- Found ament_lint_auto: 0.17.1 (/opt/ros/jazzy/share/ament_lint_auto/cmake)
[0.544s] -- Added test 'lint_cmake' to check CMake code style
[0.545s] -- Added test 'xmllint' to check XML markup files
[0.546s] -- Configuring done (0.5s)
[0.548s] -- Generating done (0.0s)
[0.549s] -- Build files have been written to: /home/wojciech/Workspaces/ROS2/SCARA/build/scara_controller
[0.552s] Invoked command in '/home/wojciech/Workspaces/ROS2/SCARA/build/scara_controller' returned '0': CMAKE_PREFIX_PATH=${CMAKE_PREFIX_PATH}:/opt/ros/jazzy DEBUGINFOD_URLS=https://debuginfod.ubuntu.com /usr/bin/cmake /home/wojciech/Workspaces/ROS2/SCARA/src/scara_controller -DCMAKE_INSTALL_PREFIX=/home/wojciech/Workspaces/ROS2/SCARA/install/scara_controller
[0.553s] Invoking command in '/home/wojciech/Workspaces/ROS2/SCARA/build/scara_controller': CMAKE_PREFIX_PATH=${CMAKE_PREFIX_PATH}:/opt/ros/jazzy DEBUGINFOD_URLS=https://debuginfod.ubuntu.com /usr/bin/cmake --build /home/wojciech/Workspaces/ROS2/SCARA/build/scara_controller -- -j12 -l12
[0.586s] Invoked command in '/home/wojciech/Workspaces/ROS2/SCARA/build/scara_controller' returned '0': CMAKE_PREFIX_PATH=${CMAKE_PREFIX_PATH}:/opt/ros/jazzy DEBUGINFOD_URLS=https://debuginfod.ubuntu.com /usr/bin/cmake --build /home/wojciech/Workspaces/ROS2/SCARA/build/scara_controller -- -j12 -l12
[0.586s] Invoking command in '/home/wojciech/Workspaces/ROS2/SCARA/build/scara_controller': CMAKE_PREFIX_PATH=${CMAKE_PREFIX_PATH}:/opt/ros/jazzy DEBUGINFOD_URLS=https://debuginfod.ubuntu.com /usr/bin/cmake --install /home/wojciech/Workspaces/ROS2/SCARA/build/scara_controller
[0.592s] -- Install configuration: ""
[0.592s] -- Installing: /home/wojciech/Workspaces/ROS2/SCARA/install/scara_controller/share/ament_index/resource_index/package_run_dependencies/scara_controller
[0.592s] -- Installing: /home/wojciech/Workspaces/ROS2/SCARA/install/scara_controller/share/ament_index/resource_index/parent_prefix_path/scara_controller
[0.592s] -- Installing: /home/wojciech/Workspaces/ROS2/SCARA/install/scara_controller/share/scara_controller/environment/ament_prefix_path.sh
[0.592s] -- Installing: /home/wojciech/Workspaces/ROS2/SCARA/install/scara_controller/share/scara_controller/environment/ament_prefix_path.dsv
[0.593s] -- Installing: /home/wojciech/Workspaces/ROS2/SCARA/install/scara_controller/share/scara_controller/environment/path.sh
[0.593s] -- Installing: /home/wojciech/Workspaces/ROS2/SCARA/install/scara_controller/share/scara_controller/environment/path.dsv
[0.593s] -- Installing: /home/wojciech/Workspaces/ROS2/SCARA/install/scara_controller/share/scara_controller/local_setup.bash
[0.593s] -- Installing: /home/wojciech/Workspaces/ROS2/SCARA/install/scara_controller/share/scara_controller/local_setup.sh
[0.594s] -- Installing: /home/wojciech/Workspaces/ROS2/SCARA/install/scara_controller/share/scara_controller/local_setup.zsh
[0.594s] -- Installing: /home/wojciech/Workspaces/ROS2/SCARA/install/scara_controller/share/scara_controller/local_setup.dsv
[0.594s] -- Installing: /home/wojciech/Workspaces/ROS2/SCARA/install/scara_controller/share/scara_controller/package.dsv
[0.594s] -- Installing: /home/wojciech/Workspaces/ROS2/SCARA/install/scara_controller/share/ament_index/resource_index/packages/scara_controller
[0.594s] -- Installing: /home/wojciech/Workspaces/ROS2/SCARA/install/scara_controller/share/scara_controller/cmake/scara_controllerConfig.cmake
[0.594s] -- Installing: /home/wojciech/Workspaces/ROS2/SCARA/install/scara_controller/share/scara_controller/cmake/scara_controllerConfig-version.cmake
[0.594s] -- Installing: /home/wojciech/Workspaces/ROS2/SCARA/install/scara_controller/share/scara_controller/package.xml
[0.602s] Invoked command in '/home/wojciech/Workspaces/ROS2/SCARA/build/scara_controller' returned '0': CMAKE_PREFIX_PATH=${CMAKE_PREFIX_PATH}:/opt/ros/jazzy DEBUGINFOD_URLS=https://debuginfod.ubuntu.com /usr/bin/cmake --install /home/wojciech/Workspaces/ROS2/SCARA/build/scara_controller
