-- The C compiler identification is GNU 13.3.0
-- The CXX compiler identification is GNU 13.3.0
-- Detecting C compiler ABI info
-- Detecting C compiler ABI info - done
-- Check for working C compiler: /usr/bin/cc - skipped
-- Detecting C compile features
-- Detecting C compile features - done
-- Detecting CXX compiler ABI info
-- Detecting CXX compiler ABI info - done
-- Check for working CXX compiler: /usr/bin/c++ - skipped
-- Detecting CXX compile features
-- Detecting CXX compile features - done
-- Found ament_cmake: 2.5.3 (/opt/ros/jazzy/share/ament_cmake/cmake)
-- Found Python3: /usr/bin/python3 (found version "3.12.3") found components: Interpreter 
-- Found rclcpp: 28.1.6 (/opt/ros/jazzy/share/rclcpp/cmake)
-- Found rosidl_generator_c: 4.6.5 (/opt/ros/jazzy/share/rosidl_generator_c/cmake)
-- Found rosidl_generator_cpp: 4.6.5 (/opt/ros/jazzy/share/rosidl_generator_cpp/cmake)
-- Using all available rosidl_typesupport_c: rosidl_typesupport_fastrtps_c;rosidl_typesupport_introspection_c
-- Using all available rosidl_typesupport_cpp: rosidl_typesupport_fastrtps_cpp;rosidl_typesupport_introspection_cpp
-- Found rmw_implementation_cmake: 7.3.1 (/opt/ros/jazzy/share/rmw_implementation_cmake/cmake)
-- Found rmw_cyclonedds_cpp: 2.2.2 (/opt/ros/jazzy/share/rmw_cyclonedds_cpp/cmake)
-- Using RMW implementation 'rmw_cyclonedds_cpp' as default
-- Found scara_msgs: 0.0.0 (/home/wojciech/Workspaces/ROS2/SCARA/install/scara_msgs/share/scara_msgs/cmake)
-- Found tf2: 0.36.8 (/opt/ros/jazzy/share/tf2/cmake)
-- Found ament_lint_auto: 0.17.1 (/opt/ros/jazzy/share/ament_lint_auto/cmake)
-- Added test 'cppcheck' to perform static code analysis on C / C++ code
-- Configured cppcheck include dirs: 
-- Configured cppcheck exclude dirs and/or files: 
-- Added test 'lint_cmake' to check CMake code style
-- Added test 'uncrustify' to check C / C++ code style
-- Configured uncrustify additional arguments: 
-- Added test 'xmllint' to check XML markup files
-- Configuring done (0.8s)
-- Generating done (0.0s)
-- Build files have been written to: /home/wojciech/Workspaces/ROS2/SCARA/build/scara_utils
[ 50%] [32mBuilding CXX object CMakeFiles/angle_conversion.dir/src/angle_conversion.cpp.o[0m
[100%] [32m[1mLinking CXX executable angle_conversion[0m
[100%] Built target angle_conversion
-- Install configuration: ""
-- Installing: /home/wojciech/Workspaces/ROS2/SCARA/install/scara_utils/lib/scara_utils/angle_conversion
-- Set non-toolchain portion of runtime path of "/home/wojciech/Workspaces/ROS2/SCARA/install/scara_utils/lib/scara_utils/angle_conversion" to ""
-- Installing: /home/wojciech/Workspaces/ROS2/SCARA/install/scara_utils/share/ament_index/resource_index/package_run_dependencies/scara_utils
-- Installing: /home/wojciech/Workspaces/ROS2/SCARA/install/scara_utils/share/ament_index/resource_index/parent_prefix_path/scara_utils
-- Installing: /home/wojciech/Workspaces/ROS2/SCARA/install/scara_utils/share/scara_utils/environment/ament_prefix_path.sh
-- Installing: /home/wojciech/Workspaces/ROS2/SCARA/install/scara_utils/share/scara_utils/environment/ament_prefix_path.dsv
-- Installing: /home/wojciech/Workspaces/ROS2/SCARA/install/scara_utils/share/scara_utils/environment/path.sh
-- Installing: /home/wojciech/Workspaces/ROS2/SCARA/install/scara_utils/share/scara_utils/environment/path.dsv
-- Installing: /home/wojciech/Workspaces/ROS2/SCARA/install/scara_utils/share/scara_utils/local_setup.bash
-- Installing: /home/wojciech/Workspaces/ROS2/SCARA/install/scara_utils/share/scara_utils/local_setup.sh
-- Installing: /home/wojciech/Workspaces/ROS2/SCARA/install/scara_utils/share/scara_utils/local_setup.zsh
-- Installing: /home/wojciech/Workspaces/ROS2/SCARA/install/scara_utils/share/scara_utils/local_setup.dsv
-- Installing: /home/wojciech/Workspaces/ROS2/SCARA/install/scara_utils/share/scara_utils/package.dsv
-- Installing: /home/wojciech/Workspaces/ROS2/SCARA/install/scara_utils/share/ament_index/resource_index/packages/scara_utils
-- Installing: /home/wojciech/Workspaces/ROS2/SCARA/install/scara_utils/share/scara_utils/cmake/scara_utilsConfig.cmake
-- Installing: /home/wojciech/Workspaces/ROS2/SCARA/install/scara_utils/share/scara_utils/cmake/scara_utilsConfig-version.cmake
-- Installing: /home/wojciech/Workspaces/ROS2/SCARA/install/scara_utils/share/scara_utils/package.xml
