[ 20%] [32mBuilding CXX object CMakeFiles/puzzle_solver_node.dir/src/puzzle_solver_node.cpp.o[0m
[ 40%] [32m[1mLinking CXX executable puzzle_solver_node[0m
[100%] Built target puzzle_solver_node
-- Install configuration: ""
-- Installing: /home/wojciech/Workspaces/ROS2/SCARA/install/puzzle_solver/lib/puzzle_solver/puzzle_solver_node
-- Set non-toolchain portion of runtime path of "/home/wojciech/Workspaces/ROS2/SCARA/install/puzzle_solver/lib/puzzle_solver/puzzle_solver_node" to ""
-- Up-to-date: /home/wojciech/Workspaces/ROS2/SCARA/install/puzzle_solver/share/puzzle_solver/images
-- Up-to-date: /home/wojciech/Workspaces/ROS2/SCARA/install/puzzle_solver/share/puzzle_solver/images/11.jpg
-- Up-to-date: /home/wojciech/Workspaces/ROS2/SCARA/install/puzzle_solver/share/puzzle_solver/images/3.jpg
-- Up-to-date: /home/wojciech/Workspaces/ROS2/SCARA/install/puzzle_solver/share/puzzle_solver/images/10.jpg
-- Up-to-date: /home/wojciech/Workspaces/ROS2/SCARA/install/puzzle_solver/share/puzzle_solver/images/1.jpg
-- Up-to-date: /home/wojciech/Workspaces/ROS2/SCARA/install/puzzle_solver/share/puzzle_solver/images/19.jpg
-- Up-to-date: /home/wojciech/Workspaces/ROS2/SCARA/install/puzzle_solver/share/puzzle_solver/images/20.jpg
-- Up-to-date: /home/wojciech/Workspaces/ROS2/SCARA/install/puzzle_solver/share/puzzle_solver/images/21.jpg
-- Up-to-date: /home/wojciech/Workspaces/ROS2/SCARA/install/puzzle_solver/share/puzzle_solver/images/2.jpg
-- Up-to-date: /home/wojciech/Workspaces/ROS2/SCARA/install/puzzle_solver/share/puzzle_solver/images/12.jpg
-- Up-to-date: /home/wojciech/Workspaces/ROS2/SCARA/install/puzzle_solver/share/ament_index/resource_index/package_run_dependencies/puzzle_solver
-- Up-to-date: /home/wojciech/Workspaces/ROS2/SCARA/install/puzzle_solver/share/ament_index/resource_index/parent_prefix_path/puzzle_solver
-- Up-to-date: /home/wojciech/Workspaces/ROS2/SCARA/install/puzzle_solver/share/puzzle_solver/environment/ament_prefix_path.sh
-- Up-to-date: /home/wojciech/Workspaces/ROS2/SCARA/install/puzzle_solver/share/puzzle_solver/environment/ament_prefix_path.dsv
-- Up-to-date: /home/wojciech/Workspaces/ROS2/SCARA/install/puzzle_solver/share/puzzle_solver/environment/path.sh
-- Up-to-date: /home/wojciech/Workspaces/ROS2/SCARA/install/puzzle_solver/share/puzzle_solver/environment/path.dsv
-- Up-to-date: /home/wojciech/Workspaces/ROS2/SCARA/install/puzzle_solver/share/puzzle_solver/local_setup.bash
-- Up-to-date: /home/wojciech/Workspaces/ROS2/SCARA/install/puzzle_solver/share/puzzle_solver/local_setup.sh
-- Up-to-date: /home/wojciech/Workspaces/ROS2/SCARA/install/puzzle_solver/share/puzzle_solver/local_setup.zsh
-- Up-to-date: /home/wojciech/Workspaces/ROS2/SCARA/install/puzzle_solver/share/puzzle_solver/local_setup.dsv
-- Installing: /home/wojciech/Workspaces/ROS2/SCARA/install/puzzle_solver/share/puzzle_solver/package.dsv
-- Up-to-date: /home/wojciech/Workspaces/ROS2/SCARA/install/puzzle_solver/share/ament_index/resource_index/packages/puzzle_solver
-- Up-to-date: /home/wojciech/Workspaces/ROS2/SCARA/install/puzzle_solver/share/puzzle_solver/cmake/puzzle_solverConfig.cmake
-- Up-to-date: /home/wojciech/Workspaces/ROS2/SCARA/install/puzzle_solver/share/puzzle_solver/cmake/puzzle_solverConfig-version.cmake
-- Up-to-date: /home/wojciech/Workspaces/ROS2/SCARA/install/puzzle_solver/share/puzzle_solver/package.xml
