[0.037s] Invoking command in '/home/wojciech/Workspaces/ROS2/SCARA/build/puzzle_solver': CMAKE_PREFIX_PATH=${CMAKE_PREFIX_PATH}:/opt/ros/jazzy DEBUGINFOD_URLS=https://debuginfod.ubuntu.com /usr/bin/cmake --build /home/wojciech/Workspaces/ROS2/SCARA/build/puzzle_solver -- -j4 -l4
[0.292s] [ 20%] [32mBuilding CXX object CMakeFiles/puzzle_solver_node.dir/src/puzzle_solver_node.cpp.o[0m
[10.202s] [ 40%] [32m[1mLinking CXX executable puzzle_solver_node[0m
[11.585s] [100%] Built target puzzle_solver_node
[11.610s] Invoked command in '/home/wojciech/Workspaces/ROS2/SCARA/build/puzzle_solver' returned '0': CMAKE_PREFIX_PATH=${CMAKE_PREFIX_PATH}:/opt/ros/jazzy DEBUGINFOD_URLS=https://debuginfod.ubuntu.com /usr/bin/cmake --build /home/wojciech/Workspaces/ROS2/SCARA/build/puzzle_solver -- -j4 -l4
[11.612s] Invoking command in '/home/wojciech/Workspaces/ROS2/SCARA/build/puzzle_solver': CMAKE_PREFIX_PATH=${CMAKE_PREFIX_PATH}:/opt/ros/jazzy DEBUGINFOD_URLS=https://debuginfod.ubuntu.com /usr/bin/cmake --install /home/wojciech/Workspaces/ROS2/SCARA/build/puzzle_solver
[11.628s] -- Install configuration: ""
[11.628s] -- Installing: /home/wojciech/Workspaces/ROS2/SCARA/install/puzzle_solver/lib/puzzle_solver/puzzle_solver_node
[11.631s] -- Set non-toolchain portion of runtime path of "/home/wojciech/Workspaces/ROS2/SCARA/install/puzzle_solver/lib/puzzle_solver/puzzle_solver_node" to ""
[11.632s] -- Up-to-date: /home/wojciech/Workspaces/ROS2/SCARA/install/puzzle_solver/share/puzzle_solver/images
[11.632s] -- Up-to-date: /home/wojciech/Workspaces/ROS2/SCARA/install/puzzle_solver/share/puzzle_solver/images/11.jpg
[11.632s] -- Up-to-date: /home/wojciech/Workspaces/ROS2/SCARA/install/puzzle_solver/share/puzzle_solver/images/3.jpg
[11.632s] -- Up-to-date: /home/wojciech/Workspaces/ROS2/SCARA/install/puzzle_solver/share/puzzle_solver/images/10.jpg
[11.632s] -- Up-to-date: /home/wojciech/Workspaces/ROS2/SCARA/install/puzzle_solver/share/puzzle_solver/images/1.jpg
[11.632s] -- Up-to-date: /home/wojciech/Workspaces/ROS2/SCARA/install/puzzle_solver/share/puzzle_solver/images/19.jpg
[11.632s] -- Up-to-date: /home/wojciech/Workspaces/ROS2/SCARA/install/puzzle_solver/share/puzzle_solver/images/20.jpg
[11.632s] -- Up-to-date: /home/wojciech/Workspaces/ROS2/SCARA/install/puzzle_solver/share/puzzle_solver/images/21.jpg
[11.632s] -- Up-to-date: /home/wojciech/Workspaces/ROS2/SCARA/install/puzzle_solver/share/puzzle_solver/images/2.jpg
[11.633s] -- Up-to-date: /home/wojciech/Workspaces/ROS2/SCARA/install/puzzle_solver/share/puzzle_solver/images/12.jpg
[11.633s] -- Up-to-date: /home/wojciech/Workspaces/ROS2/SCARA/install/puzzle_solver/share/ament_index/resource_index/package_run_dependencies/puzzle_solver
[11.633s] -- Up-to-date: /home/wojciech/Workspaces/ROS2/SCARA/install/puzzle_solver/share/ament_index/resource_index/parent_prefix_path/puzzle_solver
[11.633s] -- Up-to-date: /home/wojciech/Workspaces/ROS2/SCARA/install/puzzle_solver/share/puzzle_solver/environment/ament_prefix_path.sh
[11.633s] -- Up-to-date: /home/wojciech/Workspaces/ROS2/SCARA/install/puzzle_solver/share/puzzle_solver/environment/ament_prefix_path.dsv
[11.633s] -- Up-to-date: /home/wojciech/Workspaces/ROS2/SCARA/install/puzzle_solver/share/puzzle_solver/environment/path.sh
[11.633s] -- Up-to-date: /home/wojciech/Workspaces/ROS2/SCARA/install/puzzle_solver/share/puzzle_solver/environment/path.dsv
[11.633s] -- Up-to-date: /home/wojciech/Workspaces/ROS2/SCARA/install/puzzle_solver/share/puzzle_solver/local_setup.bash
[11.633s] -- Up-to-date: /home/wojciech/Workspaces/ROS2/SCARA/install/puzzle_solver/share/puzzle_solver/local_setup.sh
[11.633s] -- Up-to-date: /home/wojciech/Workspaces/ROS2/SCARA/install/puzzle_solver/share/puzzle_solver/local_setup.zsh
[11.633s] -- Up-to-date: /home/wojciech/Workspaces/ROS2/SCARA/install/puzzle_solver/share/puzzle_solver/local_setup.dsv
[11.633s] -- Installing: /home/wojciech/Workspaces/ROS2/SCARA/install/puzzle_solver/share/puzzle_solver/package.dsv
[11.634s] -- Up-to-date: /home/wojciech/Workspaces/ROS2/SCARA/install/puzzle_solver/share/ament_index/resource_index/packages/puzzle_solver
[11.634s] -- Up-to-date: /home/wojciech/Workspaces/ROS2/SCARA/install/puzzle_solver/share/puzzle_solver/cmake/puzzle_solverConfig.cmake
[11.634s] -- Up-to-date: /home/wojciech/Workspaces/ROS2/SCARA/install/puzzle_solver/share/puzzle_solver/cmake/puzzle_solverConfig-version.cmake
[11.634s] -- Up-to-date: /home/wojciech/Workspaces/ROS2/SCARA/install/puzzle_solver/share/puzzle_solver/package.xml
[11.636s] Invoked command in '/home/wojciech/Workspaces/ROS2/SCARA/build/puzzle_solver' returned '0': CMAKE_PREFIX_PATH=${CMAKE_PREFIX_PATH}:/opt/ros/jazzy DEBUGINFOD_URLS=https://debuginfod.ubuntu.com /usr/bin/cmake --install /home/wojciech/Workspaces/ROS2/SCARA/build/puzzle_solver
