-- Install configuration: ""
-- Up-to-date: /home/wojciech/Workspaces/ROS2/SCARA/install/scara_controller/share/scara_controller/config
-- Up-to-date: /home/wojciech/Workspaces/ROS2/SCARA/install/scara_controller/share/scara_controller/config/scara_controllers.yaml
-- Up-to-date: /home/wojciech/Workspaces/ROS2/SCARA/install/scara_controller/share/scara_controller/launch
-- Up-to-date: /home/wojciech/Workspaces/ROS2/SCARA/install/scara_controller/share/scara_controller/launch/controller.launch.py
-- Up-to-date: /home/wojciech/Workspaces/ROS2/SCARA/install/scara_controller/share/ament_index/resource_index/package_run_dependencies/scara_controller
-- Up-to-date: /home/wojciech/Workspaces/ROS2/SCARA/install/scara_controller/share/ament_index/resource_index/parent_prefix_path/scara_controller
-- Up-to-date: /home/wojciech/Workspaces/ROS2/SCARA/install/scara_controller/share/scara_controller/environment/ament_prefix_path.sh
-- Up-to-date: /home/wojciech/Workspaces/ROS2/SCARA/install/scara_controller/share/scara_controller/environment/ament_prefix_path.dsv
-- Up-to-date: /home/wojciech/Workspaces/ROS2/SCARA/install/scara_controller/share/scara_controller/environment/path.sh
-- Up-to-date: /home/wojciech/Workspaces/ROS2/SCARA/install/scara_controller/share/scara_controller/environment/path.dsv
-- Up-to-date: /home/wojciech/Workspaces/ROS2/SCARA/install/scara_controller/share/scara_controller/local_setup.bash
-- Up-to-date: /home/wojciech/Workspaces/ROS2/SCARA/install/scara_controller/share/scara_controller/local_setup.sh
-- Up-to-date: /home/wojciech/Workspaces/ROS2/SCARA/install/scara_controller/share/scara_controller/local_setup.zsh
-- Up-to-date: /home/wojciech/Workspaces/ROS2/SCARA/install/scara_controller/share/scara_controller/local_setup.dsv
-- Up-to-date: /home/wojciech/Workspaces/ROS2/SCARA/install/scara_controller/share/scara_controller/package.dsv
-- Up-to-date: /home/wojciech/Workspaces/ROS2/SCARA/install/scara_controller/share/ament_index/resource_index/packages/scara_controller
-- Up-to-date: /home/wojciech/Workspaces/ROS2/SCARA/install/scara_controller/share/scara_controller/cmake/scara_controllerConfig.cmake
-- Up-to-date: /home/wojciech/Workspaces/ROS2/SCARA/install/scara_controller/share/scara_controller/cmake/scara_controllerConfig-version.cmake
-- Up-to-date: /home/wojciech/Workspaces/ROS2/SCARA/install/scara_controller/share/scara_controller/package.xml
