[0.065s] DEBUG:colcon:Command line arguments: ['/usr/bin/colcon', 'build']
[0.065s] DEBUG:colcon:Parsed command line arguments: Namespace(log_base=None, log_level=None, verb_name='build', build_base='build', install_base='install', merge_install=False, symlink_install=False, test_result_base=None, continue_on_error=False, executor='parallel', parallel_workers=12, event_handlers=None, ignore_user_meta=False, metas=['./colcon.meta'], base_paths=['.'], packages_ignore=None, packages_ignore_regex=None, paths=None, packages_up_to=None, packages_up_to_regex=None, packages_above=None, packages_above_and_dependencies=None, packages_above_depth=None, packages_select_by_dep=None, packages_skip_by_dep=None, packages_skip_up_to=None, packages_select_build_failed=False, packages_skip_build_finished=False, packages_select_test_failures=False, packages_skip_test_passed=False, packages_select=None, packages_skip=None, packages_select_regex=None, packages_skip_regex=None, packages_start=None, packages_end=None, allow_overriding=[], cmake_args=None, cmake_target=None, cmake_target_skip_unavailable=False, cmake_clean_cache=False, cmake_clean_first=False, cmake_force_configure=False, ament_cmake_args=None, catkin_cmake_args=None, catkin_skip_building_tests=False, mixin_files=None, mixin=None, verb_parser=<colcon_mixin.mixin.mixin_argument.MixinArgumentDecorator object at 0x73f10abc16a0>, verb_extension=<colcon_core.verb.build.BuildVerb object at 0x73f10b291bb0>, main=<bound method BuildVerb.main of <colcon_core.verb.build.BuildVerb object at 0x73f10b291bb0>>, mixin_verb=('build',))
[0.089s] Level 1:colcon.colcon_core.package_discovery:discover_packages(colcon_meta) check parameters
[0.089s] Level 1:colcon.colcon_core.package_discovery:discover_packages(recursive) check parameters
[0.089s] Level 1:colcon.colcon_core.package_discovery:discover_packages(ignore) check parameters
[0.089s] Level 1:colcon.colcon_core.package_discovery:discover_packages(path) check parameters
[0.089s] Level 1:colcon.colcon_core.package_discovery:discover_packages(colcon_meta) discover
[0.089s] Level 1:colcon.colcon_core.package_discovery:discover_packages(recursive) discover
[0.089s] INFO:colcon.colcon_core.package_discovery:Crawling recursively for packages in '/home/wojciech/Workspaces/ROS2/SCARA'
[0.089s] Level 1:colcon.colcon_core.package_identification:_identify(.) by extensions ['ignore', 'ignore_ament_install']
[0.089s] Level 1:colcon.colcon_core.package_identification:_identify(.) by extension 'ignore'
[0.089s] Level 1:colcon.colcon_core.package_identification:_identify(.) by extension 'ignore_ament_install'
[0.089s] Level 1:colcon.colcon_core.package_identification:_identify(.) by extensions ['colcon_pkg']
[0.089s] Level 1:colcon.colcon_core.package_identification:_identify(.) by extension 'colcon_pkg'
[0.089s] Level 1:colcon.colcon_core.package_identification:_identify(.) by extensions ['colcon_meta']
[0.089s] Level 1:colcon.colcon_core.package_identification:_identify(.) by extension 'colcon_meta'
[0.089s] Level 1:colcon.colcon_core.package_identification:_identify(.) by extensions ['ros']
[0.090s] Level 1:colcon.colcon_core.package_identification:_identify(.) by extension 'ros'
[0.105s] Level 1:colcon.colcon_core.package_identification:_identify(.) by extensions ['cmake', 'python']
[0.105s] Level 1:colcon.colcon_core.package_identification:_identify(.) by extension 'cmake'
[0.105s] Level 1:colcon.colcon_core.package_identification:_identify(.) by extension 'python'
[0.105s] Level 1:colcon.colcon_core.package_identification:_identify(.) by extensions ['python_setup_py']
[0.105s] Level 1:colcon.colcon_core.package_identification:_identify(.) by extension 'python_setup_py'
[0.105s] Level 1:colcon.colcon_core.package_identification:_identify(build) by extensions ['ignore', 'ignore_ament_install']
[0.106s] Level 1:colcon.colcon_core.package_identification:_identify(build) by extension 'ignore'
[0.106s] Level 1:colcon.colcon_core.package_identification:_identify(build) ignored
[0.106s] Level 1:colcon.colcon_core.package_identification:_identify(install) by extensions ['ignore', 'ignore_ament_install']
[0.106s] Level 1:colcon.colcon_core.package_identification:_identify(install) by extension 'ignore'
[0.106s] Level 1:colcon.colcon_core.package_identification:_identify(install) ignored
[0.106s] Level 1:colcon.colcon_core.package_identification:_identify(log) by extensions ['ignore', 'ignore_ament_install']
[0.106s] Level 1:colcon.colcon_core.package_identification:_identify(log) by extension 'ignore'
[0.106s] Level 1:colcon.colcon_core.package_identification:_identify(log) ignored
[0.106s] Level 1:colcon.colcon_core.package_identification:_identify(src) by extensions ['ignore', 'ignore_ament_install']
[0.106s] Level 1:colcon.colcon_core.package_identification:_identify(src) by extension 'ignore'
[0.106s] Level 1:colcon.colcon_core.package_identification:_identify(src) by extension 'ignore_ament_install'
[0.106s] Level 1:colcon.colcon_core.package_identification:_identify(src) by extensions ['colcon_pkg']
[0.106s] Level 1:colcon.colcon_core.package_identification:_identify(src) by extension 'colcon_pkg'
[0.106s] Level 1:colcon.colcon_core.package_identification:_identify(src) by extensions ['colcon_meta']
[0.106s] Level 1:colcon.colcon_core.package_identification:_identify(src) by extension 'colcon_meta'
[0.106s] Level 1:colcon.colcon_core.package_identification:_identify(src) by extensions ['ros']
[0.106s] Level 1:colcon.colcon_core.package_identification:_identify(src) by extension 'ros'
[0.106s] Level 1:colcon.colcon_core.package_identification:_identify(src) by extensions ['cmake', 'python']
[0.106s] Level 1:colcon.colcon_core.package_identification:_identify(src) by extension 'cmake'
[0.106s] Level 1:colcon.colcon_core.package_identification:_identify(src) by extension 'python'
[0.106s] Level 1:colcon.colcon_core.package_identification:_identify(src) by extensions ['python_setup_py']
[0.106s] Level 1:colcon.colcon_core.package_identification:_identify(src) by extension 'python_setup_py'
[0.106s] Level 1:colcon.colcon_core.package_identification:_identify(src/scara_controller) by extensions ['ignore', 'ignore_ament_install']
[0.106s] Level 1:colcon.colcon_core.package_identification:_identify(src/scara_controller) by extension 'ignore'
[0.107s] Level 1:colcon.colcon_core.package_identification:_identify(src/scara_controller) by extension 'ignore_ament_install'
[0.107s] Level 1:colcon.colcon_core.package_identification:_identify(src/scara_controller) by extensions ['colcon_pkg']
[0.107s] Level 1:colcon.colcon_core.package_identification:_identify(src/scara_controller) by extension 'colcon_pkg'
[0.107s] Level 1:colcon.colcon_core.package_identification:_identify(src/scara_controller) by extensions ['colcon_meta']
[0.107s] Level 1:colcon.colcon_core.package_identification:_identify(src/scara_controller) by extension 'colcon_meta'
[0.107s] Level 1:colcon.colcon_core.package_identification:_identify(src/scara_controller) by extensions ['ros']
[0.107s] Level 1:colcon.colcon_core.package_identification:_identify(src/scara_controller) by extension 'ros'
[0.108s] DEBUG:colcon.colcon_core.package_identification:Package 'src/scara_controller' with type 'ros.ament_cmake' and name 'scara_controller'
[0.108s] Level 1:colcon.colcon_core.package_identification:_identify(src/scara_description) by extensions ['ignore', 'ignore_ament_install']
[0.108s] Level 1:colcon.colcon_core.package_identification:_identify(src/scara_description) by extension 'ignore'
[0.108s] Level 1:colcon.colcon_core.package_identification:_identify(src/scara_description) by extension 'ignore_ament_install'
[0.108s] Level 1:colcon.colcon_core.package_identification:_identify(src/scara_description) by extensions ['colcon_pkg']
[0.108s] Level 1:colcon.colcon_core.package_identification:_identify(src/scara_description) by extension 'colcon_pkg'
[0.108s] Level 1:colcon.colcon_core.package_identification:_identify(src/scara_description) by extensions ['colcon_meta']
[0.108s] Level 1:colcon.colcon_core.package_identification:_identify(src/scara_description) by extension 'colcon_meta'
[0.108s] Level 1:colcon.colcon_core.package_identification:_identify(src/scara_description) by extensions ['ros']
[0.108s] Level 1:colcon.colcon_core.package_identification:_identify(src/scara_description) by extension 'ros'
[0.109s] DEBUG:colcon.colcon_core.package_identification:Package 'src/scara_description' with type 'ros.ament_cmake' and name 'scara_description'
[0.109s] Level 1:colcon.colcon_core.package_identification:_identify(src/scara_moveit) by extensions ['ignore', 'ignore_ament_install']
[0.109s] Level 1:colcon.colcon_core.package_identification:_identify(src/scara_moveit) by extension 'ignore'
[0.109s] Level 1:colcon.colcon_core.package_identification:_identify(src/scara_moveit) by extension 'ignore_ament_install'
[0.109s] Level 1:colcon.colcon_core.package_identification:_identify(src/scara_moveit) by extensions ['colcon_pkg']
[0.109s] Level 1:colcon.colcon_core.package_identification:_identify(src/scara_moveit) by extension 'colcon_pkg'
[0.109s] Level 1:colcon.colcon_core.package_identification:_identify(src/scara_moveit) by extensions ['colcon_meta']
[0.109s] Level 1:colcon.colcon_core.package_identification:_identify(src/scara_moveit) by extension 'colcon_meta'
[0.109s] Level 1:colcon.colcon_core.package_identification:_identify(src/scara_moveit) by extensions ['ros']
[0.109s] Level 1:colcon.colcon_core.package_identification:_identify(src/scara_moveit) by extension 'ros'
[0.109s] DEBUG:colcon.colcon_core.package_identification:Package 'src/scara_moveit' with type 'ros.ament_cmake' and name 'scara_moveit'
[0.109s] Level 1:colcon.colcon_core.package_identification:_identify(src/scara_msgs) by extensions ['ignore', 'ignore_ament_install']
[0.109s] Level 1:colcon.colcon_core.package_identification:_identify(src/scara_msgs) by extension 'ignore'
[0.110s] Level 1:colcon.colcon_core.package_identification:_identify(src/scara_msgs) by extension 'ignore_ament_install'
[0.110s] Level 1:colcon.colcon_core.package_identification:_identify(src/scara_msgs) by extensions ['colcon_pkg']
[0.110s] Level 1:colcon.colcon_core.package_identification:_identify(src/scara_msgs) by extension 'colcon_pkg'
[0.110s] Level 1:colcon.colcon_core.package_identification:_identify(src/scara_msgs) by extensions ['colcon_meta']
[0.110s] Level 1:colcon.colcon_core.package_identification:_identify(src/scara_msgs) by extension 'colcon_meta'
[0.110s] Level 1:colcon.colcon_core.package_identification:_identify(src/scara_msgs) by extensions ['ros']
[0.110s] Level 1:colcon.colcon_core.package_identification:_identify(src/scara_msgs) by extension 'ros'
[0.110s] DEBUG:colcon.colcon_core.package_identification:Package 'src/scara_msgs' with type 'ros.ament_cmake' and name 'scara_msgs'
[0.110s] Level 1:colcon.colcon_core.package_identification:_identify(src/scara_utils) by extensions ['ignore', 'ignore_ament_install']
[0.110s] Level 1:colcon.colcon_core.package_identification:_identify(src/scara_utils) by extension 'ignore'
[0.110s] Level 1:colcon.colcon_core.package_identification:_identify(src/scara_utils) by extension 'ignore_ament_install'
[0.110s] Level 1:colcon.colcon_core.package_identification:_identify(src/scara_utils) by extensions ['colcon_pkg']
[0.110s] Level 1:colcon.colcon_core.package_identification:_identify(src/scara_utils) by extension 'colcon_pkg'
[0.110s] Level 1:colcon.colcon_core.package_identification:_identify(src/scara_utils) by extensions ['colcon_meta']
[0.110s] Level 1:colcon.colcon_core.package_identification:_identify(src/scara_utils) by extension 'colcon_meta'
[0.110s] Level 1:colcon.colcon_core.package_identification:_identify(src/scara_utils) by extensions ['ros']
[0.110s] Level 1:colcon.colcon_core.package_identification:_identify(src/scara_utils) by extension 'ros'
[0.111s] DEBUG:colcon.colcon_core.package_identification:Package 'src/scara_utils' with type 'ros.ament_cmake' and name 'scara_utils'
[0.111s] Level 1:colcon.colcon_core.package_discovery:discover_packages(recursive) using defaults
[0.111s] Level 1:colcon.colcon_core.package_discovery:discover_packages(ignore) discover
[0.111s] Level 1:colcon.colcon_core.package_discovery:discover_packages(ignore) using defaults
[0.111s] Level 1:colcon.colcon_core.package_discovery:discover_packages(path) discover
[0.111s] Level 1:colcon.colcon_core.package_discovery:discover_packages(path) using defaults
[0.121s] Level 1:colcon.colcon_core.package_discovery:discover_packages(prefix_path) check parameters
[0.121s] Level 1:colcon.colcon_core.package_discovery:discover_packages(prefix_path) discover
[0.123s] DEBUG:colcon.colcon_installed_package_information.package_discovery:Found 5 installed packages in /home/wojciech/Workspaces/ROS2/SCARA/install
[0.124s] DEBUG:colcon.colcon_installed_package_information.package_discovery:Found 432 installed packages in /opt/ros/jazzy
[0.125s] Level 1:colcon.colcon_core.package_discovery:discover_packages(prefix_path) using defaults
[0.157s] Level 5:colcon.colcon_core.verb:set package 'scara_controller' build argument 'cmake_args' from command line to 'None'
[0.158s] Level 5:colcon.colcon_core.verb:set package 'scara_controller' build argument 'cmake_target' from command line to 'None'
[0.158s] Level 5:colcon.colcon_core.verb:set package 'scara_controller' build argument 'cmake_target_skip_unavailable' from command line to 'False'
[0.158s] Level 5:colcon.colcon_core.verb:set package 'scara_controller' build argument 'cmake_clean_cache' from command line to 'False'
[0.158s] Level 5:colcon.colcon_core.verb:set package 'scara_controller' build argument 'cmake_clean_first' from command line to 'False'
[0.158s] Level 5:colcon.colcon_core.verb:set package 'scara_controller' build argument 'cmake_force_configure' from command line to 'False'
[0.158s] Level 5:colcon.colcon_core.verb:set package 'scara_controller' build argument 'ament_cmake_args' from command line to 'None'
[0.158s] Level 5:colcon.colcon_core.verb:set package 'scara_controller' build argument 'catkin_cmake_args' from command line to 'None'
[0.158s] Level 5:colcon.colcon_core.verb:set package 'scara_controller' build argument 'catkin_skip_building_tests' from command line to 'False'
[0.158s] DEBUG:colcon.colcon_core.verb:Building package 'scara_controller' with the following arguments: {'ament_cmake_args': None, 'build_base': '/home/wojciech/Workspaces/ROS2/SCARA/build/scara_controller', 'catkin_cmake_args': None, 'catkin_skip_building_tests': False, 'cmake_args': None, 'cmake_clean_cache': False, 'cmake_clean_first': False, 'cmake_force_configure': False, 'cmake_target': None, 'cmake_target_skip_unavailable': False, 'install_base': '/home/wojciech/Workspaces/ROS2/SCARA/install/scara_controller', 'merge_install': False, 'path': '/home/wojciech/Workspaces/ROS2/SCARA/src/scara_controller', 'symlink_install': False, 'test_result_base': None}
[0.158s] Level 5:colcon.colcon_core.verb:set package 'scara_description' build argument 'cmake_args' from command line to 'None'
[0.158s] Level 5:colcon.colcon_core.verb:set package 'scara_description' build argument 'cmake_target' from command line to 'None'
[0.158s] Level 5:colcon.colcon_core.verb:set package 'scara_description' build argument 'cmake_target_skip_unavailable' from command line to 'False'
[0.158s] Level 5:colcon.colcon_core.verb:set package 'scara_description' build argument 'cmake_clean_cache' from command line to 'False'
[0.158s] Level 5:colcon.colcon_core.verb:set package 'scara_description' build argument 'cmake_clean_first' from command line to 'False'
[0.158s] Level 5:colcon.colcon_core.verb:set package 'scara_description' build argument 'cmake_force_configure' from command line to 'False'
[0.158s] Level 5:colcon.colcon_core.verb:set package 'scara_description' build argument 'ament_cmake_args' from command line to 'None'
[0.158s] Level 5:colcon.colcon_core.verb:set package 'scara_description' build argument 'catkin_cmake_args' from command line to 'None'
[0.158s] Level 5:colcon.colcon_core.verb:set package 'scara_description' build argument 'catkin_skip_building_tests' from command line to 'False'
[0.158s] DEBUG:colcon.colcon_core.verb:Building package 'scara_description' with the following arguments: {'ament_cmake_args': None, 'build_base': '/home/wojciech/Workspaces/ROS2/SCARA/build/scara_description', 'catkin_cmake_args': None, 'catkin_skip_building_tests': False, 'cmake_args': None, 'cmake_clean_cache': False, 'cmake_clean_first': False, 'cmake_force_configure': False, 'cmake_target': None, 'cmake_target_skip_unavailable': False, 'install_base': '/home/wojciech/Workspaces/ROS2/SCARA/install/scara_description', 'merge_install': False, 'path': '/home/wojciech/Workspaces/ROS2/SCARA/src/scara_description', 'symlink_install': False, 'test_result_base': None}
[0.158s] Level 5:colcon.colcon_core.verb:set package 'scara_moveit' build argument 'cmake_args' from command line to 'None'
[0.158s] Level 5:colcon.colcon_core.verb:set package 'scara_moveit' build argument 'cmake_target' from command line to 'None'
[0.158s] Level 5:colcon.colcon_core.verb:set package 'scara_moveit' build argument 'cmake_target_skip_unavailable' from command line to 'False'
[0.158s] Level 5:colcon.colcon_core.verb:set package 'scara_moveit' build argument 'cmake_clean_cache' from command line to 'False'
[0.158s] Level 5:colcon.colcon_core.verb:set package 'scara_moveit' build argument 'cmake_clean_first' from command line to 'False'
[0.158s] Level 5:colcon.colcon_core.verb:set package 'scara_moveit' build argument 'cmake_force_configure' from command line to 'False'
[0.158s] Level 5:colcon.colcon_core.verb:set package 'scara_moveit' build argument 'ament_cmake_args' from command line to 'None'
[0.158s] Level 5:colcon.colcon_core.verb:set package 'scara_moveit' build argument 'catkin_cmake_args' from command line to 'None'
[0.158s] Level 5:colcon.colcon_core.verb:set package 'scara_moveit' build argument 'catkin_skip_building_tests' from command line to 'False'
[0.158s] DEBUG:colcon.colcon_core.verb:Building package 'scara_moveit' with the following arguments: {'ament_cmake_args': None, 'build_base': '/home/wojciech/Workspaces/ROS2/SCARA/build/scara_moveit', 'catkin_cmake_args': None, 'catkin_skip_building_tests': False, 'cmake_args': None, 'cmake_clean_cache': False, 'cmake_clean_first': False, 'cmake_force_configure': False, 'cmake_target': None, 'cmake_target_skip_unavailable': False, 'install_base': '/home/wojciech/Workspaces/ROS2/SCARA/install/scara_moveit', 'merge_install': False, 'path': '/home/wojciech/Workspaces/ROS2/SCARA/src/scara_moveit', 'symlink_install': False, 'test_result_base': None}
[0.158s] Level 5:colcon.colcon_core.verb:set package 'scara_msgs' build argument 'cmake_args' from command line to 'None'
[0.158s] Level 5:colcon.colcon_core.verb:set package 'scara_msgs' build argument 'cmake_target' from command line to 'None'
[0.159s] Level 5:colcon.colcon_core.verb:set package 'scara_msgs' build argument 'cmake_target_skip_unavailable' from command line to 'False'
[0.159s] Level 5:colcon.colcon_core.verb:set package 'scara_msgs' build argument 'cmake_clean_cache' from command line to 'False'
[0.159s] Level 5:colcon.colcon_core.verb:set package 'scara_msgs' build argument 'cmake_clean_first' from command line to 'False'
[0.159s] Level 5:colcon.colcon_core.verb:set package 'scara_msgs' build argument 'cmake_force_configure' from command line to 'False'
[0.159s] Level 5:colcon.colcon_core.verb:set package 'scara_msgs' build argument 'ament_cmake_args' from command line to 'None'
[0.159s] Level 5:colcon.colcon_core.verb:set package 'scara_msgs' build argument 'catkin_cmake_args' from command line to 'None'
[0.159s] Level 5:colcon.colcon_core.verb:set package 'scara_msgs' build argument 'catkin_skip_building_tests' from command line to 'False'
[0.159s] DEBUG:colcon.colcon_core.verb:Building package 'scara_msgs' with the following arguments: {'ament_cmake_args': None, 'build_base': '/home/wojciech/Workspaces/ROS2/SCARA/build/scara_msgs', 'catkin_cmake_args': None, 'catkin_skip_building_tests': False, 'cmake_args': None, 'cmake_clean_cache': False, 'cmake_clean_first': False, 'cmake_force_configure': False, 'cmake_target': None, 'cmake_target_skip_unavailable': False, 'install_base': '/home/wojciech/Workspaces/ROS2/SCARA/install/scara_msgs', 'merge_install': False, 'path': '/home/wojciech/Workspaces/ROS2/SCARA/src/scara_msgs', 'symlink_install': False, 'test_result_base': None}
[0.159s] Level 5:colcon.colcon_core.verb:set package 'scara_utils' build argument 'cmake_args' from command line to 'None'
[0.159s] Level 5:colcon.colcon_core.verb:set package 'scara_utils' build argument 'cmake_target' from command line to 'None'
[0.159s] Level 5:colcon.colcon_core.verb:set package 'scara_utils' build argument 'cmake_target_skip_unavailable' from command line to 'False'
[0.159s] Level 5:colcon.colcon_core.verb:set package 'scara_utils' build argument 'cmake_clean_cache' from command line to 'False'
[0.159s] Level 5:colcon.colcon_core.verb:set package 'scara_utils' build argument 'cmake_clean_first' from command line to 'False'
[0.159s] Level 5:colcon.colcon_core.verb:set package 'scara_utils' build argument 'cmake_force_configure' from command line to 'False'
[0.159s] Level 5:colcon.colcon_core.verb:set package 'scara_utils' build argument 'ament_cmake_args' from command line to 'None'
[0.159s] Level 5:colcon.colcon_core.verb:set package 'scara_utils' build argument 'catkin_cmake_args' from command line to 'None'
[0.159s] Level 5:colcon.colcon_core.verb:set package 'scara_utils' build argument 'catkin_skip_building_tests' from command line to 'False'
[0.159s] DEBUG:colcon.colcon_core.verb:Building package 'scara_utils' with the following arguments: {'ament_cmake_args': None, 'build_base': '/home/wojciech/Workspaces/ROS2/SCARA/build/scara_utils', 'catkin_cmake_args': None, 'catkin_skip_building_tests': False, 'cmake_args': None, 'cmake_clean_cache': False, 'cmake_clean_first': False, 'cmake_force_configure': False, 'cmake_target': None, 'cmake_target_skip_unavailable': False, 'install_base': '/home/wojciech/Workspaces/ROS2/SCARA/install/scara_utils', 'merge_install': False, 'path': '/home/wojciech/Workspaces/ROS2/SCARA/src/scara_utils', 'symlink_install': False, 'test_result_base': None}
[0.159s] INFO:colcon.colcon_core.executor:Executing jobs using 'parallel' executor
[0.160s] DEBUG:colcon.colcon_parallel_executor.executor.parallel:run_until_complete
[0.160s] INFO:colcon.colcon_ros.task.ament_cmake.build:Building ROS package in '/home/wojciech/Workspaces/ROS2/SCARA/src/scara_msgs' with build type 'ament_cmake'
[0.160s] INFO:colcon.colcon_cmake.task.cmake.build:Building CMake package in '/home/wojciech/Workspaces/ROS2/SCARA/src/scara_msgs'
[0.161s] INFO:colcon.colcon_core.plugin_system:Skipping extension 'colcon_core.shell.bat': Not used on non-Windows systems
[0.161s] INFO:colcon.colcon_core.shell:Skip shell extension 'powershell' for command environment: Not usable outside of PowerShell
[0.161s] DEBUG:colcon.colcon_core.shell:Skip shell extension 'dsv' for command environment
[0.164s] INFO:colcon.colcon_ros.task.ament_cmake.build:Building ROS package in '/home/wojciech/Workspaces/ROS2/SCARA/src/scara_controller' with build type 'ament_cmake'
[0.164s] INFO:colcon.colcon_cmake.task.cmake.build:Building CMake package in '/home/wojciech/Workspaces/ROS2/SCARA/src/scara_controller'
[0.164s] INFO:colcon.colcon_core.shell:Skip shell extension 'powershell' for command environment: Not usable outside of PowerShell
[0.164s] DEBUG:colcon.colcon_core.shell:Skip shell extension 'dsv' for command environment
[0.167s] INFO:colcon.colcon_ros.task.ament_cmake.build:Building ROS package in '/home/wojciech/Workspaces/ROS2/SCARA/src/scara_description' with build type 'ament_cmake'
[0.167s] INFO:colcon.colcon_cmake.task.cmake.build:Building CMake package in '/home/wojciech/Workspaces/ROS2/SCARA/src/scara_description'
[0.167s] INFO:colcon.colcon_core.shell:Skip shell extension 'powershell' for command environment: Not usable outside of PowerShell
[0.167s] DEBUG:colcon.colcon_core.shell:Skip shell extension 'dsv' for command environment
[0.170s] INFO:colcon.colcon_ros.task.ament_cmake.build:Building ROS package in '/home/wojciech/Workspaces/ROS2/SCARA/src/scara_moveit' with build type 'ament_cmake'
[0.170s] INFO:colcon.colcon_cmake.task.cmake.build:Building CMake package in '/home/wojciech/Workspaces/ROS2/SCARA/src/scara_moveit'
[0.170s] INFO:colcon.colcon_core.shell:Skip shell extension 'powershell' for command environment: Not usable outside of PowerShell
[0.170s] DEBUG:colcon.colcon_core.shell:Skip shell extension 'dsv' for command environment
[0.175s] DEBUG:colcon.colcon_core.event_handler.log_command:Invoking command in '/home/wojciech/Workspaces/ROS2/SCARA/build/scara_msgs': CMAKE_PREFIX_PATH=${CMAKE_PREFIX_PATH}:/opt/ros/jazzy DEBUGINFOD_URLS=https://debuginfod.ubuntu.com /usr/bin/cmake --build /home/wojciech/Workspaces/ROS2/SCARA/build/scara_msgs -- -j12 -l12
[0.177s] DEBUG:colcon.colcon_core.event_handler.log_command:Invoking command in '/home/wojciech/Workspaces/ROS2/SCARA/build/scara_controller': CMAKE_PREFIX_PATH=${CMAKE_PREFIX_PATH}:/opt/ros/jazzy DEBUGINFOD_URLS=https://debuginfod.ubuntu.com /usr/bin/cmake --build /home/wojciech/Workspaces/ROS2/SCARA/build/scara_controller -- -j12 -l12
[0.178s] DEBUG:colcon.colcon_core.event_handler.log_command:Invoking command in '/home/wojciech/Workspaces/ROS2/SCARA/build/scara_description': CMAKE_PREFIX_PATH=${CMAKE_PREFIX_PATH}:/opt/ros/jazzy DEBUGINFOD_URLS=https://debuginfod.ubuntu.com /usr/bin/cmake --build /home/wojciech/Workspaces/ROS2/SCARA/build/scara_description -- -j12 -l12
[0.180s] DEBUG:colcon.colcon_core.event_handler.log_command:Invoking command in '/home/wojciech/Workspaces/ROS2/SCARA/build/scara_moveit': CMAKE_PREFIX_PATH=${CMAKE_PREFIX_PATH}:/opt/ros/jazzy DEBUGINFOD_URLS=https://debuginfod.ubuntu.com /usr/bin/cmake --build /home/wojciech/Workspaces/ROS2/SCARA/build/scara_moveit -- -j12 -l12
[0.207s] DEBUG:colcon.colcon_core.event_handler.log_command:Invoked command in '/home/wojciech/Workspaces/ROS2/SCARA/build/scara_controller' returned '0': CMAKE_PREFIX_PATH=${CMAKE_PREFIX_PATH}:/opt/ros/jazzy DEBUGINFOD_URLS=https://debuginfod.ubuntu.com /usr/bin/cmake --build /home/wojciech/Workspaces/ROS2/SCARA/build/scara_controller -- -j12 -l12
[0.215s] DEBUG:colcon.colcon_core.event_handler.log_command:Invoking command in '/home/wojciech/Workspaces/ROS2/SCARA/build/scara_controller': CMAKE_PREFIX_PATH=${CMAKE_PREFIX_PATH}:/opt/ros/jazzy DEBUGINFOD_URLS=https://debuginfod.ubuntu.com /usr/bin/cmake --install /home/wojciech/Workspaces/ROS2/SCARA/build/scara_controller
[0.215s] DEBUG:colcon.colcon_core.event_handler.log_command:Invoked command in '/home/wojciech/Workspaces/ROS2/SCARA/build/scara_description' returned '0': CMAKE_PREFIX_PATH=${CMAKE_PREFIX_PATH}:/opt/ros/jazzy DEBUGINFOD_URLS=https://debuginfod.ubuntu.com /usr/bin/cmake --build /home/wojciech/Workspaces/ROS2/SCARA/build/scara_description -- -j12 -l12
[0.216s] DEBUG:colcon.colcon_core.event_handler.log_command:Invoking command in '/home/wojciech/Workspaces/ROS2/SCARA/build/scara_description': CMAKE_PREFIX_PATH=${CMAKE_PREFIX_PATH}:/opt/ros/jazzy DEBUGINFOD_URLS=https://debuginfod.ubuntu.com /usr/bin/cmake --install /home/wojciech/Workspaces/ROS2/SCARA/build/scara_description
[0.216s] DEBUG:colcon.colcon_core.event_handler.log_command:Invoked command in '/home/wojciech/Workspaces/ROS2/SCARA/build/scara_moveit' returned '0': CMAKE_PREFIX_PATH=${CMAKE_PREFIX_PATH}:/opt/ros/jazzy DEBUGINFOD_URLS=https://debuginfod.ubuntu.com /usr/bin/cmake --build /home/wojciech/Workspaces/ROS2/SCARA/build/scara_moveit -- -j12 -l12
[0.217s] DEBUG:colcon.colcon_core.event_handler.log_command:Invoking command in '/home/wojciech/Workspaces/ROS2/SCARA/build/scara_moveit': CMAKE_PREFIX_PATH=${CMAKE_PREFIX_PATH}:/opt/ros/jazzy DEBUGINFOD_URLS=https://debuginfod.ubuntu.com /usr/bin/cmake --install /home/wojciech/Workspaces/ROS2/SCARA/build/scara_moveit
[0.224s] Level 1:colcon.colcon_core.environment:create_environment_scripts_only(scara_controller)
[0.226s] DEBUG:colcon.colcon_core.event_handler.log_command:Invoked command in '/home/wojciech/Workspaces/ROS2/SCARA/build/scara_controller' returned '0': CMAKE_PREFIX_PATH=${CMAKE_PREFIX_PATH}:/opt/ros/jazzy DEBUGINFOD_URLS=https://debuginfod.ubuntu.com /usr/bin/cmake --install /home/wojciech/Workspaces/ROS2/SCARA/build/scara_controller
[0.228s] Level 1:colcon.colcon_core.environment:checking '/home/wojciech/Workspaces/ROS2/SCARA/install/scara_controller' for CMake module files
[0.229s] Level 1:colcon.colcon_core.environment:checking '/home/wojciech/Workspaces/ROS2/SCARA/install/scara_controller' for CMake config files
[0.229s] Level 1:colcon.colcon_core.shell:create_environment_hook('scara_controller', 'cmake_prefix_path')
[0.229s] INFO:colcon.colcon_core.shell:Creating environment hook '/home/wojciech/Workspaces/ROS2/SCARA/install/scara_controller/share/scara_controller/hook/cmake_prefix_path.ps1'
[0.230s] INFO:colcon.colcon_core.shell:Creating environment descriptor '/home/wojciech/Workspaces/ROS2/SCARA/install/scara_controller/share/scara_controller/hook/cmake_prefix_path.dsv'
[0.230s] INFO:colcon.colcon_core.shell:Creating environment hook '/home/wojciech/Workspaces/ROS2/SCARA/install/scara_controller/share/scara_controller/hook/cmake_prefix_path.sh'
[0.231s] Level 1:colcon.colcon_core.environment:checking '/home/wojciech/Workspaces/ROS2/SCARA/install/scara_controller/bin'
[0.231s] Level 1:colcon.colcon_core.environment:checking '/home/wojciech/Workspaces/ROS2/SCARA/install/scara_controller/lib/pkgconfig/scara_controller.pc'
[0.231s] Level 1:colcon.colcon_core.environment:checking '/home/wojciech/Workspaces/ROS2/SCARA/install/scara_controller/lib/python3.12/site-packages'
[0.231s] Level 1:colcon.colcon_core.environment:checking '/home/wojciech/Workspaces/ROS2/SCARA/install/scara_controller/bin'
[0.231s] INFO:colcon.colcon_core.shell:Creating package script '/home/wojciech/Workspaces/ROS2/SCARA/install/scara_controller/share/scara_controller/package.ps1'
[0.232s] INFO:colcon.colcon_core.shell:Creating package descriptor '/home/wojciech/Workspaces/ROS2/SCARA/install/scara_controller/share/scara_controller/package.dsv'
[0.232s] INFO:colcon.colcon_core.shell:Creating package script '/home/wojciech/Workspaces/ROS2/SCARA/install/scara_controller/share/scara_controller/package.sh'
[0.233s] INFO:colcon.colcon_core.shell:Creating package script '/home/wojciech/Workspaces/ROS2/SCARA/install/scara_controller/share/scara_controller/package.bash'
[0.233s] INFO:colcon.colcon_core.shell:Creating package script '/home/wojciech/Workspaces/ROS2/SCARA/install/scara_controller/share/scara_controller/package.zsh'
[0.234s] Level 1:colcon.colcon_core.environment:create_file_with_runtime_dependencies(/home/wojciech/Workspaces/ROS2/SCARA/install/scara_controller/share/colcon-core/packages/scara_controller)
[0.234s] Level 1:colcon.colcon_core.environment:create_environment_scripts_only(scara_controller)
[0.234s] Level 1:colcon.colcon_core.environment:checking '/home/wojciech/Workspaces/ROS2/SCARA/install/scara_controller' for CMake module files
[0.235s] Level 1:colcon.colcon_core.environment:checking '/home/wojciech/Workspaces/ROS2/SCARA/install/scara_controller' for CMake config files
[0.235s] Level 1:colcon.colcon_core.shell:create_environment_hook('scara_controller', 'cmake_prefix_path')
[0.235s] INFO:colcon.colcon_core.shell:Creating environment hook '/home/wojciech/Workspaces/ROS2/SCARA/install/scara_controller/share/scara_controller/hook/cmake_prefix_path.ps1'
[0.235s] INFO:colcon.colcon_core.shell:Creating environment descriptor '/home/wojciech/Workspaces/ROS2/SCARA/install/scara_controller/share/scara_controller/hook/cmake_prefix_path.dsv'
[0.235s] INFO:colcon.colcon_core.shell:Creating environment hook '/home/wojciech/Workspaces/ROS2/SCARA/install/scara_controller/share/scara_controller/hook/cmake_prefix_path.sh'
[0.236s] Level 1:colcon.colcon_core.environment:checking '/home/wojciech/Workspaces/ROS2/SCARA/install/scara_controller/bin'
[0.236s] Level 1:colcon.colcon_core.environment:checking '/home/wojciech/Workspaces/ROS2/SCARA/install/scara_controller/lib/pkgconfig/scara_controller.pc'
[0.236s] Level 1:colcon.colcon_core.environment:checking '/home/wojciech/Workspaces/ROS2/SCARA/install/scara_controller/lib/python3.12/site-packages'
[0.236s] Level 1:colcon.colcon_core.environment:checking '/home/wojciech/Workspaces/ROS2/SCARA/install/scara_controller/bin'
[0.236s] INFO:colcon.colcon_core.shell:Creating package script '/home/wojciech/Workspaces/ROS2/SCARA/install/scara_controller/share/scara_controller/package.ps1'
[0.236s] INFO:colcon.colcon_core.shell:Creating package descriptor '/home/wojciech/Workspaces/ROS2/SCARA/install/scara_controller/share/scara_controller/package.dsv'
[0.237s] INFO:colcon.colcon_core.shell:Creating package script '/home/wojciech/Workspaces/ROS2/SCARA/install/scara_controller/share/scara_controller/package.sh'
[0.237s] INFO:colcon.colcon_core.shell:Creating package script '/home/wojciech/Workspaces/ROS2/SCARA/install/scara_controller/share/scara_controller/package.bash'
[0.237s] INFO:colcon.colcon_core.shell:Creating package script '/home/wojciech/Workspaces/ROS2/SCARA/install/scara_controller/share/scara_controller/package.zsh'
[0.237s] Level 1:colcon.colcon_core.environment:create_file_with_runtime_dependencies(/home/wojciech/Workspaces/ROS2/SCARA/install/scara_controller/share/colcon-core/packages/scara_controller)
[0.238s] Level 1:colcon.colcon_core.environment:create_environment_scripts_only(scara_description)
[0.238s] Level 1:colcon.colcon_core.environment:checking '/home/wojciech/Workspaces/ROS2/SCARA/install/scara_description' for CMake module files
[0.239s] DEBUG:colcon.colcon_core.event_handler.log_command:Invoked command in '/home/wojciech/Workspaces/ROS2/SCARA/build/scara_description' returned '0': CMAKE_PREFIX_PATH=${CMAKE_PREFIX_PATH}:/opt/ros/jazzy DEBUGINFOD_URLS=https://debuginfod.ubuntu.com /usr/bin/cmake --install /home/wojciech/Workspaces/ROS2/SCARA/build/scara_description
[0.239s] Level 1:colcon.colcon_core.environment:checking '/home/wojciech/Workspaces/ROS2/SCARA/install/scara_description' for CMake config files
[0.239s] Level 1:colcon.colcon_core.shell:create_environment_hook('scara_description', 'cmake_prefix_path')
[0.240s] INFO:colcon.colcon_core.shell:Creating environment hook '/home/wojciech/Workspaces/ROS2/SCARA/install/scara_description/share/scara_description/hook/cmake_prefix_path.ps1'
[0.240s] INFO:colcon.colcon_core.shell:Creating environment descriptor '/home/wojciech/Workspaces/ROS2/SCARA/install/scara_description/share/scara_description/hook/cmake_prefix_path.dsv'
[0.240s] INFO:colcon.colcon_core.shell:Creating environment hook '/home/wojciech/Workspaces/ROS2/SCARA/install/scara_description/share/scara_description/hook/cmake_prefix_path.sh'
[0.241s] Level 1:colcon.colcon_core.environment:checking '/home/wojciech/Workspaces/ROS2/SCARA/install/scara_description/bin'
[0.241s] Level 1:colcon.colcon_core.environment:checking '/home/wojciech/Workspaces/ROS2/SCARA/install/scara_description/lib/pkgconfig/scara_description.pc'
[0.241s] Level 1:colcon.colcon_core.environment:checking '/home/wojciech/Workspaces/ROS2/SCARA/install/scara_description/lib/python3.12/site-packages'
[0.241s] Level 1:colcon.colcon_core.environment:checking '/home/wojciech/Workspaces/ROS2/SCARA/install/scara_description/bin'
[0.241s] INFO:colcon.colcon_core.shell:Creating package script '/home/wojciech/Workspaces/ROS2/SCARA/install/scara_description/share/scara_description/package.ps1'
[0.241s] INFO:colcon.colcon_core.shell:Creating package descriptor '/home/wojciech/Workspaces/ROS2/SCARA/install/scara_description/share/scara_description/package.dsv'
[0.242s] INFO:colcon.colcon_core.shell:Creating package script '/home/wojciech/Workspaces/ROS2/SCARA/install/scara_description/share/scara_description/package.sh'
[0.242s] INFO:colcon.colcon_core.shell:Creating package script '/home/wojciech/Workspaces/ROS2/SCARA/install/scara_description/share/scara_description/package.bash'
[0.242s] INFO:colcon.colcon_core.shell:Creating package script '/home/wojciech/Workspaces/ROS2/SCARA/install/scara_description/share/scara_description/package.zsh'
[0.243s] Level 1:colcon.colcon_core.environment:create_file_with_runtime_dependencies(/home/wojciech/Workspaces/ROS2/SCARA/install/scara_description/share/colcon-core/packages/scara_description)
[0.243s] Level 1:colcon.colcon_core.environment:create_environment_scripts_only(scara_description)
[0.243s] Level 1:colcon.colcon_core.environment:checking '/home/wojciech/Workspaces/ROS2/SCARA/install/scara_description' for CMake module files
[0.243s] Level 1:colcon.colcon_core.environment:checking '/home/wojciech/Workspaces/ROS2/SCARA/install/scara_description' for CMake config files
[0.244s] Level 1:colcon.colcon_core.shell:create_environment_hook('scara_description', 'cmake_prefix_path')
[0.244s] INFO:colcon.colcon_core.shell:Creating environment hook '/home/wojciech/Workspaces/ROS2/SCARA/install/scara_description/share/scara_description/hook/cmake_prefix_path.ps1'
[0.244s] INFO:colcon.colcon_core.shell:Creating environment descriptor '/home/wojciech/Workspaces/ROS2/SCARA/install/scara_description/share/scara_description/hook/cmake_prefix_path.dsv'
[0.244s] INFO:colcon.colcon_core.shell:Creating environment hook '/home/wojciech/Workspaces/ROS2/SCARA/install/scara_description/share/scara_description/hook/cmake_prefix_path.sh'
[0.245s] Level 1:colcon.colcon_core.environment:checking '/home/wojciech/Workspaces/ROS2/SCARA/install/scara_description/bin'
[0.245s] Level 1:colcon.colcon_core.environment:checking '/home/wojciech/Workspaces/ROS2/SCARA/install/scara_description/lib/pkgconfig/scara_description.pc'
[0.245s] Level 1:colcon.colcon_core.environment:checking '/home/wojciech/Workspaces/ROS2/SCARA/install/scara_description/lib/python3.12/site-packages'
[0.245s] Level 1:colcon.colcon_core.environment:checking '/home/wojciech/Workspaces/ROS2/SCARA/install/scara_description/bin'
[0.245s] INFO:colcon.colcon_core.shell:Creating package script '/home/wojciech/Workspaces/ROS2/SCARA/install/scara_description/share/scara_description/package.ps1'
[0.246s] INFO:colcon.colcon_core.shell:Creating package descriptor '/home/wojciech/Workspaces/ROS2/SCARA/install/scara_description/share/scara_description/package.dsv'
[0.246s] INFO:colcon.colcon_core.shell:Creating package script '/home/wojciech/Workspaces/ROS2/SCARA/install/scara_description/share/scara_description/package.sh'
[0.246s] INFO:colcon.colcon_core.shell:Creating package script '/home/wojciech/Workspaces/ROS2/SCARA/install/scara_description/share/scara_description/package.bash'
[0.247s] INFO:colcon.colcon_core.shell:Creating package script '/home/wojciech/Workspaces/ROS2/SCARA/install/scara_description/share/scara_description/package.zsh'
[0.247s] Level 1:colcon.colcon_core.environment:create_file_with_runtime_dependencies(/home/wojciech/Workspaces/ROS2/SCARA/install/scara_description/share/colcon-core/packages/scara_description)
[0.247s] Level 1:colcon.colcon_core.environment:create_environment_scripts_only(scara_moveit)
[0.248s] Level 1:colcon.colcon_core.environment:checking '/home/wojciech/Workspaces/ROS2/SCARA/install/scara_moveit' for CMake module files
[0.248s] DEBUG:colcon.colcon_core.event_handler.log_command:Invoked command in '/home/wojciech/Workspaces/ROS2/SCARA/build/scara_moveit' returned '0': CMAKE_PREFIX_PATH=${CMAKE_PREFIX_PATH}:/opt/ros/jazzy DEBUGINFOD_URLS=https://debuginfod.ubuntu.com /usr/bin/cmake --install /home/wojciech/Workspaces/ROS2/SCARA/build/scara_moveit
[0.248s] Level 1:colcon.colcon_core.environment:checking '/home/wojciech/Workspaces/ROS2/SCARA/install/scara_moveit' for CMake config files
[0.248s] Level 1:colcon.colcon_core.shell:create_environment_hook('scara_moveit', 'cmake_prefix_path')
[0.249s] INFO:colcon.colcon_core.shell:Creating environment hook '/home/wojciech/Workspaces/ROS2/SCARA/install/scara_moveit/share/scara_moveit/hook/cmake_prefix_path.ps1'
[0.249s] INFO:colcon.colcon_core.shell:Creating environment descriptor '/home/wojciech/Workspaces/ROS2/SCARA/install/scara_moveit/share/scara_moveit/hook/cmake_prefix_path.dsv'
[0.249s] INFO:colcon.colcon_core.shell:Creating environment hook '/home/wojciech/Workspaces/ROS2/SCARA/install/scara_moveit/share/scara_moveit/hook/cmake_prefix_path.sh'
[0.249s] Level 1:colcon.colcon_core.environment:checking '/home/wojciech/Workspaces/ROS2/SCARA/install/scara_moveit/bin'
[0.249s] Level 1:colcon.colcon_core.environment:checking '/home/wojciech/Workspaces/ROS2/SCARA/install/scara_moveit/lib/pkgconfig/scara_moveit.pc'
[0.250s] Level 1:colcon.colcon_core.environment:checking '/home/wojciech/Workspaces/ROS2/SCARA/install/scara_moveit/lib/python3.12/site-packages'
[0.250s] Level 1:colcon.colcon_core.environment:checking '/home/wojciech/Workspaces/ROS2/SCARA/install/scara_moveit/bin'
[0.250s] INFO:colcon.colcon_core.shell:Creating package script '/home/wojciech/Workspaces/ROS2/SCARA/install/scara_moveit/share/scara_moveit/package.ps1'
[0.250s] INFO:colcon.colcon_core.shell:Creating package descriptor '/home/wojciech/Workspaces/ROS2/SCARA/install/scara_moveit/share/scara_moveit/package.dsv'
[0.250s] INFO:colcon.colcon_core.shell:Creating package script '/home/wojciech/Workspaces/ROS2/SCARA/install/scara_moveit/share/scara_moveit/package.sh'
[0.251s] INFO:colcon.colcon_core.shell:Creating package script '/home/wojciech/Workspaces/ROS2/SCARA/install/scara_moveit/share/scara_moveit/package.bash'
[0.251s] INFO:colcon.colcon_core.shell:Creating package script '/home/wojciech/Workspaces/ROS2/SCARA/install/scara_moveit/share/scara_moveit/package.zsh'
[0.251s] Level 1:colcon.colcon_core.environment:create_file_with_runtime_dependencies(/home/wojciech/Workspaces/ROS2/SCARA/install/scara_moveit/share/colcon-core/packages/scara_moveit)
[0.251s] Level 1:colcon.colcon_core.environment:create_environment_scripts_only(scara_moveit)
[0.251s] Level 1:colcon.colcon_core.environment:checking '/home/wojciech/Workspaces/ROS2/SCARA/install/scara_moveit' for CMake module files
[0.252s] Level 1:colcon.colcon_core.environment:checking '/home/wojciech/Workspaces/ROS2/SCARA/install/scara_moveit' for CMake config files
[0.252s] Level 1:colcon.colcon_core.shell:create_environment_hook('scara_moveit', 'cmake_prefix_path')
[0.252s] INFO:colcon.colcon_core.shell:Creating environment hook '/home/wojciech/Workspaces/ROS2/SCARA/install/scara_moveit/share/scara_moveit/hook/cmake_prefix_path.ps1'
[0.252s] INFO:colcon.colcon_core.shell:Creating environment descriptor '/home/wojciech/Workspaces/ROS2/SCARA/install/scara_moveit/share/scara_moveit/hook/cmake_prefix_path.dsv'
[0.252s] INFO:colcon.colcon_core.shell:Creating environment hook '/home/wojciech/Workspaces/ROS2/SCARA/install/scara_moveit/share/scara_moveit/hook/cmake_prefix_path.sh'
[0.253s] Level 1:colcon.colcon_core.environment:checking '/home/wojciech/Workspaces/ROS2/SCARA/install/scara_moveit/bin'
[0.253s] Level 1:colcon.colcon_core.environment:checking '/home/wojciech/Workspaces/ROS2/SCARA/install/scara_moveit/lib/pkgconfig/scara_moveit.pc'
[0.253s] Level 1:colcon.colcon_core.environment:checking '/home/wojciech/Workspaces/ROS2/SCARA/install/scara_moveit/lib/python3.12/site-packages'
[0.253s] Level 1:colcon.colcon_core.environment:checking '/home/wojciech/Workspaces/ROS2/SCARA/install/scara_moveit/bin'
[0.253s] INFO:colcon.colcon_core.shell:Creating package script '/home/wojciech/Workspaces/ROS2/SCARA/install/scara_moveit/share/scara_moveit/package.ps1'
[0.253s] INFO:colcon.colcon_core.shell:Creating package descriptor '/home/wojciech/Workspaces/ROS2/SCARA/install/scara_moveit/share/scara_moveit/package.dsv'
[0.254s] INFO:colcon.colcon_core.shell:Creating package script '/home/wojciech/Workspaces/ROS2/SCARA/install/scara_moveit/share/scara_moveit/package.sh'
[0.254s] INFO:colcon.colcon_core.shell:Creating package script '/home/wojciech/Workspaces/ROS2/SCARA/install/scara_moveit/share/scara_moveit/package.bash'
[0.254s] INFO:colcon.colcon_core.shell:Creating package script '/home/wojciech/Workspaces/ROS2/SCARA/install/scara_moveit/share/scara_moveit/package.zsh'
[0.254s] Level 1:colcon.colcon_core.environment:create_file_with_runtime_dependencies(/home/wojciech/Workspaces/ROS2/SCARA/install/scara_moveit/share/colcon-core/packages/scara_moveit)
[0.437s] DEBUG:colcon.colcon_core.event_handler.log_command:Invoked command in '/home/wojciech/Workspaces/ROS2/SCARA/build/scara_msgs' returned '0': CMAKE_PREFIX_PATH=${CMAKE_PREFIX_PATH}:/opt/ros/jazzy DEBUGINFOD_URLS=https://debuginfod.ubuntu.com /usr/bin/cmake --build /home/wojciech/Workspaces/ROS2/SCARA/build/scara_msgs -- -j12 -l12
[0.438s] DEBUG:colcon.colcon_core.event_handler.log_command:Invoking command in '/home/wojciech/Workspaces/ROS2/SCARA/build/scara_msgs': CMAKE_PREFIX_PATH=${CMAKE_PREFIX_PATH}:/opt/ros/jazzy DEBUGINFOD_URLS=https://debuginfod.ubuntu.com /usr/bin/cmake --install /home/wojciech/Workspaces/ROS2/SCARA/build/scara_msgs
[0.479s] Level 1:colcon.colcon_core.environment:create_environment_scripts_only(scara_msgs)
[0.479s] Level 1:colcon.colcon_core.environment:checking '/home/wojciech/Workspaces/ROS2/SCARA/install/scara_msgs' for CMake module files
[0.479s] DEBUG:colcon.colcon_core.event_handler.log_command:Invoked command in '/home/wojciech/Workspaces/ROS2/SCARA/build/scara_msgs' returned '0': CMAKE_PREFIX_PATH=${CMAKE_PREFIX_PATH}:/opt/ros/jazzy DEBUGINFOD_URLS=https://debuginfod.ubuntu.com /usr/bin/cmake --install /home/wojciech/Workspaces/ROS2/SCARA/build/scara_msgs
[0.480s] Level 1:colcon.colcon_core.environment:checking '/home/wojciech/Workspaces/ROS2/SCARA/install/scara_msgs' for CMake config files
[0.480s] Level 1:colcon.colcon_core.shell:create_environment_hook('scara_msgs', 'cmake_prefix_path')
[0.480s] INFO:colcon.colcon_core.shell:Creating environment hook '/home/wojciech/Workspaces/ROS2/SCARA/install/scara_msgs/share/scara_msgs/hook/cmake_prefix_path.ps1'
[0.480s] INFO:colcon.colcon_core.shell:Creating environment descriptor '/home/wojciech/Workspaces/ROS2/SCARA/install/scara_msgs/share/scara_msgs/hook/cmake_prefix_path.dsv'
[0.481s] INFO:colcon.colcon_core.shell:Creating environment hook '/home/wojciech/Workspaces/ROS2/SCARA/install/scara_msgs/share/scara_msgs/hook/cmake_prefix_path.sh'
[0.481s] Level 1:colcon.colcon_core.environment:checking '/home/wojciech/Workspaces/ROS2/SCARA/install/scara_msgs/lib'
[0.481s] Level 1:colcon.colcon_core.shell:create_environment_hook('scara_msgs', 'ld_library_path_lib')
[0.481s] INFO:colcon.colcon_core.shell:Creating environment hook '/home/wojciech/Workspaces/ROS2/SCARA/install/scara_msgs/share/scara_msgs/hook/ld_library_path_lib.ps1'
[0.481s] INFO:colcon.colcon_core.shell:Creating environment descriptor '/home/wojciech/Workspaces/ROS2/SCARA/install/scara_msgs/share/scara_msgs/hook/ld_library_path_lib.dsv'
[0.482s] INFO:colcon.colcon_core.shell:Creating environment hook '/home/wojciech/Workspaces/ROS2/SCARA/install/scara_msgs/share/scara_msgs/hook/ld_library_path_lib.sh'
[0.482s] Level 1:colcon.colcon_core.environment:checking '/home/wojciech/Workspaces/ROS2/SCARA/install/scara_msgs/bin'
[0.482s] Level 1:colcon.colcon_core.environment:checking '/home/wojciech/Workspaces/ROS2/SCARA/install/scara_msgs/lib/pkgconfig/scara_msgs.pc'
[0.482s] Level 1:colcon.colcon_core.environment:checking '/home/wojciech/Workspaces/ROS2/SCARA/install/scara_msgs/lib/python3.12/site-packages'
[0.482s] Level 1:colcon.colcon_core.shell:create_environment_hook('scara_msgs', 'pythonpath')
[0.482s] INFO:colcon.colcon_core.shell:Creating environment hook '/home/wojciech/Workspaces/ROS2/SCARA/install/scara_msgs/share/scara_msgs/hook/pythonpath.ps1'
[0.482s] INFO:colcon.colcon_core.shell:Creating environment descriptor '/home/wojciech/Workspaces/ROS2/SCARA/install/scara_msgs/share/scara_msgs/hook/pythonpath.dsv'
[0.482s] INFO:colcon.colcon_core.shell:Creating environment hook '/home/wojciech/Workspaces/ROS2/SCARA/install/scara_msgs/share/scara_msgs/hook/pythonpath.sh'
[0.483s] Level 1:colcon.colcon_core.environment:checking '/home/wojciech/Workspaces/ROS2/SCARA/install/scara_msgs/bin'
[0.483s] INFO:colcon.colcon_core.shell:Creating package script '/home/wojciech/Workspaces/ROS2/SCARA/install/scara_msgs/share/scara_msgs/package.ps1'
[0.483s] INFO:colcon.colcon_core.shell:Creating package descriptor '/home/wojciech/Workspaces/ROS2/SCARA/install/scara_msgs/share/scara_msgs/package.dsv'
[0.483s] INFO:colcon.colcon_core.shell:Creating package script '/home/wojciech/Workspaces/ROS2/SCARA/install/scara_msgs/share/scara_msgs/package.sh'
[0.484s] INFO:colcon.colcon_core.shell:Creating package script '/home/wojciech/Workspaces/ROS2/SCARA/install/scara_msgs/share/scara_msgs/package.bash'
[0.484s] INFO:colcon.colcon_core.shell:Creating package script '/home/wojciech/Workspaces/ROS2/SCARA/install/scara_msgs/share/scara_msgs/package.zsh'
[0.484s] Level 1:colcon.colcon_core.environment:create_file_with_runtime_dependencies(/home/wojciech/Workspaces/ROS2/SCARA/install/scara_msgs/share/colcon-core/packages/scara_msgs)
[0.484s] Level 1:colcon.colcon_core.environment:create_environment_scripts_only(scara_msgs)
[0.485s] Level 1:colcon.colcon_core.environment:checking '/home/wojciech/Workspaces/ROS2/SCARA/install/scara_msgs' for CMake module files
[0.485s] Level 1:colcon.colcon_core.environment:checking '/home/wojciech/Workspaces/ROS2/SCARA/install/scara_msgs' for CMake config files
[0.485s] Level 1:colcon.colcon_core.shell:create_environment_hook('scara_msgs', 'cmake_prefix_path')
[0.485s] INFO:colcon.colcon_core.shell:Creating environment hook '/home/wojciech/Workspaces/ROS2/SCARA/install/scara_msgs/share/scara_msgs/hook/cmake_prefix_path.ps1'
[0.485s] INFO:colcon.colcon_core.shell:Creating environment descriptor '/home/wojciech/Workspaces/ROS2/SCARA/install/scara_msgs/share/scara_msgs/hook/cmake_prefix_path.dsv'
[0.486s] INFO:colcon.colcon_core.shell:Creating environment hook '/home/wojciech/Workspaces/ROS2/SCARA/install/scara_msgs/share/scara_msgs/hook/cmake_prefix_path.sh'
[0.486s] Level 1:colcon.colcon_core.environment:checking '/home/wojciech/Workspaces/ROS2/SCARA/install/scara_msgs/lib'
[0.486s] Level 1:colcon.colcon_core.shell:create_environment_hook('scara_msgs', 'ld_library_path_lib')
[0.486s] INFO:colcon.colcon_core.shell:Creating environment hook '/home/wojciech/Workspaces/ROS2/SCARA/install/scara_msgs/share/scara_msgs/hook/ld_library_path_lib.ps1'
[0.486s] INFO:colcon.colcon_core.shell:Creating environment descriptor '/home/wojciech/Workspaces/ROS2/SCARA/install/scara_msgs/share/scara_msgs/hook/ld_library_path_lib.dsv'
[0.487s] INFO:colcon.colcon_core.shell:Creating environment hook '/home/wojciech/Workspaces/ROS2/SCARA/install/scara_msgs/share/scara_msgs/hook/ld_library_path_lib.sh'
[0.487s] Level 1:colcon.colcon_core.environment:checking '/home/wojciech/Workspaces/ROS2/SCARA/install/scara_msgs/bin'
[0.487s] Level 1:colcon.colcon_core.environment:checking '/home/wojciech/Workspaces/ROS2/SCARA/install/scara_msgs/lib/pkgconfig/scara_msgs.pc'
[0.487s] Level 1:colcon.colcon_core.environment:checking '/home/wojciech/Workspaces/ROS2/SCARA/install/scara_msgs/lib/python3.12/site-packages'
[0.487s] Level 1:colcon.colcon_core.shell:create_environment_hook('scara_msgs', 'pythonpath')
[0.487s] INFO:colcon.colcon_core.shell:Creating environment hook '/home/wojciech/Workspaces/ROS2/SCARA/install/scara_msgs/share/scara_msgs/hook/pythonpath.ps1'
[0.487s] INFO:colcon.colcon_core.shell:Creating environment descriptor '/home/wojciech/Workspaces/ROS2/SCARA/install/scara_msgs/share/scara_msgs/hook/pythonpath.dsv'
[0.488s] INFO:colcon.colcon_core.shell:Creating environment hook '/home/wojciech/Workspaces/ROS2/SCARA/install/scara_msgs/share/scara_msgs/hook/pythonpath.sh'
[0.488s] Level 1:colcon.colcon_core.environment:checking '/home/wojciech/Workspaces/ROS2/SCARA/install/scara_msgs/bin'
[0.488s] INFO:colcon.colcon_core.shell:Creating package script '/home/wojciech/Workspaces/ROS2/SCARA/install/scara_msgs/share/scara_msgs/package.ps1'
[0.488s] INFO:colcon.colcon_core.shell:Creating package descriptor '/home/wojciech/Workspaces/ROS2/SCARA/install/scara_msgs/share/scara_msgs/package.dsv'
[0.489s] INFO:colcon.colcon_core.shell:Creating package script '/home/wojciech/Workspaces/ROS2/SCARA/install/scara_msgs/share/scara_msgs/package.sh'
[0.489s] INFO:colcon.colcon_core.shell:Creating package script '/home/wojciech/Workspaces/ROS2/SCARA/install/scara_msgs/share/scara_msgs/package.bash'
[0.489s] INFO:colcon.colcon_core.shell:Creating package script '/home/wojciech/Workspaces/ROS2/SCARA/install/scara_msgs/share/scara_msgs/package.zsh'
[0.489s] Level 1:colcon.colcon_core.environment:create_file_with_runtime_dependencies(/home/wojciech/Workspaces/ROS2/SCARA/install/scara_msgs/share/colcon-core/packages/scara_msgs)
[0.490s] INFO:colcon.colcon_ros.task.ament_cmake.build:Building ROS package in '/home/wojciech/Workspaces/ROS2/SCARA/src/scara_utils' with build type 'ament_cmake'
[0.490s] INFO:colcon.colcon_cmake.task.cmake.build:Building CMake package in '/home/wojciech/Workspaces/ROS2/SCARA/src/scara_utils'
[0.490s] INFO:colcon.colcon_core.shell:Skip shell extension 'powershell' for command environment: Not usable outside of PowerShell
[0.490s] DEBUG:colcon.colcon_core.shell:Skip shell extension 'dsv' for command environment
[0.497s] DEBUG:colcon.colcon_core.event_handler.log_command:Invoking command in '/home/wojciech/Workspaces/ROS2/SCARA/build/scara_utils': CMAKE_PREFIX_PATH=/home/wojciech/Workspaces/ROS2/SCARA/install/scara_msgs:/home/wojciech/Workspaces/ROS2/SCARA/install/scara_utils:/home/wojciech/Workspaces/ROS2/SCARA/install/scara_moveit:/home/wojciech/Workspaces/ROS2/SCARA/install/scara_description:/home/wojciech/Workspaces/ROS2/SCARA/install/scara_controller:/opt/ros/jazzy/opt/gz_sim_vendor:/opt/ros/jazzy/opt/gz_sensors_vendor:/opt/ros/jazzy/opt/gz_physics_vendor:/opt/ros/jazzy/opt/sdformat_vendor:/opt/ros/jazzy/opt/gz_gui_vendor:/opt/ros/jazzy/opt/gz_transport_vendor:/opt/ros/jazzy/opt/gz_rendering_vendor:/opt/ros/jazzy/opt/gz_plugin_vendor:/opt/ros/jazzy/opt/gz_fuel_tools_vendor:/opt/ros/jazzy/opt/gz_msgs_vendor:/opt/ros/jazzy/opt/gz_common_vendor:/opt/ros/jazzy/opt/gz_math_vendor:/opt/ros/jazzy/opt/gz_utils_vendor:/opt/ros/jazzy/opt/gz_tools_vendor:/opt/ros/jazzy/opt/gz_ogre_next_vendor:/opt/ros/jazzy/opt/gz_dartsim_vendor:/opt/ros/jazzy/opt/gz_cmake_vendor:/opt/ros/jazzy DEBUGINFOD_URLS=https://debuginfod.ubuntu.com LD_LIBRARY_PATH=/home/wojciech/Workspaces/ROS2/SCARA/install/scara_msgs/lib:/opt/ros/jazzy/opt/gz_sim_vendor/lib:/opt/ros/jazzy/opt/gz_sensors_vendor/lib:/opt/ros/jazzy/opt/gz_physics_vendor/lib:/opt/ros/jazzy/opt/sdformat_vendor/lib:/opt/ros/jazzy/opt/rviz_ogre_vendor/lib:/opt/ros/jazzy/lib/x86_64-linux-gnu:/opt/ros/jazzy/opt/gz_gui_vendor/lib:/opt/ros/jazzy/opt/gz_transport_vendor/lib:/opt/ros/jazzy/opt/gz_rendering_vendor/lib:/opt/ros/jazzy/opt/gz_plugin_vendor/lib:/opt/ros/jazzy/opt/gz_fuel_tools_vendor/lib:/opt/ros/jazzy/opt/gz_msgs_vendor/lib:/opt/ros/jazzy/opt/gz_common_vendor/lib:/opt/ros/jazzy/opt/gz_math_vendor/lib:/opt/ros/jazzy/opt/gz_utils_vendor/lib:/opt/ros/jazzy/opt/gz_tools_vendor/lib:/opt/ros/jazzy/opt/gz_ogre_next_vendor/lib:/opt/ros/jazzy/opt/gz_dartsim_vendor/lib:/opt/ros/jazzy/opt/gz_cmake_vendor/lib:/opt/ros/jazzy/lib:/lib/x86_64-linux-gnu:/usr/lib/x86_64-linux-gnu /usr/bin/cmake --build /home/wojciech/Workspaces/ROS2/SCARA/build/scara_utils -- -j12 -l12
[0.551s] DEBUG:colcon.colcon_core.event_handler.log_command:Invoked command in '/home/wojciech/Workspaces/ROS2/SCARA/build/scara_utils' returned '0': CMAKE_PREFIX_PATH=/home/wojciech/Workspaces/ROS2/SCARA/install/scara_msgs:/home/wojciech/Workspaces/ROS2/SCARA/install/scara_utils:/home/wojciech/Workspaces/ROS2/SCARA/install/scara_moveit:/home/wojciech/Workspaces/ROS2/SCARA/install/scara_description:/home/wojciech/Workspaces/ROS2/SCARA/install/scara_controller:/opt/ros/jazzy/opt/gz_sim_vendor:/opt/ros/jazzy/opt/gz_sensors_vendor:/opt/ros/jazzy/opt/gz_physics_vendor:/opt/ros/jazzy/opt/sdformat_vendor:/opt/ros/jazzy/opt/gz_gui_vendor:/opt/ros/jazzy/opt/gz_transport_vendor:/opt/ros/jazzy/opt/gz_rendering_vendor:/opt/ros/jazzy/opt/gz_plugin_vendor:/opt/ros/jazzy/opt/gz_fuel_tools_vendor:/opt/ros/jazzy/opt/gz_msgs_vendor:/opt/ros/jazzy/opt/gz_common_vendor:/opt/ros/jazzy/opt/gz_math_vendor:/opt/ros/jazzy/opt/gz_utils_vendor:/opt/ros/jazzy/opt/gz_tools_vendor:/opt/ros/jazzy/opt/gz_ogre_next_vendor:/opt/ros/jazzy/opt/gz_dartsim_vendor:/opt/ros/jazzy/opt/gz_cmake_vendor:/opt/ros/jazzy DEBUGINFOD_URLS=https://debuginfod.ubuntu.com LD_LIBRARY_PATH=/home/wojciech/Workspaces/ROS2/SCARA/install/scara_msgs/lib:/opt/ros/jazzy/opt/gz_sim_vendor/lib:/opt/ros/jazzy/opt/gz_sensors_vendor/lib:/opt/ros/jazzy/opt/gz_physics_vendor/lib:/opt/ros/jazzy/opt/sdformat_vendor/lib:/opt/ros/jazzy/opt/rviz_ogre_vendor/lib:/opt/ros/jazzy/lib/x86_64-linux-gnu:/opt/ros/jazzy/opt/gz_gui_vendor/lib:/opt/ros/jazzy/opt/gz_transport_vendor/lib:/opt/ros/jazzy/opt/gz_rendering_vendor/lib:/opt/ros/jazzy/opt/gz_plugin_vendor/lib:/opt/ros/jazzy/opt/gz_fuel_tools_vendor/lib:/opt/ros/jazzy/opt/gz_msgs_vendor/lib:/opt/ros/jazzy/opt/gz_common_vendor/lib:/opt/ros/jazzy/opt/gz_math_vendor/lib:/opt/ros/jazzy/opt/gz_utils_vendor/lib:/opt/ros/jazzy/opt/gz_tools_vendor/lib:/opt/ros/jazzy/opt/gz_ogre_next_vendor/lib:/opt/ros/jazzy/opt/gz_dartsim_vendor/lib:/opt/ros/jazzy/opt/gz_cmake_vendor/lib:/opt/ros/jazzy/lib:/lib/x86_64-linux-gnu:/usr/lib/x86_64-linux-gnu /usr/bin/cmake --build /home/wojciech/Workspaces/ROS2/SCARA/build/scara_utils -- -j12 -l12
[0.551s] DEBUG:colcon.colcon_core.event_handler.log_command:Invoking command in '/home/wojciech/Workspaces/ROS2/SCARA/build/scara_utils': CMAKE_PREFIX_PATH=/home/wojciech/Workspaces/ROS2/SCARA/install/scara_msgs:/home/wojciech/Workspaces/ROS2/SCARA/install/scara_utils:/home/wojciech/Workspaces/ROS2/SCARA/install/scara_moveit:/home/wojciech/Workspaces/ROS2/SCARA/install/scara_description:/home/wojciech/Workspaces/ROS2/SCARA/install/scara_controller:/opt/ros/jazzy/opt/gz_sim_vendor:/opt/ros/jazzy/opt/gz_sensors_vendor:/opt/ros/jazzy/opt/gz_physics_vendor:/opt/ros/jazzy/opt/sdformat_vendor:/opt/ros/jazzy/opt/gz_gui_vendor:/opt/ros/jazzy/opt/gz_transport_vendor:/opt/ros/jazzy/opt/gz_rendering_vendor:/opt/ros/jazzy/opt/gz_plugin_vendor:/opt/ros/jazzy/opt/gz_fuel_tools_vendor:/opt/ros/jazzy/opt/gz_msgs_vendor:/opt/ros/jazzy/opt/gz_common_vendor:/opt/ros/jazzy/opt/gz_math_vendor:/opt/ros/jazzy/opt/gz_utils_vendor:/opt/ros/jazzy/opt/gz_tools_vendor:/opt/ros/jazzy/opt/gz_ogre_next_vendor:/opt/ros/jazzy/opt/gz_dartsim_vendor:/opt/ros/jazzy/opt/gz_cmake_vendor:/opt/ros/jazzy DEBUGINFOD_URLS=https://debuginfod.ubuntu.com LD_LIBRARY_PATH=/home/wojciech/Workspaces/ROS2/SCARA/install/scara_msgs/lib:/opt/ros/jazzy/opt/gz_sim_vendor/lib:/opt/ros/jazzy/opt/gz_sensors_vendor/lib:/opt/ros/jazzy/opt/gz_physics_vendor/lib:/opt/ros/jazzy/opt/sdformat_vendor/lib:/opt/ros/jazzy/opt/rviz_ogre_vendor/lib:/opt/ros/jazzy/lib/x86_64-linux-gnu:/opt/ros/jazzy/opt/gz_gui_vendor/lib:/opt/ros/jazzy/opt/gz_transport_vendor/lib:/opt/ros/jazzy/opt/gz_rendering_vendor/lib:/opt/ros/jazzy/opt/gz_plugin_vendor/lib:/opt/ros/jazzy/opt/gz_fuel_tools_vendor/lib:/opt/ros/jazzy/opt/gz_msgs_vendor/lib:/opt/ros/jazzy/opt/gz_common_vendor/lib:/opt/ros/jazzy/opt/gz_math_vendor/lib:/opt/ros/jazzy/opt/gz_utils_vendor/lib:/opt/ros/jazzy/opt/gz_tools_vendor/lib:/opt/ros/jazzy/opt/gz_ogre_next_vendor/lib:/opt/ros/jazzy/opt/gz_dartsim_vendor/lib:/opt/ros/jazzy/opt/gz_cmake_vendor/lib:/opt/ros/jazzy/lib:/lib/x86_64-linux-gnu:/usr/lib/x86_64-linux-gnu /usr/bin/cmake --install /home/wojciech/Workspaces/ROS2/SCARA/build/scara_utils
[0.560s] Level 1:colcon.colcon_core.environment:create_environment_scripts_only(scara_utils)
[0.560s] Level 1:colcon.colcon_core.environment:checking '/home/wojciech/Workspaces/ROS2/SCARA/install/scara_utils' for CMake module files
[0.560s] DEBUG:colcon.colcon_core.event_handler.log_command:Invoked command in '/home/wojciech/Workspaces/ROS2/SCARA/build/scara_utils' returned '0': CMAKE_PREFIX_PATH=/home/wojciech/Workspaces/ROS2/SCARA/install/scara_msgs:/home/wojciech/Workspaces/ROS2/SCARA/install/scara_utils:/home/wojciech/Workspaces/ROS2/SCARA/install/scara_moveit:/home/wojciech/Workspaces/ROS2/SCARA/install/scara_description:/home/wojciech/Workspaces/ROS2/SCARA/install/scara_controller:/opt/ros/jazzy/opt/gz_sim_vendor:/opt/ros/jazzy/opt/gz_sensors_vendor:/opt/ros/jazzy/opt/gz_physics_vendor:/opt/ros/jazzy/opt/sdformat_vendor:/opt/ros/jazzy/opt/gz_gui_vendor:/opt/ros/jazzy/opt/gz_transport_vendor:/opt/ros/jazzy/opt/gz_rendering_vendor:/opt/ros/jazzy/opt/gz_plugin_vendor:/opt/ros/jazzy/opt/gz_fuel_tools_vendor:/opt/ros/jazzy/opt/gz_msgs_vendor:/opt/ros/jazzy/opt/gz_common_vendor:/opt/ros/jazzy/opt/gz_math_vendor:/opt/ros/jazzy/opt/gz_utils_vendor:/opt/ros/jazzy/opt/gz_tools_vendor:/opt/ros/jazzy/opt/gz_ogre_next_vendor:/opt/ros/jazzy/opt/gz_dartsim_vendor:/opt/ros/jazzy/opt/gz_cmake_vendor:/opt/ros/jazzy DEBUGINFOD_URLS=https://debuginfod.ubuntu.com LD_LIBRARY_PATH=/home/wojciech/Workspaces/ROS2/SCARA/install/scara_msgs/lib:/opt/ros/jazzy/opt/gz_sim_vendor/lib:/opt/ros/jazzy/opt/gz_sensors_vendor/lib:/opt/ros/jazzy/opt/gz_physics_vendor/lib:/opt/ros/jazzy/opt/sdformat_vendor/lib:/opt/ros/jazzy/opt/rviz_ogre_vendor/lib:/opt/ros/jazzy/lib/x86_64-linux-gnu:/opt/ros/jazzy/opt/gz_gui_vendor/lib:/opt/ros/jazzy/opt/gz_transport_vendor/lib:/opt/ros/jazzy/opt/gz_rendering_vendor/lib:/opt/ros/jazzy/opt/gz_plugin_vendor/lib:/opt/ros/jazzy/opt/gz_fuel_tools_vendor/lib:/opt/ros/jazzy/opt/gz_msgs_vendor/lib:/opt/ros/jazzy/opt/gz_common_vendor/lib:/opt/ros/jazzy/opt/gz_math_vendor/lib:/opt/ros/jazzy/opt/gz_utils_vendor/lib:/opt/ros/jazzy/opt/gz_tools_vendor/lib:/opt/ros/jazzy/opt/gz_ogre_next_vendor/lib:/opt/ros/jazzy/opt/gz_dartsim_vendor/lib:/opt/ros/jazzy/opt/gz_cmake_vendor/lib:/opt/ros/jazzy/lib:/lib/x86_64-linux-gnu:/usr/lib/x86_64-linux-gnu /usr/bin/cmake --install /home/wojciech/Workspaces/ROS2/SCARA/build/scara_utils
[0.560s] Level 1:colcon.colcon_core.environment:checking '/home/wojciech/Workspaces/ROS2/SCARA/install/scara_utils' for CMake config files
[0.560s] Level 1:colcon.colcon_core.shell:create_environment_hook('scara_utils', 'cmake_prefix_path')
[0.561s] INFO:colcon.colcon_core.shell:Creating environment hook '/home/wojciech/Workspaces/ROS2/SCARA/install/scara_utils/share/scara_utils/hook/cmake_prefix_path.ps1'
[0.561s] INFO:colcon.colcon_core.shell:Creating environment descriptor '/home/wojciech/Workspaces/ROS2/SCARA/install/scara_utils/share/scara_utils/hook/cmake_prefix_path.dsv'
[0.561s] INFO:colcon.colcon_core.shell:Creating environment hook '/home/wojciech/Workspaces/ROS2/SCARA/install/scara_utils/share/scara_utils/hook/cmake_prefix_path.sh'
[0.562s] Level 1:colcon.colcon_core.environment:checking '/home/wojciech/Workspaces/ROS2/SCARA/install/scara_utils/lib'
[0.562s] Level 1:colcon.colcon_core.environment:checking '/home/wojciech/Workspaces/ROS2/SCARA/install/scara_utils/bin'
[0.562s] Level 1:colcon.colcon_core.environment:checking '/home/wojciech/Workspaces/ROS2/SCARA/install/scara_utils/lib/pkgconfig/scara_utils.pc'
[0.562s] Level 1:colcon.colcon_core.environment:checking '/home/wojciech/Workspaces/ROS2/SCARA/install/scara_utils/lib/python3.12/site-packages'
[0.562s] Level 1:colcon.colcon_core.environment:checking '/home/wojciech/Workspaces/ROS2/SCARA/install/scara_utils/bin'
[0.562s] INFO:colcon.colcon_core.shell:Creating package script '/home/wojciech/Workspaces/ROS2/SCARA/install/scara_utils/share/scara_utils/package.ps1'
[0.562s] INFO:colcon.colcon_core.shell:Creating package descriptor '/home/wojciech/Workspaces/ROS2/SCARA/install/scara_utils/share/scara_utils/package.dsv'
[0.562s] INFO:colcon.colcon_core.shell:Creating package script '/home/wojciech/Workspaces/ROS2/SCARA/install/scara_utils/share/scara_utils/package.sh'
[0.563s] INFO:colcon.colcon_core.shell:Creating package script '/home/wojciech/Workspaces/ROS2/SCARA/install/scara_utils/share/scara_utils/package.bash'
[0.563s] INFO:colcon.colcon_core.shell:Creating package script '/home/wojciech/Workspaces/ROS2/SCARA/install/scara_utils/share/scara_utils/package.zsh'
[0.563s] Level 1:colcon.colcon_core.environment:create_file_with_runtime_dependencies(/home/wojciech/Workspaces/ROS2/SCARA/install/scara_utils/share/colcon-core/packages/scara_utils)
[0.563s] Level 1:colcon.colcon_core.environment:create_environment_scripts_only(scara_utils)
[0.563s] Level 1:colcon.colcon_core.environment:checking '/home/wojciech/Workspaces/ROS2/SCARA/install/scara_utils' for CMake module files
[0.564s] Level 1:colcon.colcon_core.environment:checking '/home/wojciech/Workspaces/ROS2/SCARA/install/scara_utils' for CMake config files
[0.564s] Level 1:colcon.colcon_core.shell:create_environment_hook('scara_utils', 'cmake_prefix_path')
[0.564s] INFO:colcon.colcon_core.shell:Creating environment hook '/home/wojciech/Workspaces/ROS2/SCARA/install/scara_utils/share/scara_utils/hook/cmake_prefix_path.ps1'
[0.564s] INFO:colcon.colcon_core.shell:Creating environment descriptor '/home/wojciech/Workspaces/ROS2/SCARA/install/scara_utils/share/scara_utils/hook/cmake_prefix_path.dsv'
[0.564s] INFO:colcon.colcon_core.shell:Creating environment hook '/home/wojciech/Workspaces/ROS2/SCARA/install/scara_utils/share/scara_utils/hook/cmake_prefix_path.sh'
[0.565s] Level 1:colcon.colcon_core.environment:checking '/home/wojciech/Workspaces/ROS2/SCARA/install/scara_utils/lib'
[0.565s] Level 1:colcon.colcon_core.environment:checking '/home/wojciech/Workspaces/ROS2/SCARA/install/scara_utils/bin'
[0.565s] Level 1:colcon.colcon_core.environment:checking '/home/wojciech/Workspaces/ROS2/SCARA/install/scara_utils/lib/pkgconfig/scara_utils.pc'
[0.565s] Level 1:colcon.colcon_core.environment:checking '/home/wojciech/Workspaces/ROS2/SCARA/install/scara_utils/lib/python3.12/site-packages'
[0.565s] Level 1:colcon.colcon_core.environment:checking '/home/wojciech/Workspaces/ROS2/SCARA/install/scara_utils/bin'
[0.565s] INFO:colcon.colcon_core.shell:Creating package script '/home/wojciech/Workspaces/ROS2/SCARA/install/scara_utils/share/scara_utils/package.ps1'
[0.566s] INFO:colcon.colcon_core.shell:Creating package descriptor '/home/wojciech/Workspaces/ROS2/SCARA/install/scara_utils/share/scara_utils/package.dsv'
[0.566s] INFO:colcon.colcon_core.shell:Creating package script '/home/wojciech/Workspaces/ROS2/SCARA/install/scara_utils/share/scara_utils/package.sh'
[0.566s] INFO:colcon.colcon_core.shell:Creating package script '/home/wojciech/Workspaces/ROS2/SCARA/install/scara_utils/share/scara_utils/package.bash'
[0.566s] INFO:colcon.colcon_core.shell:Creating package script '/home/wojciech/Workspaces/ROS2/SCARA/install/scara_utils/share/scara_utils/package.zsh'
[0.566s] Level 1:colcon.colcon_core.environment:create_file_with_runtime_dependencies(/home/wojciech/Workspaces/ROS2/SCARA/install/scara_utils/share/colcon-core/packages/scara_utils)
[0.567s] DEBUG:colcon.colcon_parallel_executor.executor.parallel:closing loop
[0.567s] DEBUG:colcon.colcon_parallel_executor.executor.parallel:loop closed
[0.567s] DEBUG:colcon.colcon_parallel_executor.executor.parallel:run_until_complete finished with '0'
[0.567s] DEBUG:colcon.colcon_core.event_reactor:joining thread
[0.570s] INFO:colcon.colcon_core.plugin_system:Skipping extension 'colcon_notification.desktop_notification.terminal_notifier': Not used on non-Darwin systems
[0.570s] INFO:colcon.colcon_core.plugin_system:Skipping extension 'colcon_notification.desktop_notification.win32': Not used on non-Windows systems
[0.570s] INFO:colcon.colcon_notification.desktop_notification:Sending desktop notification using 'notify2'
[0.580s] DEBUG:colcon.colcon_core.event_reactor:joined thread
[0.580s] INFO:colcon.colcon_core.shell:Creating prefix script '/home/wojciech/Workspaces/ROS2/SCARA/install/local_setup.ps1'
[0.581s] INFO:colcon.colcon_core.shell:Creating prefix util module '/home/wojciech/Workspaces/ROS2/SCARA/install/_local_setup_util_ps1.py'
[0.581s] INFO:colcon.colcon_core.shell:Creating prefix chain script '/home/wojciech/Workspaces/ROS2/SCARA/install/setup.ps1'
[0.582s] INFO:colcon.colcon_core.shell:Creating prefix script '/home/wojciech/Workspaces/ROS2/SCARA/install/local_setup.sh'
[0.582s] INFO:colcon.colcon_core.shell:Creating prefix util module '/home/wojciech/Workspaces/ROS2/SCARA/install/_local_setup_util_sh.py'
[0.583s] INFO:colcon.colcon_core.shell:Creating prefix chain script '/home/wojciech/Workspaces/ROS2/SCARA/install/setup.sh'
[0.583s] INFO:colcon.colcon_core.shell:Creating prefix script '/home/wojciech/Workspaces/ROS2/SCARA/install/local_setup.bash'
[0.584s] INFO:colcon.colcon_core.shell:Creating prefix chain script '/home/wojciech/Workspaces/ROS2/SCARA/install/setup.bash'
[0.584s] INFO:colcon.colcon_core.shell:Creating prefix script '/home/wojciech/Workspaces/ROS2/SCARA/install/local_setup.zsh'
[0.584s] INFO:colcon.colcon_core.shell:Creating prefix chain script '/home/wojciech/Workspaces/ROS2/SCARA/install/setup.zsh'
