-- Install configuration: ""
-- Up-to-date: /home/wojciech/Workspaces/ROS2/SCARA/install/scara_description/share/scara_description/meshes
-- Up-to-date: /home/wojciech/Workspaces/ROS2/SCARA/install/scara_description/share/scara_description/meshes/BASEPLATE.stl
-- Up-to-date: /home/wojciech/Workspaces/ROS2/SCARA/install/scara_description/share/scara_description/meshes/CAP.stl
-- Up-to-date: /home/wojciech/Workspaces/ROS2/SCARA/install/scara_description/share/scara_description/meshes/ARM_TOP.stl
-- Up-to-date: /home/wojciech/Workspaces/ROS2/SCARA/install/scara_description/share/scara_description/meshes/Z_BASE.stl
-- Up-to-date: /home/wojciech/Workspaces/ROS2/SCARA/install/scara_description/share/scara_description/meshes/FOREARM.stl
-- Up-to-date: /home/wojciech/Workspaces/ROS2/SCARA/install/scara_description/share/scara_description/meshes/GRIPPER_NAILS.stl
-- Up-to-date: /home/wojciech/Workspaces/ROS2/SCARA/install/scara_description/share/scara_description/meshes/REDUCTION.stl
-- Up-to-date: /home/wojciech/Workspaces/ROS2/SCARA/install/scara_description/share/scara_description/meshes/ARM_BOTTOM.stl
-- Up-to-date: /home/wojciech/Workspaces/ROS2/SCARA/install/scara_description/share/scara_description/meshes/GRIPPER_BASE.stl
-- Up-to-date: /home/wojciech/Workspaces/ROS2/SCARA/install/scara_description/share/scara_description/meshes/PEN_HOLDER.stl
-- Up-to-date: /home/wojciech/Workspaces/ROS2/SCARA/install/scara_description/share/scara_description/meshes/TOP_TRIANGLE.stl
-- Up-to-date: /home/wojciech/Workspaces/ROS2/SCARA/install/scara_description/share/scara_description/meshes/MOTORS_TRIANGLE.stl
-- Up-to-date: /home/wojciech/Workspaces/ROS2/SCARA/install/scara_description/share/scara_description/meshes/ARM_HUB.stl
-- Up-to-date: /home/wojciech/Workspaces/ROS2/SCARA/install/scara_description/share/scara_description/meshes/CABLES_CAP.stl
-- Up-to-date: /home/wojciech/Workspaces/ROS2/SCARA/install/scara_description/share/scara_description/urdf
-- Up-to-date: /home/wojciech/Workspaces/ROS2/SCARA/install/scara_description/share/scara_description/urdf/scara_gazebo.xacro
-- Up-to-date: /home/wojciech/Workspaces/ROS2/SCARA/install/scara_description/share/scara_description/urdf/scara.urdf.xacro
-- Up-to-date: /home/wojciech/Workspaces/ROS2/SCARA/install/scara_description/share/scara_description/urdf/scara_ros2_control.xacro
-- Up-to-date: /home/wojciech/Workspaces/ROS2/SCARA/install/scara_description/share/scara_description/launch
-- Up-to-date: /home/wojciech/Workspaces/ROS2/SCARA/install/scara_description/share/scara_description/launch/display.launch.py
-- Up-to-date: /home/wojciech/Workspaces/ROS2/SCARA/install/scara_description/share/scara_description/launch/gazebo.launch.py
-- Up-to-date: /home/wojciech/Workspaces/ROS2/SCARA/install/scara_description/share/scara_description/rviz
-- Up-to-date: /home/wojciech/Workspaces/ROS2/SCARA/install/scara_description/share/scara_description/rviz/display.rviz
-- Up-to-date: /home/wojciech/Workspaces/ROS2/SCARA/install/scara_description/share/ament_index/resource_index/package_run_dependencies/scara_description
-- Up-to-date: /home/wojciech/Workspaces/ROS2/SCARA/install/scara_description/share/ament_index/resource_index/parent_prefix_path/scara_description
-- Up-to-date: /home/wojciech/Workspaces/ROS2/SCARA/install/scara_description/share/scara_description/environment/ament_prefix_path.sh
-- Up-to-date: /home/wojciech/Workspaces/ROS2/SCARA/install/scara_description/share/scara_description/environment/ament_prefix_path.dsv
-- Up-to-date: /home/wojciech/Workspaces/ROS2/SCARA/install/scara_description/share/scara_description/environment/path.sh
-- Up-to-date: /home/wojciech/Workspaces/ROS2/SCARA/install/scara_description/share/scara_description/environment/path.dsv
-- Up-to-date: /home/wojciech/Workspaces/ROS2/SCARA/install/scara_description/share/scara_description/local_setup.bash
-- Up-to-date: /home/wojciech/Workspaces/ROS2/SCARA/install/scara_description/share/scara_description/local_setup.sh
-- Up-to-date: /home/wojciech/Workspaces/ROS2/SCARA/install/scara_description/share/scara_description/local_setup.zsh
-- Up-to-date: /home/wojciech/Workspaces/ROS2/SCARA/install/scara_description/share/scara_description/local_setup.dsv
-- Installing: /home/wojciech/Workspaces/ROS2/SCARA/install/scara_description/share/scara_description/package.dsv
-- Up-to-date: /home/wojciech/Workspaces/ROS2/SCARA/install/scara_description/share/ament_index/resource_index/packages/scara_description
-- Up-to-date: /home/wojciech/Workspaces/ROS2/SCARA/install/scara_description/share/scara_description/cmake/scara_descriptionConfig.cmake
-- Up-to-date: /home/wojciech/Workspaces/ROS2/SCARA/install/scara_description/share/scara_description/cmake/scara_descriptionConfig-version.cmake
-- Up-to-date: /home/wojciech/Workspaces/ROS2/SCARA/install/scara_description/share/scara_description/package.xml
