[0.010s] Invoking command in '/home/wojciech/Workspaces/ROS2/SCARA/build/scara_description': CMAKE_PREFIX_PATH=${CMAKE_PREFIX_PATH}:/opt/ros/jazzy DEBUGINFOD_URLS=https://debuginfod.ubuntu.com /usr/bin/cmake --build /home/wojciech/Workspaces/ROS2/SCARA/build/scara_description -- -j12 -l12
[0.047s] Invoked command in '/home/wojciech/Workspaces/ROS2/SCARA/build/scara_description' returned '0': CMAKE_PREFIX_PATH=${CMAKE_PREFIX_PATH}:/opt/ros/jazzy DEBUGINFOD_URLS=https://debuginfod.ubuntu.com /usr/bin/cmake --build /home/wojciech/Workspaces/ROS2/SCARA/build/scara_description -- -j12 -l12
[0.048s] Invoking command in '/home/wojciech/Workspaces/ROS2/SCARA/build/scara_description': CMAKE_PREFIX_PATH=${CMAKE_PREFIX_PATH}:/opt/ros/jazzy DEBUGINFOD_URLS=https://debuginfod.ubuntu.com /usr/bin/cmake --install /home/wojciech/Workspaces/ROS2/SCARA/build/scara_description
[0.055s] -- Install configuration: ""
[0.055s] -- Up-to-date: /home/wojciech/Workspaces/ROS2/SCARA/install/scara_description/share/scara_description/meshes
[0.055s] -- Up-to-date: /home/wojciech/Workspaces/ROS2/SCARA/install/scara_description/share/scara_description/meshes/BASEPLATE.stl
[0.055s] -- Up-to-date: /home/wojciech/Workspaces/ROS2/SCARA/install/scara_description/share/scara_description/meshes/CAP.stl
[0.055s] -- Up-to-date: /home/wojciech/Workspaces/ROS2/SCARA/install/scara_description/share/scara_description/meshes/ARM_TOP.stl
[0.055s] -- Up-to-date: /home/wojciech/Workspaces/ROS2/SCARA/install/scara_description/share/scara_description/meshes/Z_BASE.stl
[0.055s] -- Up-to-date: /home/wojciech/Workspaces/ROS2/SCARA/install/scara_description/share/scara_description/meshes/FOREARM.stl
[0.055s] -- Up-to-date: /home/wojciech/Workspaces/ROS2/SCARA/install/scara_description/share/scara_description/meshes/GRIPPER_NAILS.stl
[0.055s] -- Up-to-date: /home/wojciech/Workspaces/ROS2/SCARA/install/scara_description/share/scara_description/meshes/REDUCTION.stl
[0.055s] -- Up-to-date: /home/wojciech/Workspaces/ROS2/SCARA/install/scara_description/share/scara_description/meshes/ARM_BOTTOM.stl
[0.055s] -- Up-to-date: /home/wojciech/Workspaces/ROS2/SCARA/install/scara_description/share/scara_description/meshes/GRIPPER_BASE.stl
[0.055s] -- Up-to-date: /home/wojciech/Workspaces/ROS2/SCARA/install/scara_description/share/scara_description/meshes/PEN_HOLDER.stl
[0.056s] -- Up-to-date: /home/wojciech/Workspaces/ROS2/SCARA/install/scara_description/share/scara_description/meshes/TOP_TRIANGLE.stl
[0.056s] -- Up-to-date: /home/wojciech/Workspaces/ROS2/SCARA/install/scara_description/share/scara_description/meshes/MOTORS_TRIANGLE.stl
[0.056s] -- Up-to-date: /home/wojciech/Workspaces/ROS2/SCARA/install/scara_description/share/scara_description/meshes/ARM_HUB.stl
[0.056s] -- Up-to-date: /home/wojciech/Workspaces/ROS2/SCARA/install/scara_description/share/scara_description/meshes/CABLES_CAP.stl
[0.056s] -- Up-to-date: /home/wojciech/Workspaces/ROS2/SCARA/install/scara_description/share/scara_description/urdf
[0.056s] -- Installing: /home/wojciech/Workspaces/ROS2/SCARA/install/scara_description/share/scara_description/urdf/scara_gazebo.xacro
[0.056s] -- Installing: /home/wojciech/Workspaces/ROS2/SCARA/install/scara_description/share/scara_description/urdf/scara.urdf.xacro
[0.056s] -- Installing: /home/wojciech/Workspaces/ROS2/SCARA/install/scara_description/share/scara_description/urdf/scara_ros2_control.xacro
[0.057s] -- Up-to-date: /home/wojciech/Workspaces/ROS2/SCARA/install/scara_description/share/scara_description/launch
[0.057s] -- Up-to-date: /home/wojciech/Workspaces/ROS2/SCARA/install/scara_description/share/scara_description/launch/display.launch.py
[0.057s] -- Up-to-date: /home/wojciech/Workspaces/ROS2/SCARA/install/scara_description/share/scara_description/launch/gazebo.launch.py
[0.057s] -- Up-to-date: /home/wojciech/Workspaces/ROS2/SCARA/install/scara_description/share/scara_description/rviz
[0.057s] -- Up-to-date: /home/wojciech/Workspaces/ROS2/SCARA/install/scara_description/share/scara_description/rviz/display.rviz
[0.057s] -- Up-to-date: /home/wojciech/Workspaces/ROS2/SCARA/install/scara_description/share/ament_index/resource_index/package_run_dependencies/scara_description
[0.057s] -- Up-to-date: /home/wojciech/Workspaces/ROS2/SCARA/install/scara_description/share/ament_index/resource_index/parent_prefix_path/scara_description
[0.057s] -- Up-to-date: /home/wojciech/Workspaces/ROS2/SCARA/install/scara_description/share/scara_description/environment/ament_prefix_path.sh
[0.057s] -- Up-to-date: /home/wojciech/Workspaces/ROS2/SCARA/install/scara_description/share/scara_description/environment/ament_prefix_path.dsv
[0.057s] -- Up-to-date: /home/wojciech/Workspaces/ROS2/SCARA/install/scara_description/share/scara_description/environment/path.sh
[0.057s] -- Up-to-date: /home/wojciech/Workspaces/ROS2/SCARA/install/scara_description/share/scara_description/environment/path.dsv
[0.057s] -- Up-to-date: /home/wojciech/Workspaces/ROS2/SCARA/install/scara_description/share/scara_description/local_setup.bash
[0.057s] -- Up-to-date: /home/wojciech/Workspaces/ROS2/SCARA/install/scara_description/share/scara_description/local_setup.sh
[0.057s] -- Up-to-date: /home/wojciech/Workspaces/ROS2/SCARA/install/scara_description/share/scara_description/local_setup.zsh
[0.057s] -- Up-to-date: /home/wojciech/Workspaces/ROS2/SCARA/install/scara_description/share/scara_description/local_setup.dsv
[0.058s] -- Installing: /home/wojciech/Workspaces/ROS2/SCARA/install/scara_description/share/scara_description/package.dsv
[0.058s] -- Up-to-date: /home/wojciech/Workspaces/ROS2/SCARA/install/scara_description/share/ament_index/resource_index/packages/scara_description
[0.058s] -- Up-to-date: /home/wojciech/Workspaces/ROS2/SCARA/install/scara_description/share/scara_description/cmake/scara_descriptionConfig.cmake
[0.058s] -- Up-to-date: /home/wojciech/Workspaces/ROS2/SCARA/install/scara_description/share/scara_description/cmake/scara_descriptionConfig-version.cmake
[0.058s] -- Up-to-date: /home/wojciech/Workspaces/ROS2/SCARA/install/scara_description/share/scara_description/package.xml
[0.067s] Invoked command in '/home/wojciech/Workspaces/ROS2/SCARA/build/scara_description' returned '0': CMAKE_PREFIX_PATH=${CMAKE_PREFIX_PATH}:/opt/ros/jazzy DEBUGINFOD_URLS=https://debuginfod.ubuntu.com /usr/bin/cmake --install /home/wojciech/Workspaces/ROS2/SCARA/build/scara_description
