[0.018s] Invoking command in '/home/wojciech/Workspaces/ROS2/SCARA/build/scara_moveit': CMAKE_PREFIX_PATH=${CMAKE_PREFIX_PATH}:/opt/ros/jazzy DEBUGINFOD_URLS=https://debuginfod.ubuntu.com /usr/bin/cmake /home/wojciech/Workspaces/ROS2/SCARA/src/scara_moveit -DCMAKE_INSTALL_PREFIX=/home/wojciech/Workspaces/ROS2/SCARA/install/scara_moveit
[0.229s] -- The C compiler identification is GNU 13.3.0
[0.421s] -- The CXX compiler identification is GNU 13.3.0
[0.470s] -- Detecting C compiler ABI info
[0.736s] -- Detecting C compiler ABI info - done
[0.759s] -- Check for working C compiler: /usr/bin/cc - skipped
[0.761s] -- Detecting C compile features
[0.762s] -- Detecting C compile features - done
[0.782s] -- Detecting CXX compiler ABI info
[1.113s] -- Detecting CXX compiler ABI info - done
[1.126s] -- Check for working CXX compiler: /usr/bin/c++ - skipped
[1.126s] -- Detecting CXX compile features
[1.131s] -- Detecting CXX compile features - done
[1.134s] -- Found ament_cmake: 2.5.3 (/opt/ros/jazzy/share/ament_cmake/cmake)
[1.514s] -- Found Python3: /usr/bin/python3 (found version "3.12.3") found components: Interpreter 
[1.856s] -- Found ament_lint_auto: 0.17.2 (/opt/ros/jazzy/share/ament_lint_auto/cmake)
[2.213s] -- Added test 'copyright' to check source files copyright and LICENSE
[2.219s] -- Added test 'flake8' to check Python code syntax and style conventions
[2.219s] -- Configured 'flake8' exclude dirs and/or files: 
[2.223s] -- Added test 'lint_cmake' to check CMake code style
[2.224s] -- Added test 'pep257' to check Python code against some of the docstring style conventions in PEP 257
[2.227s] -- Added test 'xmllint' to check XML markup files
[2.235s] -- Configuring done (2.2s)
[2.237s] -- Generating done (0.0s)
[2.242s] -- Build files have been written to: /home/wojciech/Workspaces/ROS2/SCARA/build/scara_moveit
[2.255s] Invoked command in '/home/wojciech/Workspaces/ROS2/SCARA/build/scara_moveit' returned '0': CMAKE_PREFIX_PATH=${CMAKE_PREFIX_PATH}:/opt/ros/jazzy DEBUGINFOD_URLS=https://debuginfod.ubuntu.com /usr/bin/cmake /home/wojciech/Workspaces/ROS2/SCARA/src/scara_moveit -DCMAKE_INSTALL_PREFIX=/home/wojciech/Workspaces/ROS2/SCARA/install/scara_moveit
[2.258s] Invoking command in '/home/wojciech/Workspaces/ROS2/SCARA/build/scara_moveit': CMAKE_PREFIX_PATH=${CMAKE_PREFIX_PATH}:/opt/ros/jazzy DEBUGINFOD_URLS=https://debuginfod.ubuntu.com /usr/bin/cmake --build /home/wojciech/Workspaces/ROS2/SCARA/build/scara_moveit -- -j4 -l4
[2.358s] Invoked command in '/home/wojciech/Workspaces/ROS2/SCARA/build/scara_moveit' returned '0': CMAKE_PREFIX_PATH=${CMAKE_PREFIX_PATH}:/opt/ros/jazzy DEBUGINFOD_URLS=https://debuginfod.ubuntu.com /usr/bin/cmake --build /home/wojciech/Workspaces/ROS2/SCARA/build/scara_moveit -- -j4 -l4
[2.369s] Invoking command in '/home/wojciech/Workspaces/ROS2/SCARA/build/scara_moveit': CMAKE_PREFIX_PATH=${CMAKE_PREFIX_PATH}:/opt/ros/jazzy DEBUGINFOD_URLS=https://debuginfod.ubuntu.com /usr/bin/cmake --install /home/wojciech/Workspaces/ROS2/SCARA/build/scara_moveit
[2.390s] -- Install configuration: ""
[2.390s] -- Installing: /home/wojciech/Workspaces/ROS2/SCARA/install/scara_moveit/share/scara_moveit/launch
[2.390s] -- Installing: /home/wojciech/Workspaces/ROS2/SCARA/install/scara_moveit/share/scara_moveit/launch/moveit.launch.py
[2.392s] -- Installing: /home/wojciech/Workspaces/ROS2/SCARA/install/scara_moveit/share/scara_moveit/config
[2.393s] -- Installing: /home/wojciech/Workspaces/ROS2/SCARA/install/scara_moveit/share/scara_moveit/config/joint_limits.yaml
[2.394s] -- Installing: /home/wojciech/Workspaces/ROS2/SCARA/install/scara_moveit/share/scara_moveit/config/scara.srdf
[2.396s] -- Installing: /home/wojciech/Workspaces/ROS2/SCARA/install/scara_moveit/share/scara_moveit/config/pilz_cartesian_limits.yaml
[2.397s] -- Installing: /home/wojciech/Workspaces/ROS2/SCARA/install/scara_moveit/share/scara_moveit/config/kinematics.yaml
[2.398s] -- Installing: /home/wojciech/Workspaces/ROS2/SCARA/install/scara_moveit/share/scara_moveit/config/planning_python_api.yaml
[2.400s] -- Installing: /home/wojciech/Workspaces/ROS2/SCARA/install/scara_moveit/share/scara_moveit/config/moveit_controllers.yaml
[2.401s] -- Installing: /home/wojciech/Workspaces/ROS2/SCARA/install/scara_moveit/share/scara_moveit/config/initial_positions.yaml
[2.401s] -- Installing: /home/wojciech/Workspaces/ROS2/SCARA/install/scara_moveit/share/scara_moveit/config/moveit.rviz
[2.402s] -- Installing: /home/wojciech/Workspaces/ROS2/SCARA/install/scara_moveit/share/ament_index/resource_index/package_run_dependencies/scara_moveit
[2.402s] -- Installing: /home/wojciech/Workspaces/ROS2/SCARA/install/scara_moveit/share/ament_index/resource_index/parent_prefix_path/scara_moveit
[2.403s] -- Installing: /home/wojciech/Workspaces/ROS2/SCARA/install/scara_moveit/share/scara_moveit/environment/ament_prefix_path.sh
[2.404s] -- Installing: /home/wojciech/Workspaces/ROS2/SCARA/install/scara_moveit/share/scara_moveit/environment/ament_prefix_path.dsv
[2.407s] -- Installing: /home/wojciech/Workspaces/ROS2/SCARA/install/scara_moveit/share/scara_moveit/environment/path.sh
[2.408s] -- Installing: /home/wojciech/Workspaces/ROS2/SCARA/install/scara_moveit/share/scara_moveit/environment/path.dsv
[2.408s] -- Installing: /home/wojciech/Workspaces/ROS2/SCARA/install/scara_moveit/share/scara_moveit/local_setup.bash
[2.408s] -- Installing: /home/wojciech/Workspaces/ROS2/SCARA/install/scara_moveit/share/scara_moveit/local_setup.sh
[2.408s] -- Installing: /home/wojciech/Workspaces/ROS2/SCARA/install/scara_moveit/share/scara_moveit/local_setup.zsh
[2.408s] -- Installing: /home/wojciech/Workspaces/ROS2/SCARA/install/scara_moveit/share/scara_moveit/local_setup.dsv
[2.408s] -- Installing: /home/wojciech/Workspaces/ROS2/SCARA/install/scara_moveit/share/scara_moveit/package.dsv
[2.408s] -- Installing: /home/wojciech/Workspaces/ROS2/SCARA/install/scara_moveit/share/ament_index/resource_index/packages/scara_moveit
[2.408s] -- Installing: /home/wojciech/Workspaces/ROS2/SCARA/install/scara_moveit/share/scara_moveit/cmake/scara_moveitConfig.cmake
[2.408s] -- Installing: /home/wojciech/Workspaces/ROS2/SCARA/install/scara_moveit/share/scara_moveit/cmake/scara_moveitConfig-version.cmake
[2.409s] -- Installing: /home/wojciech/Workspaces/ROS2/SCARA/install/scara_moveit/share/scara_moveit/package.xml
[2.417s] Invoked command in '/home/wojciech/Workspaces/ROS2/SCARA/build/scara_moveit' returned '0': CMAKE_PREFIX_PATH=${CMAKE_PREFIX_PATH}:/opt/ros/jazzy DEBUGINFOD_URLS=https://debuginfod.ubuntu.com /usr/bin/cmake --install /home/wojciech/Workspaces/ROS2/SCARA/build/scara_moveit
