[0.012s] Invoking command in '/home/wojciech/Workspaces/ROS2/SCARA/build/scara_controller': CMAKE_PREFIX_PATH=${CMAKE_PREFIX_PATH}:/opt/ros/jazzy DEBUGINFOD_URLS=https://debuginfod.ubuntu.com /usr/bin/cmake --build /home/wojciech/Workspaces/ROS2/SCARA/build/scara_controller -- -j12 -l12
[0.043s] Invoked command in '/home/wojciech/Workspaces/ROS2/SCARA/build/scara_controller' returned '0': CMAKE_PREFIX_PATH=${CMAKE_PREFIX_PATH}:/opt/ros/jazzy DEBUGINFOD_URLS=https://debuginfod.ubuntu.com /usr/bin/cmake --build /home/wojciech/Workspaces/ROS2/SCARA/build/scara_controller -- -j12 -l12
[0.050s] Invoking command in '/home/wojciech/Workspaces/ROS2/SCARA/build/scara_controller': CMAKE_PREFIX_PATH=${CMAKE_PREFIX_PATH}:/opt/ros/jazzy DEBUGINFOD_URLS=https://debuginfod.ubuntu.com /usr/bin/cmake --install /home/wojciech/Workspaces/ROS2/SCARA/build/scara_controller
[0.056s] -- Install configuration: ""
[0.056s] -- Up-to-date: /home/wojciech/Workspaces/ROS2/SCARA/install/scara_controller/share/scara_controller/config
[0.057s] -- Up-to-date: /home/wojciech/Workspaces/ROS2/SCARA/install/scara_controller/share/scara_controller/config/scara_controllers.yaml
[0.057s] -- Up-to-date: /home/wojciech/Workspaces/ROS2/SCARA/install/scara_controller/share/scara_controller/launch
[0.057s] -- Up-to-date: /home/wojciech/Workspaces/ROS2/SCARA/install/scara_controller/share/scara_controller/launch/controller.launch.py
[0.057s] -- Up-to-date: /home/wojciech/Workspaces/ROS2/SCARA/install/scara_controller/share/ament_index/resource_index/package_run_dependencies/scara_controller
[0.057s] -- Up-to-date: /home/wojciech/Workspaces/ROS2/SCARA/install/scara_controller/share/ament_index/resource_index/parent_prefix_path/scara_controller
[0.057s] -- Up-to-date: /home/wojciech/Workspaces/ROS2/SCARA/install/scara_controller/share/scara_controller/environment/ament_prefix_path.sh
[0.057s] -- Up-to-date: /home/wojciech/Workspaces/ROS2/SCARA/install/scara_controller/share/scara_controller/environment/ament_prefix_path.dsv
[0.057s] -- Up-to-date: /home/wojciech/Workspaces/ROS2/SCARA/install/scara_controller/share/scara_controller/environment/path.sh
[0.057s] -- Up-to-date: /home/wojciech/Workspaces/ROS2/SCARA/install/scara_controller/share/scara_controller/environment/path.dsv
[0.057s] -- Up-to-date: /home/wojciech/Workspaces/ROS2/SCARA/install/scara_controller/share/scara_controller/local_setup.bash
[0.057s] -- Up-to-date: /home/wojciech/Workspaces/ROS2/SCARA/install/scara_controller/share/scara_controller/local_setup.sh
[0.057s] -- Up-to-date: /home/wojciech/Workspaces/ROS2/SCARA/install/scara_controller/share/scara_controller/local_setup.zsh
[0.057s] -- Up-to-date: /home/wojciech/Workspaces/ROS2/SCARA/install/scara_controller/share/scara_controller/local_setup.dsv
[0.058s] -- Installing: /home/wojciech/Workspaces/ROS2/SCARA/install/scara_controller/share/scara_controller/package.dsv
[0.058s] -- Up-to-date: /home/wojciech/Workspaces/ROS2/SCARA/install/scara_controller/share/ament_index/resource_index/packages/scara_controller
[0.058s] -- Up-to-date: /home/wojciech/Workspaces/ROS2/SCARA/install/scara_controller/share/scara_controller/cmake/scara_controllerConfig.cmake
[0.058s] -- Up-to-date: /home/wojciech/Workspaces/ROS2/SCARA/install/scara_controller/share/scara_controller/cmake/scara_controllerConfig-version.cmake
[0.058s] -- Up-to-date: /home/wojciech/Workspaces/ROS2/SCARA/install/scara_controller/share/scara_controller/package.xml
[0.062s] Invoked command in '/home/wojciech/Workspaces/ROS2/SCARA/build/scara_controller' returned '0': CMAKE_PREFIX_PATH=${CMAKE_PREFIX_PATH}:/opt/ros/jazzy DEBUGINFOD_URLS=https://debuginfod.ubuntu.com /usr/bin/cmake --install /home/wojciech/Workspaces/ROS2/SCARA/build/scara_controller
