[0.009s] Invoking command in '/home/wojciech/Workspaces/ROS2/SCARA/build/scara_moveit': CMAKE_PREFIX_PATH=${CMAKE_PREFIX_PATH}:/opt/ros/jazzy DEBUGINFOD_URLS=https://debuginfod.ubuntu.com /usr/bin/cmake /home/wojciech/Workspaces/ROS2/SCARA/src/scara_moveit -DCMAKE_INSTALL_PREFIX=/home/wojciech/Workspaces/ROS2/SCARA/install/scara_moveit
[0.047s] -- The C compiler identification is GNU 13.3.0
[0.087s] -- The CXX compiler identification is GNU 13.3.0
[0.099s] -- Detecting C compiler ABI info
[0.166s] -- Detecting C compiler ABI info - done
[0.172s] -- Check for working C compiler: /usr/bin/cc - skipped
[0.172s] -- Detecting C compile features
[0.172s] -- Detecting C compile features - done
[0.180s] -- Detecting CXX compiler ABI info
[0.255s] -- Detecting CXX compiler ABI info - done
[0.262s] -- Check for working CXX compiler: /usr/bin/c++ - skipped
[0.262s] -- Detecting CXX compile features
[0.262s] -- Detecting CXX compile features - done
[0.267s] -- Found ament_cmake: 2.5.3 (/opt/ros/jazzy/share/ament_cmake/cmake)
[0.378s] -- Found Python3: /usr/bin/python3 (found version "3.12.3") found components: Interpreter 
[0.468s] -- Found ament_lint_auto: 0.17.1 (/opt/ros/jazzy/share/ament_lint_auto/cmake)
[0.537s] -- Added test 'lint_cmake' to check CMake code style
[0.538s] -- Added test 'xmllint' to check XML markup files
[0.539s] -- Configuring done (0.5s)
[0.541s] -- Generating done (0.0s)
[0.542s] -- Build files have been written to: /home/wojciech/Workspaces/ROS2/SCARA/build/scara_moveit
[0.546s] Invoked command in '/home/wojciech/Workspaces/ROS2/SCARA/build/scara_moveit' returned '0': CMAKE_PREFIX_PATH=${CMAKE_PREFIX_PATH}:/opt/ros/jazzy DEBUGINFOD_URLS=https://debuginfod.ubuntu.com /usr/bin/cmake /home/wojciech/Workspaces/ROS2/SCARA/src/scara_moveit -DCMAKE_INSTALL_PREFIX=/home/wojciech/Workspaces/ROS2/SCARA/install/scara_moveit
[0.547s] Invoking command in '/home/wojciech/Workspaces/ROS2/SCARA/build/scara_moveit': CMAKE_PREFIX_PATH=${CMAKE_PREFIX_PATH}:/opt/ros/jazzy DEBUGINFOD_URLS=https://debuginfod.ubuntu.com /usr/bin/cmake --build /home/wojciech/Workspaces/ROS2/SCARA/build/scara_moveit -- -j12 -l12
[0.574s] Invoked command in '/home/wojciech/Workspaces/ROS2/SCARA/build/scara_moveit' returned '0': CMAKE_PREFIX_PATH=${CMAKE_PREFIX_PATH}:/opt/ros/jazzy DEBUGINFOD_URLS=https://debuginfod.ubuntu.com /usr/bin/cmake --build /home/wojciech/Workspaces/ROS2/SCARA/build/scara_moveit -- -j12 -l12
[0.580s] Invoking command in '/home/wojciech/Workspaces/ROS2/SCARA/build/scara_moveit': CMAKE_PREFIX_PATH=${CMAKE_PREFIX_PATH}:/opt/ros/jazzy DEBUGINFOD_URLS=https://debuginfod.ubuntu.com /usr/bin/cmake --install /home/wojciech/Workspaces/ROS2/SCARA/build/scara_moveit
[0.585s] -- Install configuration: ""
[0.585s] -- Installing: /home/wojciech/Workspaces/ROS2/SCARA/install/scara_moveit/share/ament_index/resource_index/package_run_dependencies/scara_moveit
[0.585s] -- Installing: /home/wojciech/Workspaces/ROS2/SCARA/install/scara_moveit/share/ament_index/resource_index/parent_prefix_path/scara_moveit
[0.585s] -- Installing: /home/wojciech/Workspaces/ROS2/SCARA/install/scara_moveit/share/scara_moveit/environment/ament_prefix_path.sh
[0.586s] -- Installing: /home/wojciech/Workspaces/ROS2/SCARA/install/scara_moveit/share/scara_moveit/environment/ament_prefix_path.dsv
[0.586s] -- Installing: /home/wojciech/Workspaces/ROS2/SCARA/install/scara_moveit/share/scara_moveit/environment/path.sh
[0.586s] -- Installing: /home/wojciech/Workspaces/ROS2/SCARA/install/scara_moveit/share/scara_moveit/environment/path.dsv
[0.586s] -- Installing: /home/wojciech/Workspaces/ROS2/SCARA/install/scara_moveit/share/scara_moveit/local_setup.bash
[0.586s] -- Installing: /home/wojciech/Workspaces/ROS2/SCARA/install/scara_moveit/share/scara_moveit/local_setup.sh
[0.586s] -- Installing: /home/wojciech/Workspaces/ROS2/SCARA/install/scara_moveit/share/scara_moveit/local_setup.zsh
[0.586s] -- Installing: /home/wojciech/Workspaces/ROS2/SCARA/install/scara_moveit/share/scara_moveit/local_setup.dsv
[0.586s] -- Installing: /home/wojciech/Workspaces/ROS2/SCARA/install/scara_moveit/share/scara_moveit/package.dsv
[0.586s] -- Installing: /home/wojciech/Workspaces/ROS2/SCARA/install/scara_moveit/share/ament_index/resource_index/packages/scara_moveit
[0.587s] -- Installing: /home/wojciech/Workspaces/ROS2/SCARA/install/scara_moveit/share/scara_moveit/cmake/scara_moveitConfig.cmake
[0.587s] -- Installing: /home/wojciech/Workspaces/ROS2/SCARA/install/scara_moveit/share/scara_moveit/cmake/scara_moveitConfig-version.cmake
[0.587s] -- Installing: /home/wojciech/Workspaces/ROS2/SCARA/install/scara_moveit/share/scara_moveit/package.xml
[0.588s] Invoked command in '/home/wojciech/Workspaces/ROS2/SCARA/build/scara_moveit' returned '0': CMAKE_PREFIX_PATH=${CMAKE_PREFIX_PATH}:/opt/ros/jazzy DEBUGINFOD_URLS=https://debuginfod.ubuntu.com /usr/bin/cmake --install /home/wojciech/Workspaces/ROS2/SCARA/build/scara_moveit
