[0.012s] Invoking command in '/home/wojciech/Workspaces/ROS2/SCARA/build/scara_description': CMAKE_PREFIX_PATH=${CMAKE_PREFIX_PATH}:/opt/ros/jazzy DEBUGINFOD_URLS=https://debuginfod.ubuntu.com /usr/bin/cmake /home/wojciech/Workspaces/ROS2/SCARA/src/scara_description -DCMAKE_INSTALL_PREFIX=/home/wojciech/Workspaces/ROS2/SCARA/install/scara_description
[0.167s] -- The C compiler identification is GNU 13.3.0
[0.286s] -- The CXX compiler identification is GNU 13.3.0
[0.316s] -- Detecting C compiler ABI info
[0.541s] -- Detecting C compiler ABI info - done
[0.557s] -- Check for working C compiler: /usr/bin/cc - skipped
[0.558s] -- Detecting C compile features
[0.558s] -- Detecting C compile features - done
[0.573s] -- Detecting CXX compiler ABI info
[0.877s] -- Detecting CXX compiler ABI info - done
[0.896s] -- Check for working CXX compiler: /usr/bin/c++ - skipped
[0.898s] -- Detecting CXX compile features
[0.898s] -- Detecting CXX compile features - done
[0.905s] -- Found ament_cmake: 2.5.3 (/opt/ros/jazzy/share/ament_cmake/cmake)
[1.174s] -- Found Python3: /usr/bin/python3 (found version "3.12.3") found components: Interpreter 
[1.474s] -- Found urdf: 2.10.0 (/opt/ros/jazzy/share/urdf/cmake)
[2.507s] -- Found TinyXML2 via Config file: /usr/lib/aarch64-linux-gnu/cmake/tinyxml2
[5.532s] -- Found ament_lint_auto: 0.17.2 (/opt/ros/jazzy/share/ament_lint_auto/cmake)
[5.781s] -- Added test 'flake8' to check Python code syntax and style conventions
[5.781s] -- Configured 'flake8' exclude dirs and/or files: 
[5.783s] -- Added test 'lint_cmake' to check CMake code style
[5.784s] -- Added test 'pep257' to check Python code against some of the docstring style conventions in PEP 257
[5.787s] -- Added test 'xmllint' to check XML markup files
[5.791s] -- Configuring done (5.8s)
[5.797s] -- Generating done (0.0s)
[5.806s] -- Build files have been written to: /home/wojciech/Workspaces/ROS2/SCARA/build/scara_description
[5.818s] Invoked command in '/home/wojciech/Workspaces/ROS2/SCARA/build/scara_description' returned '0': CMAKE_PREFIX_PATH=${CMAKE_PREFIX_PATH}:/opt/ros/jazzy DEBUGINFOD_URLS=https://debuginfod.ubuntu.com /usr/bin/cmake /home/wojciech/Workspaces/ROS2/SCARA/src/scara_description -DCMAKE_INSTALL_PREFIX=/home/wojciech/Workspaces/ROS2/SCARA/install/scara_description
[5.820s] Invoking command in '/home/wojciech/Workspaces/ROS2/SCARA/build/scara_description': CMAKE_PREFIX_PATH=${CMAKE_PREFIX_PATH}:/opt/ros/jazzy DEBUGINFOD_URLS=https://debuginfod.ubuntu.com /usr/bin/cmake --build /home/wojciech/Workspaces/ROS2/SCARA/build/scara_description -- -j4 -l4
[5.898s] Invoked command in '/home/wojciech/Workspaces/ROS2/SCARA/build/scara_description' returned '0': CMAKE_PREFIX_PATH=${CMAKE_PREFIX_PATH}:/opt/ros/jazzy DEBUGINFOD_URLS=https://debuginfod.ubuntu.com /usr/bin/cmake --build /home/wojciech/Workspaces/ROS2/SCARA/build/scara_description -- -j4 -l4
[5.900s] Invoking command in '/home/wojciech/Workspaces/ROS2/SCARA/build/scara_description': CMAKE_PREFIX_PATH=${CMAKE_PREFIX_PATH}:/opt/ros/jazzy DEBUGINFOD_URLS=https://debuginfod.ubuntu.com /usr/bin/cmake --install /home/wojciech/Workspaces/ROS2/SCARA/build/scara_description
[5.916s] -- Install configuration: ""
[5.916s] -- Installing: /home/wojciech/Workspaces/ROS2/SCARA/install/scara_description/share/scara_description/meshes
[5.916s] -- Installing: /home/wojciech/Workspaces/ROS2/SCARA/install/scara_description/share/scara_description/meshes/GRIPPER_BASE.stl
[6.152s] -- Installing: /home/wojciech/Workspaces/ROS2/SCARA/install/scara_description/share/scara_description/meshes/FOREARM.stl
[6.827s] -- Installing: /home/wojciech/Workspaces/ROS2/SCARA/install/scara_description/share/scara_description/meshes/GRIPPER_NAILS.stl
[6.969s] -- Installing: /home/wojciech/Workspaces/ROS2/SCARA/install/scara_description/share/scara_description/meshes/ARM_TOP.stl
[7.059s] -- Installing: /home/wojciech/Workspaces/ROS2/SCARA/install/scara_description/share/scara_description/meshes/MOTORS_TRIANGLE.stl
[7.128s] -- Installing: /home/wojciech/Workspaces/ROS2/SCARA/install/scara_description/share/scara_description/meshes/CAP.stl
[7.190s] -- Installing: /home/wojciech/Workspaces/ROS2/SCARA/install/scara_description/share/scara_description/meshes/ARM_BOTTOM.stl
[7.276s] -- Installing: /home/wojciech/Workspaces/ROS2/SCARA/install/scara_description/share/scara_description/meshes/TOP_TRIANGLE.stl
[7.292s] -- Installing: /home/wojciech/Workspaces/ROS2/SCARA/install/scara_description/share/scara_description/meshes/PEN_HOLDER.stl
[7.357s] -- Installing: /home/wojciech/Workspaces/ROS2/SCARA/install/scara_description/share/scara_description/meshes/BASEPLATE.stl
[7.482s] -- Installing: /home/wojciech/Workspaces/ROS2/SCARA/install/scara_description/share/scara_description/meshes/RPI_CAM.stl
[7.756s] -- Installing: /home/wojciech/Workspaces/ROS2/SCARA/install/scara_description/share/scara_description/meshes/Z_BASE.stl
[7.808s] -- Installing: /home/wojciech/Workspaces/ROS2/SCARA/install/scara_description/share/scara_description/meshes/CABLES_CAP.stl
[7.936s] -- Installing: /home/wojciech/Workspaces/ROS2/SCARA/install/scara_description/share/scara_description/meshes/ARM_HUB.stl
[8.074s] -- Installing: /home/wojciech/Workspaces/ROS2/SCARA/install/scara_description/share/scara_description/meshes/REDUCTION.stl
[8.074s] -- Installing: /home/wojciech/Workspaces/ROS2/SCARA/install/scara_description/share/scara_description/urdf
[8.075s] -- Installing: /home/wojciech/Workspaces/ROS2/SCARA/install/scara_description/share/scara_description/urdf/scara_ros2_control.xacro
[8.088s] -- Installing: /home/wojciech/Workspaces/ROS2/SCARA/install/scara_description/share/scara_description/urdf/scara.urdf.xacro
[8.091s] -- Installing: /home/wojciech/Workspaces/ROS2/SCARA/install/scara_description/share/scara_description/urdf/scara_gazebo.xacro
[8.097s] -- Installing: /home/wojciech/Workspaces/ROS2/SCARA/install/scara_description/share/scara_description/launch
[8.099s] -- Installing: /home/wojciech/Workspaces/ROS2/SCARA/install/scara_description/share/scara_description/launch/display.launch.py
[8.154s] -- Installing: /home/wojciech/Workspaces/ROS2/SCARA/install/scara_description/share/scara_description/launch/gazebo.launch.py
[8.212s] -- Installing: /home/wojciech/Workspaces/ROS2/SCARA/install/scara_description/share/scara_description/rviz
[8.212s] -- Installing: /home/wojciech/Workspaces/ROS2/SCARA/install/scara_description/share/scara_description/rviz/display.rviz
[8.212s] -- Installing: /home/wojciech/Workspaces/ROS2/SCARA/install/scara_description/share/ament_index/resource_index/package_run_dependencies/scara_description
[8.212s] -- Installing: /home/wojciech/Workspaces/ROS2/SCARA/install/scara_description/share/ament_index/resource_index/parent_prefix_path/scara_description
[8.212s] -- Installing: /home/wojciech/Workspaces/ROS2/SCARA/install/scara_description/share/scara_description/environment/ament_prefix_path.sh
[8.214s] -- Installing: /home/wojciech/Workspaces/ROS2/SCARA/install/scara_description/share/scara_description/environment/ament_prefix_path.dsv
[8.214s] -- Installing: /home/wojciech/Workspaces/ROS2/SCARA/install/scara_description/share/scara_description/environment/path.sh
[8.215s] -- Installing: /home/wojciech/Workspaces/ROS2/SCARA/install/scara_description/share/scara_description/environment/path.dsv
[8.215s] -- Installing: /home/wojciech/Workspaces/ROS2/SCARA/install/scara_description/share/scara_description/local_setup.bash
[8.222s] -- Installing: /home/wojciech/Workspaces/ROS2/SCARA/install/scara_description/share/scara_description/local_setup.sh
[8.222s] -- Installing: /home/wojciech/Workspaces/ROS2/SCARA/install/scara_description/share/scara_description/local_setup.zsh
[8.222s] -- Installing: /home/wojciech/Workspaces/ROS2/SCARA/install/scara_description/share/scara_description/local_setup.dsv
[8.222s] -- Installing: /home/wojciech/Workspaces/ROS2/SCARA/install/scara_description/share/scara_description/package.dsv
[8.222s] -- Installing: /home/wojciech/Workspaces/ROS2/SCARA/install/scara_description/share/ament_index/resource_index/packages/scara_description
[8.223s] -- Installing: /home/wojciech/Workspaces/ROS2/SCARA/install/scara_description/share/scara_description/cmake/scara_descriptionConfig.cmake
[8.223s] -- Installing: /home/wojciech/Workspaces/ROS2/SCARA/install/scara_description/share/scara_description/cmake/scara_descriptionConfig-version.cmake
[8.223s] -- Installing: /home/wojciech/Workspaces/ROS2/SCARA/install/scara_description/share/scara_description/package.xml
[8.237s] Invoked command in '/home/wojciech/Workspaces/ROS2/SCARA/build/scara_description' returned '0': CMAKE_PREFIX_PATH=${CMAKE_PREFIX_PATH}:/opt/ros/jazzy DEBUGINFOD_URLS=https://debuginfod.ubuntu.com /usr/bin/cmake --install /home/wojciech/Workspaces/ROS2/SCARA/build/scara_description
