[0.155s] DEBUG:colcon:Command line arguments: ['/usr/bin/colcon', 'build']
[0.155s] DEBUG:colcon:Parsed command line arguments: Namespace(log_base=None, log_level=None, verb_name='build', build_base='build', install_base='install', merge_install=False, symlink_install=False, test_result_base=None, continue_on_error=False, executor='parallel', parallel_workers=4, event_handlers=None, ignore_user_meta=False, metas=['./colcon.meta'], base_paths=['.'], packages_ignore=None, packages_ignore_regex=None, paths=None, packages_up_to=None, packages_up_to_regex=None, packages_above=None, packages_above_and_dependencies=None, packages_above_depth=None, packages_select_by_dep=None, packages_skip_by_dep=None, packages_skip_up_to=None, packages_select_build_failed=False, packages_skip_build_finished=False, packages_select_test_failures=False, packages_skip_test_passed=False, packages_select=None, packages_skip=None, packages_select_regex=None, packages_skip_regex=None, packages_start=None, packages_end=None, allow_overriding=[], cmake_args=None, cmake_target=None, cmake_target_skip_unavailable=False, cmake_clean_cache=False, cmake_clean_first=False, cmake_force_configure=False, ament_cmake_args=None, catkin_cmake_args=None, catkin_skip_building_tests=False, mixin_files=None, mixin=None, verb_parser=<colcon_mixin.mixin.mixin_argument.MixinArgumentDecorator object at 0xffffb3a113a0>, verb_extension=<colcon_core.verb.build.BuildVerb object at 0xffffb3bc9280>, main=<bound method BuildVerb.main of <colcon_core.verb.build.BuildVerb object at 0xffffb3bc9280>>, mixin_verb=('build',))
[0.211s] Level 1:colcon.colcon_core.package_discovery:discover_packages(colcon_meta) check parameters
[0.211s] Level 1:colcon.colcon_core.package_discovery:discover_packages(recursive) check parameters
[0.211s] Level 1:colcon.colcon_core.package_discovery:discover_packages(ignore) check parameters
[0.211s] Level 1:colcon.colcon_core.package_discovery:discover_packages(path) check parameters
[0.211s] Level 1:colcon.colcon_core.package_discovery:discover_packages(colcon_meta) discover
[0.211s] Level 1:colcon.colcon_core.package_discovery:discover_packages(recursive) discover
[0.212s] INFO:colcon.colcon_core.package_discovery:Crawling recursively for packages in '/home/wojciech/Workspaces/ROS2/SCARA'
[0.212s] Level 1:colcon.colcon_core.package_identification:_identify(.) by extensions ['ignore', 'ignore_ament_install']
[0.212s] Level 1:colcon.colcon_core.package_identification:_identify(.) by extension 'ignore'
[0.212s] Level 1:colcon.colcon_core.package_identification:_identify(.) by extension 'ignore_ament_install'
[0.212s] Level 1:colcon.colcon_core.package_identification:_identify(.) by extensions ['colcon_pkg']
[0.212s] Level 1:colcon.colcon_core.package_identification:_identify(.) by extension 'colcon_pkg'
[0.212s] Level 1:colcon.colcon_core.package_identification:_identify(.) by extensions ['colcon_meta']
[0.212s] Level 1:colcon.colcon_core.package_identification:_identify(.) by extension 'colcon_meta'
[0.212s] Level 1:colcon.colcon_core.package_identification:_identify(.) by extensions ['ros']
[0.212s] Level 1:colcon.colcon_core.package_identification:_identify(.) by extension 'ros'
[0.252s] Level 1:colcon.colcon_core.package_identification:_identify(.) by extensions ['cmake', 'python']
[0.252s] Level 1:colcon.colcon_core.package_identification:_identify(.) by extension 'cmake'
[0.252s] Level 1:colcon.colcon_core.package_identification:_identify(.) by extension 'python'
[0.252s] Level 1:colcon.colcon_core.package_identification:_identify(.) by extensions ['python_setup_py']
[0.252s] Level 1:colcon.colcon_core.package_identification:_identify(.) by extension 'python_setup_py'
[0.252s] Level 1:colcon.colcon_core.package_identification:_identify(build) by extensions ['ignore', 'ignore_ament_install']
[0.252s] Level 1:colcon.colcon_core.package_identification:_identify(build) by extension 'ignore'
[0.252s] Level 1:colcon.colcon_core.package_identification:_identify(build) ignored
[0.252s] Level 1:colcon.colcon_core.package_identification:_identify(install) by extensions ['ignore', 'ignore_ament_install']
[0.253s] Level 1:colcon.colcon_core.package_identification:_identify(install) by extension 'ignore'
[0.253s] Level 1:colcon.colcon_core.package_identification:_identify(install) ignored
[0.253s] Level 1:colcon.colcon_core.package_identification:_identify(log) by extensions ['ignore', 'ignore_ament_install']
[0.253s] Level 1:colcon.colcon_core.package_identification:_identify(log) by extension 'ignore'
[0.253s] Level 1:colcon.colcon_core.package_identification:_identify(log) ignored
[0.253s] Level 1:colcon.colcon_core.package_identification:_identify(src) by extensions ['ignore', 'ignore_ament_install']
[0.253s] Level 1:colcon.colcon_core.package_identification:_identify(src) by extension 'ignore'
[0.253s] Level 1:colcon.colcon_core.package_identification:_identify(src) by extension 'ignore_ament_install'
[0.253s] Level 1:colcon.colcon_core.package_identification:_identify(src) by extensions ['colcon_pkg']
[0.253s] Level 1:colcon.colcon_core.package_identification:_identify(src) by extension 'colcon_pkg'
[0.253s] Level 1:colcon.colcon_core.package_identification:_identify(src) by extensions ['colcon_meta']
[0.253s] Level 1:colcon.colcon_core.package_identification:_identify(src) by extension 'colcon_meta'
[0.253s] Level 1:colcon.colcon_core.package_identification:_identify(src) by extensions ['ros']
[0.253s] Level 1:colcon.colcon_core.package_identification:_identify(src) by extension 'ros'
[0.254s] Level 1:colcon.colcon_core.package_identification:_identify(src) by extensions ['cmake', 'python']
[0.254s] Level 1:colcon.colcon_core.package_identification:_identify(src) by extension 'cmake'
[0.254s] Level 1:colcon.colcon_core.package_identification:_identify(src) by extension 'python'
[0.254s] Level 1:colcon.colcon_core.package_identification:_identify(src) by extensions ['python_setup_py']
[0.254s] Level 1:colcon.colcon_core.package_identification:_identify(src) by extension 'python_setup_py'
[0.254s] Level 1:colcon.colcon_core.package_identification:_identify(src/puzzle_solver) by extensions ['ignore', 'ignore_ament_install']
[0.254s] Level 1:colcon.colcon_core.package_identification:_identify(src/puzzle_solver) by extension 'ignore'
[0.254s] Level 1:colcon.colcon_core.package_identification:_identify(src/puzzle_solver) by extension 'ignore_ament_install'
[0.254s] Level 1:colcon.colcon_core.package_identification:_identify(src/puzzle_solver) by extensions ['colcon_pkg']
[0.254s] Level 1:colcon.colcon_core.package_identification:_identify(src/puzzle_solver) by extension 'colcon_pkg'
[0.254s] Level 1:colcon.colcon_core.package_identification:_identify(src/puzzle_solver) by extensions ['colcon_meta']
[0.254s] Level 1:colcon.colcon_core.package_identification:_identify(src/puzzle_solver) by extension 'colcon_meta'
[0.254s] Level 1:colcon.colcon_core.package_identification:_identify(src/puzzle_solver) by extensions ['ros']
[0.254s] Level 1:colcon.colcon_core.package_identification:_identify(src/puzzle_solver) by extension 'ros'
[0.258s] DEBUG:colcon.colcon_core.package_identification:Package 'src/puzzle_solver' with type 'ros.ament_cmake' and name 'puzzle_solver'
[0.258s] Level 1:colcon.colcon_core.package_identification:_identify(src/puzzle_tuner) by extensions ['ignore', 'ignore_ament_install']
[0.258s] Level 1:colcon.colcon_core.package_identification:_identify(src/puzzle_tuner) by extension 'ignore'
[0.258s] Level 1:colcon.colcon_core.package_identification:_identify(src/puzzle_tuner) by extension 'ignore_ament_install'
[0.259s] Level 1:colcon.colcon_core.package_identification:_identify(src/puzzle_tuner) by extensions ['colcon_pkg']
[0.259s] Level 1:colcon.colcon_core.package_identification:_identify(src/puzzle_tuner) by extension 'colcon_pkg'
[0.259s] Level 1:colcon.colcon_core.package_identification:_identify(src/puzzle_tuner) by extensions ['colcon_meta']
[0.259s] Level 1:colcon.colcon_core.package_identification:_identify(src/puzzle_tuner) by extension 'colcon_meta'
[0.259s] Level 1:colcon.colcon_core.package_identification:_identify(src/puzzle_tuner) by extensions ['ros']
[0.259s] Level 1:colcon.colcon_core.package_identification:_identify(src/puzzle_tuner) by extension 'ros'
[0.260s] DEBUG:colcon.colcon_core.package_identification:Package 'src/puzzle_tuner' with type 'ros.ament_cmake' and name 'puzzle_tuner'
[0.260s] Level 1:colcon.colcon_core.package_identification:_identify(src/scara_controller) by extensions ['ignore', 'ignore_ament_install']
[0.260s] Level 1:colcon.colcon_core.package_identification:_identify(src/scara_controller) by extension 'ignore'
[0.260s] Level 1:colcon.colcon_core.package_identification:_identify(src/scara_controller) by extension 'ignore_ament_install'
[0.260s] Level 1:colcon.colcon_core.package_identification:_identify(src/scara_controller) by extensions ['colcon_pkg']
[0.260s] Level 1:colcon.colcon_core.package_identification:_identify(src/scara_controller) by extension 'colcon_pkg'
[0.260s] Level 1:colcon.colcon_core.package_identification:_identify(src/scara_controller) by extensions ['colcon_meta']
[0.260s] Level 1:colcon.colcon_core.package_identification:_identify(src/scara_controller) by extension 'colcon_meta'
[0.260s] Level 1:colcon.colcon_core.package_identification:_identify(src/scara_controller) by extensions ['ros']
[0.260s] Level 1:colcon.colcon_core.package_identification:_identify(src/scara_controller) by extension 'ros'
[0.261s] DEBUG:colcon.colcon_core.package_identification:Package 'src/scara_controller' with type 'ros.ament_cmake' and name 'scara_controller'
[0.261s] Level 1:colcon.colcon_core.package_identification:_identify(src/scara_description) by extensions ['ignore', 'ignore_ament_install']
[0.261s] Level 1:colcon.colcon_core.package_identification:_identify(src/scara_description) by extension 'ignore'
[0.261s] Level 1:colcon.colcon_core.package_identification:_identify(src/scara_description) by extension 'ignore_ament_install'
[0.261s] Level 1:colcon.colcon_core.package_identification:_identify(src/scara_description) by extensions ['colcon_pkg']
[0.261s] Level 1:colcon.colcon_core.package_identification:_identify(src/scara_description) by extension 'colcon_pkg'
[0.261s] Level 1:colcon.colcon_core.package_identification:_identify(src/scara_description) by extensions ['colcon_meta']
[0.261s] Level 1:colcon.colcon_core.package_identification:_identify(src/scara_description) by extension 'colcon_meta'
[0.261s] Level 1:colcon.colcon_core.package_identification:_identify(src/scara_description) by extensions ['ros']
[0.261s] Level 1:colcon.colcon_core.package_identification:_identify(src/scara_description) by extension 'ros'
[0.262s] DEBUG:colcon.colcon_core.package_identification:Package 'src/scara_description' with type 'ros.ament_cmake' and name 'scara_description'
[0.262s] Level 1:colcon.colcon_core.package_identification:_identify(src/scara_moveit) by extensions ['ignore', 'ignore_ament_install']
[0.262s] Level 1:colcon.colcon_core.package_identification:_identify(src/scara_moveit) by extension 'ignore'
[0.262s] Level 1:colcon.colcon_core.package_identification:_identify(src/scara_moveit) by extension 'ignore_ament_install'
[0.263s] Level 1:colcon.colcon_core.package_identification:_identify(src/scara_moveit) by extensions ['colcon_pkg']
[0.263s] Level 1:colcon.colcon_core.package_identification:_identify(src/scara_moveit) by extension 'colcon_pkg'
[0.263s] Level 1:colcon.colcon_core.package_identification:_identify(src/scara_moveit) by extensions ['colcon_meta']
[0.263s] Level 1:colcon.colcon_core.package_identification:_identify(src/scara_moveit) by extension 'colcon_meta'
[0.263s] Level 1:colcon.colcon_core.package_identification:_identify(src/scara_moveit) by extensions ['ros']
[0.263s] Level 1:colcon.colcon_core.package_identification:_identify(src/scara_moveit) by extension 'ros'
[0.263s] DEBUG:colcon.colcon_core.package_identification:Package 'src/scara_moveit' with type 'ros.ament_cmake' and name 'scara_moveit'
[0.263s] Level 1:colcon.colcon_core.package_identification:_identify(src/scara_msgs) by extensions ['ignore', 'ignore_ament_install']
[0.263s] Level 1:colcon.colcon_core.package_identification:_identify(src/scara_msgs) by extension 'ignore'
[0.263s] Level 1:colcon.colcon_core.package_identification:_identify(src/scara_msgs) by extension 'ignore_ament_install'
[0.264s] Level 1:colcon.colcon_core.package_identification:_identify(src/scara_msgs) by extensions ['colcon_pkg']
[0.264s] Level 1:colcon.colcon_core.package_identification:_identify(src/scara_msgs) by extension 'colcon_pkg'
[0.264s] Level 1:colcon.colcon_core.package_identification:_identify(src/scara_msgs) by extensions ['colcon_meta']
[0.264s] Level 1:colcon.colcon_core.package_identification:_identify(src/scara_msgs) by extension 'colcon_meta'
[0.264s] Level 1:colcon.colcon_core.package_identification:_identify(src/scara_msgs) by extensions ['ros']
[0.264s] Level 1:colcon.colcon_core.package_identification:_identify(src/scara_msgs) by extension 'ros'
[0.264s] DEBUG:colcon.colcon_core.package_identification:Package 'src/scara_msgs' with type 'ros.ament_cmake' and name 'scara_msgs'
[0.264s] Level 1:colcon.colcon_core.package_identification:_identify(src/scara_utils) by extensions ['ignore', 'ignore_ament_install']
[0.265s] Level 1:colcon.colcon_core.package_identification:_identify(src/scara_utils) by extension 'ignore'
[0.265s] Level 1:colcon.colcon_core.package_identification:_identify(src/scara_utils) by extension 'ignore_ament_install'
[0.265s] Level 1:colcon.colcon_core.package_identification:_identify(src/scara_utils) by extensions ['colcon_pkg']
[0.265s] Level 1:colcon.colcon_core.package_identification:_identify(src/scara_utils) by extension 'colcon_pkg'
[0.265s] Level 1:colcon.colcon_core.package_identification:_identify(src/scara_utils) by extensions ['colcon_meta']
[0.265s] Level 1:colcon.colcon_core.package_identification:_identify(src/scara_utils) by extension 'colcon_meta'
[0.265s] Level 1:colcon.colcon_core.package_identification:_identify(src/scara_utils) by extensions ['ros']
[0.265s] Level 1:colcon.colcon_core.package_identification:_identify(src/scara_utils) by extension 'ros'
[0.266s] DEBUG:colcon.colcon_core.package_identification:Package 'src/scara_utils' with type 'ros.ament_cmake' and name 'scara_utils'
[0.266s] Level 1:colcon.colcon_core.package_discovery:discover_packages(recursive) using defaults
[0.266s] Level 1:colcon.colcon_core.package_discovery:discover_packages(ignore) discover
[0.266s] Level 1:colcon.colcon_core.package_discovery:discover_packages(ignore) using defaults
[0.266s] Level 1:colcon.colcon_core.package_discovery:discover_packages(path) discover
[0.266s] Level 1:colcon.colcon_core.package_discovery:discover_packages(path) using defaults
[0.291s] Level 1:colcon.colcon_core.package_discovery:discover_packages(prefix_path) check parameters
[0.291s] Level 1:colcon.colcon_core.package_discovery:discover_packages(prefix_path) discover
[0.293s] DEBUG:colcon.colcon_installed_package_information.package_discovery:Found 7 installed packages in /home/wojciech/Workspaces/ROS2/SCARA/install
[0.296s] DEBUG:colcon.colcon_installed_package_information.package_discovery:Found 432 installed packages in /opt/ros/jazzy
[0.299s] Level 1:colcon.colcon_core.package_discovery:discover_packages(prefix_path) using defaults
[0.379s] Level 5:colcon.colcon_core.verb:set package 'puzzle_solver' build argument 'cmake_args' from command line to 'None'
[0.379s] Level 5:colcon.colcon_core.verb:set package 'puzzle_solver' build argument 'cmake_target' from command line to 'None'
[0.379s] Level 5:colcon.colcon_core.verb:set package 'puzzle_solver' build argument 'cmake_target_skip_unavailable' from command line to 'False'
[0.379s] Level 5:colcon.colcon_core.verb:set package 'puzzle_solver' build argument 'cmake_clean_cache' from command line to 'False'
[0.379s] Level 5:colcon.colcon_core.verb:set package 'puzzle_solver' build argument 'cmake_clean_first' from command line to 'False'
[0.379s] Level 5:colcon.colcon_core.verb:set package 'puzzle_solver' build argument 'cmake_force_configure' from command line to 'False'
[0.379s] Level 5:colcon.colcon_core.verb:set package 'puzzle_solver' build argument 'ament_cmake_args' from command line to 'None'
[0.379s] Level 5:colcon.colcon_core.verb:set package 'puzzle_solver' build argument 'catkin_cmake_args' from command line to 'None'
[0.379s] Level 5:colcon.colcon_core.verb:set package 'puzzle_solver' build argument 'catkin_skip_building_tests' from command line to 'False'
[0.379s] DEBUG:colcon.colcon_core.verb:Building package 'puzzle_solver' with the following arguments: {'ament_cmake_args': None, 'build_base': '/home/wojciech/Workspaces/ROS2/SCARA/build/puzzle_solver', 'catkin_cmake_args': None, 'catkin_skip_building_tests': False, 'cmake_args': None, 'cmake_clean_cache': False, 'cmake_clean_first': False, 'cmake_force_configure': False, 'cmake_target': None, 'cmake_target_skip_unavailable': False, 'install_base': '/home/wojciech/Workspaces/ROS2/SCARA/install/puzzle_solver', 'merge_install': False, 'path': '/home/wojciech/Workspaces/ROS2/SCARA/src/puzzle_solver', 'symlink_install': False, 'test_result_base': None}
[0.380s] Level 5:colcon.colcon_core.verb:set package 'puzzle_tuner' build argument 'cmake_args' from command line to 'None'
[0.380s] Level 5:colcon.colcon_core.verb:set package 'puzzle_tuner' build argument 'cmake_target' from command line to 'None'
[0.380s] Level 5:colcon.colcon_core.verb:set package 'puzzle_tuner' build argument 'cmake_target_skip_unavailable' from command line to 'False'
[0.380s] Level 5:colcon.colcon_core.verb:set package 'puzzle_tuner' build argument 'cmake_clean_cache' from command line to 'False'
[0.380s] Level 5:colcon.colcon_core.verb:set package 'puzzle_tuner' build argument 'cmake_clean_first' from command line to 'False'
[0.380s] Level 5:colcon.colcon_core.verb:set package 'puzzle_tuner' build argument 'cmake_force_configure' from command line to 'False'
[0.380s] Level 5:colcon.colcon_core.verb:set package 'puzzle_tuner' build argument 'ament_cmake_args' from command line to 'None'
[0.380s] Level 5:colcon.colcon_core.verb:set package 'puzzle_tuner' build argument 'catkin_cmake_args' from command line to 'None'
[0.380s] Level 5:colcon.colcon_core.verb:set package 'puzzle_tuner' build argument 'catkin_skip_building_tests' from command line to 'False'
[0.380s] DEBUG:colcon.colcon_core.verb:Building package 'puzzle_tuner' with the following arguments: {'ament_cmake_args': None, 'build_base': '/home/wojciech/Workspaces/ROS2/SCARA/build/puzzle_tuner', 'catkin_cmake_args': None, 'catkin_skip_building_tests': False, 'cmake_args': None, 'cmake_clean_cache': False, 'cmake_clean_first': False, 'cmake_force_configure': False, 'cmake_target': None, 'cmake_target_skip_unavailable': False, 'install_base': '/home/wojciech/Workspaces/ROS2/SCARA/install/puzzle_tuner', 'merge_install': False, 'path': '/home/wojciech/Workspaces/ROS2/SCARA/src/puzzle_tuner', 'symlink_install': False, 'test_result_base': None}
[0.380s] Level 5:colcon.colcon_core.verb:set package 'scara_controller' build argument 'cmake_args' from command line to 'None'
[0.380s] Level 5:colcon.colcon_core.verb:set package 'scara_controller' build argument 'cmake_target' from command line to 'None'
[0.380s] Level 5:colcon.colcon_core.verb:set package 'scara_controller' build argument 'cmake_target_skip_unavailable' from command line to 'False'
[0.380s] Level 5:colcon.colcon_core.verb:set package 'scara_controller' build argument 'cmake_clean_cache' from command line to 'False'
[0.380s] Level 5:colcon.colcon_core.verb:set package 'scara_controller' build argument 'cmake_clean_first' from command line to 'False'
[0.380s] Level 5:colcon.colcon_core.verb:set package 'scara_controller' build argument 'cmake_force_configure' from command line to 'False'
[0.380s] Level 5:colcon.colcon_core.verb:set package 'scara_controller' build argument 'ament_cmake_args' from command line to 'None'
[0.380s] Level 5:colcon.colcon_core.verb:set package 'scara_controller' build argument 'catkin_cmake_args' from command line to 'None'
[0.380s] Level 5:colcon.colcon_core.verb:set package 'scara_controller' build argument 'catkin_skip_building_tests' from command line to 'False'
[0.380s] DEBUG:colcon.colcon_core.verb:Building package 'scara_controller' with the following arguments: {'ament_cmake_args': None, 'build_base': '/home/wojciech/Workspaces/ROS2/SCARA/build/scara_controller', 'catkin_cmake_args': None, 'catkin_skip_building_tests': False, 'cmake_args': None, 'cmake_clean_cache': False, 'cmake_clean_first': False, 'cmake_force_configure': False, 'cmake_target': None, 'cmake_target_skip_unavailable': False, 'install_base': '/home/wojciech/Workspaces/ROS2/SCARA/install/scara_controller', 'merge_install': False, 'path': '/home/wojciech/Workspaces/ROS2/SCARA/src/scara_controller', 'symlink_install': False, 'test_result_base': None}
[0.381s] Level 5:colcon.colcon_core.verb:set package 'scara_description' build argument 'cmake_args' from command line to 'None'
[0.381s] Level 5:colcon.colcon_core.verb:set package 'scara_description' build argument 'cmake_target' from command line to 'None'
[0.381s] Level 5:colcon.colcon_core.verb:set package 'scara_description' build argument 'cmake_target_skip_unavailable' from command line to 'False'
[0.381s] Level 5:colcon.colcon_core.verb:set package 'scara_description' build argument 'cmake_clean_cache' from command line to 'False'
[0.381s] Level 5:colcon.colcon_core.verb:set package 'scara_description' build argument 'cmake_clean_first' from command line to 'False'
[0.381s] Level 5:colcon.colcon_core.verb:set package 'scara_description' build argument 'cmake_force_configure' from command line to 'False'
[0.381s] Level 5:colcon.colcon_core.verb:set package 'scara_description' build argument 'ament_cmake_args' from command line to 'None'
[0.381s] Level 5:colcon.colcon_core.verb:set package 'scara_description' build argument 'catkin_cmake_args' from command line to 'None'
[0.381s] Level 5:colcon.colcon_core.verb:set package 'scara_description' build argument 'catkin_skip_building_tests' from command line to 'False'
[0.381s] DEBUG:colcon.colcon_core.verb:Building package 'scara_description' with the following arguments: {'ament_cmake_args': None, 'build_base': '/home/wojciech/Workspaces/ROS2/SCARA/build/scara_description', 'catkin_cmake_args': None, 'catkin_skip_building_tests': False, 'cmake_args': None, 'cmake_clean_cache': False, 'cmake_clean_first': False, 'cmake_force_configure': False, 'cmake_target': None, 'cmake_target_skip_unavailable': False, 'install_base': '/home/wojciech/Workspaces/ROS2/SCARA/install/scara_description', 'merge_install': False, 'path': '/home/wojciech/Workspaces/ROS2/SCARA/src/scara_description', 'symlink_install': False, 'test_result_base': None}
[0.381s] Level 5:colcon.colcon_core.verb:set package 'scara_moveit' build argument 'cmake_args' from command line to 'None'
[0.381s] Level 5:colcon.colcon_core.verb:set package 'scara_moveit' build argument 'cmake_target' from command line to 'None'
[0.381s] Level 5:colcon.colcon_core.verb:set package 'scara_moveit' build argument 'cmake_target_skip_unavailable' from command line to 'False'
[0.381s] Level 5:colcon.colcon_core.verb:set package 'scara_moveit' build argument 'cmake_clean_cache' from command line to 'False'
[0.381s] Level 5:colcon.colcon_core.verb:set package 'scara_moveit' build argument 'cmake_clean_first' from command line to 'False'
[0.381s] Level 5:colcon.colcon_core.verb:set package 'scara_moveit' build argument 'cmake_force_configure' from command line to 'False'
[0.381s] Level 5:colcon.colcon_core.verb:set package 'scara_moveit' build argument 'ament_cmake_args' from command line to 'None'
[0.382s] Level 5:colcon.colcon_core.verb:set package 'scara_moveit' build argument 'catkin_cmake_args' from command line to 'None'
[0.382s] Level 5:colcon.colcon_core.verb:set package 'scara_moveit' build argument 'catkin_skip_building_tests' from command line to 'False'
[0.382s] DEBUG:colcon.colcon_core.verb:Building package 'scara_moveit' with the following arguments: {'ament_cmake_args': None, 'build_base': '/home/wojciech/Workspaces/ROS2/SCARA/build/scara_moveit', 'catkin_cmake_args': None, 'catkin_skip_building_tests': False, 'cmake_args': None, 'cmake_clean_cache': False, 'cmake_clean_first': False, 'cmake_force_configure': False, 'cmake_target': None, 'cmake_target_skip_unavailable': False, 'install_base': '/home/wojciech/Workspaces/ROS2/SCARA/install/scara_moveit', 'merge_install': False, 'path': '/home/wojciech/Workspaces/ROS2/SCARA/src/scara_moveit', 'symlink_install': False, 'test_result_base': None}
[0.382s] Level 5:colcon.colcon_core.verb:set package 'scara_msgs' build argument 'cmake_args' from command line to 'None'
[0.382s] Level 5:colcon.colcon_core.verb:set package 'scara_msgs' build argument 'cmake_target' from command line to 'None'
[0.382s] Level 5:colcon.colcon_core.verb:set package 'scara_msgs' build argument 'cmake_target_skip_unavailable' from command line to 'False'
[0.382s] Level 5:colcon.colcon_core.verb:set package 'scara_msgs' build argument 'cmake_clean_cache' from command line to 'False'
[0.382s] Level 5:colcon.colcon_core.verb:set package 'scara_msgs' build argument 'cmake_clean_first' from command line to 'False'
[0.382s] Level 5:colcon.colcon_core.verb:set package 'scara_msgs' build argument 'cmake_force_configure' from command line to 'False'
[0.382s] Level 5:colcon.colcon_core.verb:set package 'scara_msgs' build argument 'ament_cmake_args' from command line to 'None'
[0.382s] Level 5:colcon.colcon_core.verb:set package 'scara_msgs' build argument 'catkin_cmake_args' from command line to 'None'
[0.382s] Level 5:colcon.colcon_core.verb:set package 'scara_msgs' build argument 'catkin_skip_building_tests' from command line to 'False'
[0.382s] DEBUG:colcon.colcon_core.verb:Building package 'scara_msgs' with the following arguments: {'ament_cmake_args': None, 'build_base': '/home/wojciech/Workspaces/ROS2/SCARA/build/scara_msgs', 'catkin_cmake_args': None, 'catkin_skip_building_tests': False, 'cmake_args': None, 'cmake_clean_cache': False, 'cmake_clean_first': False, 'cmake_force_configure': False, 'cmake_target': None, 'cmake_target_skip_unavailable': False, 'install_base': '/home/wojciech/Workspaces/ROS2/SCARA/install/scara_msgs', 'merge_install': False, 'path': '/home/wojciech/Workspaces/ROS2/SCARA/src/scara_msgs', 'symlink_install': False, 'test_result_base': None}
[0.382s] Level 5:colcon.colcon_core.verb:set package 'scara_utils' build argument 'cmake_args' from command line to 'None'
[0.382s] Level 5:colcon.colcon_core.verb:set package 'scara_utils' build argument 'cmake_target' from command line to 'None'
[0.382s] Level 5:colcon.colcon_core.verb:set package 'scara_utils' build argument 'cmake_target_skip_unavailable' from command line to 'False'
[0.382s] Level 5:colcon.colcon_core.verb:set package 'scara_utils' build argument 'cmake_clean_cache' from command line to 'False'
[0.383s] Level 5:colcon.colcon_core.verb:set package 'scara_utils' build argument 'cmake_clean_first' from command line to 'False'
[0.383s] Level 5:colcon.colcon_core.verb:set package 'scara_utils' build argument 'cmake_force_configure' from command line to 'False'
[0.383s] Level 5:colcon.colcon_core.verb:set package 'scara_utils' build argument 'ament_cmake_args' from command line to 'None'
[0.383s] Level 5:colcon.colcon_core.verb:set package 'scara_utils' build argument 'catkin_cmake_args' from command line to 'None'
[0.383s] Level 5:colcon.colcon_core.verb:set package 'scara_utils' build argument 'catkin_skip_building_tests' from command line to 'False'
[0.383s] DEBUG:colcon.colcon_core.verb:Building package 'scara_utils' with the following arguments: {'ament_cmake_args': None, 'build_base': '/home/wojciech/Workspaces/ROS2/SCARA/build/scara_utils', 'catkin_cmake_args': None, 'catkin_skip_building_tests': False, 'cmake_args': None, 'cmake_clean_cache': False, 'cmake_clean_first': False, 'cmake_force_configure': False, 'cmake_target': None, 'cmake_target_skip_unavailable': False, 'install_base': '/home/wojciech/Workspaces/ROS2/SCARA/install/scara_utils', 'merge_install': False, 'path': '/home/wojciech/Workspaces/ROS2/SCARA/src/scara_utils', 'symlink_install': False, 'test_result_base': None}
[0.383s] INFO:colcon.colcon_core.executor:Executing jobs using 'parallel' executor
[0.384s] DEBUG:colcon.colcon_parallel_executor.executor.parallel:run_until_complete
[0.384s] INFO:colcon.colcon_ros.task.ament_cmake.build:Building ROS package in '/home/wojciech/Workspaces/ROS2/SCARA/src/scara_msgs' with build type 'ament_cmake'
[0.385s] INFO:colcon.colcon_cmake.task.cmake.build:Building CMake package in '/home/wojciech/Workspaces/ROS2/SCARA/src/scara_msgs'
[0.387s] INFO:colcon.colcon_core.plugin_system:Skipping extension 'colcon_core.shell.bat': Not used on non-Windows systems
[0.387s] INFO:colcon.colcon_core.shell:Skip shell extension 'powershell' for command environment: Not usable outside of PowerShell
[0.387s] DEBUG:colcon.colcon_core.shell:Skip shell extension 'dsv' for command environment
[0.394s] INFO:colcon.colcon_ros.task.ament_cmake.build:Building ROS package in '/home/wojciech/Workspaces/ROS2/SCARA/src/puzzle_solver' with build type 'ament_cmake'
[0.394s] INFO:colcon.colcon_cmake.task.cmake.build:Building CMake package in '/home/wojciech/Workspaces/ROS2/SCARA/src/puzzle_solver'
[0.394s] INFO:colcon.colcon_core.shell:Skip shell extension 'powershell' for command environment: Not usable outside of PowerShell
[0.394s] DEBUG:colcon.colcon_core.shell:Skip shell extension 'dsv' for command environment
[0.401s] INFO:colcon.colcon_ros.task.ament_cmake.build:Building ROS package in '/home/wojciech/Workspaces/ROS2/SCARA/src/puzzle_tuner' with build type 'ament_cmake'
[0.401s] INFO:colcon.colcon_cmake.task.cmake.build:Building CMake package in '/home/wojciech/Workspaces/ROS2/SCARA/src/puzzle_tuner'
[0.402s] INFO:colcon.colcon_core.shell:Skip shell extension 'powershell' for command environment: Not usable outside of PowerShell
[0.402s] DEBUG:colcon.colcon_core.shell:Skip shell extension 'dsv' for command environment
[0.408s] INFO:colcon.colcon_ros.task.ament_cmake.build:Building ROS package in '/home/wojciech/Workspaces/ROS2/SCARA/src/scara_controller' with build type 'ament_cmake'
[0.408s] INFO:colcon.colcon_cmake.task.cmake.build:Building CMake package in '/home/wojciech/Workspaces/ROS2/SCARA/src/scara_controller'
[0.409s] INFO:colcon.colcon_core.shell:Skip shell extension 'powershell' for command environment: Not usable outside of PowerShell
[0.409s] DEBUG:colcon.colcon_core.shell:Skip shell extension 'dsv' for command environment
[0.422s] DEBUG:colcon.colcon_core.event_handler.log_command:Invoking command in '/home/wojciech/Workspaces/ROS2/SCARA/build/scara_msgs': CMAKE_PREFIX_PATH=${CMAKE_PREFIX_PATH}:/opt/ros/jazzy DEBUGINFOD_URLS=https://debuginfod.ubuntu.com /usr/bin/cmake --build /home/wojciech/Workspaces/ROS2/SCARA/build/scara_msgs -- -j4 -l4
[0.431s] DEBUG:colcon.colcon_core.event_handler.log_command:Invoking command in '/home/wojciech/Workspaces/ROS2/SCARA/build/puzzle_solver': CMAKE_PREFIX_PATH=${CMAKE_PREFIX_PATH}:/opt/ros/jazzy DEBUGINFOD_URLS=https://debuginfod.ubuntu.com /usr/bin/cmake --build /home/wojciech/Workspaces/ROS2/SCARA/build/puzzle_solver -- -j4 -l4
[0.438s] DEBUG:colcon.colcon_core.event_handler.log_command:Invoking command in '/home/wojciech/Workspaces/ROS2/SCARA/build/puzzle_tuner': CMAKE_PREFIX_PATH=${CMAKE_PREFIX_PATH}:/opt/ros/jazzy DEBUGINFOD_URLS=https://debuginfod.ubuntu.com /usr/bin/cmake --build /home/wojciech/Workspaces/ROS2/SCARA/build/puzzle_tuner -- -j4 -l4
[0.476s] DEBUG:colcon.colcon_core.event_handler.log_command:Invoking command in '/home/wojciech/Workspaces/ROS2/SCARA/build/scara_controller': CMAKE_PREFIX_PATH=${CMAKE_PREFIX_PATH}:/opt/ros/jazzy DEBUGINFOD_URLS=https://debuginfod.ubuntu.com /usr/bin/cmake --build /home/wojciech/Workspaces/ROS2/SCARA/build/scara_controller -- -j4 -l4
[0.655s] DEBUG:colcon.colcon_core.event_handler.log_command:Invoked command in '/home/wojciech/Workspaces/ROS2/SCARA/build/puzzle_tuner' returned '0': CMAKE_PREFIX_PATH=${CMAKE_PREFIX_PATH}:/opt/ros/jazzy DEBUGINFOD_URLS=https://debuginfod.ubuntu.com /usr/bin/cmake --build /home/wojciech/Workspaces/ROS2/SCARA/build/puzzle_tuner -- -j4 -l4
[0.722s] DEBUG:colcon.colcon_core.event_handler.log_command:Invoking command in '/home/wojciech/Workspaces/ROS2/SCARA/build/puzzle_tuner': CMAKE_PREFIX_PATH=${CMAKE_PREFIX_PATH}:/opt/ros/jazzy DEBUGINFOD_URLS=https://debuginfod.ubuntu.com /usr/bin/cmake --install /home/wojciech/Workspaces/ROS2/SCARA/build/puzzle_tuner
[0.741s] DEBUG:colcon.colcon_core.event_handler.log_command:Invoked command in '/home/wojciech/Workspaces/ROS2/SCARA/build/scara_controller' returned '0': CMAKE_PREFIX_PATH=${CMAKE_PREFIX_PATH}:/opt/ros/jazzy DEBUGINFOD_URLS=https://debuginfod.ubuntu.com /usr/bin/cmake --build /home/wojciech/Workspaces/ROS2/SCARA/build/scara_controller -- -j4 -l4
[0.742s] DEBUG:colcon.colcon_core.event_handler.log_command:Invoking command in '/home/wojciech/Workspaces/ROS2/SCARA/build/scara_controller': CMAKE_PREFIX_PATH=${CMAKE_PREFIX_PATH}:/opt/ros/jazzy DEBUGINFOD_URLS=https://debuginfod.ubuntu.com /usr/bin/cmake --install /home/wojciech/Workspaces/ROS2/SCARA/build/scara_controller
[0.758s] Level 1:colcon.colcon_core.environment:create_environment_scripts_only(puzzle_tuner)
[0.766s] Level 1:colcon.colcon_core.environment:checking '/home/wojciech/Workspaces/ROS2/SCARA/install/puzzle_tuner' for CMake module files
[0.767s] DEBUG:colcon.colcon_core.event_handler.log_command:Invoked command in '/home/wojciech/Workspaces/ROS2/SCARA/build/puzzle_tuner' returned '0': CMAKE_PREFIX_PATH=${CMAKE_PREFIX_PATH}:/opt/ros/jazzy DEBUGINFOD_URLS=https://debuginfod.ubuntu.com /usr/bin/cmake --install /home/wojciech/Workspaces/ROS2/SCARA/build/puzzle_tuner
[0.768s] Level 1:colcon.colcon_core.environment:checking '/home/wojciech/Workspaces/ROS2/SCARA/install/puzzle_tuner' for CMake config files
[0.769s] Level 1:colcon.colcon_core.shell:create_environment_hook('puzzle_tuner', 'cmake_prefix_path')
[0.769s] INFO:colcon.colcon_core.shell:Creating environment hook '/home/wojciech/Workspaces/ROS2/SCARA/install/puzzle_tuner/share/puzzle_tuner/hook/cmake_prefix_path.ps1'
[0.770s] INFO:colcon.colcon_core.shell:Creating environment descriptor '/home/wojciech/Workspaces/ROS2/SCARA/install/puzzle_tuner/share/puzzle_tuner/hook/cmake_prefix_path.dsv'
[0.771s] INFO:colcon.colcon_core.shell:Creating environment hook '/home/wojciech/Workspaces/ROS2/SCARA/install/puzzle_tuner/share/puzzle_tuner/hook/cmake_prefix_path.sh'
[0.772s] Level 1:colcon.colcon_core.environment:checking '/home/wojciech/Workspaces/ROS2/SCARA/install/puzzle_tuner/bin'
[0.773s] Level 1:colcon.colcon_core.environment:checking '/home/wojciech/Workspaces/ROS2/SCARA/install/puzzle_tuner/lib/pkgconfig/puzzle_tuner.pc'
[0.773s] Level 1:colcon.colcon_core.environment:checking '/home/wojciech/Workspaces/ROS2/SCARA/install/puzzle_tuner/lib/python3.12/site-packages'
[0.773s] Level 1:colcon.colcon_core.environment:checking '/home/wojciech/Workspaces/ROS2/SCARA/install/puzzle_tuner/bin'
[0.774s] INFO:colcon.colcon_core.shell:Creating package script '/home/wojciech/Workspaces/ROS2/SCARA/install/puzzle_tuner/share/puzzle_tuner/package.ps1'
[0.775s] INFO:colcon.colcon_core.shell:Creating package descriptor '/home/wojciech/Workspaces/ROS2/SCARA/install/puzzle_tuner/share/puzzle_tuner/package.dsv'
[0.776s] INFO:colcon.colcon_core.shell:Creating package script '/home/wojciech/Workspaces/ROS2/SCARA/install/puzzle_tuner/share/puzzle_tuner/package.sh'
[0.777s] INFO:colcon.colcon_core.shell:Creating package script '/home/wojciech/Workspaces/ROS2/SCARA/install/puzzle_tuner/share/puzzle_tuner/package.bash'
[0.779s] INFO:colcon.colcon_core.shell:Creating package script '/home/wojciech/Workspaces/ROS2/SCARA/install/puzzle_tuner/share/puzzle_tuner/package.zsh'
[0.780s] Level 1:colcon.colcon_core.environment:create_file_with_runtime_dependencies(/home/wojciech/Workspaces/ROS2/SCARA/install/puzzle_tuner/share/colcon-core/packages/puzzle_tuner)
[0.781s] Level 1:colcon.colcon_core.environment:create_environment_scripts_only(puzzle_tuner)
[0.781s] Level 1:colcon.colcon_core.environment:checking '/home/wojciech/Workspaces/ROS2/SCARA/install/puzzle_tuner' for CMake module files
[0.782s] Level 1:colcon.colcon_core.environment:checking '/home/wojciech/Workspaces/ROS2/SCARA/install/puzzle_tuner' for CMake config files
[0.783s] Level 1:colcon.colcon_core.shell:create_environment_hook('puzzle_tuner', 'cmake_prefix_path')
[0.783s] INFO:colcon.colcon_core.shell:Creating environment hook '/home/wojciech/Workspaces/ROS2/SCARA/install/puzzle_tuner/share/puzzle_tuner/hook/cmake_prefix_path.ps1'
[0.784s] INFO:colcon.colcon_core.shell:Creating environment descriptor '/home/wojciech/Workspaces/ROS2/SCARA/install/puzzle_tuner/share/puzzle_tuner/hook/cmake_prefix_path.dsv'
[0.785s] INFO:colcon.colcon_core.shell:Creating environment hook '/home/wojciech/Workspaces/ROS2/SCARA/install/puzzle_tuner/share/puzzle_tuner/hook/cmake_prefix_path.sh'
[0.786s] Level 1:colcon.colcon_core.environment:checking '/home/wojciech/Workspaces/ROS2/SCARA/install/puzzle_tuner/bin'
[0.786s] Level 1:colcon.colcon_core.environment:checking '/home/wojciech/Workspaces/ROS2/SCARA/install/puzzle_tuner/lib/pkgconfig/puzzle_tuner.pc'
[0.787s] Level 1:colcon.colcon_core.environment:checking '/home/wojciech/Workspaces/ROS2/SCARA/install/puzzle_tuner/lib/python3.12/site-packages'
[0.787s] Level 1:colcon.colcon_core.environment:checking '/home/wojciech/Workspaces/ROS2/SCARA/install/puzzle_tuner/bin'
[0.788s] INFO:colcon.colcon_core.shell:Creating package script '/home/wojciech/Workspaces/ROS2/SCARA/install/puzzle_tuner/share/puzzle_tuner/package.ps1'
[0.788s] INFO:colcon.colcon_core.shell:Creating package descriptor '/home/wojciech/Workspaces/ROS2/SCARA/install/puzzle_tuner/share/puzzle_tuner/package.dsv'
[0.789s] INFO:colcon.colcon_core.shell:Creating package script '/home/wojciech/Workspaces/ROS2/SCARA/install/puzzle_tuner/share/puzzle_tuner/package.sh'
[0.793s] INFO:colcon.colcon_core.shell:Creating package script '/home/wojciech/Workspaces/ROS2/SCARA/install/puzzle_tuner/share/puzzle_tuner/package.bash'
[0.793s] INFO:colcon.colcon_core.shell:Creating package script '/home/wojciech/Workspaces/ROS2/SCARA/install/puzzle_tuner/share/puzzle_tuner/package.zsh'
[0.796s] Level 1:colcon.colcon_core.environment:create_file_with_runtime_dependencies(/home/wojciech/Workspaces/ROS2/SCARA/install/puzzle_tuner/share/colcon-core/packages/puzzle_tuner)
[0.800s] INFO:colcon.colcon_ros.task.ament_cmake.build:Building ROS package in '/home/wojciech/Workspaces/ROS2/SCARA/src/scara_description' with build type 'ament_cmake'
[0.800s] INFO:colcon.colcon_cmake.task.cmake.build:Building CMake package in '/home/wojciech/Workspaces/ROS2/SCARA/src/scara_description'
[0.800s] INFO:colcon.colcon_core.shell:Skip shell extension 'powershell' for command environment: Not usable outside of PowerShell
[0.800s] DEBUG:colcon.colcon_core.shell:Skip shell extension 'dsv' for command environment
[0.833s] DEBUG:colcon.colcon_core.event_handler.log_command:Invoking command in '/home/wojciech/Workspaces/ROS2/SCARA/build/scara_description': CMAKE_PREFIX_PATH=${CMAKE_PREFIX_PATH}:/opt/ros/jazzy DEBUGINFOD_URLS=https://debuginfod.ubuntu.com /usr/bin/cmake --build /home/wojciech/Workspaces/ROS2/SCARA/build/scara_description -- -j4 -l4
[0.839s] Level 1:colcon.colcon_core.environment:create_environment_scripts_only(scara_controller)
[0.839s] Level 1:colcon.colcon_core.environment:checking '/home/wojciech/Workspaces/ROS2/SCARA/install/scara_controller' for CMake module files
[0.840s] Level 1:colcon.colcon_core.environment:checking '/home/wojciech/Workspaces/ROS2/SCARA/install/scara_controller' for CMake config files
[0.841s] Level 1:colcon.colcon_core.shell:create_environment_hook('scara_controller', 'cmake_prefix_path')
[0.841s] INFO:colcon.colcon_core.shell:Creating environment hook '/home/wojciech/Workspaces/ROS2/SCARA/install/scara_controller/share/scara_controller/hook/cmake_prefix_path.ps1'
[0.845s] DEBUG:colcon.colcon_core.event_handler.log_command:Invoked command in '/home/wojciech/Workspaces/ROS2/SCARA/build/scara_controller' returned '0': CMAKE_PREFIX_PATH=${CMAKE_PREFIX_PATH}:/opt/ros/jazzy DEBUGINFOD_URLS=https://debuginfod.ubuntu.com /usr/bin/cmake --install /home/wojciech/Workspaces/ROS2/SCARA/build/scara_controller
[0.846s] INFO:colcon.colcon_core.shell:Creating environment descriptor '/home/wojciech/Workspaces/ROS2/SCARA/install/scara_controller/share/scara_controller/hook/cmake_prefix_path.dsv'
[0.846s] INFO:colcon.colcon_core.shell:Creating environment hook '/home/wojciech/Workspaces/ROS2/SCARA/install/scara_controller/share/scara_controller/hook/cmake_prefix_path.sh'
[0.849s] Level 1:colcon.colcon_core.environment:checking '/home/wojciech/Workspaces/ROS2/SCARA/install/scara_controller/bin'
[0.853s] Level 1:colcon.colcon_core.environment:checking '/home/wojciech/Workspaces/ROS2/SCARA/install/scara_controller/lib/pkgconfig/scara_controller.pc'
[0.855s] Level 1:colcon.colcon_core.environment:checking '/home/wojciech/Workspaces/ROS2/SCARA/install/scara_controller/lib/python3.12/site-packages'
[0.855s] Level 1:colcon.colcon_core.environment:checking '/home/wojciech/Workspaces/ROS2/SCARA/install/scara_controller/bin'
[0.861s] INFO:colcon.colcon_core.shell:Creating package script '/home/wojciech/Workspaces/ROS2/SCARA/install/scara_controller/share/scara_controller/package.ps1'
[0.862s] INFO:colcon.colcon_core.shell:Creating package descriptor '/home/wojciech/Workspaces/ROS2/SCARA/install/scara_controller/share/scara_controller/package.dsv'
[0.863s] INFO:colcon.colcon_core.shell:Creating package script '/home/wojciech/Workspaces/ROS2/SCARA/install/scara_controller/share/scara_controller/package.sh'
[0.864s] INFO:colcon.colcon_core.shell:Creating package script '/home/wojciech/Workspaces/ROS2/SCARA/install/scara_controller/share/scara_controller/package.bash'
[0.874s] INFO:colcon.colcon_core.shell:Creating package script '/home/wojciech/Workspaces/ROS2/SCARA/install/scara_controller/share/scara_controller/package.zsh'
[0.875s] Level 1:colcon.colcon_core.environment:create_file_with_runtime_dependencies(/home/wojciech/Workspaces/ROS2/SCARA/install/scara_controller/share/colcon-core/packages/scara_controller)
[0.876s] Level 1:colcon.colcon_core.environment:create_environment_scripts_only(scara_controller)
[0.876s] Level 1:colcon.colcon_core.environment:checking '/home/wojciech/Workspaces/ROS2/SCARA/install/scara_controller' for CMake module files
[0.887s] Level 1:colcon.colcon_core.environment:checking '/home/wojciech/Workspaces/ROS2/SCARA/install/scara_controller' for CMake config files
[0.887s] Level 1:colcon.colcon_core.shell:create_environment_hook('scara_controller', 'cmake_prefix_path')
[0.888s] INFO:colcon.colcon_core.shell:Creating environment hook '/home/wojciech/Workspaces/ROS2/SCARA/install/scara_controller/share/scara_controller/hook/cmake_prefix_path.ps1'
[0.892s] INFO:colcon.colcon_core.shell:Creating environment descriptor '/home/wojciech/Workspaces/ROS2/SCARA/install/scara_controller/share/scara_controller/hook/cmake_prefix_path.dsv'
[0.893s] INFO:colcon.colcon_core.shell:Creating environment hook '/home/wojciech/Workspaces/ROS2/SCARA/install/scara_controller/share/scara_controller/hook/cmake_prefix_path.sh'
[0.894s] Level 1:colcon.colcon_core.environment:checking '/home/wojciech/Workspaces/ROS2/SCARA/install/scara_controller/bin'
[0.894s] Level 1:colcon.colcon_core.environment:checking '/home/wojciech/Workspaces/ROS2/SCARA/install/scara_controller/lib/pkgconfig/scara_controller.pc'
[0.894s] Level 1:colcon.colcon_core.environment:checking '/home/wojciech/Workspaces/ROS2/SCARA/install/scara_controller/lib/python3.12/site-packages'
[0.894s] Level 1:colcon.colcon_core.environment:checking '/home/wojciech/Workspaces/ROS2/SCARA/install/scara_controller/bin'
[0.903s] INFO:colcon.colcon_core.shell:Creating package script '/home/wojciech/Workspaces/ROS2/SCARA/install/scara_controller/share/scara_controller/package.ps1'
[0.904s] INFO:colcon.colcon_core.shell:Creating package descriptor '/home/wojciech/Workspaces/ROS2/SCARA/install/scara_controller/share/scara_controller/package.dsv'
[0.905s] INFO:colcon.colcon_core.shell:Creating package script '/home/wojciech/Workspaces/ROS2/SCARA/install/scara_controller/share/scara_controller/package.sh'
[0.911s] INFO:colcon.colcon_core.shell:Creating package script '/home/wojciech/Workspaces/ROS2/SCARA/install/scara_controller/share/scara_controller/package.bash'
[0.920s] INFO:colcon.colcon_core.shell:Creating package script '/home/wojciech/Workspaces/ROS2/SCARA/install/scara_controller/share/scara_controller/package.zsh'
[0.922s] Level 1:colcon.colcon_core.environment:create_file_with_runtime_dependencies(/home/wojciech/Workspaces/ROS2/SCARA/install/scara_controller/share/colcon-core/packages/scara_controller)
[0.931s] INFO:colcon.colcon_ros.task.ament_cmake.build:Building ROS package in '/home/wojciech/Workspaces/ROS2/SCARA/src/scara_moveit' with build type 'ament_cmake'
[0.931s] INFO:colcon.colcon_cmake.task.cmake.build:Building CMake package in '/home/wojciech/Workspaces/ROS2/SCARA/src/scara_moveit'
[0.932s] INFO:colcon.colcon_core.shell:Skip shell extension 'powershell' for command environment: Not usable outside of PowerShell
[0.932s] DEBUG:colcon.colcon_core.shell:Skip shell extension 'dsv' for command environment
[0.971s] DEBUG:colcon.colcon_core.event_handler.log_command:Invoking command in '/home/wojciech/Workspaces/ROS2/SCARA/build/scara_moveit': CMAKE_PREFIX_PATH=${CMAKE_PREFIX_PATH}:/opt/ros/jazzy DEBUGINFOD_URLS=https://debuginfod.ubuntu.com /usr/bin/cmake --build /home/wojciech/Workspaces/ROS2/SCARA/build/scara_moveit -- -j4 -l4
[1.066s] DEBUG:colcon.colcon_core.event_handler.log_command:Invoked command in '/home/wojciech/Workspaces/ROS2/SCARA/build/scara_description' returned '0': CMAKE_PREFIX_PATH=${CMAKE_PREFIX_PATH}:/opt/ros/jazzy DEBUGINFOD_URLS=https://debuginfod.ubuntu.com /usr/bin/cmake --build /home/wojciech/Workspaces/ROS2/SCARA/build/scara_description -- -j4 -l4
[1.073s] DEBUG:colcon.colcon_core.event_handler.log_command:Invoking command in '/home/wojciech/Workspaces/ROS2/SCARA/build/scara_description': CMAKE_PREFIX_PATH=${CMAKE_PREFIX_PATH}:/opt/ros/jazzy DEBUGINFOD_URLS=https://debuginfod.ubuntu.com /usr/bin/cmake --install /home/wojciech/Workspaces/ROS2/SCARA/build/scara_description
[1.129s] Level 1:colcon.colcon_core.environment:create_environment_scripts_only(scara_description)
[1.129s] Level 1:colcon.colcon_core.environment:checking '/home/wojciech/Workspaces/ROS2/SCARA/install/scara_description' for CMake module files
[1.130s] Level 1:colcon.colcon_core.environment:checking '/home/wojciech/Workspaces/ROS2/SCARA/install/scara_description' for CMake config files
[1.131s] Level 1:colcon.colcon_core.shell:create_environment_hook('scara_description', 'cmake_prefix_path')
[1.131s] INFO:colcon.colcon_core.shell:Creating environment hook '/home/wojciech/Workspaces/ROS2/SCARA/install/scara_description/share/scara_description/hook/cmake_prefix_path.ps1'
[1.133s] INFO:colcon.colcon_core.shell:Creating environment descriptor '/home/wojciech/Workspaces/ROS2/SCARA/install/scara_description/share/scara_description/hook/cmake_prefix_path.dsv'
[1.134s] INFO:colcon.colcon_core.shell:Creating environment hook '/home/wojciech/Workspaces/ROS2/SCARA/install/scara_description/share/scara_description/hook/cmake_prefix_path.sh'
[1.135s] Level 1:colcon.colcon_core.environment:checking '/home/wojciech/Workspaces/ROS2/SCARA/install/scara_description/bin'
[1.135s] Level 1:colcon.colcon_core.environment:checking '/home/wojciech/Workspaces/ROS2/SCARA/install/scara_description/lib/pkgconfig/scara_description.pc'
[1.136s] Level 1:colcon.colcon_core.environment:checking '/home/wojciech/Workspaces/ROS2/SCARA/install/scara_description/lib/python3.12/site-packages'
[1.137s] Level 1:colcon.colcon_core.environment:checking '/home/wojciech/Workspaces/ROS2/SCARA/install/scara_description/bin'
[1.140s] DEBUG:colcon.colcon_core.event_handler.log_command:Invoked command in '/home/wojciech/Workspaces/ROS2/SCARA/build/scara_description' returned '0': CMAKE_PREFIX_PATH=${CMAKE_PREFIX_PATH}:/opt/ros/jazzy DEBUGINFOD_URLS=https://debuginfod.ubuntu.com /usr/bin/cmake --install /home/wojciech/Workspaces/ROS2/SCARA/build/scara_description
[1.141s] INFO:colcon.colcon_core.shell:Creating package script '/home/wojciech/Workspaces/ROS2/SCARA/install/scara_description/share/scara_description/package.ps1'
[1.143s] INFO:colcon.colcon_core.shell:Creating package descriptor '/home/wojciech/Workspaces/ROS2/SCARA/install/scara_description/share/scara_description/package.dsv'
[1.144s] INFO:colcon.colcon_core.shell:Creating package script '/home/wojciech/Workspaces/ROS2/SCARA/install/scara_description/share/scara_description/package.sh'
[1.145s] INFO:colcon.colcon_core.shell:Creating package script '/home/wojciech/Workspaces/ROS2/SCARA/install/scara_description/share/scara_description/package.bash'
[1.146s] INFO:colcon.colcon_core.shell:Creating package script '/home/wojciech/Workspaces/ROS2/SCARA/install/scara_description/share/scara_description/package.zsh'
[1.147s] Level 1:colcon.colcon_core.environment:create_file_with_runtime_dependencies(/home/wojciech/Workspaces/ROS2/SCARA/install/scara_description/share/colcon-core/packages/scara_description)
[1.149s] Level 1:colcon.colcon_core.environment:create_environment_scripts_only(scara_description)
[1.149s] Level 1:colcon.colcon_core.environment:checking '/home/wojciech/Workspaces/ROS2/SCARA/install/scara_description' for CMake module files
[1.150s] Level 1:colcon.colcon_core.environment:checking '/home/wojciech/Workspaces/ROS2/SCARA/install/scara_description' for CMake config files
[1.151s] Level 1:colcon.colcon_core.shell:create_environment_hook('scara_description', 'cmake_prefix_path')
[1.151s] INFO:colcon.colcon_core.shell:Creating environment hook '/home/wojciech/Workspaces/ROS2/SCARA/install/scara_description/share/scara_description/hook/cmake_prefix_path.ps1'
[1.153s] INFO:colcon.colcon_core.shell:Creating environment descriptor '/home/wojciech/Workspaces/ROS2/SCARA/install/scara_description/share/scara_description/hook/cmake_prefix_path.dsv'
[1.155s] INFO:colcon.colcon_core.shell:Creating environment hook '/home/wojciech/Workspaces/ROS2/SCARA/install/scara_description/share/scara_description/hook/cmake_prefix_path.sh'
[1.156s] Level 1:colcon.colcon_core.environment:checking '/home/wojciech/Workspaces/ROS2/SCARA/install/scara_description/bin'
[1.156s] Level 1:colcon.colcon_core.environment:checking '/home/wojciech/Workspaces/ROS2/SCARA/install/scara_description/lib/pkgconfig/scara_description.pc'
[1.157s] Level 1:colcon.colcon_core.environment:checking '/home/wojciech/Workspaces/ROS2/SCARA/install/scara_description/lib/python3.12/site-packages'
[1.157s] Level 1:colcon.colcon_core.environment:checking '/home/wojciech/Workspaces/ROS2/SCARA/install/scara_description/bin'
[1.158s] INFO:colcon.colcon_core.shell:Creating package script '/home/wojciech/Workspaces/ROS2/SCARA/install/scara_description/share/scara_description/package.ps1'
[1.161s] INFO:colcon.colcon_core.shell:Creating package descriptor '/home/wojciech/Workspaces/ROS2/SCARA/install/scara_description/share/scara_description/package.dsv'
[1.163s] INFO:colcon.colcon_core.shell:Creating package script '/home/wojciech/Workspaces/ROS2/SCARA/install/scara_description/share/scara_description/package.sh'
[1.168s] INFO:colcon.colcon_core.shell:Creating package script '/home/wojciech/Workspaces/ROS2/SCARA/install/scara_description/share/scara_description/package.bash'
[1.170s] INFO:colcon.colcon_core.shell:Creating package script '/home/wojciech/Workspaces/ROS2/SCARA/install/scara_description/share/scara_description/package.zsh'
[1.172s] Level 1:colcon.colcon_core.environment:create_file_with_runtime_dependencies(/home/wojciech/Workspaces/ROS2/SCARA/install/scara_description/share/colcon-core/packages/scara_description)
[1.243s] DEBUG:colcon.colcon_core.event_handler.log_command:Invoked command in '/home/wojciech/Workspaces/ROS2/SCARA/build/scara_moveit' returned '0': CMAKE_PREFIX_PATH=${CMAKE_PREFIX_PATH}:/opt/ros/jazzy DEBUGINFOD_URLS=https://debuginfod.ubuntu.com /usr/bin/cmake --build /home/wojciech/Workspaces/ROS2/SCARA/build/scara_moveit -- -j4 -l4
[1.244s] DEBUG:colcon.colcon_core.event_handler.log_command:Invoking command in '/home/wojciech/Workspaces/ROS2/SCARA/build/scara_moveit': CMAKE_PREFIX_PATH=${CMAKE_PREFIX_PATH}:/opt/ros/jazzy DEBUGINFOD_URLS=https://debuginfod.ubuntu.com /usr/bin/cmake --install /home/wojciech/Workspaces/ROS2/SCARA/build/scara_moveit
[1.294s] Level 1:colcon.colcon_core.environment:create_environment_scripts_only(scara_moveit)
[1.294s] Level 1:colcon.colcon_core.environment:checking '/home/wojciech/Workspaces/ROS2/SCARA/install/scara_moveit' for CMake module files
[1.295s] Level 1:colcon.colcon_core.environment:checking '/home/wojciech/Workspaces/ROS2/SCARA/install/scara_moveit' for CMake config files
[1.296s] DEBUG:colcon.colcon_core.event_handler.log_command:Invoked command in '/home/wojciech/Workspaces/ROS2/SCARA/build/scara_moveit' returned '0': CMAKE_PREFIX_PATH=${CMAKE_PREFIX_PATH}:/opt/ros/jazzy DEBUGINFOD_URLS=https://debuginfod.ubuntu.com /usr/bin/cmake --install /home/wojciech/Workspaces/ROS2/SCARA/build/scara_moveit
[1.297s] Level 1:colcon.colcon_core.shell:create_environment_hook('scara_moveit', 'cmake_prefix_path')
[1.297s] INFO:colcon.colcon_core.shell:Creating environment hook '/home/wojciech/Workspaces/ROS2/SCARA/install/scara_moveit/share/scara_moveit/hook/cmake_prefix_path.ps1'
[1.298s] INFO:colcon.colcon_core.shell:Creating environment descriptor '/home/wojciech/Workspaces/ROS2/SCARA/install/scara_moveit/share/scara_moveit/hook/cmake_prefix_path.dsv'
[1.300s] INFO:colcon.colcon_core.shell:Creating environment hook '/home/wojciech/Workspaces/ROS2/SCARA/install/scara_moveit/share/scara_moveit/hook/cmake_prefix_path.sh'
[1.301s] Level 1:colcon.colcon_core.environment:checking '/home/wojciech/Workspaces/ROS2/SCARA/install/scara_moveit/bin'
[1.302s] Level 1:colcon.colcon_core.environment:checking '/home/wojciech/Workspaces/ROS2/SCARA/install/scara_moveit/lib/pkgconfig/scara_moveit.pc'
[1.302s] Level 1:colcon.colcon_core.environment:checking '/home/wojciech/Workspaces/ROS2/SCARA/install/scara_moveit/lib/python3.12/site-packages'
[1.303s] Level 1:colcon.colcon_core.environment:checking '/home/wojciech/Workspaces/ROS2/SCARA/install/scara_moveit/bin'
[1.304s] INFO:colcon.colcon_core.shell:Creating package script '/home/wojciech/Workspaces/ROS2/SCARA/install/scara_moveit/share/scara_moveit/package.ps1'
[1.305s] INFO:colcon.colcon_core.shell:Creating package descriptor '/home/wojciech/Workspaces/ROS2/SCARA/install/scara_moveit/share/scara_moveit/package.dsv'
[1.305s] INFO:colcon.colcon_core.shell:Creating package script '/home/wojciech/Workspaces/ROS2/SCARA/install/scara_moveit/share/scara_moveit/package.sh'
[1.306s] INFO:colcon.colcon_core.shell:Creating package script '/home/wojciech/Workspaces/ROS2/SCARA/install/scara_moveit/share/scara_moveit/package.bash'
[1.307s] INFO:colcon.colcon_core.shell:Creating package script '/home/wojciech/Workspaces/ROS2/SCARA/install/scara_moveit/share/scara_moveit/package.zsh'
[1.309s] Level 1:colcon.colcon_core.environment:create_file_with_runtime_dependencies(/home/wojciech/Workspaces/ROS2/SCARA/install/scara_moveit/share/colcon-core/packages/scara_moveit)
[1.311s] Level 1:colcon.colcon_core.environment:create_environment_scripts_only(scara_moveit)
[1.311s] Level 1:colcon.colcon_core.environment:checking '/home/wojciech/Workspaces/ROS2/SCARA/install/scara_moveit' for CMake module files
[1.312s] Level 1:colcon.colcon_core.environment:checking '/home/wojciech/Workspaces/ROS2/SCARA/install/scara_moveit' for CMake config files
[1.313s] Level 1:colcon.colcon_core.shell:create_environment_hook('scara_moveit', 'cmake_prefix_path')
[1.313s] INFO:colcon.colcon_core.shell:Creating environment hook '/home/wojciech/Workspaces/ROS2/SCARA/install/scara_moveit/share/scara_moveit/hook/cmake_prefix_path.ps1'
[1.323s] INFO:colcon.colcon_core.shell:Creating environment descriptor '/home/wojciech/Workspaces/ROS2/SCARA/install/scara_moveit/share/scara_moveit/hook/cmake_prefix_path.dsv'
[1.325s] INFO:colcon.colcon_core.shell:Creating environment hook '/home/wojciech/Workspaces/ROS2/SCARA/install/scara_moveit/share/scara_moveit/hook/cmake_prefix_path.sh'
[1.327s] Level 1:colcon.colcon_core.environment:checking '/home/wojciech/Workspaces/ROS2/SCARA/install/scara_moveit/bin'
[1.328s] Level 1:colcon.colcon_core.environment:checking '/home/wojciech/Workspaces/ROS2/SCARA/install/scara_moveit/lib/pkgconfig/scara_moveit.pc'
[1.329s] Level 1:colcon.colcon_core.environment:checking '/home/wojciech/Workspaces/ROS2/SCARA/install/scara_moveit/lib/python3.12/site-packages'
[1.330s] Level 1:colcon.colcon_core.environment:checking '/home/wojciech/Workspaces/ROS2/SCARA/install/scara_moveit/bin'
[1.330s] INFO:colcon.colcon_core.shell:Creating package script '/home/wojciech/Workspaces/ROS2/SCARA/install/scara_moveit/share/scara_moveit/package.ps1'
[1.332s] INFO:colcon.colcon_core.shell:Creating package descriptor '/home/wojciech/Workspaces/ROS2/SCARA/install/scara_moveit/share/scara_moveit/package.dsv'
[1.333s] INFO:colcon.colcon_core.shell:Creating package script '/home/wojciech/Workspaces/ROS2/SCARA/install/scara_moveit/share/scara_moveit/package.sh'
[1.335s] INFO:colcon.colcon_core.shell:Creating package script '/home/wojciech/Workspaces/ROS2/SCARA/install/scara_moveit/share/scara_moveit/package.bash'
[1.338s] INFO:colcon.colcon_core.shell:Creating package script '/home/wojciech/Workspaces/ROS2/SCARA/install/scara_moveit/share/scara_moveit/package.zsh'
[1.339s] Level 1:colcon.colcon_core.environment:create_file_with_runtime_dependencies(/home/wojciech/Workspaces/ROS2/SCARA/install/scara_moveit/share/colcon-core/packages/scara_moveit)
[1.971s] DEBUG:colcon.colcon_core.event_handler.log_command:Invoked command in '/home/wojciech/Workspaces/ROS2/SCARA/build/scara_msgs' returned '0': CMAKE_PREFIX_PATH=${CMAKE_PREFIX_PATH}:/opt/ros/jazzy DEBUGINFOD_URLS=https://debuginfod.ubuntu.com /usr/bin/cmake --build /home/wojciech/Workspaces/ROS2/SCARA/build/scara_msgs -- -j4 -l4
[1.974s] DEBUG:colcon.colcon_core.event_handler.log_command:Invoking command in '/home/wojciech/Workspaces/ROS2/SCARA/build/scara_msgs': CMAKE_PREFIX_PATH=${CMAKE_PREFIX_PATH}:/opt/ros/jazzy DEBUGINFOD_URLS=https://debuginfod.ubuntu.com /usr/bin/cmake --install /home/wojciech/Workspaces/ROS2/SCARA/build/scara_msgs
[2.139s] Level 1:colcon.colcon_core.environment:create_environment_scripts_only(scara_msgs)
[2.139s] Level 1:colcon.colcon_core.environment:checking '/home/wojciech/Workspaces/ROS2/SCARA/install/scara_msgs' for CMake module files
[2.141s] Level 1:colcon.colcon_core.environment:checking '/home/wojciech/Workspaces/ROS2/SCARA/install/scara_msgs' for CMake config files
[2.144s] DEBUG:colcon.colcon_core.event_handler.log_command:Invoked command in '/home/wojciech/Workspaces/ROS2/SCARA/build/scara_msgs' returned '0': CMAKE_PREFIX_PATH=${CMAKE_PREFIX_PATH}:/opt/ros/jazzy DEBUGINFOD_URLS=https://debuginfod.ubuntu.com /usr/bin/cmake --install /home/wojciech/Workspaces/ROS2/SCARA/build/scara_msgs
[2.145s] Level 1:colcon.colcon_core.shell:create_environment_hook('scara_msgs', 'cmake_prefix_path')
[2.145s] INFO:colcon.colcon_core.shell:Creating environment hook '/home/wojciech/Workspaces/ROS2/SCARA/install/scara_msgs/share/scara_msgs/hook/cmake_prefix_path.ps1'
[2.146s] INFO:colcon.colcon_core.shell:Creating environment descriptor '/home/wojciech/Workspaces/ROS2/SCARA/install/scara_msgs/share/scara_msgs/hook/cmake_prefix_path.dsv'
[2.147s] INFO:colcon.colcon_core.shell:Creating environment hook '/home/wojciech/Workspaces/ROS2/SCARA/install/scara_msgs/share/scara_msgs/hook/cmake_prefix_path.sh'
[2.148s] Level 1:colcon.colcon_core.environment:checking '/home/wojciech/Workspaces/ROS2/SCARA/install/scara_msgs/lib'
[2.149s] Level 1:colcon.colcon_core.shell:create_environment_hook('scara_msgs', 'ld_library_path_lib')
[2.149s] INFO:colcon.colcon_core.shell:Creating environment hook '/home/wojciech/Workspaces/ROS2/SCARA/install/scara_msgs/share/scara_msgs/hook/ld_library_path_lib.ps1'
[2.150s] INFO:colcon.colcon_core.shell:Creating environment descriptor '/home/wojciech/Workspaces/ROS2/SCARA/install/scara_msgs/share/scara_msgs/hook/ld_library_path_lib.dsv'
[2.151s] INFO:colcon.colcon_core.shell:Creating environment hook '/home/wojciech/Workspaces/ROS2/SCARA/install/scara_msgs/share/scara_msgs/hook/ld_library_path_lib.sh'
[2.151s] Level 1:colcon.colcon_core.environment:checking '/home/wojciech/Workspaces/ROS2/SCARA/install/scara_msgs/bin'
[2.152s] Level 1:colcon.colcon_core.environment:checking '/home/wojciech/Workspaces/ROS2/SCARA/install/scara_msgs/lib/pkgconfig/scara_msgs.pc'
[2.152s] Level 1:colcon.colcon_core.environment:checking '/home/wojciech/Workspaces/ROS2/SCARA/install/scara_msgs/lib/python3.12/site-packages'
[2.152s] Level 1:colcon.colcon_core.shell:create_environment_hook('scara_msgs', 'pythonpath')
[2.152s] INFO:colcon.colcon_core.shell:Creating environment hook '/home/wojciech/Workspaces/ROS2/SCARA/install/scara_msgs/share/scara_msgs/hook/pythonpath.ps1'
[2.153s] INFO:colcon.colcon_core.shell:Creating environment descriptor '/home/wojciech/Workspaces/ROS2/SCARA/install/scara_msgs/share/scara_msgs/hook/pythonpath.dsv'
[2.153s] INFO:colcon.colcon_core.shell:Creating environment hook '/home/wojciech/Workspaces/ROS2/SCARA/install/scara_msgs/share/scara_msgs/hook/pythonpath.sh'
[2.154s] Level 1:colcon.colcon_core.environment:checking '/home/wojciech/Workspaces/ROS2/SCARA/install/scara_msgs/bin'
[2.154s] INFO:colcon.colcon_core.shell:Creating package script '/home/wojciech/Workspaces/ROS2/SCARA/install/scara_msgs/share/scara_msgs/package.ps1'
[2.155s] INFO:colcon.colcon_core.shell:Creating package descriptor '/home/wojciech/Workspaces/ROS2/SCARA/install/scara_msgs/share/scara_msgs/package.dsv'
[2.156s] INFO:colcon.colcon_core.shell:Creating package script '/home/wojciech/Workspaces/ROS2/SCARA/install/scara_msgs/share/scara_msgs/package.sh'
[2.156s] INFO:colcon.colcon_core.shell:Creating package script '/home/wojciech/Workspaces/ROS2/SCARA/install/scara_msgs/share/scara_msgs/package.bash'
[2.156s] INFO:colcon.colcon_core.shell:Creating package script '/home/wojciech/Workspaces/ROS2/SCARA/install/scara_msgs/share/scara_msgs/package.zsh'
[2.157s] Level 1:colcon.colcon_core.environment:create_file_with_runtime_dependencies(/home/wojciech/Workspaces/ROS2/SCARA/install/scara_msgs/share/colcon-core/packages/scara_msgs)
[2.158s] Level 1:colcon.colcon_core.environment:create_environment_scripts_only(scara_msgs)
[2.158s] Level 1:colcon.colcon_core.environment:checking '/home/wojciech/Workspaces/ROS2/SCARA/install/scara_msgs' for CMake module files
[2.159s] Level 1:colcon.colcon_core.environment:checking '/home/wojciech/Workspaces/ROS2/SCARA/install/scara_msgs' for CMake config files
[2.159s] Level 1:colcon.colcon_core.shell:create_environment_hook('scara_msgs', 'cmake_prefix_path')
[2.160s] INFO:colcon.colcon_core.shell:Creating environment hook '/home/wojciech/Workspaces/ROS2/SCARA/install/scara_msgs/share/scara_msgs/hook/cmake_prefix_path.ps1'
[2.165s] INFO:colcon.colcon_core.shell:Creating environment descriptor '/home/wojciech/Workspaces/ROS2/SCARA/install/scara_msgs/share/scara_msgs/hook/cmake_prefix_path.dsv'
[2.166s] INFO:colcon.colcon_core.shell:Creating environment hook '/home/wojciech/Workspaces/ROS2/SCARA/install/scara_msgs/share/scara_msgs/hook/cmake_prefix_path.sh'
[2.167s] Level 1:colcon.colcon_core.environment:checking '/home/wojciech/Workspaces/ROS2/SCARA/install/scara_msgs/lib'
[2.167s] Level 1:colcon.colcon_core.shell:create_environment_hook('scara_msgs', 'ld_library_path_lib')
[2.167s] INFO:colcon.colcon_core.shell:Creating environment hook '/home/wojciech/Workspaces/ROS2/SCARA/install/scara_msgs/share/scara_msgs/hook/ld_library_path_lib.ps1'
[2.167s] INFO:colcon.colcon_core.shell:Creating environment descriptor '/home/wojciech/Workspaces/ROS2/SCARA/install/scara_msgs/share/scara_msgs/hook/ld_library_path_lib.dsv'
[2.168s] INFO:colcon.colcon_core.shell:Creating environment hook '/home/wojciech/Workspaces/ROS2/SCARA/install/scara_msgs/share/scara_msgs/hook/ld_library_path_lib.sh'
[2.168s] Level 1:colcon.colcon_core.environment:checking '/home/wojciech/Workspaces/ROS2/SCARA/install/scara_msgs/bin'
[2.168s] Level 1:colcon.colcon_core.environment:checking '/home/wojciech/Workspaces/ROS2/SCARA/install/scara_msgs/lib/pkgconfig/scara_msgs.pc'
[2.169s] Level 1:colcon.colcon_core.environment:checking '/home/wojciech/Workspaces/ROS2/SCARA/install/scara_msgs/lib/python3.12/site-packages'
[2.169s] Level 1:colcon.colcon_core.shell:create_environment_hook('scara_msgs', 'pythonpath')
[2.169s] INFO:colcon.colcon_core.shell:Creating environment hook '/home/wojciech/Workspaces/ROS2/SCARA/install/scara_msgs/share/scara_msgs/hook/pythonpath.ps1'
[2.170s] INFO:colcon.colcon_core.shell:Creating environment descriptor '/home/wojciech/Workspaces/ROS2/SCARA/install/scara_msgs/share/scara_msgs/hook/pythonpath.dsv'
[2.170s] INFO:colcon.colcon_core.shell:Creating environment hook '/home/wojciech/Workspaces/ROS2/SCARA/install/scara_msgs/share/scara_msgs/hook/pythonpath.sh'
[2.171s] Level 1:colcon.colcon_core.environment:checking '/home/wojciech/Workspaces/ROS2/SCARA/install/scara_msgs/bin'
[2.171s] INFO:colcon.colcon_core.shell:Creating package script '/home/wojciech/Workspaces/ROS2/SCARA/install/scara_msgs/share/scara_msgs/package.ps1'
[2.172s] INFO:colcon.colcon_core.shell:Creating package descriptor '/home/wojciech/Workspaces/ROS2/SCARA/install/scara_msgs/share/scara_msgs/package.dsv'
[2.173s] INFO:colcon.colcon_core.shell:Creating package script '/home/wojciech/Workspaces/ROS2/SCARA/install/scara_msgs/share/scara_msgs/package.sh'
[2.174s] INFO:colcon.colcon_core.shell:Creating package script '/home/wojciech/Workspaces/ROS2/SCARA/install/scara_msgs/share/scara_msgs/package.bash'
[2.175s] INFO:colcon.colcon_core.shell:Creating package script '/home/wojciech/Workspaces/ROS2/SCARA/install/scara_msgs/share/scara_msgs/package.zsh'
[2.175s] Level 1:colcon.colcon_core.environment:create_file_with_runtime_dependencies(/home/wojciech/Workspaces/ROS2/SCARA/install/scara_msgs/share/colcon-core/packages/scara_msgs)
[2.176s] INFO:colcon.colcon_ros.task.ament_cmake.build:Building ROS package in '/home/wojciech/Workspaces/ROS2/SCARA/src/scara_utils' with build type 'ament_cmake'
[2.176s] INFO:colcon.colcon_cmake.task.cmake.build:Building CMake package in '/home/wojciech/Workspaces/ROS2/SCARA/src/scara_utils'
[2.176s] INFO:colcon.colcon_core.shell:Skip shell extension 'powershell' for command environment: Not usable outside of PowerShell
[2.177s] DEBUG:colcon.colcon_core.shell:Skip shell extension 'dsv' for command environment
[2.204s] DEBUG:colcon.colcon_core.event_handler.log_command:Invoking command in '/home/wojciech/Workspaces/ROS2/SCARA/build/scara_utils': CMAKE_PREFIX_PATH=/home/wojciech/Workspaces/ROS2/SCARA/install/scara_msgs:/home/wojciech/Workspaces/ROS2/SCARA/install/scara_utils:/home/wojciech/Workspaces/ROS2/SCARA/install/scara_moveit:/home/wojciech/Workspaces/ROS2/SCARA/install/scara_description:/home/wojciech/Workspaces/ROS2/SCARA/install/scara_controller:/home/wojciech/Workspaces/ROS2/SCARA/install/puzzle_tuner:/home/wojciech/Workspaces/ROS2/SCARA/install/puzzle_solver:/opt/ros/jazzy/opt/gz_sim_vendor:/opt/ros/jazzy/opt/gz_sensors_vendor:/opt/ros/jazzy/opt/gz_physics_vendor:/opt/ros/jazzy/opt/sdformat_vendor:/opt/ros/jazzy/opt/gz_gui_vendor:/opt/ros/jazzy/opt/gz_transport_vendor:/opt/ros/jazzy/opt/gz_rendering_vendor:/opt/ros/jazzy/opt/gz_plugin_vendor:/opt/ros/jazzy/opt/gz_fuel_tools_vendor:/opt/ros/jazzy/opt/gz_msgs_vendor:/opt/ros/jazzy/opt/gz_common_vendor:/opt/ros/jazzy/opt/gz_math_vendor:/opt/ros/jazzy/opt/gz_utils_vendor:/opt/ros/jazzy/opt/gz_tools_vendor:/opt/ros/jazzy/opt/gz_ogre_next_vendor:/opt/ros/jazzy/opt/gz_dartsim_vendor:/opt/ros/jazzy/opt/gz_cmake_vendor:/opt/ros/jazzy DEBUGINFOD_URLS=https://debuginfod.ubuntu.com /usr/bin/cmake --build /home/wojciech/Workspaces/ROS2/SCARA/build/scara_utils -- -j4 -l4
[2.362s] DEBUG:colcon.colcon_core.event_handler.log_command:Invoked command in '/home/wojciech/Workspaces/ROS2/SCARA/build/scara_utils' returned '0': CMAKE_PREFIX_PATH=/home/wojciech/Workspaces/ROS2/SCARA/install/scara_msgs:/home/wojciech/Workspaces/ROS2/SCARA/install/scara_utils:/home/wojciech/Workspaces/ROS2/SCARA/install/scara_moveit:/home/wojciech/Workspaces/ROS2/SCARA/install/scara_description:/home/wojciech/Workspaces/ROS2/SCARA/install/scara_controller:/home/wojciech/Workspaces/ROS2/SCARA/install/puzzle_tuner:/home/wojciech/Workspaces/ROS2/SCARA/install/puzzle_solver:/opt/ros/jazzy/opt/gz_sim_vendor:/opt/ros/jazzy/opt/gz_sensors_vendor:/opt/ros/jazzy/opt/gz_physics_vendor:/opt/ros/jazzy/opt/sdformat_vendor:/opt/ros/jazzy/opt/gz_gui_vendor:/opt/ros/jazzy/opt/gz_transport_vendor:/opt/ros/jazzy/opt/gz_rendering_vendor:/opt/ros/jazzy/opt/gz_plugin_vendor:/opt/ros/jazzy/opt/gz_fuel_tools_vendor:/opt/ros/jazzy/opt/gz_msgs_vendor:/opt/ros/jazzy/opt/gz_common_vendor:/opt/ros/jazzy/opt/gz_math_vendor:/opt/ros/jazzy/opt/gz_utils_vendor:/opt/ros/jazzy/opt/gz_tools_vendor:/opt/ros/jazzy/opt/gz_ogre_next_vendor:/opt/ros/jazzy/opt/gz_dartsim_vendor:/opt/ros/jazzy/opt/gz_cmake_vendor:/opt/ros/jazzy DEBUGINFOD_URLS=https://debuginfod.ubuntu.com /usr/bin/cmake --build /home/wojciech/Workspaces/ROS2/SCARA/build/scara_utils -- -j4 -l4
[2.364s] DEBUG:colcon.colcon_core.event_handler.log_command:Invoking command in '/home/wojciech/Workspaces/ROS2/SCARA/build/scara_utils': CMAKE_PREFIX_PATH=/home/wojciech/Workspaces/ROS2/SCARA/install/scara_msgs:/home/wojciech/Workspaces/ROS2/SCARA/install/scara_utils:/home/wojciech/Workspaces/ROS2/SCARA/install/scara_moveit:/home/wojciech/Workspaces/ROS2/SCARA/install/scara_description:/home/wojciech/Workspaces/ROS2/SCARA/install/scara_controller:/home/wojciech/Workspaces/ROS2/SCARA/install/puzzle_tuner:/home/wojciech/Workspaces/ROS2/SCARA/install/puzzle_solver:/opt/ros/jazzy/opt/gz_sim_vendor:/opt/ros/jazzy/opt/gz_sensors_vendor:/opt/ros/jazzy/opt/gz_physics_vendor:/opt/ros/jazzy/opt/sdformat_vendor:/opt/ros/jazzy/opt/gz_gui_vendor:/opt/ros/jazzy/opt/gz_transport_vendor:/opt/ros/jazzy/opt/gz_rendering_vendor:/opt/ros/jazzy/opt/gz_plugin_vendor:/opt/ros/jazzy/opt/gz_fuel_tools_vendor:/opt/ros/jazzy/opt/gz_msgs_vendor:/opt/ros/jazzy/opt/gz_common_vendor:/opt/ros/jazzy/opt/gz_math_vendor:/opt/ros/jazzy/opt/gz_utils_vendor:/opt/ros/jazzy/opt/gz_tools_vendor:/opt/ros/jazzy/opt/gz_ogre_next_vendor:/opt/ros/jazzy/opt/gz_dartsim_vendor:/opt/ros/jazzy/opt/gz_cmake_vendor:/opt/ros/jazzy DEBUGINFOD_URLS=https://debuginfod.ubuntu.com /usr/bin/cmake --install /home/wojciech/Workspaces/ROS2/SCARA/build/scara_utils
[2.388s] Level 1:colcon.colcon_core.environment:create_environment_scripts_only(scara_utils)
[2.388s] Level 1:colcon.colcon_core.environment:checking '/home/wojciech/Workspaces/ROS2/SCARA/install/scara_utils' for CMake module files
[2.390s] Level 1:colcon.colcon_core.environment:checking '/home/wojciech/Workspaces/ROS2/SCARA/install/scara_utils' for CMake config files
[2.391s] DEBUG:colcon.colcon_core.event_handler.log_command:Invoked command in '/home/wojciech/Workspaces/ROS2/SCARA/build/scara_utils' returned '0': CMAKE_PREFIX_PATH=/home/wojciech/Workspaces/ROS2/SCARA/install/scara_msgs:/home/wojciech/Workspaces/ROS2/SCARA/install/scara_utils:/home/wojciech/Workspaces/ROS2/SCARA/install/scara_moveit:/home/wojciech/Workspaces/ROS2/SCARA/install/scara_description:/home/wojciech/Workspaces/ROS2/SCARA/install/scara_controller:/home/wojciech/Workspaces/ROS2/SCARA/install/puzzle_tuner:/home/wojciech/Workspaces/ROS2/SCARA/install/puzzle_solver:/opt/ros/jazzy/opt/gz_sim_vendor:/opt/ros/jazzy/opt/gz_sensors_vendor:/opt/ros/jazzy/opt/gz_physics_vendor:/opt/ros/jazzy/opt/sdformat_vendor:/opt/ros/jazzy/opt/gz_gui_vendor:/opt/ros/jazzy/opt/gz_transport_vendor:/opt/ros/jazzy/opt/gz_rendering_vendor:/opt/ros/jazzy/opt/gz_plugin_vendor:/opt/ros/jazzy/opt/gz_fuel_tools_vendor:/opt/ros/jazzy/opt/gz_msgs_vendor:/opt/ros/jazzy/opt/gz_common_vendor:/opt/ros/jazzy/opt/gz_math_vendor:/opt/ros/jazzy/opt/gz_utils_vendor:/opt/ros/jazzy/opt/gz_tools_vendor:/opt/ros/jazzy/opt/gz_ogre_next_vendor:/opt/ros/jazzy/opt/gz_dartsim_vendor:/opt/ros/jazzy/opt/gz_cmake_vendor:/opt/ros/jazzy DEBUGINFOD_URLS=https://debuginfod.ubuntu.com /usr/bin/cmake --install /home/wojciech/Workspaces/ROS2/SCARA/build/scara_utils
[2.391s] Level 1:colcon.colcon_core.shell:create_environment_hook('scara_utils', 'cmake_prefix_path')
[2.392s] INFO:colcon.colcon_core.shell:Creating environment hook '/home/wojciech/Workspaces/ROS2/SCARA/install/scara_utils/share/scara_utils/hook/cmake_prefix_path.ps1'
[2.392s] INFO:colcon.colcon_core.shell:Creating environment descriptor '/home/wojciech/Workspaces/ROS2/SCARA/install/scara_utils/share/scara_utils/hook/cmake_prefix_path.dsv'
[2.393s] INFO:colcon.colcon_core.shell:Creating environment hook '/home/wojciech/Workspaces/ROS2/SCARA/install/scara_utils/share/scara_utils/hook/cmake_prefix_path.sh'
[2.394s] Level 1:colcon.colcon_core.environment:checking '/home/wojciech/Workspaces/ROS2/SCARA/install/scara_utils/lib'
[2.394s] Level 1:colcon.colcon_core.environment:checking '/home/wojciech/Workspaces/ROS2/SCARA/install/scara_utils/bin'
[2.394s] Level 1:colcon.colcon_core.environment:checking '/home/wojciech/Workspaces/ROS2/SCARA/install/scara_utils/lib/pkgconfig/scara_utils.pc'
[2.395s] Level 1:colcon.colcon_core.environment:checking '/home/wojciech/Workspaces/ROS2/SCARA/install/scara_utils/lib/python3.12/site-packages'
[2.395s] Level 1:colcon.colcon_core.environment:checking '/home/wojciech/Workspaces/ROS2/SCARA/install/scara_utils/bin'
[2.395s] INFO:colcon.colcon_core.shell:Creating package script '/home/wojciech/Workspaces/ROS2/SCARA/install/scara_utils/share/scara_utils/package.ps1'
[2.396s] INFO:colcon.colcon_core.shell:Creating package descriptor '/home/wojciech/Workspaces/ROS2/SCARA/install/scara_utils/share/scara_utils/package.dsv'
[2.397s] INFO:colcon.colcon_core.shell:Creating package script '/home/wojciech/Workspaces/ROS2/SCARA/install/scara_utils/share/scara_utils/package.sh'
[2.397s] INFO:colcon.colcon_core.shell:Creating package script '/home/wojciech/Workspaces/ROS2/SCARA/install/scara_utils/share/scara_utils/package.bash'
[2.398s] INFO:colcon.colcon_core.shell:Creating package script '/home/wojciech/Workspaces/ROS2/SCARA/install/scara_utils/share/scara_utils/package.zsh'
[2.399s] Level 1:colcon.colcon_core.environment:create_file_with_runtime_dependencies(/home/wojciech/Workspaces/ROS2/SCARA/install/scara_utils/share/colcon-core/packages/scara_utils)
[2.399s] Level 1:colcon.colcon_core.environment:create_environment_scripts_only(scara_utils)
[2.400s] Level 1:colcon.colcon_core.environment:checking '/home/wojciech/Workspaces/ROS2/SCARA/install/scara_utils' for CMake module files
[2.431s] Level 1:colcon.colcon_core.environment:checking '/home/wojciech/Workspaces/ROS2/SCARA/install/scara_utils' for CMake config files
[2.431s] Level 1:colcon.colcon_core.shell:create_environment_hook('scara_utils', 'cmake_prefix_path')
[2.432s] INFO:colcon.colcon_core.shell:Creating environment hook '/home/wojciech/Workspaces/ROS2/SCARA/install/scara_utils/share/scara_utils/hook/cmake_prefix_path.ps1'
[2.432s] INFO:colcon.colcon_core.shell:Creating environment descriptor '/home/wojciech/Workspaces/ROS2/SCARA/install/scara_utils/share/scara_utils/hook/cmake_prefix_path.dsv'
[2.433s] INFO:colcon.colcon_core.shell:Creating environment hook '/home/wojciech/Workspaces/ROS2/SCARA/install/scara_utils/share/scara_utils/hook/cmake_prefix_path.sh'
[2.434s] Level 1:colcon.colcon_core.environment:checking '/home/wojciech/Workspaces/ROS2/SCARA/install/scara_utils/lib'
[2.435s] Level 1:colcon.colcon_core.environment:checking '/home/wojciech/Workspaces/ROS2/SCARA/install/scara_utils/bin'
[2.435s] Level 1:colcon.colcon_core.environment:checking '/home/wojciech/Workspaces/ROS2/SCARA/install/scara_utils/lib/pkgconfig/scara_utils.pc'
[2.435s] Level 1:colcon.colcon_core.environment:checking '/home/wojciech/Workspaces/ROS2/SCARA/install/scara_utils/lib/python3.12/site-packages'
[2.436s] Level 1:colcon.colcon_core.environment:checking '/home/wojciech/Workspaces/ROS2/SCARA/install/scara_utils/bin'
[2.437s] INFO:colcon.colcon_core.shell:Creating package script '/home/wojciech/Workspaces/ROS2/SCARA/install/scara_utils/share/scara_utils/package.ps1'
[2.438s] INFO:colcon.colcon_core.shell:Creating package descriptor '/home/wojciech/Workspaces/ROS2/SCARA/install/scara_utils/share/scara_utils/package.dsv'
[2.439s] INFO:colcon.colcon_core.shell:Creating package script '/home/wojciech/Workspaces/ROS2/SCARA/install/scara_utils/share/scara_utils/package.sh'
[2.440s] INFO:colcon.colcon_core.shell:Creating package script '/home/wojciech/Workspaces/ROS2/SCARA/install/scara_utils/share/scara_utils/package.bash'
[2.440s] INFO:colcon.colcon_core.shell:Creating package script '/home/wojciech/Workspaces/ROS2/SCARA/install/scara_utils/share/scara_utils/package.zsh'
[2.441s] Level 1:colcon.colcon_core.environment:create_file_with_runtime_dependencies(/home/wojciech/Workspaces/ROS2/SCARA/install/scara_utils/share/colcon-core/packages/scara_utils)
[12.004s] DEBUG:colcon.colcon_core.event_handler.log_command:Invoked command in '/home/wojciech/Workspaces/ROS2/SCARA/build/puzzle_solver' returned '0': CMAKE_PREFIX_PATH=${CMAKE_PREFIX_PATH}:/opt/ros/jazzy DEBUGINFOD_URLS=https://debuginfod.ubuntu.com /usr/bin/cmake --build /home/wojciech/Workspaces/ROS2/SCARA/build/puzzle_solver -- -j4 -l4
[12.007s] DEBUG:colcon.colcon_core.event_handler.log_command:Invoking command in '/home/wojciech/Workspaces/ROS2/SCARA/build/puzzle_solver': CMAKE_PREFIX_PATH=${CMAKE_PREFIX_PATH}:/opt/ros/jazzy DEBUGINFOD_URLS=https://debuginfod.ubuntu.com /usr/bin/cmake --install /home/wojciech/Workspaces/ROS2/SCARA/build/puzzle_solver
[12.030s] Level 1:colcon.colcon_core.environment:create_environment_scripts_only(puzzle_solver)
[12.030s] Level 1:colcon.colcon_core.environment:checking '/home/wojciech/Workspaces/ROS2/SCARA/install/puzzle_solver' for CMake module files
[12.031s] DEBUG:colcon.colcon_core.event_handler.log_command:Invoked command in '/home/wojciech/Workspaces/ROS2/SCARA/build/puzzle_solver' returned '0': CMAKE_PREFIX_PATH=${CMAKE_PREFIX_PATH}:/opt/ros/jazzy DEBUGINFOD_URLS=https://debuginfod.ubuntu.com /usr/bin/cmake --install /home/wojciech/Workspaces/ROS2/SCARA/build/puzzle_solver
[12.031s] Level 1:colcon.colcon_core.environment:checking '/home/wojciech/Workspaces/ROS2/SCARA/install/puzzle_solver' for CMake config files
[12.032s] Level 1:colcon.colcon_core.shell:create_environment_hook('puzzle_solver', 'cmake_prefix_path')
[12.032s] INFO:colcon.colcon_core.shell:Creating environment hook '/home/wojciech/Workspaces/ROS2/SCARA/install/puzzle_solver/share/puzzle_solver/hook/cmake_prefix_path.ps1'
[12.032s] INFO:colcon.colcon_core.shell:Creating environment descriptor '/home/wojciech/Workspaces/ROS2/SCARA/install/puzzle_solver/share/puzzle_solver/hook/cmake_prefix_path.dsv'
[12.033s] INFO:colcon.colcon_core.shell:Creating environment hook '/home/wojciech/Workspaces/ROS2/SCARA/install/puzzle_solver/share/puzzle_solver/hook/cmake_prefix_path.sh'
[12.034s] Level 1:colcon.colcon_core.environment:checking '/home/wojciech/Workspaces/ROS2/SCARA/install/puzzle_solver/lib'
[12.034s] Level 1:colcon.colcon_core.environment:checking '/home/wojciech/Workspaces/ROS2/SCARA/install/puzzle_solver/bin'
[12.034s] Level 1:colcon.colcon_core.environment:checking '/home/wojciech/Workspaces/ROS2/SCARA/install/puzzle_solver/lib/pkgconfig/puzzle_solver.pc'
[12.034s] Level 1:colcon.colcon_core.environment:checking '/home/wojciech/Workspaces/ROS2/SCARA/install/puzzle_solver/lib/python3.12/site-packages'
[12.035s] Level 1:colcon.colcon_core.environment:checking '/home/wojciech/Workspaces/ROS2/SCARA/install/puzzle_solver/bin'
[12.035s] INFO:colcon.colcon_core.shell:Creating package script '/home/wojciech/Workspaces/ROS2/SCARA/install/puzzle_solver/share/puzzle_solver/package.ps1'
[12.036s] INFO:colcon.colcon_core.shell:Creating package descriptor '/home/wojciech/Workspaces/ROS2/SCARA/install/puzzle_solver/share/puzzle_solver/package.dsv'
[12.036s] INFO:colcon.colcon_core.shell:Creating package script '/home/wojciech/Workspaces/ROS2/SCARA/install/puzzle_solver/share/puzzle_solver/package.sh'
[12.037s] INFO:colcon.colcon_core.shell:Creating package script '/home/wojciech/Workspaces/ROS2/SCARA/install/puzzle_solver/share/puzzle_solver/package.bash'
[12.037s] INFO:colcon.colcon_core.shell:Creating package script '/home/wojciech/Workspaces/ROS2/SCARA/install/puzzle_solver/share/puzzle_solver/package.zsh'
[12.038s] Level 1:colcon.colcon_core.environment:create_file_with_runtime_dependencies(/home/wojciech/Workspaces/ROS2/SCARA/install/puzzle_solver/share/colcon-core/packages/puzzle_solver)
[12.038s] Level 1:colcon.colcon_core.environment:create_environment_scripts_only(puzzle_solver)
[12.039s] Level 1:colcon.colcon_core.environment:checking '/home/wojciech/Workspaces/ROS2/SCARA/install/puzzle_solver' for CMake module files
[12.039s] Level 1:colcon.colcon_core.environment:checking '/home/wojciech/Workspaces/ROS2/SCARA/install/puzzle_solver' for CMake config files
[12.040s] Level 1:colcon.colcon_core.shell:create_environment_hook('puzzle_solver', 'cmake_prefix_path')
[12.040s] INFO:colcon.colcon_core.shell:Creating environment hook '/home/wojciech/Workspaces/ROS2/SCARA/install/puzzle_solver/share/puzzle_solver/hook/cmake_prefix_path.ps1'
[12.041s] INFO:colcon.colcon_core.shell:Creating environment descriptor '/home/wojciech/Workspaces/ROS2/SCARA/install/puzzle_solver/share/puzzle_solver/hook/cmake_prefix_path.dsv'
[12.041s] INFO:colcon.colcon_core.shell:Creating environment hook '/home/wojciech/Workspaces/ROS2/SCARA/install/puzzle_solver/share/puzzle_solver/hook/cmake_prefix_path.sh'
[12.042s] Level 1:colcon.colcon_core.environment:checking '/home/wojciech/Workspaces/ROS2/SCARA/install/puzzle_solver/lib'
[12.042s] Level 1:colcon.colcon_core.environment:checking '/home/wojciech/Workspaces/ROS2/SCARA/install/puzzle_solver/bin'
[12.042s] Level 1:colcon.colcon_core.environment:checking '/home/wojciech/Workspaces/ROS2/SCARA/install/puzzle_solver/lib/pkgconfig/puzzle_solver.pc'
[12.042s] Level 1:colcon.colcon_core.environment:checking '/home/wojciech/Workspaces/ROS2/SCARA/install/puzzle_solver/lib/python3.12/site-packages'
[12.043s] Level 1:colcon.colcon_core.environment:checking '/home/wojciech/Workspaces/ROS2/SCARA/install/puzzle_solver/bin'
[12.043s] INFO:colcon.colcon_core.shell:Creating package script '/home/wojciech/Workspaces/ROS2/SCARA/install/puzzle_solver/share/puzzle_solver/package.ps1'
[12.044s] INFO:colcon.colcon_core.shell:Creating package descriptor '/home/wojciech/Workspaces/ROS2/SCARA/install/puzzle_solver/share/puzzle_solver/package.dsv'
[12.044s] INFO:colcon.colcon_core.shell:Creating package script '/home/wojciech/Workspaces/ROS2/SCARA/install/puzzle_solver/share/puzzle_solver/package.sh'
[12.045s] INFO:colcon.colcon_core.shell:Creating package script '/home/wojciech/Workspaces/ROS2/SCARA/install/puzzle_solver/share/puzzle_solver/package.bash'
[12.046s] INFO:colcon.colcon_core.shell:Creating package script '/home/wojciech/Workspaces/ROS2/SCARA/install/puzzle_solver/share/puzzle_solver/package.zsh'
[12.046s] Level 1:colcon.colcon_core.environment:create_file_with_runtime_dependencies(/home/wojciech/Workspaces/ROS2/SCARA/install/puzzle_solver/share/colcon-core/packages/puzzle_solver)
[12.047s] DEBUG:colcon.colcon_parallel_executor.executor.parallel:closing loop
[12.048s] DEBUG:colcon.colcon_parallel_executor.executor.parallel:loop closed
[12.048s] DEBUG:colcon.colcon_parallel_executor.executor.parallel:run_until_complete finished with '0'
[12.048s] DEBUG:colcon.colcon_core.event_reactor:joining thread
[12.057s] INFO:colcon.colcon_core.plugin_system:Skipping extension 'colcon_notification.desktop_notification.terminal_notifier': Not used on non-Darwin systems
[12.057s] INFO:colcon.colcon_core.plugin_system:Skipping extension 'colcon_notification.desktop_notification.win32': Not used on non-Windows systems
[12.058s] INFO:colcon.colcon_notification.desktop_notification:Sending desktop notification using 'notify2'
[12.059s] DEBUG:colcon.colcon_notification.desktop_notification.notify2:Failed to initialize notify2: org.freedesktop.DBus.Error.ServiceUnknown: The name org.freedesktop.Notifications was not provided by any .service files
[12.059s] DEBUG:colcon.colcon_core.event_reactor:joined thread
[12.060s] INFO:colcon.colcon_core.shell:Creating prefix script '/home/wojciech/Workspaces/ROS2/SCARA/install/local_setup.ps1'
[12.061s] INFO:colcon.colcon_core.shell:Creating prefix util module '/home/wojciech/Workspaces/ROS2/SCARA/install/_local_setup_util_ps1.py'
[12.062s] INFO:colcon.colcon_core.shell:Creating prefix chain script '/home/wojciech/Workspaces/ROS2/SCARA/install/setup.ps1'
[12.064s] INFO:colcon.colcon_core.shell:Creating prefix script '/home/wojciech/Workspaces/ROS2/SCARA/install/local_setup.sh'
[12.065s] INFO:colcon.colcon_core.shell:Creating prefix util module '/home/wojciech/Workspaces/ROS2/SCARA/install/_local_setup_util_sh.py'
[12.066s] INFO:colcon.colcon_core.shell:Creating prefix chain script '/home/wojciech/Workspaces/ROS2/SCARA/install/setup.sh'
[12.068s] INFO:colcon.colcon_core.shell:Creating prefix script '/home/wojciech/Workspaces/ROS2/SCARA/install/local_setup.bash'
[12.068s] INFO:colcon.colcon_core.shell:Creating prefix chain script '/home/wojciech/Workspaces/ROS2/SCARA/install/setup.bash'
[12.070s] INFO:colcon.colcon_core.shell:Creating prefix script '/home/wojciech/Workspaces/ROS2/SCARA/install/local_setup.zsh'
[12.070s] INFO:colcon.colcon_core.shell:Creating prefix chain script '/home/wojciech/Workspaces/ROS2/SCARA/install/setup.zsh'
