[0.075s] Invoking command in '/home/wojciech/Workspaces/ROS2/SCARA/build/puzzle_tuner': CMAKE_PREFIX_PATH=${CMAKE_PREFIX_PATH}:/opt/ros/jazzy DEBUGINFOD_URLS=https://debuginfod.ubuntu.com /usr/bin/cmake /home/wojciech/Workspaces/ROS2/SCARA/src/puzzle_tuner -DCMAKE_INSTALL_PREFIX=/home/wojciech/Workspaces/ROS2/SCARA/install/puzzle_tuner
[0.294s] -- The C compiler identification is GNU 13.3.0
[0.508s] -- The CXX compiler identification is GNU 13.3.0
[0.568s] -- Detecting C compiler ABI info
[0.975s] -- Detecting C compiler ABI info - done
[1.006s] -- Check for working C compiler: /usr/bin/cc - skipped
[1.007s] -- Detecting C compile features
[1.008s] -- Detecting C compile features - done
[1.031s] -- Detecting CXX compiler ABI info
[1.543s] -- Detecting CXX compiler ABI info - done
[1.598s] -- Check for working CXX compiler: /usr/bin/c++ - skipped
[1.599s] -- Detecting CXX compile features
[1.601s] -- Detecting CXX compile features - done
[1.615s] -- Found ament_cmake: 2.5.3 (/opt/ros/jazzy/share/ament_cmake/cmake)
[2.134s] -- Found Python3: /usr/bin/python3 (found version "3.12.3") found components: Interpreter 
[3.413s] -- Found rclcpp: 28.1.8 (/opt/ros/jazzy/share/rclcpp/cmake)
[3.514s] -- Found rosidl_generator_c: 4.6.5 (/opt/ros/jazzy/share/rosidl_generator_c/cmake)
[3.551s] -- Found rosidl_generator_cpp: 4.6.5 (/opt/ros/jazzy/share/rosidl_generator_cpp/cmake)
[3.599s] -- Using all available rosidl_typesupport_c: rosidl_typesupport_fastrtps_c;rosidl_typesupport_introspection_c
[3.640s] -- Using all available rosidl_typesupport_cpp: rosidl_typesupport_fastrtps_cpp;rosidl_typesupport_introspection_cpp
[3.793s] -- Found rmw_implementation_cmake: 7.3.2 (/opt/ros/jazzy/share/rmw_implementation_cmake/cmake)
[3.872s] -- Found rmw_fastrtps_cpp: 8.4.2 (/opt/ros/jazzy/share/rmw_fastrtps_cpp/cmake)
[4.768s] -- Found OpenSSL: /usr/lib/aarch64-linux-gnu/libcrypto.so (found version "3.0.13")  
[4.885s] -- Found FastRTPS: /opt/ros/jazzy/include (Required is at least version "2.13") 
[4.983s] -- Using RMW implementation 'rmw_fastrtps_cpp' as default
[10.232s] -- Found sensor_msgs: 5.3.6 (/opt/ros/jazzy/share/sensor_msgs/cmake)
[11.981s] -- Found cv_bridge: 4.1.0 (/opt/ros/jazzy/share/cv_bridge/cmake)
[12.059s] -- Found ament_lint_auto: 0.17.2 (/opt/ros/jazzy/share/ament_lint_auto/cmake)
[12.311s] -- Added test 'cppcheck' to perform static code analysis on C / C++ code
[12.312s] -- Configured cppcheck include dirs: 
[12.312s] -- Configured cppcheck exclude dirs and/or files: 
[12.313s] -- Added test 'lint_cmake' to check CMake code style
[12.315s] -- Added test 'uncrustify' to check C / C++ code style
[12.315s] -- Configured uncrustify additional arguments: 
[12.317s] -- Added test 'xmllint' to check XML markup files
[12.324s] -- Configuring done (12.2s)
[12.335s] -- Generating done (0.0s)
[12.338s] -- Build files have been written to: /home/wojciech/Workspaces/ROS2/SCARA/build/puzzle_tuner
[12.365s] Invoked command in '/home/wojciech/Workspaces/ROS2/SCARA/build/puzzle_tuner' returned '0': CMAKE_PREFIX_PATH=${CMAKE_PREFIX_PATH}:/opt/ros/jazzy DEBUGINFOD_URLS=https://debuginfod.ubuntu.com /usr/bin/cmake /home/wojciech/Workspaces/ROS2/SCARA/src/puzzle_tuner -DCMAKE_INSTALL_PREFIX=/home/wojciech/Workspaces/ROS2/SCARA/install/puzzle_tuner
[12.367s] Invoking command in '/home/wojciech/Workspaces/ROS2/SCARA/build/puzzle_tuner': CMAKE_PREFIX_PATH=${CMAKE_PREFIX_PATH}:/opt/ros/jazzy DEBUGINFOD_URLS=https://debuginfod.ubuntu.com /usr/bin/cmake --build /home/wojciech/Workspaces/ROS2/SCARA/build/puzzle_tuner -- -j4 -l4
[12.467s] Invoked command in '/home/wojciech/Workspaces/ROS2/SCARA/build/puzzle_tuner' returned '0': CMAKE_PREFIX_PATH=${CMAKE_PREFIX_PATH}:/opt/ros/jazzy DEBUGINFOD_URLS=https://debuginfod.ubuntu.com /usr/bin/cmake --build /home/wojciech/Workspaces/ROS2/SCARA/build/puzzle_tuner -- -j4 -l4
[12.468s] Invoking command in '/home/wojciech/Workspaces/ROS2/SCARA/build/puzzle_tuner': CMAKE_PREFIX_PATH=${CMAKE_PREFIX_PATH}:/opt/ros/jazzy DEBUGINFOD_URLS=https://debuginfod.ubuntu.com /usr/bin/cmake --install /home/wojciech/Workspaces/ROS2/SCARA/build/puzzle_tuner
[12.486s] -- Install configuration: ""
[12.486s] -- Installing: /home/wojciech/Workspaces/ROS2/SCARA/install/puzzle_tuner/share/ament_index/resource_index/package_run_dependencies/puzzle_tuner
[12.486s] -- Installing: /home/wojciech/Workspaces/ROS2/SCARA/install/puzzle_tuner/share/ament_index/resource_index/parent_prefix_path/puzzle_tuner
[12.487s] -- Installing: /home/wojciech/Workspaces/ROS2/SCARA/install/puzzle_tuner/share/puzzle_tuner/environment/ament_prefix_path.sh
[12.487s] -- Installing: /home/wojciech/Workspaces/ROS2/SCARA/install/puzzle_tuner/share/puzzle_tuner/environment/ament_prefix_path.dsv
[12.487s] -- Installing: /home/wojciech/Workspaces/ROS2/SCARA/install/puzzle_tuner/share/puzzle_tuner/environment/path.sh
[12.487s] -- Installing: /home/wojciech/Workspaces/ROS2/SCARA/install/puzzle_tuner/share/puzzle_tuner/environment/path.dsv
[12.490s] -- Installing: /home/wojciech/Workspaces/ROS2/SCARA/install/puzzle_tuner/share/puzzle_tuner/local_setup.bash
[12.495s] -- Installing: /home/wojciech/Workspaces/ROS2/SCARA/install/puzzle_tuner/share/puzzle_tuner/local_setup.sh
[12.495s] -- Installing: /home/wojciech/Workspaces/ROS2/SCARA/install/puzzle_tuner/share/puzzle_tuner/local_setup.zsh
[12.495s] -- Installing: /home/wojciech/Workspaces/ROS2/SCARA/install/puzzle_tuner/share/puzzle_tuner/local_setup.dsv
[12.496s] -- Installing: /home/wojciech/Workspaces/ROS2/SCARA/install/puzzle_tuner/share/puzzle_tuner/package.dsv
[12.496s] -- Installing: /home/wojciech/Workspaces/ROS2/SCARA/install/puzzle_tuner/share/ament_index/resource_index/packages/puzzle_tuner
[12.496s] -- Installing: /home/wojciech/Workspaces/ROS2/SCARA/install/puzzle_tuner/share/puzzle_tuner/cmake/puzzle_tunerConfig.cmake
[12.496s] -- Installing: /home/wojciech/Workspaces/ROS2/SCARA/install/puzzle_tuner/share/puzzle_tuner/cmake/puzzle_tunerConfig-version.cmake
[12.496s] -- Installing: /home/wojciech/Workspaces/ROS2/SCARA/install/puzzle_tuner/share/puzzle_tuner/package.xml
[12.500s] Invoked command in '/home/wojciech/Workspaces/ROS2/SCARA/build/puzzle_tuner' returned '0': CMAKE_PREFIX_PATH=${CMAKE_PREFIX_PATH}:/opt/ros/jazzy DEBUGINFOD_URLS=https://debuginfod.ubuntu.com /usr/bin/cmake --install /home/wojciech/Workspaces/ROS2/SCARA/build/puzzle_tuner
