-- The C compiler identification is GNU 13.3.0
-- The CXX compiler identification is GNU 13.3.0
-- Detecting C compiler ABI info
-- Detecting C compiler ABI info - done
-- Check for working C compiler: /usr/bin/cc - skipped
-- Detecting C compile features
-- Detecting C compile features - done
-- Detecting CXX compiler ABI info
-- Detecting CXX compiler ABI info - done
-- Check for working CXX compiler: /usr/bin/c++ - skipped
-- Detecting CXX compile features
-- Detecting CXX compile features - done
-- Found ament_cmake: 2.5.3 (/opt/ros/jazzy/share/ament_cmake/cmake)
-- Found Python3: /usr/bin/python3 (found version "3.12.3") found components: Interpreter 
-- Found rclcpp: 28.1.6 (/opt/ros/jazzy/share/rclcpp/cmake)
-- Found rosidl_generator_c: 4.6.5 (/opt/ros/jazzy/share/rosidl_generator_c/cmake)
-- Found rosidl_generator_cpp: 4.6.5 (/opt/ros/jazzy/share/rosidl_generator_cpp/cmake)
-- Using all available rosidl_typesupport_c: rosidl_typesupport_fastrtps_c;rosidl_typesupport_introspection_c
-- Using all available rosidl_typesupport_cpp: rosidl_typesupport_fastrtps_cpp;rosidl_typesupport_introspection_cpp
-- Found rmw_implementation_cmake: 7.3.1 (/opt/ros/jazzy/share/rmw_implementation_cmake/cmake)
-- Found rmw_cyclonedds_cpp: 2.2.2 (/opt/ros/jazzy/share/rmw_cyclonedds_cpp/cmake)
-- Using RMW implementation 'rmw_cyclonedds_cpp' as default
-- Found sensor_msgs: 5.3.5 (/opt/ros/jazzy/share/sensor_msgs/cmake)
-- Found cv_bridge: 4.1.0 (/opt/ros/jazzy/share/cv_bridge/cmake)
-- Found ament_lint_auto: 0.17.1 (/opt/ros/jazzy/share/ament_lint_auto/cmake)
-- Added test 'cppcheck' to perform static code analysis on C / C++ code
-- Configured cppcheck include dirs: 
-- Configured cppcheck exclude dirs and/or files: 
-- Added test 'lint_cmake' to check CMake code style
-- Added test 'uncrustify' to check C / C++ code style
-- Configured uncrustify additional arguments: 
-- Added test 'xmllint' to check XML markup files
-- Configuring done (0.8s)
-- Generating done (0.0s)
-- Build files have been written to: /home/wojciech/Workspaces/ROS2/SCARA/build/puzzle_tuner
-- Install configuration: ""
-- Installing: /home/wojciech/Workspaces/ROS2/SCARA/install/puzzle_tuner/share/ament_index/resource_index/package_run_dependencies/puzzle_tuner
-- Installing: /home/wojciech/Workspaces/ROS2/SCARA/install/puzzle_tuner/share/ament_index/resource_index/parent_prefix_path/puzzle_tuner
-- Installing: /home/wojciech/Workspaces/ROS2/SCARA/install/puzzle_tuner/share/puzzle_tuner/environment/ament_prefix_path.sh
-- Installing: /home/wojciech/Workspaces/ROS2/SCARA/install/puzzle_tuner/share/puzzle_tuner/environment/ament_prefix_path.dsv
-- Installing: /home/wojciech/Workspaces/ROS2/SCARA/install/puzzle_tuner/share/puzzle_tuner/environment/path.sh
-- Installing: /home/wojciech/Workspaces/ROS2/SCARA/install/puzzle_tuner/share/puzzle_tuner/environment/path.dsv
-- Installing: /home/wojciech/Workspaces/ROS2/SCARA/install/puzzle_tuner/share/puzzle_tuner/local_setup.bash
-- Installing: /home/wojciech/Workspaces/ROS2/SCARA/install/puzzle_tuner/share/puzzle_tuner/local_setup.sh
-- Installing: /home/wojciech/Workspaces/ROS2/SCARA/install/puzzle_tuner/share/puzzle_tuner/local_setup.zsh
-- Installing: /home/wojciech/Workspaces/ROS2/SCARA/install/puzzle_tuner/share/puzzle_tuner/local_setup.dsv
-- Installing: /home/wojciech/Workspaces/ROS2/SCARA/install/puzzle_tuner/share/puzzle_tuner/package.dsv
-- Installing: /home/wojciech/Workspaces/ROS2/SCARA/install/puzzle_tuner/share/ament_index/resource_index/packages/puzzle_tuner
-- Installing: /home/wojciech/Workspaces/ROS2/SCARA/install/puzzle_tuner/share/puzzle_tuner/cmake/puzzle_tunerConfig.cmake
-- Installing: /home/wojciech/Workspaces/ROS2/SCARA/install/puzzle_tuner/share/puzzle_tuner/cmake/puzzle_tunerConfig-version.cmake
-- Installing: /home/wojciech/Workspaces/ROS2/SCARA/install/puzzle_tuner/share/puzzle_tuner/package.xml
