[1.113s] DEBUG:colcon:Command line arguments: ['/usr/bin/colcon', 'build']
[1.114s] DEBUG:colcon:Parsed command line arguments: Namespace(log_base=None, log_level=None, verb_name='build', build_base='build', install_base='install', merge_install=False, symlink_install=False, test_result_base=None, continue_on_error=False, executor='parallel', parallel_workers=4, event_handlers=None, ignore_user_meta=False, metas=['./colcon.meta'], base_paths=['.'], packages_ignore=None, packages_ignore_regex=None, paths=None, packages_up_to=None, packages_up_to_regex=None, packages_above=None, packages_above_and_dependencies=None, packages_above_depth=None, packages_select_by_dep=None, packages_skip_by_dep=None, packages_skip_up_to=None, packages_select_build_failed=False, packages_skip_build_finished=False, packages_select_test_failures=False, packages_skip_test_passed=False, packages_select=None, packages_skip=None, packages_select_regex=None, packages_skip_regex=None, packages_start=None, packages_end=None, allow_overriding=[], cmake_args=None, cmake_target=None, cmake_target_skip_unavailable=False, cmake_clean_cache=False, cmake_clean_first=False, cmake_force_configure=False, ament_cmake_args=None, catkin_cmake_args=None, catkin_skip_building_tests=False, mixin_files=None, mixin=None, verb_parser=<colcon_mixin.mixin.mixin_argument.MixinArgumentDecorator object at 0xffff895a5490>, verb_extension=<colcon_core.verb.build.BuildVerb object at 0xffff896d59a0>, main=<bound method BuildVerb.main of <colcon_core.verb.build.BuildVerb object at 0xffff896d59a0>>, mixin_verb=('build',))
[1.198s] Level 1:colcon.colcon_core.package_discovery:discover_packages(colcon_meta) check parameters
[1.199s] Level 1:colcon.colcon_core.package_discovery:discover_packages(recursive) check parameters
[1.199s] Level 1:colcon.colcon_core.package_discovery:discover_packages(ignore) check parameters
[1.199s] Level 1:colcon.colcon_core.package_discovery:discover_packages(path) check parameters
[1.199s] Level 1:colcon.colcon_core.package_discovery:discover_packages(colcon_meta) discover
[1.199s] Level 1:colcon.colcon_core.package_discovery:discover_packages(recursive) discover
[1.199s] INFO:colcon.colcon_core.package_discovery:Crawling recursively for packages in '/home/wojciech/Workspaces/ROS2/SCARA'
[1.199s] Level 1:colcon.colcon_core.package_identification:_identify(.) by extensions ['ignore', 'ignore_ament_install']
[1.199s] Level 1:colcon.colcon_core.package_identification:_identify(.) by extension 'ignore'
[1.199s] Level 1:colcon.colcon_core.package_identification:_identify(.) by extension 'ignore_ament_install'
[1.199s] Level 1:colcon.colcon_core.package_identification:_identify(.) by extensions ['colcon_pkg']
[1.199s] Level 1:colcon.colcon_core.package_identification:_identify(.) by extension 'colcon_pkg'
[1.199s] Level 1:colcon.colcon_core.package_identification:_identify(.) by extensions ['colcon_meta']
[1.199s] Level 1:colcon.colcon_core.package_identification:_identify(.) by extension 'colcon_meta'
[1.199s] Level 1:colcon.colcon_core.package_identification:_identify(.) by extensions ['ros']
[1.199s] Level 1:colcon.colcon_core.package_identification:_identify(.) by extension 'ros'
[1.240s] Level 1:colcon.colcon_core.package_identification:_identify(.) by extensions ['cmake', 'python']
[1.241s] Level 1:colcon.colcon_core.package_identification:_identify(.) by extension 'cmake'
[1.241s] Level 1:colcon.colcon_core.package_identification:_identify(.) by extension 'python'
[1.241s] Level 1:colcon.colcon_core.package_identification:_identify(.) by extensions ['python_setup_py']
[1.241s] Level 1:colcon.colcon_core.package_identification:_identify(.) by extension 'python_setup_py'
[1.241s] Level 1:colcon.colcon_core.package_identification:_identify(build) by extensions ['ignore', 'ignore_ament_install']
[1.241s] Level 1:colcon.colcon_core.package_identification:_identify(build) by extension 'ignore'
[1.241s] Level 1:colcon.colcon_core.package_identification:_identify(build) ignored
[1.241s] Level 1:colcon.colcon_core.package_identification:_identify(install) by extensions ['ignore', 'ignore_ament_install']
[1.241s] Level 1:colcon.colcon_core.package_identification:_identify(install) by extension 'ignore'
[1.241s] Level 1:colcon.colcon_core.package_identification:_identify(install) ignored
[1.241s] Level 1:colcon.colcon_core.package_identification:_identify(log) by extensions ['ignore', 'ignore_ament_install']
[1.242s] Level 1:colcon.colcon_core.package_identification:_identify(log) by extension 'ignore'
[1.242s] Level 1:colcon.colcon_core.package_identification:_identify(log) ignored
[1.242s] Level 1:colcon.colcon_core.package_identification:_identify(src) by extensions ['ignore', 'ignore_ament_install']
[1.242s] Level 1:colcon.colcon_core.package_identification:_identify(src) by extension 'ignore'
[1.242s] Level 1:colcon.colcon_core.package_identification:_identify(src) by extension 'ignore_ament_install'
[1.242s] Level 1:colcon.colcon_core.package_identification:_identify(src) by extensions ['colcon_pkg']
[1.242s] Level 1:colcon.colcon_core.package_identification:_identify(src) by extension 'colcon_pkg'
[1.242s] Level 1:colcon.colcon_core.package_identification:_identify(src) by extensions ['colcon_meta']
[1.242s] Level 1:colcon.colcon_core.package_identification:_identify(src) by extension 'colcon_meta'
[1.242s] Level 1:colcon.colcon_core.package_identification:_identify(src) by extensions ['ros']
[1.242s] Level 1:colcon.colcon_core.package_identification:_identify(src) by extension 'ros'
[1.242s] Level 1:colcon.colcon_core.package_identification:_identify(src) by extensions ['cmake', 'python']
[1.242s] Level 1:colcon.colcon_core.package_identification:_identify(src) by extension 'cmake'
[1.242s] Level 1:colcon.colcon_core.package_identification:_identify(src) by extension 'python'
[1.242s] Level 1:colcon.colcon_core.package_identification:_identify(src) by extensions ['python_setup_py']
[1.242s] Level 1:colcon.colcon_core.package_identification:_identify(src) by extension 'python_setup_py'
[1.242s] Level 1:colcon.colcon_core.package_identification:_identify(src/puzzle_solver) by extensions ['ignore', 'ignore_ament_install']
[1.242s] Level 1:colcon.colcon_core.package_identification:_identify(src/puzzle_solver) by extension 'ignore'
[1.243s] Level 1:colcon.colcon_core.package_identification:_identify(src/puzzle_solver) by extension 'ignore_ament_install'
[1.243s] Level 1:colcon.colcon_core.package_identification:_identify(src/puzzle_solver) by extensions ['colcon_pkg']
[1.243s] Level 1:colcon.colcon_core.package_identification:_identify(src/puzzle_solver) by extension 'colcon_pkg'
[1.243s] Level 1:colcon.colcon_core.package_identification:_identify(src/puzzle_solver) by extensions ['colcon_meta']
[1.243s] Level 1:colcon.colcon_core.package_identification:_identify(src/puzzle_solver) by extension 'colcon_meta'
[1.243s] Level 1:colcon.colcon_core.package_identification:_identify(src/puzzle_solver) by extensions ['ros']
[1.243s] Level 1:colcon.colcon_core.package_identification:_identify(src/puzzle_solver) by extension 'ros'
[1.246s] DEBUG:colcon.colcon_core.package_identification:Package 'src/puzzle_solver' with type 'ros.ament_cmake' and name 'puzzle_solver'
[1.246s] Level 1:colcon.colcon_core.package_identification:_identify(src/puzzle_tuner) by extensions ['ignore', 'ignore_ament_install']
[1.247s] Level 1:colcon.colcon_core.package_identification:_identify(src/puzzle_tuner) by extension 'ignore'
[1.247s] Level 1:colcon.colcon_core.package_identification:_identify(src/puzzle_tuner) by extension 'ignore_ament_install'
[1.247s] Level 1:colcon.colcon_core.package_identification:_identify(src/puzzle_tuner) by extensions ['colcon_pkg']
[1.247s] Level 1:colcon.colcon_core.package_identification:_identify(src/puzzle_tuner) by extension 'colcon_pkg'
[1.247s] Level 1:colcon.colcon_core.package_identification:_identify(src/puzzle_tuner) by extensions ['colcon_meta']
[1.247s] Level 1:colcon.colcon_core.package_identification:_identify(src/puzzle_tuner) by extension 'colcon_meta'
[1.247s] Level 1:colcon.colcon_core.package_identification:_identify(src/puzzle_tuner) by extensions ['ros']
[1.247s] Level 1:colcon.colcon_core.package_identification:_identify(src/puzzle_tuner) by extension 'ros'
[1.248s] DEBUG:colcon.colcon_core.package_identification:Package 'src/puzzle_tuner' with type 'ros.ament_cmake' and name 'puzzle_tuner'
[1.248s] Level 1:colcon.colcon_core.package_identification:_identify(src/scara_controller) by extensions ['ignore', 'ignore_ament_install']
[1.248s] Level 1:colcon.colcon_core.package_identification:_identify(src/scara_controller) by extension 'ignore'
[1.248s] Level 1:colcon.colcon_core.package_identification:_identify(src/scara_controller) by extension 'ignore_ament_install'
[1.248s] Level 1:colcon.colcon_core.package_identification:_identify(src/scara_controller) by extensions ['colcon_pkg']
[1.248s] Level 1:colcon.colcon_core.package_identification:_identify(src/scara_controller) by extension 'colcon_pkg'
[1.248s] Level 1:colcon.colcon_core.package_identification:_identify(src/scara_controller) by extensions ['colcon_meta']
[1.248s] Level 1:colcon.colcon_core.package_identification:_identify(src/scara_controller) by extension 'colcon_meta'
[1.249s] Level 1:colcon.colcon_core.package_identification:_identify(src/scara_controller) by extensions ['ros']
[1.249s] Level 1:colcon.colcon_core.package_identification:_identify(src/scara_controller) by extension 'ros'
[1.249s] DEBUG:colcon.colcon_core.package_identification:Package 'src/scara_controller' with type 'ros.ament_cmake' and name 'scara_controller'
[1.249s] Level 1:colcon.colcon_core.package_identification:_identify(src/scara_description) by extensions ['ignore', 'ignore_ament_install']
[1.249s] Level 1:colcon.colcon_core.package_identification:_identify(src/scara_description) by extension 'ignore'
[1.249s] Level 1:colcon.colcon_core.package_identification:_identify(src/scara_description) by extension 'ignore_ament_install'
[1.249s] Level 1:colcon.colcon_core.package_identification:_identify(src/scara_description) by extensions ['colcon_pkg']
[1.249s] Level 1:colcon.colcon_core.package_identification:_identify(src/scara_description) by extension 'colcon_pkg'
[1.249s] Level 1:colcon.colcon_core.package_identification:_identify(src/scara_description) by extensions ['colcon_meta']
[1.250s] Level 1:colcon.colcon_core.package_identification:_identify(src/scara_description) by extension 'colcon_meta'
[1.250s] Level 1:colcon.colcon_core.package_identification:_identify(src/scara_description) by extensions ['ros']
[1.250s] Level 1:colcon.colcon_core.package_identification:_identify(src/scara_description) by extension 'ros'
[1.250s] DEBUG:colcon.colcon_core.package_identification:Package 'src/scara_description' with type 'ros.ament_cmake' and name 'scara_description'
[1.251s] Level 1:colcon.colcon_core.package_identification:_identify(src/scara_moveit) by extensions ['ignore', 'ignore_ament_install']
[1.251s] Level 1:colcon.colcon_core.package_identification:_identify(src/scara_moveit) by extension 'ignore'
[1.251s] Level 1:colcon.colcon_core.package_identification:_identify(src/scara_moveit) by extension 'ignore_ament_install'
[1.251s] Level 1:colcon.colcon_core.package_identification:_identify(src/scara_moveit) by extensions ['colcon_pkg']
[1.251s] Level 1:colcon.colcon_core.package_identification:_identify(src/scara_moveit) by extension 'colcon_pkg'
[1.251s] Level 1:colcon.colcon_core.package_identification:_identify(src/scara_moveit) by extensions ['colcon_meta']
[1.251s] Level 1:colcon.colcon_core.package_identification:_identify(src/scara_moveit) by extension 'colcon_meta'
[1.251s] Level 1:colcon.colcon_core.package_identification:_identify(src/scara_moveit) by extensions ['ros']
[1.251s] Level 1:colcon.colcon_core.package_identification:_identify(src/scara_moveit) by extension 'ros'
[1.251s] DEBUG:colcon.colcon_core.package_identification:Package 'src/scara_moveit' with type 'ros.ament_cmake' and name 'scara_moveit'
[1.251s] Level 1:colcon.colcon_core.package_identification:_identify(src/scara_msgs) by extensions ['ignore', 'ignore_ament_install']
[1.252s] Level 1:colcon.colcon_core.package_identification:_identify(src/scara_msgs) by extension 'ignore'
[1.252s] Level 1:colcon.colcon_core.package_identification:_identify(src/scara_msgs) by extension 'ignore_ament_install'
[1.252s] Level 1:colcon.colcon_core.package_identification:_identify(src/scara_msgs) by extensions ['colcon_pkg']
[1.252s] Level 1:colcon.colcon_core.package_identification:_identify(src/scara_msgs) by extension 'colcon_pkg'
[1.252s] Level 1:colcon.colcon_core.package_identification:_identify(src/scara_msgs) by extensions ['colcon_meta']
[1.252s] Level 1:colcon.colcon_core.package_identification:_identify(src/scara_msgs) by extension 'colcon_meta'
[1.252s] Level 1:colcon.colcon_core.package_identification:_identify(src/scara_msgs) by extensions ['ros']
[1.252s] Level 1:colcon.colcon_core.package_identification:_identify(src/scara_msgs) by extension 'ros'
[1.252s] DEBUG:colcon.colcon_core.package_identification:Package 'src/scara_msgs' with type 'ros.ament_cmake' and name 'scara_msgs'
[1.253s] Level 1:colcon.colcon_core.package_identification:_identify(src/scara_utils) by extensions ['ignore', 'ignore_ament_install']
[1.253s] Level 1:colcon.colcon_core.package_identification:_identify(src/scara_utils) by extension 'ignore'
[1.253s] Level 1:colcon.colcon_core.package_identification:_identify(src/scara_utils) by extension 'ignore_ament_install'
[1.253s] Level 1:colcon.colcon_core.package_identification:_identify(src/scara_utils) by extensions ['colcon_pkg']
[1.253s] Level 1:colcon.colcon_core.package_identification:_identify(src/scara_utils) by extension 'colcon_pkg'
[1.253s] Level 1:colcon.colcon_core.package_identification:_identify(src/scara_utils) by extensions ['colcon_meta']
[1.253s] Level 1:colcon.colcon_core.package_identification:_identify(src/scara_utils) by extension 'colcon_meta'
[1.253s] Level 1:colcon.colcon_core.package_identification:_identify(src/scara_utils) by extensions ['ros']
[1.253s] Level 1:colcon.colcon_core.package_identification:_identify(src/scara_utils) by extension 'ros'
[1.254s] DEBUG:colcon.colcon_core.package_identification:Package 'src/scara_utils' with type 'ros.ament_cmake' and name 'scara_utils'
[1.254s] Level 1:colcon.colcon_core.package_discovery:discover_packages(recursive) using defaults
[1.254s] Level 1:colcon.colcon_core.package_discovery:discover_packages(ignore) discover
[1.254s] Level 1:colcon.colcon_core.package_discovery:discover_packages(ignore) using defaults
[1.254s] Level 1:colcon.colcon_core.package_discovery:discover_packages(path) discover
[1.254s] Level 1:colcon.colcon_core.package_discovery:discover_packages(path) using defaults
[1.303s] Level 1:colcon.colcon_core.package_discovery:discover_packages(prefix_path) check parameters
[1.303s] Level 1:colcon.colcon_core.package_discovery:discover_packages(prefix_path) discover
[1.395s] WARNING:colcon.colcon_ros.prefix_path.ament:The path '/home/wojciech/Workspaces/ROS2/SCARA/install/scara_utils' in the environment variable AMENT_PREFIX_PATH doesn't exist
[1.395s] WARNING:colcon.colcon_ros.prefix_path.ament:The path '/home/wojciech/Workspaces/ROS2/SCARA/install/scara_msgs' in the environment variable AMENT_PREFIX_PATH doesn't exist
[1.395s] WARNING:colcon.colcon_ros.prefix_path.ament:The path '/home/wojciech/Workspaces/ROS2/SCARA/install/scara_moveit' in the environment variable AMENT_PREFIX_PATH doesn't exist
[1.395s] WARNING:colcon.colcon_ros.prefix_path.ament:The path '/home/wojciech/Workspaces/ROS2/SCARA/install/scara_description' in the environment variable AMENT_PREFIX_PATH doesn't exist
[1.395s] WARNING:colcon.colcon_ros.prefix_path.ament:The path '/home/wojciech/Workspaces/ROS2/SCARA/install/scara_controller' in the environment variable AMENT_PREFIX_PATH doesn't exist
[1.395s] WARNING:colcon.colcon_ros.prefix_path.ament:The path '/home/wojciech/Workspaces/ROS2/SCARA/install/puzzle_tuner' in the environment variable AMENT_PREFIX_PATH doesn't exist
[1.395s] WARNING:colcon.colcon_ros.prefix_path.ament:The path '/home/wojciech/Workspaces/ROS2/SCARA/install/puzzle_solver' in the environment variable AMENT_PREFIX_PATH doesn't exist
[1.396s] WARNING:colcon.colcon_ros.prefix_path.catkin:The path '/home/wojciech/Workspaces/ROS2/SCARA/install/scara_utils' in the environment variable CMAKE_PREFIX_PATH doesn't exist
[1.396s] WARNING:colcon.colcon_ros.prefix_path.catkin:The path '/home/wojciech/Workspaces/ROS2/SCARA/install/scara_msgs' in the environment variable CMAKE_PREFIX_PATH doesn't exist
[1.396s] WARNING:colcon.colcon_ros.prefix_path.catkin:The path '/home/wojciech/Workspaces/ROS2/SCARA/install/scara_moveit' in the environment variable CMAKE_PREFIX_PATH doesn't exist
[1.396s] WARNING:colcon.colcon_ros.prefix_path.catkin:The path '/home/wojciech/Workspaces/ROS2/SCARA/install/scara_description' in the environment variable CMAKE_PREFIX_PATH doesn't exist
[1.396s] WARNING:colcon.colcon_ros.prefix_path.catkin:The path '/home/wojciech/Workspaces/ROS2/SCARA/install/scara_controller' in the environment variable CMAKE_PREFIX_PATH doesn't exist
[1.396s] WARNING:colcon.colcon_ros.prefix_path.catkin:The path '/home/wojciech/Workspaces/ROS2/SCARA/install/puzzle_tuner' in the environment variable CMAKE_PREFIX_PATH doesn't exist
[1.396s] WARNING:colcon.colcon_ros.prefix_path.catkin:The path '/home/wojciech/Workspaces/ROS2/SCARA/install/puzzle_solver' in the environment variable CMAKE_PREFIX_PATH doesn't exist
[1.443s] DEBUG:colcon.colcon_installed_package_information.package_discovery:Found 0 installed packages in /home/wojciech/Workspaces/ROS2/SCARA/install
[1.448s] DEBUG:colcon.colcon_installed_package_information.package_discovery:Found 432 installed packages in /opt/ros/jazzy
[1.452s] Level 1:colcon.colcon_core.package_discovery:discover_packages(prefix_path) using defaults
[1.613s] Level 5:colcon.colcon_core.verb:set package 'puzzle_solver' build argument 'cmake_args' from command line to 'None'
[1.613s] Level 5:colcon.colcon_core.verb:set package 'puzzle_solver' build argument 'cmake_target' from command line to 'None'
[1.613s] Level 5:colcon.colcon_core.verb:set package 'puzzle_solver' build argument 'cmake_target_skip_unavailable' from command line to 'False'
[1.613s] Level 5:colcon.colcon_core.verb:set package 'puzzle_solver' build argument 'cmake_clean_cache' from command line to 'False'
[1.613s] Level 5:colcon.colcon_core.verb:set package 'puzzle_solver' build argument 'cmake_clean_first' from command line to 'False'
[1.613s] Level 5:colcon.colcon_core.verb:set package 'puzzle_solver' build argument 'cmake_force_configure' from command line to 'False'
[1.613s] Level 5:colcon.colcon_core.verb:set package 'puzzle_solver' build argument 'ament_cmake_args' from command line to 'None'
[1.613s] Level 5:colcon.colcon_core.verb:set package 'puzzle_solver' build argument 'catkin_cmake_args' from command line to 'None'
[1.613s] Level 5:colcon.colcon_core.verb:set package 'puzzle_solver' build argument 'catkin_skip_building_tests' from command line to 'False'
[1.613s] DEBUG:colcon.colcon_core.verb:Building package 'puzzle_solver' with the following arguments: {'ament_cmake_args': None, 'build_base': '/home/wojciech/Workspaces/ROS2/SCARA/build/puzzle_solver', 'catkin_cmake_args': None, 'catkin_skip_building_tests': False, 'cmake_args': None, 'cmake_clean_cache': False, 'cmake_clean_first': False, 'cmake_force_configure': False, 'cmake_target': None, 'cmake_target_skip_unavailable': False, 'install_base': '/home/wojciech/Workspaces/ROS2/SCARA/install/puzzle_solver', 'merge_install': False, 'path': '/home/wojciech/Workspaces/ROS2/SCARA/src/puzzle_solver', 'symlink_install': False, 'test_result_base': None}
[1.613s] Level 5:colcon.colcon_core.verb:set package 'puzzle_tuner' build argument 'cmake_args' from command line to 'None'
[1.613s] Level 5:colcon.colcon_core.verb:set package 'puzzle_tuner' build argument 'cmake_target' from command line to 'None'
[1.614s] Level 5:colcon.colcon_core.verb:set package 'puzzle_tuner' build argument 'cmake_target_skip_unavailable' from command line to 'False'
[1.614s] Level 5:colcon.colcon_core.verb:set package 'puzzle_tuner' build argument 'cmake_clean_cache' from command line to 'False'
[1.614s] Level 5:colcon.colcon_core.verb:set package 'puzzle_tuner' build argument 'cmake_clean_first' from command line to 'False'
[1.614s] Level 5:colcon.colcon_core.verb:set package 'puzzle_tuner' build argument 'cmake_force_configure' from command line to 'False'
[1.614s] Level 5:colcon.colcon_core.verb:set package 'puzzle_tuner' build argument 'ament_cmake_args' from command line to 'None'
[1.614s] Level 5:colcon.colcon_core.verb:set package 'puzzle_tuner' build argument 'catkin_cmake_args' from command line to 'None'
[1.614s] Level 5:colcon.colcon_core.verb:set package 'puzzle_tuner' build argument 'catkin_skip_building_tests' from command line to 'False'
[1.614s] DEBUG:colcon.colcon_core.verb:Building package 'puzzle_tuner' with the following arguments: {'ament_cmake_args': None, 'build_base': '/home/wojciech/Workspaces/ROS2/SCARA/build/puzzle_tuner', 'catkin_cmake_args': None, 'catkin_skip_building_tests': False, 'cmake_args': None, 'cmake_clean_cache': False, 'cmake_clean_first': False, 'cmake_force_configure': False, 'cmake_target': None, 'cmake_target_skip_unavailable': False, 'install_base': '/home/wojciech/Workspaces/ROS2/SCARA/install/puzzle_tuner', 'merge_install': False, 'path': '/home/wojciech/Workspaces/ROS2/SCARA/src/puzzle_tuner', 'symlink_install': False, 'test_result_base': None}
[1.614s] Level 5:colcon.colcon_core.verb:set package 'scara_controller' build argument 'cmake_args' from command line to 'None'
[1.614s] Level 5:colcon.colcon_core.verb:set package 'scara_controller' build argument 'cmake_target' from command line to 'None'
[1.614s] Level 5:colcon.colcon_core.verb:set package 'scara_controller' build argument 'cmake_target_skip_unavailable' from command line to 'False'
[1.614s] Level 5:colcon.colcon_core.verb:set package 'scara_controller' build argument 'cmake_clean_cache' from command line to 'False'
[1.614s] Level 5:colcon.colcon_core.verb:set package 'scara_controller' build argument 'cmake_clean_first' from command line to 'False'
[1.614s] Level 5:colcon.colcon_core.verb:set package 'scara_controller' build argument 'cmake_force_configure' from command line to 'False'
[1.614s] Level 5:colcon.colcon_core.verb:set package 'scara_controller' build argument 'ament_cmake_args' from command line to 'None'
[1.614s] Level 5:colcon.colcon_core.verb:set package 'scara_controller' build argument 'catkin_cmake_args' from command line to 'None'
[1.614s] Level 5:colcon.colcon_core.verb:set package 'scara_controller' build argument 'catkin_skip_building_tests' from command line to 'False'
[1.614s] DEBUG:colcon.colcon_core.verb:Building package 'scara_controller' with the following arguments: {'ament_cmake_args': None, 'build_base': '/home/wojciech/Workspaces/ROS2/SCARA/build/scara_controller', 'catkin_cmake_args': None, 'catkin_skip_building_tests': False, 'cmake_args': None, 'cmake_clean_cache': False, 'cmake_clean_first': False, 'cmake_force_configure': False, 'cmake_target': None, 'cmake_target_skip_unavailable': False, 'install_base': '/home/wojciech/Workspaces/ROS2/SCARA/install/scara_controller', 'merge_install': False, 'path': '/home/wojciech/Workspaces/ROS2/SCARA/src/scara_controller', 'symlink_install': False, 'test_result_base': None}
[1.615s] Level 5:colcon.colcon_core.verb:set package 'scara_description' build argument 'cmake_args' from command line to 'None'
[1.615s] Level 5:colcon.colcon_core.verb:set package 'scara_description' build argument 'cmake_target' from command line to 'None'
[1.615s] Level 5:colcon.colcon_core.verb:set package 'scara_description' build argument 'cmake_target_skip_unavailable' from command line to 'False'
[1.615s] Level 5:colcon.colcon_core.verb:set package 'scara_description' build argument 'cmake_clean_cache' from command line to 'False'
[1.615s] Level 5:colcon.colcon_core.verb:set package 'scara_description' build argument 'cmake_clean_first' from command line to 'False'
[1.615s] Level 5:colcon.colcon_core.verb:set package 'scara_description' build argument 'cmake_force_configure' from command line to 'False'
[1.615s] Level 5:colcon.colcon_core.verb:set package 'scara_description' build argument 'ament_cmake_args' from command line to 'None'
[1.615s] Level 5:colcon.colcon_core.verb:set package 'scara_description' build argument 'catkin_cmake_args' from command line to 'None'
[1.615s] Level 5:colcon.colcon_core.verb:set package 'scara_description' build argument 'catkin_skip_building_tests' from command line to 'False'
[1.615s] DEBUG:colcon.colcon_core.verb:Building package 'scara_description' with the following arguments: {'ament_cmake_args': None, 'build_base': '/home/wojciech/Workspaces/ROS2/SCARA/build/scara_description', 'catkin_cmake_args': None, 'catkin_skip_building_tests': False, 'cmake_args': None, 'cmake_clean_cache': False, 'cmake_clean_first': False, 'cmake_force_configure': False, 'cmake_target': None, 'cmake_target_skip_unavailable': False, 'install_base': '/home/wojciech/Workspaces/ROS2/SCARA/install/scara_description', 'merge_install': False, 'path': '/home/wojciech/Workspaces/ROS2/SCARA/src/scara_description', 'symlink_install': False, 'test_result_base': None}
[1.615s] Level 5:colcon.colcon_core.verb:set package 'scara_moveit' build argument 'cmake_args' from command line to 'None'
[1.615s] Level 5:colcon.colcon_core.verb:set package 'scara_moveit' build argument 'cmake_target' from command line to 'None'
[1.615s] Level 5:colcon.colcon_core.verb:set package 'scara_moveit' build argument 'cmake_target_skip_unavailable' from command line to 'False'
[1.615s] Level 5:colcon.colcon_core.verb:set package 'scara_moveit' build argument 'cmake_clean_cache' from command line to 'False'
[1.615s] Level 5:colcon.colcon_core.verb:set package 'scara_moveit' build argument 'cmake_clean_first' from command line to 'False'
[1.615s] Level 5:colcon.colcon_core.verb:set package 'scara_moveit' build argument 'cmake_force_configure' from command line to 'False'
[1.615s] Level 5:colcon.colcon_core.verb:set package 'scara_moveit' build argument 'ament_cmake_args' from command line to 'None'
[1.615s] Level 5:colcon.colcon_core.verb:set package 'scara_moveit' build argument 'catkin_cmake_args' from command line to 'None'
[1.615s] Level 5:colcon.colcon_core.verb:set package 'scara_moveit' build argument 'catkin_skip_building_tests' from command line to 'False'
[1.615s] DEBUG:colcon.colcon_core.verb:Building package 'scara_moveit' with the following arguments: {'ament_cmake_args': None, 'build_base': '/home/wojciech/Workspaces/ROS2/SCARA/build/scara_moveit', 'catkin_cmake_args': None, 'catkin_skip_building_tests': False, 'cmake_args': None, 'cmake_clean_cache': False, 'cmake_clean_first': False, 'cmake_force_configure': False, 'cmake_target': None, 'cmake_target_skip_unavailable': False, 'install_base': '/home/wojciech/Workspaces/ROS2/SCARA/install/scara_moveit', 'merge_install': False, 'path': '/home/wojciech/Workspaces/ROS2/SCARA/src/scara_moveit', 'symlink_install': False, 'test_result_base': None}
[1.616s] Level 5:colcon.colcon_core.verb:set package 'scara_msgs' build argument 'cmake_args' from command line to 'None'
[1.616s] Level 5:colcon.colcon_core.verb:set package 'scara_msgs' build argument 'cmake_target' from command line to 'None'
[1.616s] Level 5:colcon.colcon_core.verb:set package 'scara_msgs' build argument 'cmake_target_skip_unavailable' from command line to 'False'
[1.616s] Level 5:colcon.colcon_core.verb:set package 'scara_msgs' build argument 'cmake_clean_cache' from command line to 'False'
[1.616s] Level 5:colcon.colcon_core.verb:set package 'scara_msgs' build argument 'cmake_clean_first' from command line to 'False'
[1.616s] Level 5:colcon.colcon_core.verb:set package 'scara_msgs' build argument 'cmake_force_configure' from command line to 'False'
[1.616s] Level 5:colcon.colcon_core.verb:set package 'scara_msgs' build argument 'ament_cmake_args' from command line to 'None'
[1.616s] Level 5:colcon.colcon_core.verb:set package 'scara_msgs' build argument 'catkin_cmake_args' from command line to 'None'
[1.616s] Level 5:colcon.colcon_core.verb:set package 'scara_msgs' build argument 'catkin_skip_building_tests' from command line to 'False'
[1.616s] DEBUG:colcon.colcon_core.verb:Building package 'scara_msgs' with the following arguments: {'ament_cmake_args': None, 'build_base': '/home/wojciech/Workspaces/ROS2/SCARA/build/scara_msgs', 'catkin_cmake_args': None, 'catkin_skip_building_tests': False, 'cmake_args': None, 'cmake_clean_cache': False, 'cmake_clean_first': False, 'cmake_force_configure': False, 'cmake_target': None, 'cmake_target_skip_unavailable': False, 'install_base': '/home/wojciech/Workspaces/ROS2/SCARA/install/scara_msgs', 'merge_install': False, 'path': '/home/wojciech/Workspaces/ROS2/SCARA/src/scara_msgs', 'symlink_install': False, 'test_result_base': None}
[1.616s] Level 5:colcon.colcon_core.verb:set package 'scara_utils' build argument 'cmake_args' from command line to 'None'
[1.616s] Level 5:colcon.colcon_core.verb:set package 'scara_utils' build argument 'cmake_target' from command line to 'None'
[1.616s] Level 5:colcon.colcon_core.verb:set package 'scara_utils' build argument 'cmake_target_skip_unavailable' from command line to 'False'
[1.616s] Level 5:colcon.colcon_core.verb:set package 'scara_utils' build argument 'cmake_clean_cache' from command line to 'False'
[1.616s] Level 5:colcon.colcon_core.verb:set package 'scara_utils' build argument 'cmake_clean_first' from command line to 'False'
[1.616s] Level 5:colcon.colcon_core.verb:set package 'scara_utils' build argument 'cmake_force_configure' from command line to 'False'
[1.616s] Level 5:colcon.colcon_core.verb:set package 'scara_utils' build argument 'ament_cmake_args' from command line to 'None'
[1.616s] Level 5:colcon.colcon_core.verb:set package 'scara_utils' build argument 'catkin_cmake_args' from command line to 'None'
[1.616s] Level 5:colcon.colcon_core.verb:set package 'scara_utils' build argument 'catkin_skip_building_tests' from command line to 'False'
[1.616s] DEBUG:colcon.colcon_core.verb:Building package 'scara_utils' with the following arguments: {'ament_cmake_args': None, 'build_base': '/home/wojciech/Workspaces/ROS2/SCARA/build/scara_utils', 'catkin_cmake_args': None, 'catkin_skip_building_tests': False, 'cmake_args': None, 'cmake_clean_cache': False, 'cmake_clean_first': False, 'cmake_force_configure': False, 'cmake_target': None, 'cmake_target_skip_unavailable': False, 'install_base': '/home/wojciech/Workspaces/ROS2/SCARA/install/scara_utils', 'merge_install': False, 'path': '/home/wojciech/Workspaces/ROS2/SCARA/src/scara_utils', 'symlink_install': False, 'test_result_base': None}
[1.616s] INFO:colcon.colcon_core.executor:Executing jobs using 'parallel' executor
[1.618s] DEBUG:colcon.colcon_parallel_executor.executor.parallel:run_until_complete
[1.618s] INFO:colcon.colcon_ros.task.ament_cmake.build:Building ROS package in '/home/wojciech/Workspaces/ROS2/SCARA/src/scara_msgs' with build type 'ament_cmake'
[1.618s] INFO:colcon.colcon_cmake.task.cmake.build:Building CMake package in '/home/wojciech/Workspaces/ROS2/SCARA/src/scara_msgs'
[3.478s] INFO:colcon.colcon_core.plugin_system:Skipping extension 'colcon_core.shell.bat': Not used on non-Windows systems
[3.478s] INFO:colcon.colcon_core.shell:Skip shell extension 'powershell' for command environment: Not usable outside of PowerShell
[3.478s] DEBUG:colcon.colcon_core.shell:Skip shell extension 'dsv' for command environment
[3.487s] INFO:colcon.colcon_ros.task.ament_cmake.build:Building ROS package in '/home/wojciech/Workspaces/ROS2/SCARA/src/puzzle_solver' with build type 'ament_cmake'
[3.487s] INFO:colcon.colcon_cmake.task.cmake.build:Building CMake package in '/home/wojciech/Workspaces/ROS2/SCARA/src/puzzle_solver'
[3.487s] INFO:colcon.colcon_core.shell:Skip shell extension 'powershell' for command environment: Not usable outside of PowerShell
[3.487s] DEBUG:colcon.colcon_core.shell:Skip shell extension 'dsv' for command environment
[3.494s] INFO:colcon.colcon_ros.task.ament_cmake.build:Building ROS package in '/home/wojciech/Workspaces/ROS2/SCARA/src/puzzle_tuner' with build type 'ament_cmake'
[3.494s] INFO:colcon.colcon_cmake.task.cmake.build:Building CMake package in '/home/wojciech/Workspaces/ROS2/SCARA/src/puzzle_tuner'
[3.494s] INFO:colcon.colcon_core.shell:Skip shell extension 'powershell' for command environment: Not usable outside of PowerShell
[3.494s] DEBUG:colcon.colcon_core.shell:Skip shell extension 'dsv' for command environment
[3.500s] INFO:colcon.colcon_ros.task.ament_cmake.build:Building ROS package in '/home/wojciech/Workspaces/ROS2/SCARA/src/scara_controller' with build type 'ament_cmake'
[3.501s] INFO:colcon.colcon_cmake.task.cmake.build:Building CMake package in '/home/wojciech/Workspaces/ROS2/SCARA/src/scara_controller'
[3.501s] INFO:colcon.colcon_core.shell:Skip shell extension 'powershell' for command environment: Not usable outside of PowerShell
[3.501s] DEBUG:colcon.colcon_core.shell:Skip shell extension 'dsv' for command environment
[3.511s] DEBUG:colcon.colcon_core.event_handler.log_command:Invoking command in '/home/wojciech/Workspaces/ROS2/SCARA/build/scara_msgs': CMAKE_PREFIX_PATH=${CMAKE_PREFIX_PATH}:/opt/ros/jazzy DEBUGINFOD_URLS=https://debuginfod.ubuntu.com /usr/bin/cmake /home/wojciech/Workspaces/ROS2/SCARA/src/scara_msgs -DCMAKE_INSTALL_PREFIX=/home/wojciech/Workspaces/ROS2/SCARA/install/scara_msgs
[3.566s] DEBUG:colcon.colcon_core.event_handler.log_command:Invoking command in '/home/wojciech/Workspaces/ROS2/SCARA/build/puzzle_solver': CMAKE_PREFIX_PATH=${CMAKE_PREFIX_PATH}:/opt/ros/jazzy DEBUGINFOD_URLS=https://debuginfod.ubuntu.com /usr/bin/cmake /home/wojciech/Workspaces/ROS2/SCARA/src/puzzle_solver -DCMAKE_INSTALL_PREFIX=/home/wojciech/Workspaces/ROS2/SCARA/install/puzzle_solver
[3.570s] DEBUG:colcon.colcon_core.event_handler.log_command:Invoking command in '/home/wojciech/Workspaces/ROS2/SCARA/build/puzzle_tuner': CMAKE_PREFIX_PATH=${CMAKE_PREFIX_PATH}:/opt/ros/jazzy DEBUGINFOD_URLS=https://debuginfod.ubuntu.com /usr/bin/cmake /home/wojciech/Workspaces/ROS2/SCARA/src/puzzle_tuner -DCMAKE_INSTALL_PREFIX=/home/wojciech/Workspaces/ROS2/SCARA/install/puzzle_tuner
[3.582s] DEBUG:colcon.colcon_core.event_handler.log_command:Invoking command in '/home/wojciech/Workspaces/ROS2/SCARA/build/scara_controller': CMAKE_PREFIX_PATH=${CMAKE_PREFIX_PATH}:/opt/ros/jazzy DEBUGINFOD_URLS=https://debuginfod.ubuntu.com /usr/bin/cmake /home/wojciech/Workspaces/ROS2/SCARA/src/scara_controller -DCMAKE_INSTALL_PREFIX=/home/wojciech/Workspaces/ROS2/SCARA/install/scara_controller
[7.267s] DEBUG:colcon.colcon_core.event_handler.log_command:Invoked command in '/home/wojciech/Workspaces/ROS2/SCARA/build/scara_controller' returned '0': CMAKE_PREFIX_PATH=${CMAKE_PREFIX_PATH}:/opt/ros/jazzy DEBUGINFOD_URLS=https://debuginfod.ubuntu.com /usr/bin/cmake /home/wojciech/Workspaces/ROS2/SCARA/src/scara_controller -DCMAKE_INSTALL_PREFIX=/home/wojciech/Workspaces/ROS2/SCARA/install/scara_controller
[7.267s] DEBUG:colcon.colcon_core.event_handler.log_command:Invoking command in '/home/wojciech/Workspaces/ROS2/SCARA/build/scara_controller': CMAKE_PREFIX_PATH=${CMAKE_PREFIX_PATH}:/opt/ros/jazzy DEBUGINFOD_URLS=https://debuginfod.ubuntu.com /usr/bin/cmake --build /home/wojciech/Workspaces/ROS2/SCARA/build/scara_controller -- -j4 -l4
[7.344s] DEBUG:colcon.colcon_core.event_handler.log_command:Invoked command in '/home/wojciech/Workspaces/ROS2/SCARA/build/scara_controller' returned '0': CMAKE_PREFIX_PATH=${CMAKE_PREFIX_PATH}:/opt/ros/jazzy DEBUGINFOD_URLS=https://debuginfod.ubuntu.com /usr/bin/cmake --build /home/wojciech/Workspaces/ROS2/SCARA/build/scara_controller -- -j4 -l4
[7.363s] DEBUG:colcon.colcon_core.event_handler.log_command:Invoking command in '/home/wojciech/Workspaces/ROS2/SCARA/build/scara_controller': CMAKE_PREFIX_PATH=${CMAKE_PREFIX_PATH}:/opt/ros/jazzy DEBUGINFOD_URLS=https://debuginfod.ubuntu.com /usr/bin/cmake --install /home/wojciech/Workspaces/ROS2/SCARA/build/scara_controller
[7.466s] Level 1:colcon.colcon_core.environment:create_environment_scripts_only(scara_controller)
[7.466s] DEBUG:colcon.colcon_core.event_handler.log_command:Invoked command in '/home/wojciech/Workspaces/ROS2/SCARA/build/scara_controller' returned '0': CMAKE_PREFIX_PATH=${CMAKE_PREFIX_PATH}:/opt/ros/jazzy DEBUGINFOD_URLS=https://debuginfod.ubuntu.com /usr/bin/cmake --install /home/wojciech/Workspaces/ROS2/SCARA/build/scara_controller
[7.929s] Level 1:colcon.colcon_core.environment:checking '/home/wojciech/Workspaces/ROS2/SCARA/install/scara_controller' for CMake module files
[7.930s] Level 1:colcon.colcon_core.environment:checking '/home/wojciech/Workspaces/ROS2/SCARA/install/scara_controller' for CMake config files
[7.931s] Level 1:colcon.colcon_core.shell:create_environment_hook('scara_controller', 'cmake_prefix_path')
[7.931s] INFO:colcon.colcon_core.shell:Creating environment hook '/home/wojciech/Workspaces/ROS2/SCARA/install/scara_controller/share/scara_controller/hook/cmake_prefix_path.ps1'
[7.933s] INFO:colcon.colcon_core.shell:Creating environment descriptor '/home/wojciech/Workspaces/ROS2/SCARA/install/scara_controller/share/scara_controller/hook/cmake_prefix_path.dsv'
[7.934s] INFO:colcon.colcon_core.shell:Creating environment hook '/home/wojciech/Workspaces/ROS2/SCARA/install/scara_controller/share/scara_controller/hook/cmake_prefix_path.sh'
[7.935s] Level 1:colcon.colcon_core.environment:checking '/home/wojciech/Workspaces/ROS2/SCARA/install/scara_controller/bin'
[7.936s] Level 1:colcon.colcon_core.environment:checking '/home/wojciech/Workspaces/ROS2/SCARA/install/scara_controller/lib/pkgconfig/scara_controller.pc'
[7.936s] Level 1:colcon.colcon_core.environment:checking '/home/wojciech/Workspaces/ROS2/SCARA/install/scara_controller/lib/python3.12/site-packages'
[7.936s] Level 1:colcon.colcon_core.environment:checking '/home/wojciech/Workspaces/ROS2/SCARA/install/scara_controller/bin'
[7.937s] INFO:colcon.colcon_core.shell:Creating package script '/home/wojciech/Workspaces/ROS2/SCARA/install/scara_controller/share/scara_controller/package.ps1'
[7.938s] INFO:colcon.colcon_core.shell:Creating package descriptor '/home/wojciech/Workspaces/ROS2/SCARA/install/scara_controller/share/scara_controller/package.dsv'
[7.945s] INFO:colcon.colcon_core.shell:Creating package script '/home/wojciech/Workspaces/ROS2/SCARA/install/scara_controller/share/scara_controller/package.sh'
[7.945s] INFO:colcon.colcon_core.shell:Creating package script '/home/wojciech/Workspaces/ROS2/SCARA/install/scara_controller/share/scara_controller/package.bash'
[7.946s] INFO:colcon.colcon_core.shell:Creating package script '/home/wojciech/Workspaces/ROS2/SCARA/install/scara_controller/share/scara_controller/package.zsh'
[7.947s] Level 1:colcon.colcon_core.environment:create_file_with_runtime_dependencies(/home/wojciech/Workspaces/ROS2/SCARA/install/scara_controller/share/colcon-core/packages/scara_controller)
[7.948s] Level 1:colcon.colcon_core.environment:create_environment_scripts_only(scara_controller)
[7.948s] Level 1:colcon.colcon_core.environment:checking '/home/wojciech/Workspaces/ROS2/SCARA/install/scara_controller' for CMake module files
[7.949s] Level 1:colcon.colcon_core.environment:checking '/home/wojciech/Workspaces/ROS2/SCARA/install/scara_controller' for CMake config files
[7.949s] Level 1:colcon.colcon_core.shell:create_environment_hook('scara_controller', 'cmake_prefix_path')
[7.949s] INFO:colcon.colcon_core.shell:Creating environment hook '/home/wojciech/Workspaces/ROS2/SCARA/install/scara_controller/share/scara_controller/hook/cmake_prefix_path.ps1'
[7.950s] INFO:colcon.colcon_core.shell:Creating environment descriptor '/home/wojciech/Workspaces/ROS2/SCARA/install/scara_controller/share/scara_controller/hook/cmake_prefix_path.dsv'
[7.950s] INFO:colcon.colcon_core.shell:Creating environment hook '/home/wojciech/Workspaces/ROS2/SCARA/install/scara_controller/share/scara_controller/hook/cmake_prefix_path.sh'
[7.951s] Level 1:colcon.colcon_core.environment:checking '/home/wojciech/Workspaces/ROS2/SCARA/install/scara_controller/bin'
[7.952s] Level 1:colcon.colcon_core.environment:checking '/home/wojciech/Workspaces/ROS2/SCARA/install/scara_controller/lib/pkgconfig/scara_controller.pc'
[7.952s] Level 1:colcon.colcon_core.environment:checking '/home/wojciech/Workspaces/ROS2/SCARA/install/scara_controller/lib/python3.12/site-packages'
[7.952s] Level 1:colcon.colcon_core.environment:checking '/home/wojciech/Workspaces/ROS2/SCARA/install/scara_controller/bin'
[7.953s] INFO:colcon.colcon_core.shell:Creating package script '/home/wojciech/Workspaces/ROS2/SCARA/install/scara_controller/share/scara_controller/package.ps1'
[7.953s] INFO:colcon.colcon_core.shell:Creating package descriptor '/home/wojciech/Workspaces/ROS2/SCARA/install/scara_controller/share/scara_controller/package.dsv'
[8.053s] INFO:colcon.colcon_core.shell:Creating package script '/home/wojciech/Workspaces/ROS2/SCARA/install/scara_controller/share/scara_controller/package.sh'
[8.057s] INFO:colcon.colcon_core.shell:Creating package script '/home/wojciech/Workspaces/ROS2/SCARA/install/scara_controller/share/scara_controller/package.bash'
[8.059s] INFO:colcon.colcon_core.shell:Creating package script '/home/wojciech/Workspaces/ROS2/SCARA/install/scara_controller/share/scara_controller/package.zsh'
[8.060s] Level 1:colcon.colcon_core.environment:create_file_with_runtime_dependencies(/home/wojciech/Workspaces/ROS2/SCARA/install/scara_controller/share/colcon-core/packages/scara_controller)
[8.061s] INFO:colcon.colcon_ros.task.ament_cmake.build:Building ROS package in '/home/wojciech/Workspaces/ROS2/SCARA/src/scara_description' with build type 'ament_cmake'
[8.061s] INFO:colcon.colcon_cmake.task.cmake.build:Building CMake package in '/home/wojciech/Workspaces/ROS2/SCARA/src/scara_description'
[8.062s] INFO:colcon.colcon_core.shell:Skip shell extension 'powershell' for command environment: Not usable outside of PowerShell
[8.062s] DEBUG:colcon.colcon_core.shell:Skip shell extension 'dsv' for command environment
[8.076s] DEBUG:colcon.colcon_core.event_handler.log_command:Invoking command in '/home/wojciech/Workspaces/ROS2/SCARA/build/scara_description': CMAKE_PREFIX_PATH=${CMAKE_PREFIX_PATH}:/opt/ros/jazzy DEBUGINFOD_URLS=https://debuginfod.ubuntu.com /usr/bin/cmake /home/wojciech/Workspaces/ROS2/SCARA/src/scara_description -DCMAKE_INSTALL_PREFIX=/home/wojciech/Workspaces/ROS2/SCARA/install/scara_description
[13.883s] DEBUG:colcon.colcon_core.event_handler.log_command:Invoked command in '/home/wojciech/Workspaces/ROS2/SCARA/build/scara_description' returned '0': CMAKE_PREFIX_PATH=${CMAKE_PREFIX_PATH}:/opt/ros/jazzy DEBUGINFOD_URLS=https://debuginfod.ubuntu.com /usr/bin/cmake /home/wojciech/Workspaces/ROS2/SCARA/src/scara_description -DCMAKE_INSTALL_PREFIX=/home/wojciech/Workspaces/ROS2/SCARA/install/scara_description
[13.885s] DEBUG:colcon.colcon_core.event_handler.log_command:Invoking command in '/home/wojciech/Workspaces/ROS2/SCARA/build/scara_description': CMAKE_PREFIX_PATH=${CMAKE_PREFIX_PATH}:/opt/ros/jazzy DEBUGINFOD_URLS=https://debuginfod.ubuntu.com /usr/bin/cmake --build /home/wojciech/Workspaces/ROS2/SCARA/build/scara_description -- -j4 -l4
[13.963s] DEBUG:colcon.colcon_core.event_handler.log_command:Invoked command in '/home/wojciech/Workspaces/ROS2/SCARA/build/scara_description' returned '0': CMAKE_PREFIX_PATH=${CMAKE_PREFIX_PATH}:/opt/ros/jazzy DEBUGINFOD_URLS=https://debuginfod.ubuntu.com /usr/bin/cmake --build /home/wojciech/Workspaces/ROS2/SCARA/build/scara_description -- -j4 -l4
[13.965s] DEBUG:colcon.colcon_core.event_handler.log_command:Invoking command in '/home/wojciech/Workspaces/ROS2/SCARA/build/scara_description': CMAKE_PREFIX_PATH=${CMAKE_PREFIX_PATH}:/opt/ros/jazzy DEBUGINFOD_URLS=https://debuginfod.ubuntu.com /usr/bin/cmake --install /home/wojciech/Workspaces/ROS2/SCARA/build/scara_description
[15.861s] DEBUG:colcon.colcon_core.event_handler.log_command:Invoked command in '/home/wojciech/Workspaces/ROS2/SCARA/build/puzzle_tuner' returned '0': CMAKE_PREFIX_PATH=${CMAKE_PREFIX_PATH}:/opt/ros/jazzy DEBUGINFOD_URLS=https://debuginfod.ubuntu.com /usr/bin/cmake /home/wojciech/Workspaces/ROS2/SCARA/src/puzzle_tuner -DCMAKE_INSTALL_PREFIX=/home/wojciech/Workspaces/ROS2/SCARA/install/puzzle_tuner
[15.862s] DEBUG:colcon.colcon_core.event_handler.log_command:Invoking command in '/home/wojciech/Workspaces/ROS2/SCARA/build/puzzle_tuner': CMAKE_PREFIX_PATH=${CMAKE_PREFIX_PATH}:/opt/ros/jazzy DEBUGINFOD_URLS=https://debuginfod.ubuntu.com /usr/bin/cmake --build /home/wojciech/Workspaces/ROS2/SCARA/build/puzzle_tuner -- -j4 -l4
[15.961s] DEBUG:colcon.colcon_core.event_handler.log_command:Invoked command in '/home/wojciech/Workspaces/ROS2/SCARA/build/puzzle_tuner' returned '0': CMAKE_PREFIX_PATH=${CMAKE_PREFIX_PATH}:/opt/ros/jazzy DEBUGINFOD_URLS=https://debuginfod.ubuntu.com /usr/bin/cmake --build /home/wojciech/Workspaces/ROS2/SCARA/build/puzzle_tuner -- -j4 -l4
[15.962s] DEBUG:colcon.colcon_core.event_handler.log_command:Invoking command in '/home/wojciech/Workspaces/ROS2/SCARA/build/puzzle_tuner': CMAKE_PREFIX_PATH=${CMAKE_PREFIX_PATH}:/opt/ros/jazzy DEBUGINFOD_URLS=https://debuginfod.ubuntu.com /usr/bin/cmake --install /home/wojciech/Workspaces/ROS2/SCARA/build/puzzle_tuner
[15.994s] Level 1:colcon.colcon_core.environment:create_environment_scripts_only(puzzle_tuner)
[15.994s] Level 1:colcon.colcon_core.environment:checking '/home/wojciech/Workspaces/ROS2/SCARA/install/puzzle_tuner' for CMake module files
[15.995s] DEBUG:colcon.colcon_core.event_handler.log_command:Invoked command in '/home/wojciech/Workspaces/ROS2/SCARA/build/puzzle_tuner' returned '0': CMAKE_PREFIX_PATH=${CMAKE_PREFIX_PATH}:/opt/ros/jazzy DEBUGINFOD_URLS=https://debuginfod.ubuntu.com /usr/bin/cmake --install /home/wojciech/Workspaces/ROS2/SCARA/build/puzzle_tuner
[15.996s] Level 1:colcon.colcon_core.environment:checking '/home/wojciech/Workspaces/ROS2/SCARA/install/puzzle_tuner' for CMake config files
[15.996s] Level 1:colcon.colcon_core.shell:create_environment_hook('puzzle_tuner', 'cmake_prefix_path')
[15.996s] INFO:colcon.colcon_core.shell:Creating environment hook '/home/wojciech/Workspaces/ROS2/SCARA/install/puzzle_tuner/share/puzzle_tuner/hook/cmake_prefix_path.ps1'
[15.997s] INFO:colcon.colcon_core.shell:Creating environment descriptor '/home/wojciech/Workspaces/ROS2/SCARA/install/puzzle_tuner/share/puzzle_tuner/hook/cmake_prefix_path.dsv'
[15.998s] INFO:colcon.colcon_core.shell:Creating environment hook '/home/wojciech/Workspaces/ROS2/SCARA/install/puzzle_tuner/share/puzzle_tuner/hook/cmake_prefix_path.sh'
[15.999s] Level 1:colcon.colcon_core.environment:checking '/home/wojciech/Workspaces/ROS2/SCARA/install/puzzle_tuner/bin'
[15.999s] Level 1:colcon.colcon_core.environment:checking '/home/wojciech/Workspaces/ROS2/SCARA/install/puzzle_tuner/lib/pkgconfig/puzzle_tuner.pc'
[15.999s] Level 1:colcon.colcon_core.environment:checking '/home/wojciech/Workspaces/ROS2/SCARA/install/puzzle_tuner/lib/python3.12/site-packages'
[16.000s] Level 1:colcon.colcon_core.environment:checking '/home/wojciech/Workspaces/ROS2/SCARA/install/puzzle_tuner/bin'
[16.000s] INFO:colcon.colcon_core.shell:Creating package script '/home/wojciech/Workspaces/ROS2/SCARA/install/puzzle_tuner/share/puzzle_tuner/package.ps1'
[16.001s] INFO:colcon.colcon_core.shell:Creating package descriptor '/home/wojciech/Workspaces/ROS2/SCARA/install/puzzle_tuner/share/puzzle_tuner/package.dsv'
[16.002s] INFO:colcon.colcon_core.shell:Creating package script '/home/wojciech/Workspaces/ROS2/SCARA/install/puzzle_tuner/share/puzzle_tuner/package.sh'
[16.003s] INFO:colcon.colcon_core.shell:Creating package script '/home/wojciech/Workspaces/ROS2/SCARA/install/puzzle_tuner/share/puzzle_tuner/package.bash'
[16.004s] INFO:colcon.colcon_core.shell:Creating package script '/home/wojciech/Workspaces/ROS2/SCARA/install/puzzle_tuner/share/puzzle_tuner/package.zsh'
[16.004s] Level 1:colcon.colcon_core.environment:create_file_with_runtime_dependencies(/home/wojciech/Workspaces/ROS2/SCARA/install/puzzle_tuner/share/colcon-core/packages/puzzle_tuner)
[16.005s] Level 1:colcon.colcon_core.environment:create_environment_scripts_only(puzzle_tuner)
[16.005s] Level 1:colcon.colcon_core.environment:checking '/home/wojciech/Workspaces/ROS2/SCARA/install/puzzle_tuner' for CMake module files
[16.006s] Level 1:colcon.colcon_core.environment:checking '/home/wojciech/Workspaces/ROS2/SCARA/install/puzzle_tuner' for CMake config files
[16.007s] Level 1:colcon.colcon_core.shell:create_environment_hook('puzzle_tuner', 'cmake_prefix_path')
[16.007s] INFO:colcon.colcon_core.shell:Creating environment hook '/home/wojciech/Workspaces/ROS2/SCARA/install/puzzle_tuner/share/puzzle_tuner/hook/cmake_prefix_path.ps1'
[16.008s] INFO:colcon.colcon_core.shell:Creating environment descriptor '/home/wojciech/Workspaces/ROS2/SCARA/install/puzzle_tuner/share/puzzle_tuner/hook/cmake_prefix_path.dsv'
[16.010s] INFO:colcon.colcon_core.shell:Creating environment hook '/home/wojciech/Workspaces/ROS2/SCARA/install/puzzle_tuner/share/puzzle_tuner/hook/cmake_prefix_path.sh'
[16.011s] Level 1:colcon.colcon_core.environment:checking '/home/wojciech/Workspaces/ROS2/SCARA/install/puzzle_tuner/bin'
[16.011s] Level 1:colcon.colcon_core.environment:checking '/home/wojciech/Workspaces/ROS2/SCARA/install/puzzle_tuner/lib/pkgconfig/puzzle_tuner.pc'
[16.012s] Level 1:colcon.colcon_core.environment:checking '/home/wojciech/Workspaces/ROS2/SCARA/install/puzzle_tuner/lib/python3.12/site-packages'
[16.012s] Level 1:colcon.colcon_core.environment:checking '/home/wojciech/Workspaces/ROS2/SCARA/install/puzzle_tuner/bin'
[16.013s] INFO:colcon.colcon_core.shell:Creating package script '/home/wojciech/Workspaces/ROS2/SCARA/install/puzzle_tuner/share/puzzle_tuner/package.ps1'
[16.014s] INFO:colcon.colcon_core.shell:Creating package descriptor '/home/wojciech/Workspaces/ROS2/SCARA/install/puzzle_tuner/share/puzzle_tuner/package.dsv'
[16.123s] INFO:colcon.colcon_core.shell:Creating package script '/home/wojciech/Workspaces/ROS2/SCARA/install/puzzle_tuner/share/puzzle_tuner/package.sh'
[16.124s] INFO:colcon.colcon_core.shell:Creating package script '/home/wojciech/Workspaces/ROS2/SCARA/install/puzzle_tuner/share/puzzle_tuner/package.bash'
[16.132s] INFO:colcon.colcon_core.shell:Creating package script '/home/wojciech/Workspaces/ROS2/SCARA/install/puzzle_tuner/share/puzzle_tuner/package.zsh'
[16.136s] Level 1:colcon.colcon_core.environment:create_file_with_runtime_dependencies(/home/wojciech/Workspaces/ROS2/SCARA/install/puzzle_tuner/share/colcon-core/packages/puzzle_tuner)
[16.139s] INFO:colcon.colcon_ros.task.ament_cmake.build:Building ROS package in '/home/wojciech/Workspaces/ROS2/SCARA/src/scara_moveit' with build type 'ament_cmake'
[16.140s] INFO:colcon.colcon_cmake.task.cmake.build:Building CMake package in '/home/wojciech/Workspaces/ROS2/SCARA/src/scara_moveit'
[16.143s] INFO:colcon.colcon_core.shell:Skip shell extension 'powershell' for command environment: Not usable outside of PowerShell
[16.143s] DEBUG:colcon.colcon_core.shell:Skip shell extension 'dsv' for command environment
[16.170s] DEBUG:colcon.colcon_core.event_handler.log_command:Invoking command in '/home/wojciech/Workspaces/ROS2/SCARA/build/scara_moveit': CMAKE_PREFIX_PATH=${CMAKE_PREFIX_PATH}:/opt/ros/jazzy DEBUGINFOD_URLS=https://debuginfod.ubuntu.com /usr/bin/cmake /home/wojciech/Workspaces/ROS2/SCARA/src/scara_moveit -DCMAKE_INSTALL_PREFIX=/home/wojciech/Workspaces/ROS2/SCARA/install/scara_moveit
[16.296s] Level 1:colcon.colcon_core.environment:create_environment_scripts_only(scara_description)
[16.297s] Level 1:colcon.colcon_core.environment:checking '/home/wojciech/Workspaces/ROS2/SCARA/install/scara_description' for CMake module files
[16.298s] Level 1:colcon.colcon_core.environment:checking '/home/wojciech/Workspaces/ROS2/SCARA/install/scara_description' for CMake config files
[16.301s] DEBUG:colcon.colcon_core.event_handler.log_command:Invoked command in '/home/wojciech/Workspaces/ROS2/SCARA/build/scara_description' returned '0': CMAKE_PREFIX_PATH=${CMAKE_PREFIX_PATH}:/opt/ros/jazzy DEBUGINFOD_URLS=https://debuginfod.ubuntu.com /usr/bin/cmake --install /home/wojciech/Workspaces/ROS2/SCARA/build/scara_description
[16.302s] Level 1:colcon.colcon_core.shell:create_environment_hook('scara_description', 'cmake_prefix_path')
[16.303s] INFO:colcon.colcon_core.shell:Creating environment hook '/home/wojciech/Workspaces/ROS2/SCARA/install/scara_description/share/scara_description/hook/cmake_prefix_path.ps1'
[16.304s] INFO:colcon.colcon_core.shell:Creating environment descriptor '/home/wojciech/Workspaces/ROS2/SCARA/install/scara_description/share/scara_description/hook/cmake_prefix_path.dsv'
[16.306s] INFO:colcon.colcon_core.shell:Creating environment hook '/home/wojciech/Workspaces/ROS2/SCARA/install/scara_description/share/scara_description/hook/cmake_prefix_path.sh'
[16.308s] Level 1:colcon.colcon_core.environment:checking '/home/wojciech/Workspaces/ROS2/SCARA/install/scara_description/bin'
[16.308s] Level 1:colcon.colcon_core.environment:checking '/home/wojciech/Workspaces/ROS2/SCARA/install/scara_description/lib/pkgconfig/scara_description.pc'
[16.308s] Level 1:colcon.colcon_core.environment:checking '/home/wojciech/Workspaces/ROS2/SCARA/install/scara_description/lib/python3.12/site-packages'
[16.309s] Level 1:colcon.colcon_core.environment:checking '/home/wojciech/Workspaces/ROS2/SCARA/install/scara_description/bin'
[16.310s] INFO:colcon.colcon_core.shell:Creating package script '/home/wojciech/Workspaces/ROS2/SCARA/install/scara_description/share/scara_description/package.ps1'
[16.311s] INFO:colcon.colcon_core.shell:Creating package descriptor '/home/wojciech/Workspaces/ROS2/SCARA/install/scara_description/share/scara_description/package.dsv'
[16.311s] INFO:colcon.colcon_core.shell:Creating package script '/home/wojciech/Workspaces/ROS2/SCARA/install/scara_description/share/scara_description/package.sh'
[16.312s] INFO:colcon.colcon_core.shell:Creating package script '/home/wojciech/Workspaces/ROS2/SCARA/install/scara_description/share/scara_description/package.bash'
[16.313s] INFO:colcon.colcon_core.shell:Creating package script '/home/wojciech/Workspaces/ROS2/SCARA/install/scara_description/share/scara_description/package.zsh'
[16.313s] Level 1:colcon.colcon_core.environment:create_file_with_runtime_dependencies(/home/wojciech/Workspaces/ROS2/SCARA/install/scara_description/share/colcon-core/packages/scara_description)
[16.314s] Level 1:colcon.colcon_core.environment:create_environment_scripts_only(scara_description)
[16.315s] Level 1:colcon.colcon_core.environment:checking '/home/wojciech/Workspaces/ROS2/SCARA/install/scara_description' for CMake module files
[16.316s] Level 1:colcon.colcon_core.environment:checking '/home/wojciech/Workspaces/ROS2/SCARA/install/scara_description' for CMake config files
[16.316s] Level 1:colcon.colcon_core.shell:create_environment_hook('scara_description', 'cmake_prefix_path')
[16.316s] INFO:colcon.colcon_core.shell:Creating environment hook '/home/wojciech/Workspaces/ROS2/SCARA/install/scara_description/share/scara_description/hook/cmake_prefix_path.ps1'
[16.317s] INFO:colcon.colcon_core.shell:Creating environment descriptor '/home/wojciech/Workspaces/ROS2/SCARA/install/scara_description/share/scara_description/hook/cmake_prefix_path.dsv'
[16.318s] INFO:colcon.colcon_core.shell:Creating environment hook '/home/wojciech/Workspaces/ROS2/SCARA/install/scara_description/share/scara_description/hook/cmake_prefix_path.sh'
[16.319s] Level 1:colcon.colcon_core.environment:checking '/home/wojciech/Workspaces/ROS2/SCARA/install/scara_description/bin'
[16.319s] Level 1:colcon.colcon_core.environment:checking '/home/wojciech/Workspaces/ROS2/SCARA/install/scara_description/lib/pkgconfig/scara_description.pc'
[16.320s] Level 1:colcon.colcon_core.environment:checking '/home/wojciech/Workspaces/ROS2/SCARA/install/scara_description/lib/python3.12/site-packages'
[16.320s] Level 1:colcon.colcon_core.environment:checking '/home/wojciech/Workspaces/ROS2/SCARA/install/scara_description/bin'
[16.321s] INFO:colcon.colcon_core.shell:Creating package script '/home/wojciech/Workspaces/ROS2/SCARA/install/scara_description/share/scara_description/package.ps1'
[16.322s] INFO:colcon.colcon_core.shell:Creating package descriptor '/home/wojciech/Workspaces/ROS2/SCARA/install/scara_description/share/scara_description/package.dsv'
[16.334s] INFO:colcon.colcon_core.shell:Creating package script '/home/wojciech/Workspaces/ROS2/SCARA/install/scara_description/share/scara_description/package.sh'
[16.336s] INFO:colcon.colcon_core.shell:Creating package script '/home/wojciech/Workspaces/ROS2/SCARA/install/scara_description/share/scara_description/package.bash'
[16.337s] INFO:colcon.colcon_core.shell:Creating package script '/home/wojciech/Workspaces/ROS2/SCARA/install/scara_description/share/scara_description/package.zsh'
[16.337s] Level 1:colcon.colcon_core.environment:create_file_with_runtime_dependencies(/home/wojciech/Workspaces/ROS2/SCARA/install/scara_description/share/colcon-core/packages/scara_description)
[16.825s] DEBUG:colcon.colcon_core.event_handler.log_command:Invoked command in '/home/wojciech/Workspaces/ROS2/SCARA/build/puzzle_solver' returned '0': CMAKE_PREFIX_PATH=${CMAKE_PREFIX_PATH}:/opt/ros/jazzy DEBUGINFOD_URLS=https://debuginfod.ubuntu.com /usr/bin/cmake /home/wojciech/Workspaces/ROS2/SCARA/src/puzzle_solver -DCMAKE_INSTALL_PREFIX=/home/wojciech/Workspaces/ROS2/SCARA/install/puzzle_solver
[16.826s] DEBUG:colcon.colcon_core.event_handler.log_command:Invoking command in '/home/wojciech/Workspaces/ROS2/SCARA/build/puzzle_solver': CMAKE_PREFIX_PATH=${CMAKE_PREFIX_PATH}:/opt/ros/jazzy DEBUGINFOD_URLS=https://debuginfod.ubuntu.com /usr/bin/cmake --build /home/wojciech/Workspaces/ROS2/SCARA/build/puzzle_solver -- -j4 -l4
[18.407s] DEBUG:colcon.colcon_core.event_handler.log_command:Invoked command in '/home/wojciech/Workspaces/ROS2/SCARA/build/scara_moveit' returned '0': CMAKE_PREFIX_PATH=${CMAKE_PREFIX_PATH}:/opt/ros/jazzy DEBUGINFOD_URLS=https://debuginfod.ubuntu.com /usr/bin/cmake /home/wojciech/Workspaces/ROS2/SCARA/src/scara_moveit -DCMAKE_INSTALL_PREFIX=/home/wojciech/Workspaces/ROS2/SCARA/install/scara_moveit
[18.410s] DEBUG:colcon.colcon_core.event_handler.log_command:Invoking command in '/home/wojciech/Workspaces/ROS2/SCARA/build/scara_moveit': CMAKE_PREFIX_PATH=${CMAKE_PREFIX_PATH}:/opt/ros/jazzy DEBUGINFOD_URLS=https://debuginfod.ubuntu.com /usr/bin/cmake --build /home/wojciech/Workspaces/ROS2/SCARA/build/scara_moveit -- -j4 -l4
[18.510s] DEBUG:colcon.colcon_core.event_handler.log_command:Invoked command in '/home/wojciech/Workspaces/ROS2/SCARA/build/scara_moveit' returned '0': CMAKE_PREFIX_PATH=${CMAKE_PREFIX_PATH}:/opt/ros/jazzy DEBUGINFOD_URLS=https://debuginfod.ubuntu.com /usr/bin/cmake --build /home/wojciech/Workspaces/ROS2/SCARA/build/scara_moveit -- -j4 -l4
[18.521s] DEBUG:colcon.colcon_core.event_handler.log_command:Invoking command in '/home/wojciech/Workspaces/ROS2/SCARA/build/scara_moveit': CMAKE_PREFIX_PATH=${CMAKE_PREFIX_PATH}:/opt/ros/jazzy DEBUGINFOD_URLS=https://debuginfod.ubuntu.com /usr/bin/cmake --install /home/wojciech/Workspaces/ROS2/SCARA/build/scara_moveit
[18.562s] Level 1:colcon.colcon_core.environment:create_environment_scripts_only(scara_moveit)
[18.562s] Level 1:colcon.colcon_core.environment:checking '/home/wojciech/Workspaces/ROS2/SCARA/install/scara_moveit' for CMake module files
[18.563s] Level 1:colcon.colcon_core.environment:checking '/home/wojciech/Workspaces/ROS2/SCARA/install/scara_moveit' for CMake config files
[18.565s] Level 1:colcon.colcon_core.shell:create_environment_hook('scara_moveit', 'cmake_prefix_path')
[18.565s] INFO:colcon.colcon_core.shell:Creating environment hook '/home/wojciech/Workspaces/ROS2/SCARA/install/scara_moveit/share/scara_moveit/hook/cmake_prefix_path.ps1'
[18.569s] INFO:colcon.colcon_core.shell:Creating environment descriptor '/home/wojciech/Workspaces/ROS2/SCARA/install/scara_moveit/share/scara_moveit/hook/cmake_prefix_path.dsv'
[18.569s] DEBUG:colcon.colcon_core.event_handler.log_command:Invoked command in '/home/wojciech/Workspaces/ROS2/SCARA/build/scara_moveit' returned '0': CMAKE_PREFIX_PATH=${CMAKE_PREFIX_PATH}:/opt/ros/jazzy DEBUGINFOD_URLS=https://debuginfod.ubuntu.com /usr/bin/cmake --install /home/wojciech/Workspaces/ROS2/SCARA/build/scara_moveit
[18.570s] INFO:colcon.colcon_core.shell:Creating environment hook '/home/wojciech/Workspaces/ROS2/SCARA/install/scara_moveit/share/scara_moveit/hook/cmake_prefix_path.sh'
[18.571s] Level 1:colcon.colcon_core.environment:checking '/home/wojciech/Workspaces/ROS2/SCARA/install/scara_moveit/bin'
[18.572s] Level 1:colcon.colcon_core.environment:checking '/home/wojciech/Workspaces/ROS2/SCARA/install/scara_moveit/lib/pkgconfig/scara_moveit.pc'
[18.572s] Level 1:colcon.colcon_core.environment:checking '/home/wojciech/Workspaces/ROS2/SCARA/install/scara_moveit/lib/python3.12/site-packages'
[18.573s] Level 1:colcon.colcon_core.environment:checking '/home/wojciech/Workspaces/ROS2/SCARA/install/scara_moveit/bin'
[18.573s] INFO:colcon.colcon_core.shell:Creating package script '/home/wojciech/Workspaces/ROS2/SCARA/install/scara_moveit/share/scara_moveit/package.ps1'
[18.574s] INFO:colcon.colcon_core.shell:Creating package descriptor '/home/wojciech/Workspaces/ROS2/SCARA/install/scara_moveit/share/scara_moveit/package.dsv'
[18.575s] INFO:colcon.colcon_core.shell:Creating package script '/home/wojciech/Workspaces/ROS2/SCARA/install/scara_moveit/share/scara_moveit/package.sh'
[18.578s] INFO:colcon.colcon_core.shell:Creating package script '/home/wojciech/Workspaces/ROS2/SCARA/install/scara_moveit/share/scara_moveit/package.bash'
[18.580s] INFO:colcon.colcon_core.shell:Creating package script '/home/wojciech/Workspaces/ROS2/SCARA/install/scara_moveit/share/scara_moveit/package.zsh'
[18.583s] Level 1:colcon.colcon_core.environment:create_file_with_runtime_dependencies(/home/wojciech/Workspaces/ROS2/SCARA/install/scara_moveit/share/colcon-core/packages/scara_moveit)
[18.586s] Level 1:colcon.colcon_core.environment:create_environment_scripts_only(scara_moveit)
[18.587s] Level 1:colcon.colcon_core.environment:checking '/home/wojciech/Workspaces/ROS2/SCARA/install/scara_moveit' for CMake module files
[18.588s] Level 1:colcon.colcon_core.environment:checking '/home/wojciech/Workspaces/ROS2/SCARA/install/scara_moveit' for CMake config files
[18.588s] Level 1:colcon.colcon_core.shell:create_environment_hook('scara_moveit', 'cmake_prefix_path')
[18.589s] INFO:colcon.colcon_core.shell:Creating environment hook '/home/wojciech/Workspaces/ROS2/SCARA/install/scara_moveit/share/scara_moveit/hook/cmake_prefix_path.ps1'
[18.590s] INFO:colcon.colcon_core.shell:Creating environment descriptor '/home/wojciech/Workspaces/ROS2/SCARA/install/scara_moveit/share/scara_moveit/hook/cmake_prefix_path.dsv'
[18.591s] INFO:colcon.colcon_core.shell:Creating environment hook '/home/wojciech/Workspaces/ROS2/SCARA/install/scara_moveit/share/scara_moveit/hook/cmake_prefix_path.sh'
[18.592s] Level 1:colcon.colcon_core.environment:checking '/home/wojciech/Workspaces/ROS2/SCARA/install/scara_moveit/bin'
[18.592s] Level 1:colcon.colcon_core.environment:checking '/home/wojciech/Workspaces/ROS2/SCARA/install/scara_moveit/lib/pkgconfig/scara_moveit.pc'
[18.594s] Level 1:colcon.colcon_core.environment:checking '/home/wojciech/Workspaces/ROS2/SCARA/install/scara_moveit/lib/python3.12/site-packages'
[18.594s] Level 1:colcon.colcon_core.environment:checking '/home/wojciech/Workspaces/ROS2/SCARA/install/scara_moveit/bin'
[18.596s] INFO:colcon.colcon_core.shell:Creating package script '/home/wojciech/Workspaces/ROS2/SCARA/install/scara_moveit/share/scara_moveit/package.ps1'
[18.598s] INFO:colcon.colcon_core.shell:Creating package descriptor '/home/wojciech/Workspaces/ROS2/SCARA/install/scara_moveit/share/scara_moveit/package.dsv'
[18.599s] INFO:colcon.colcon_core.shell:Creating package script '/home/wojciech/Workspaces/ROS2/SCARA/install/scara_moveit/share/scara_moveit/package.sh'
[18.601s] INFO:colcon.colcon_core.shell:Creating package script '/home/wojciech/Workspaces/ROS2/SCARA/install/scara_moveit/share/scara_moveit/package.bash'
[18.603s] INFO:colcon.colcon_core.shell:Creating package script '/home/wojciech/Workspaces/ROS2/SCARA/install/scara_moveit/share/scara_moveit/package.zsh'
[18.604s] Level 1:colcon.colcon_core.environment:create_file_with_runtime_dependencies(/home/wojciech/Workspaces/ROS2/SCARA/install/scara_moveit/share/colcon-core/packages/scara_moveit)
[19.497s] DEBUG:colcon.colcon_core.event_handler.log_command:Invoked command in '/home/wojciech/Workspaces/ROS2/SCARA/build/scara_msgs' returned '0': CMAKE_PREFIX_PATH=${CMAKE_PREFIX_PATH}:/opt/ros/jazzy DEBUGINFOD_URLS=https://debuginfod.ubuntu.com /usr/bin/cmake /home/wojciech/Workspaces/ROS2/SCARA/src/scara_msgs -DCMAKE_INSTALL_PREFIX=/home/wojciech/Workspaces/ROS2/SCARA/install/scara_msgs
[19.500s] DEBUG:colcon.colcon_core.event_handler.log_command:Invoking command in '/home/wojciech/Workspaces/ROS2/SCARA/build/scara_msgs': CMAKE_PREFIX_PATH=${CMAKE_PREFIX_PATH}:/opt/ros/jazzy DEBUGINFOD_URLS=https://debuginfod.ubuntu.com /usr/bin/cmake --build /home/wojciech/Workspaces/ROS2/SCARA/build/scara_msgs -- -j4 -l4
[44.088s] DEBUG:colcon.colcon_core.event_handler.log_command:Invoked command in '/home/wojciech/Workspaces/ROS2/SCARA/build/puzzle_solver' returned '0': CMAKE_PREFIX_PATH=${CMAKE_PREFIX_PATH}:/opt/ros/jazzy DEBUGINFOD_URLS=https://debuginfod.ubuntu.com /usr/bin/cmake --build /home/wojciech/Workspaces/ROS2/SCARA/build/puzzle_solver -- -j4 -l4
[44.090s] DEBUG:colcon.colcon_core.event_handler.log_command:Invoking command in '/home/wojciech/Workspaces/ROS2/SCARA/build/puzzle_solver': CMAKE_PREFIX_PATH=${CMAKE_PREFIX_PATH}:/opt/ros/jazzy DEBUGINFOD_URLS=https://debuginfod.ubuntu.com /usr/bin/cmake --install /home/wojciech/Workspaces/ROS2/SCARA/build/puzzle_solver
[45.756s] Level 1:colcon.colcon_core.environment:create_environment_scripts_only(puzzle_solver)
[45.756s] Level 1:colcon.colcon_core.environment:checking '/home/wojciech/Workspaces/ROS2/SCARA/install/puzzle_solver' for CMake module files
[45.757s] DEBUG:colcon.colcon_core.event_handler.log_command:Invoked command in '/home/wojciech/Workspaces/ROS2/SCARA/build/puzzle_solver' returned '0': CMAKE_PREFIX_PATH=${CMAKE_PREFIX_PATH}:/opt/ros/jazzy DEBUGINFOD_URLS=https://debuginfod.ubuntu.com /usr/bin/cmake --install /home/wojciech/Workspaces/ROS2/SCARA/build/puzzle_solver
[45.758s] Level 1:colcon.colcon_core.environment:checking '/home/wojciech/Workspaces/ROS2/SCARA/install/puzzle_solver' for CMake config files
[45.758s] Level 1:colcon.colcon_core.shell:create_environment_hook('puzzle_solver', 'cmake_prefix_path')
[45.758s] INFO:colcon.colcon_core.shell:Creating environment hook '/home/wojciech/Workspaces/ROS2/SCARA/install/puzzle_solver/share/puzzle_solver/hook/cmake_prefix_path.ps1'
[45.759s] INFO:colcon.colcon_core.shell:Creating environment descriptor '/home/wojciech/Workspaces/ROS2/SCARA/install/puzzle_solver/share/puzzle_solver/hook/cmake_prefix_path.dsv'
[45.759s] INFO:colcon.colcon_core.shell:Creating environment hook '/home/wojciech/Workspaces/ROS2/SCARA/install/puzzle_solver/share/puzzle_solver/hook/cmake_prefix_path.sh'
[45.760s] Level 1:colcon.colcon_core.environment:checking '/home/wojciech/Workspaces/ROS2/SCARA/install/puzzle_solver/lib'
[45.761s] Level 1:colcon.colcon_core.environment:checking '/home/wojciech/Workspaces/ROS2/SCARA/install/puzzle_solver/bin'
[45.761s] Level 1:colcon.colcon_core.environment:checking '/home/wojciech/Workspaces/ROS2/SCARA/install/puzzle_solver/lib/pkgconfig/puzzle_solver.pc'
[45.761s] Level 1:colcon.colcon_core.environment:checking '/home/wojciech/Workspaces/ROS2/SCARA/install/puzzle_solver/lib/python3.12/site-packages'
[45.761s] Level 1:colcon.colcon_core.environment:checking '/home/wojciech/Workspaces/ROS2/SCARA/install/puzzle_solver/bin'
[45.762s] INFO:colcon.colcon_core.shell:Creating package script '/home/wojciech/Workspaces/ROS2/SCARA/install/puzzle_solver/share/puzzle_solver/package.ps1'
[45.762s] INFO:colcon.colcon_core.shell:Creating package descriptor '/home/wojciech/Workspaces/ROS2/SCARA/install/puzzle_solver/share/puzzle_solver/package.dsv'
[45.766s] INFO:colcon.colcon_core.shell:Creating package script '/home/wojciech/Workspaces/ROS2/SCARA/install/puzzle_solver/share/puzzle_solver/package.sh'
[45.767s] INFO:colcon.colcon_core.shell:Creating package script '/home/wojciech/Workspaces/ROS2/SCARA/install/puzzle_solver/share/puzzle_solver/package.bash'
[45.767s] INFO:colcon.colcon_core.shell:Creating package script '/home/wojciech/Workspaces/ROS2/SCARA/install/puzzle_solver/share/puzzle_solver/package.zsh'
[45.768s] Level 1:colcon.colcon_core.environment:create_file_with_runtime_dependencies(/home/wojciech/Workspaces/ROS2/SCARA/install/puzzle_solver/share/colcon-core/packages/puzzle_solver)
[45.770s] Level 1:colcon.colcon_core.environment:create_environment_scripts_only(puzzle_solver)
[45.771s] Level 1:colcon.colcon_core.environment:checking '/home/wojciech/Workspaces/ROS2/SCARA/install/puzzle_solver' for CMake module files
[45.772s] Level 1:colcon.colcon_core.environment:checking '/home/wojciech/Workspaces/ROS2/SCARA/install/puzzle_solver' for CMake config files
[45.772s] Level 1:colcon.colcon_core.shell:create_environment_hook('puzzle_solver', 'cmake_prefix_path')
[45.772s] INFO:colcon.colcon_core.shell:Creating environment hook '/home/wojciech/Workspaces/ROS2/SCARA/install/puzzle_solver/share/puzzle_solver/hook/cmake_prefix_path.ps1'
[45.778s] INFO:colcon.colcon_core.shell:Creating environment descriptor '/home/wojciech/Workspaces/ROS2/SCARA/install/puzzle_solver/share/puzzle_solver/hook/cmake_prefix_path.dsv'
[45.784s] INFO:colcon.colcon_core.shell:Creating environment hook '/home/wojciech/Workspaces/ROS2/SCARA/install/puzzle_solver/share/puzzle_solver/hook/cmake_prefix_path.sh'
[45.790s] Level 1:colcon.colcon_core.environment:checking '/home/wojciech/Workspaces/ROS2/SCARA/install/puzzle_solver/lib'
[45.790s] Level 1:colcon.colcon_core.environment:checking '/home/wojciech/Workspaces/ROS2/SCARA/install/puzzle_solver/bin'
[45.790s] Level 1:colcon.colcon_core.environment:checking '/home/wojciech/Workspaces/ROS2/SCARA/install/puzzle_solver/lib/pkgconfig/puzzle_solver.pc'
[45.791s] Level 1:colcon.colcon_core.environment:checking '/home/wojciech/Workspaces/ROS2/SCARA/install/puzzle_solver/lib/python3.12/site-packages'
[45.791s] Level 1:colcon.colcon_core.environment:checking '/home/wojciech/Workspaces/ROS2/SCARA/install/puzzle_solver/bin'
[45.791s] INFO:colcon.colcon_core.shell:Creating package script '/home/wojciech/Workspaces/ROS2/SCARA/install/puzzle_solver/share/puzzle_solver/package.ps1'
[45.798s] INFO:colcon.colcon_core.shell:Creating package descriptor '/home/wojciech/Workspaces/ROS2/SCARA/install/puzzle_solver/share/puzzle_solver/package.dsv'
[45.803s] INFO:colcon.colcon_core.shell:Creating package script '/home/wojciech/Workspaces/ROS2/SCARA/install/puzzle_solver/share/puzzle_solver/package.sh'
[45.811s] INFO:colcon.colcon_core.shell:Creating package script '/home/wojciech/Workspaces/ROS2/SCARA/install/puzzle_solver/share/puzzle_solver/package.bash'
[45.816s] INFO:colcon.colcon_core.shell:Creating package script '/home/wojciech/Workspaces/ROS2/SCARA/install/puzzle_solver/share/puzzle_solver/package.zsh'
[45.821s] Level 1:colcon.colcon_core.environment:create_file_with_runtime_dependencies(/home/wojciech/Workspaces/ROS2/SCARA/install/puzzle_solver/share/colcon-core/packages/puzzle_solver)
[51.632s] DEBUG:colcon.colcon_core.event_handler.log_command:Invoked command in '/home/wojciech/Workspaces/ROS2/SCARA/build/scara_msgs' returned '0': CMAKE_PREFIX_PATH=${CMAKE_PREFIX_PATH}:/opt/ros/jazzy DEBUGINFOD_URLS=https://debuginfod.ubuntu.com /usr/bin/cmake --build /home/wojciech/Workspaces/ROS2/SCARA/build/scara_msgs -- -j4 -l4
[51.634s] DEBUG:colcon.colcon_core.event_handler.log_command:Invoking command in '/home/wojciech/Workspaces/ROS2/SCARA/build/scara_msgs': CMAKE_PREFIX_PATH=${CMAKE_PREFIX_PATH}:/opt/ros/jazzy DEBUGINFOD_URLS=https://debuginfod.ubuntu.com /usr/bin/cmake --install /home/wojciech/Workspaces/ROS2/SCARA/build/scara_msgs
[51.801s] Level 1:colcon.colcon_core.environment:create_environment_scripts_only(scara_msgs)
[51.802s] Level 1:colcon.colcon_core.environment:checking '/home/wojciech/Workspaces/ROS2/SCARA/install/scara_msgs' for CMake module files
[51.802s] DEBUG:colcon.colcon_core.event_handler.log_command:Invoked command in '/home/wojciech/Workspaces/ROS2/SCARA/build/scara_msgs' returned '0': CMAKE_PREFIX_PATH=${CMAKE_PREFIX_PATH}:/opt/ros/jazzy DEBUGINFOD_URLS=https://debuginfod.ubuntu.com /usr/bin/cmake --install /home/wojciech/Workspaces/ROS2/SCARA/build/scara_msgs
[51.803s] Level 1:colcon.colcon_core.environment:checking '/home/wojciech/Workspaces/ROS2/SCARA/install/scara_msgs' for CMake config files
[51.804s] Level 1:colcon.colcon_core.shell:create_environment_hook('scara_msgs', 'cmake_prefix_path')
[51.804s] INFO:colcon.colcon_core.shell:Creating environment hook '/home/wojciech/Workspaces/ROS2/SCARA/install/scara_msgs/share/scara_msgs/hook/cmake_prefix_path.ps1'
[51.805s] INFO:colcon.colcon_core.shell:Creating environment descriptor '/home/wojciech/Workspaces/ROS2/SCARA/install/scara_msgs/share/scara_msgs/hook/cmake_prefix_path.dsv'
[51.806s] INFO:colcon.colcon_core.shell:Creating environment hook '/home/wojciech/Workspaces/ROS2/SCARA/install/scara_msgs/share/scara_msgs/hook/cmake_prefix_path.sh'
[51.807s] Level 1:colcon.colcon_core.environment:checking '/home/wojciech/Workspaces/ROS2/SCARA/install/scara_msgs/lib'
[51.807s] Level 1:colcon.colcon_core.shell:create_environment_hook('scara_msgs', 'ld_library_path_lib')
[51.808s] INFO:colcon.colcon_core.shell:Creating environment hook '/home/wojciech/Workspaces/ROS2/SCARA/install/scara_msgs/share/scara_msgs/hook/ld_library_path_lib.ps1'
[51.808s] INFO:colcon.colcon_core.shell:Creating environment descriptor '/home/wojciech/Workspaces/ROS2/SCARA/install/scara_msgs/share/scara_msgs/hook/ld_library_path_lib.dsv'
[51.809s] INFO:colcon.colcon_core.shell:Creating environment hook '/home/wojciech/Workspaces/ROS2/SCARA/install/scara_msgs/share/scara_msgs/hook/ld_library_path_lib.sh'
[51.809s] Level 1:colcon.colcon_core.environment:checking '/home/wojciech/Workspaces/ROS2/SCARA/install/scara_msgs/bin'
[51.809s] Level 1:colcon.colcon_core.environment:checking '/home/wojciech/Workspaces/ROS2/SCARA/install/scara_msgs/lib/pkgconfig/scara_msgs.pc'
[51.809s] Level 1:colcon.colcon_core.environment:checking '/home/wojciech/Workspaces/ROS2/SCARA/install/scara_msgs/lib/python3.12/site-packages'
[51.810s] Level 1:colcon.colcon_core.shell:create_environment_hook('scara_msgs', 'pythonpath')
[51.810s] INFO:colcon.colcon_core.shell:Creating environment hook '/home/wojciech/Workspaces/ROS2/SCARA/install/scara_msgs/share/scara_msgs/hook/pythonpath.ps1'
[51.810s] INFO:colcon.colcon_core.shell:Creating environment descriptor '/home/wojciech/Workspaces/ROS2/SCARA/install/scara_msgs/share/scara_msgs/hook/pythonpath.dsv'
[51.811s] INFO:colcon.colcon_core.shell:Creating environment hook '/home/wojciech/Workspaces/ROS2/SCARA/install/scara_msgs/share/scara_msgs/hook/pythonpath.sh'
[51.811s] Level 1:colcon.colcon_core.environment:checking '/home/wojciech/Workspaces/ROS2/SCARA/install/scara_msgs/bin'
[51.812s] INFO:colcon.colcon_core.shell:Creating package script '/home/wojciech/Workspaces/ROS2/SCARA/install/scara_msgs/share/scara_msgs/package.ps1'
[51.812s] INFO:colcon.colcon_core.shell:Creating package descriptor '/home/wojciech/Workspaces/ROS2/SCARA/install/scara_msgs/share/scara_msgs/package.dsv'
[51.813s] INFO:colcon.colcon_core.shell:Creating package script '/home/wojciech/Workspaces/ROS2/SCARA/install/scara_msgs/share/scara_msgs/package.sh'
[51.813s] INFO:colcon.colcon_core.shell:Creating package script '/home/wojciech/Workspaces/ROS2/SCARA/install/scara_msgs/share/scara_msgs/package.bash'
[51.814s] INFO:colcon.colcon_core.shell:Creating package script '/home/wojciech/Workspaces/ROS2/SCARA/install/scara_msgs/share/scara_msgs/package.zsh'
[51.814s] Level 1:colcon.colcon_core.environment:create_file_with_runtime_dependencies(/home/wojciech/Workspaces/ROS2/SCARA/install/scara_msgs/share/colcon-core/packages/scara_msgs)
[51.815s] Level 1:colcon.colcon_core.environment:create_environment_scripts_only(scara_msgs)
[51.815s] Level 1:colcon.colcon_core.environment:checking '/home/wojciech/Workspaces/ROS2/SCARA/install/scara_msgs' for CMake module files
[51.816s] Level 1:colcon.colcon_core.environment:checking '/home/wojciech/Workspaces/ROS2/SCARA/install/scara_msgs' for CMake config files
[51.817s] Level 1:colcon.colcon_core.shell:create_environment_hook('scara_msgs', 'cmake_prefix_path')
[51.817s] INFO:colcon.colcon_core.shell:Creating environment hook '/home/wojciech/Workspaces/ROS2/SCARA/install/scara_msgs/share/scara_msgs/hook/cmake_prefix_path.ps1'
[51.818s] INFO:colcon.colcon_core.shell:Creating environment descriptor '/home/wojciech/Workspaces/ROS2/SCARA/install/scara_msgs/share/scara_msgs/hook/cmake_prefix_path.dsv'
[51.818s] INFO:colcon.colcon_core.shell:Creating environment hook '/home/wojciech/Workspaces/ROS2/SCARA/install/scara_msgs/share/scara_msgs/hook/cmake_prefix_path.sh'
[51.819s] Level 1:colcon.colcon_core.environment:checking '/home/wojciech/Workspaces/ROS2/SCARA/install/scara_msgs/lib'
[51.820s] Level 1:colcon.colcon_core.shell:create_environment_hook('scara_msgs', 'ld_library_path_lib')
[51.820s] INFO:colcon.colcon_core.shell:Creating environment hook '/home/wojciech/Workspaces/ROS2/SCARA/install/scara_msgs/share/scara_msgs/hook/ld_library_path_lib.ps1'
[51.820s] INFO:colcon.colcon_core.shell:Creating environment descriptor '/home/wojciech/Workspaces/ROS2/SCARA/install/scara_msgs/share/scara_msgs/hook/ld_library_path_lib.dsv'
[51.821s] INFO:colcon.colcon_core.shell:Creating environment hook '/home/wojciech/Workspaces/ROS2/SCARA/install/scara_msgs/share/scara_msgs/hook/ld_library_path_lib.sh'
[51.822s] Level 1:colcon.colcon_core.environment:checking '/home/wojciech/Workspaces/ROS2/SCARA/install/scara_msgs/bin'
[51.822s] Level 1:colcon.colcon_core.environment:checking '/home/wojciech/Workspaces/ROS2/SCARA/install/scara_msgs/lib/pkgconfig/scara_msgs.pc'
[51.822s] Level 1:colcon.colcon_core.environment:checking '/home/wojciech/Workspaces/ROS2/SCARA/install/scara_msgs/lib/python3.12/site-packages'
[51.822s] Level 1:colcon.colcon_core.shell:create_environment_hook('scara_msgs', 'pythonpath')
[51.823s] INFO:colcon.colcon_core.shell:Creating environment hook '/home/wojciech/Workspaces/ROS2/SCARA/install/scara_msgs/share/scara_msgs/hook/pythonpath.ps1'
[51.823s] INFO:colcon.colcon_core.shell:Creating environment descriptor '/home/wojciech/Workspaces/ROS2/SCARA/install/scara_msgs/share/scara_msgs/hook/pythonpath.dsv'
[51.824s] INFO:colcon.colcon_core.shell:Creating environment hook '/home/wojciech/Workspaces/ROS2/SCARA/install/scara_msgs/share/scara_msgs/hook/pythonpath.sh'
[51.825s] Level 1:colcon.colcon_core.environment:checking '/home/wojciech/Workspaces/ROS2/SCARA/install/scara_msgs/bin'
[51.825s] INFO:colcon.colcon_core.shell:Creating package script '/home/wojciech/Workspaces/ROS2/SCARA/install/scara_msgs/share/scara_msgs/package.ps1'
[51.826s] INFO:colcon.colcon_core.shell:Creating package descriptor '/home/wojciech/Workspaces/ROS2/SCARA/install/scara_msgs/share/scara_msgs/package.dsv'
[51.827s] INFO:colcon.colcon_core.shell:Creating package script '/home/wojciech/Workspaces/ROS2/SCARA/install/scara_msgs/share/scara_msgs/package.sh'
[51.828s] INFO:colcon.colcon_core.shell:Creating package script '/home/wojciech/Workspaces/ROS2/SCARA/install/scara_msgs/share/scara_msgs/package.bash'
[51.829s] INFO:colcon.colcon_core.shell:Creating package script '/home/wojciech/Workspaces/ROS2/SCARA/install/scara_msgs/share/scara_msgs/package.zsh'
[51.830s] Level 1:colcon.colcon_core.environment:create_file_with_runtime_dependencies(/home/wojciech/Workspaces/ROS2/SCARA/install/scara_msgs/share/colcon-core/packages/scara_msgs)
[51.831s] INFO:colcon.colcon_ros.task.ament_cmake.build:Building ROS package in '/home/wojciech/Workspaces/ROS2/SCARA/src/scara_utils' with build type 'ament_cmake'
[51.831s] INFO:colcon.colcon_cmake.task.cmake.build:Building CMake package in '/home/wojciech/Workspaces/ROS2/SCARA/src/scara_utils'
[51.831s] INFO:colcon.colcon_core.shell:Skip shell extension 'powershell' for command environment: Not usable outside of PowerShell
[51.831s] DEBUG:colcon.colcon_core.shell:Skip shell extension 'dsv' for command environment
[51.849s] DEBUG:colcon.colcon_core.event_handler.log_command:Invoking command in '/home/wojciech/Workspaces/ROS2/SCARA/build/scara_utils': CMAKE_PREFIX_PATH=/home/wojciech/Workspaces/ROS2/SCARA/install/scara_msgs:/home/wojciech/Workspaces/ROS2/SCARA/install/scara_utils:/home/wojciech/Workspaces/ROS2/SCARA/install/scara_moveit:/home/wojciech/Workspaces/ROS2/SCARA/install/scara_description:/home/wojciech/Workspaces/ROS2/SCARA/install/scara_controller:/home/wojciech/Workspaces/ROS2/SCARA/install/puzzle_tuner:/home/wojciech/Workspaces/ROS2/SCARA/install/puzzle_solver:/opt/ros/jazzy/opt/gz_sim_vendor:/opt/ros/jazzy/opt/gz_sensors_vendor:/opt/ros/jazzy/opt/gz_physics_vendor:/opt/ros/jazzy/opt/sdformat_vendor:/opt/ros/jazzy/opt/gz_gui_vendor:/opt/ros/jazzy/opt/gz_transport_vendor:/opt/ros/jazzy/opt/gz_rendering_vendor:/opt/ros/jazzy/opt/gz_plugin_vendor:/opt/ros/jazzy/opt/gz_fuel_tools_vendor:/opt/ros/jazzy/opt/gz_msgs_vendor:/opt/ros/jazzy/opt/gz_common_vendor:/opt/ros/jazzy/opt/gz_math_vendor:/opt/ros/jazzy/opt/gz_utils_vendor:/opt/ros/jazzy/opt/gz_tools_vendor:/opt/ros/jazzy/opt/gz_ogre_next_vendor:/opt/ros/jazzy/opt/gz_dartsim_vendor:/opt/ros/jazzy/opt/gz_cmake_vendor:/opt/ros/jazzy DEBUGINFOD_URLS=https://debuginfod.ubuntu.com /usr/bin/cmake /home/wojciech/Workspaces/ROS2/SCARA/src/scara_utils -DCMAKE_INSTALL_PREFIX=/home/wojciech/Workspaces/ROS2/SCARA/install/scara_utils
[54.301s] DEBUG:colcon.colcon_core.event_handler.log_command:Invoked command in '/home/wojciech/Workspaces/ROS2/SCARA/build/scara_utils' returned '0': CMAKE_PREFIX_PATH=/home/wojciech/Workspaces/ROS2/SCARA/install/scara_msgs:/home/wojciech/Workspaces/ROS2/SCARA/install/scara_utils:/home/wojciech/Workspaces/ROS2/SCARA/install/scara_moveit:/home/wojciech/Workspaces/ROS2/SCARA/install/scara_description:/home/wojciech/Workspaces/ROS2/SCARA/install/scara_controller:/home/wojciech/Workspaces/ROS2/SCARA/install/puzzle_tuner:/home/wojciech/Workspaces/ROS2/SCARA/install/puzzle_solver:/opt/ros/jazzy/opt/gz_sim_vendor:/opt/ros/jazzy/opt/gz_sensors_vendor:/opt/ros/jazzy/opt/gz_physics_vendor:/opt/ros/jazzy/opt/sdformat_vendor:/opt/ros/jazzy/opt/gz_gui_vendor:/opt/ros/jazzy/opt/gz_transport_vendor:/opt/ros/jazzy/opt/gz_rendering_vendor:/opt/ros/jazzy/opt/gz_plugin_vendor:/opt/ros/jazzy/opt/gz_fuel_tools_vendor:/opt/ros/jazzy/opt/gz_msgs_vendor:/opt/ros/jazzy/opt/gz_common_vendor:/opt/ros/jazzy/opt/gz_math_vendor:/opt/ros/jazzy/opt/gz_utils_vendor:/opt/ros/jazzy/opt/gz_tools_vendor:/opt/ros/jazzy/opt/gz_ogre_next_vendor:/opt/ros/jazzy/opt/gz_dartsim_vendor:/opt/ros/jazzy/opt/gz_cmake_vendor:/opt/ros/jazzy DEBUGINFOD_URLS=https://debuginfod.ubuntu.com /usr/bin/cmake /home/wojciech/Workspaces/ROS2/SCARA/src/scara_utils -DCMAKE_INSTALL_PREFIX=/home/wojciech/Workspaces/ROS2/SCARA/install/scara_utils
[54.303s] DEBUG:colcon.colcon_core.event_handler.log_command:Invoking command in '/home/wojciech/Workspaces/ROS2/SCARA/build/scara_utils': CMAKE_PREFIX_PATH=/home/wojciech/Workspaces/ROS2/SCARA/install/scara_msgs:/home/wojciech/Workspaces/ROS2/SCARA/install/scara_utils:/home/wojciech/Workspaces/ROS2/SCARA/install/scara_moveit:/home/wojciech/Workspaces/ROS2/SCARA/install/scara_description:/home/wojciech/Workspaces/ROS2/SCARA/install/scara_controller:/home/wojciech/Workspaces/ROS2/SCARA/install/puzzle_tuner:/home/wojciech/Workspaces/ROS2/SCARA/install/puzzle_solver:/opt/ros/jazzy/opt/gz_sim_vendor:/opt/ros/jazzy/opt/gz_sensors_vendor:/opt/ros/jazzy/opt/gz_physics_vendor:/opt/ros/jazzy/opt/sdformat_vendor:/opt/ros/jazzy/opt/gz_gui_vendor:/opt/ros/jazzy/opt/gz_transport_vendor:/opt/ros/jazzy/opt/gz_rendering_vendor:/opt/ros/jazzy/opt/gz_plugin_vendor:/opt/ros/jazzy/opt/gz_fuel_tools_vendor:/opt/ros/jazzy/opt/gz_msgs_vendor:/opt/ros/jazzy/opt/gz_common_vendor:/opt/ros/jazzy/opt/gz_math_vendor:/opt/ros/jazzy/opt/gz_utils_vendor:/opt/ros/jazzy/opt/gz_tools_vendor:/opt/ros/jazzy/opt/gz_ogre_next_vendor:/opt/ros/jazzy/opt/gz_dartsim_vendor:/opt/ros/jazzy/opt/gz_cmake_vendor:/opt/ros/jazzy DEBUGINFOD_URLS=https://debuginfod.ubuntu.com /usr/bin/cmake --build /home/wojciech/Workspaces/ROS2/SCARA/build/scara_utils -- -j4 -l4
[61.970s] DEBUG:colcon.colcon_core.event_handler.log_command:Invoked command in '/home/wojciech/Workspaces/ROS2/SCARA/build/scara_utils' returned '0': CMAKE_PREFIX_PATH=/home/wojciech/Workspaces/ROS2/SCARA/install/scara_msgs:/home/wojciech/Workspaces/ROS2/SCARA/install/scara_utils:/home/wojciech/Workspaces/ROS2/SCARA/install/scara_moveit:/home/wojciech/Workspaces/ROS2/SCARA/install/scara_description:/home/wojciech/Workspaces/ROS2/SCARA/install/scara_controller:/home/wojciech/Workspaces/ROS2/SCARA/install/puzzle_tuner:/home/wojciech/Workspaces/ROS2/SCARA/install/puzzle_solver:/opt/ros/jazzy/opt/gz_sim_vendor:/opt/ros/jazzy/opt/gz_sensors_vendor:/opt/ros/jazzy/opt/gz_physics_vendor:/opt/ros/jazzy/opt/sdformat_vendor:/opt/ros/jazzy/opt/gz_gui_vendor:/opt/ros/jazzy/opt/gz_transport_vendor:/opt/ros/jazzy/opt/gz_rendering_vendor:/opt/ros/jazzy/opt/gz_plugin_vendor:/opt/ros/jazzy/opt/gz_fuel_tools_vendor:/opt/ros/jazzy/opt/gz_msgs_vendor:/opt/ros/jazzy/opt/gz_common_vendor:/opt/ros/jazzy/opt/gz_math_vendor:/opt/ros/jazzy/opt/gz_utils_vendor:/opt/ros/jazzy/opt/gz_tools_vendor:/opt/ros/jazzy/opt/gz_ogre_next_vendor:/opt/ros/jazzy/opt/gz_dartsim_vendor:/opt/ros/jazzy/opt/gz_cmake_vendor:/opt/ros/jazzy DEBUGINFOD_URLS=https://debuginfod.ubuntu.com /usr/bin/cmake --build /home/wojciech/Workspaces/ROS2/SCARA/build/scara_utils -- -j4 -l4
[61.972s] DEBUG:colcon.colcon_core.event_handler.log_command:Invoking command in '/home/wojciech/Workspaces/ROS2/SCARA/build/scara_utils': CMAKE_PREFIX_PATH=/home/wojciech/Workspaces/ROS2/SCARA/install/scara_msgs:/home/wojciech/Workspaces/ROS2/SCARA/install/scara_utils:/home/wojciech/Workspaces/ROS2/SCARA/install/scara_moveit:/home/wojciech/Workspaces/ROS2/SCARA/install/scara_description:/home/wojciech/Workspaces/ROS2/SCARA/install/scara_controller:/home/wojciech/Workspaces/ROS2/SCARA/install/puzzle_tuner:/home/wojciech/Workspaces/ROS2/SCARA/install/puzzle_solver:/opt/ros/jazzy/opt/gz_sim_vendor:/opt/ros/jazzy/opt/gz_sensors_vendor:/opt/ros/jazzy/opt/gz_physics_vendor:/opt/ros/jazzy/opt/sdformat_vendor:/opt/ros/jazzy/opt/gz_gui_vendor:/opt/ros/jazzy/opt/gz_transport_vendor:/opt/ros/jazzy/opt/gz_rendering_vendor:/opt/ros/jazzy/opt/gz_plugin_vendor:/opt/ros/jazzy/opt/gz_fuel_tools_vendor:/opt/ros/jazzy/opt/gz_msgs_vendor:/opt/ros/jazzy/opt/gz_common_vendor:/opt/ros/jazzy/opt/gz_math_vendor:/opt/ros/jazzy/opt/gz_utils_vendor:/opt/ros/jazzy/opt/gz_tools_vendor:/opt/ros/jazzy/opt/gz_ogre_next_vendor:/opt/ros/jazzy/opt/gz_dartsim_vendor:/opt/ros/jazzy/opt/gz_cmake_vendor:/opt/ros/jazzy DEBUGINFOD_URLS=https://debuginfod.ubuntu.com /usr/bin/cmake --install /home/wojciech/Workspaces/ROS2/SCARA/build/scara_utils
[61.998s] Level 1:colcon.colcon_core.environment:create_environment_scripts_only(scara_utils)
[61.999s] Level 1:colcon.colcon_core.environment:checking '/home/wojciech/Workspaces/ROS2/SCARA/install/scara_utils' for CMake module files
[61.999s] DEBUG:colcon.colcon_core.event_handler.log_command:Invoked command in '/home/wojciech/Workspaces/ROS2/SCARA/build/scara_utils' returned '0': CMAKE_PREFIX_PATH=/home/wojciech/Workspaces/ROS2/SCARA/install/scara_msgs:/home/wojciech/Workspaces/ROS2/SCARA/install/scara_utils:/home/wojciech/Workspaces/ROS2/SCARA/install/scara_moveit:/home/wojciech/Workspaces/ROS2/SCARA/install/scara_description:/home/wojciech/Workspaces/ROS2/SCARA/install/scara_controller:/home/wojciech/Workspaces/ROS2/SCARA/install/puzzle_tuner:/home/wojciech/Workspaces/ROS2/SCARA/install/puzzle_solver:/opt/ros/jazzy/opt/gz_sim_vendor:/opt/ros/jazzy/opt/gz_sensors_vendor:/opt/ros/jazzy/opt/gz_physics_vendor:/opt/ros/jazzy/opt/sdformat_vendor:/opt/ros/jazzy/opt/gz_gui_vendor:/opt/ros/jazzy/opt/gz_transport_vendor:/opt/ros/jazzy/opt/gz_rendering_vendor:/opt/ros/jazzy/opt/gz_plugin_vendor:/opt/ros/jazzy/opt/gz_fuel_tools_vendor:/opt/ros/jazzy/opt/gz_msgs_vendor:/opt/ros/jazzy/opt/gz_common_vendor:/opt/ros/jazzy/opt/gz_math_vendor:/opt/ros/jazzy/opt/gz_utils_vendor:/opt/ros/jazzy/opt/gz_tools_vendor:/opt/ros/jazzy/opt/gz_ogre_next_vendor:/opt/ros/jazzy/opt/gz_dartsim_vendor:/opt/ros/jazzy/opt/gz_cmake_vendor:/opt/ros/jazzy DEBUGINFOD_URLS=https://debuginfod.ubuntu.com /usr/bin/cmake --install /home/wojciech/Workspaces/ROS2/SCARA/build/scara_utils
[62.000s] Level 1:colcon.colcon_core.environment:checking '/home/wojciech/Workspaces/ROS2/SCARA/install/scara_utils' for CMake config files
[62.000s] Level 1:colcon.colcon_core.shell:create_environment_hook('scara_utils', 'cmake_prefix_path')
[62.000s] INFO:colcon.colcon_core.shell:Creating environment hook '/home/wojciech/Workspaces/ROS2/SCARA/install/scara_utils/share/scara_utils/hook/cmake_prefix_path.ps1'
[62.001s] INFO:colcon.colcon_core.shell:Creating environment descriptor '/home/wojciech/Workspaces/ROS2/SCARA/install/scara_utils/share/scara_utils/hook/cmake_prefix_path.dsv'
[62.002s] INFO:colcon.colcon_core.shell:Creating environment hook '/home/wojciech/Workspaces/ROS2/SCARA/install/scara_utils/share/scara_utils/hook/cmake_prefix_path.sh'
[62.002s] Level 1:colcon.colcon_core.environment:checking '/home/wojciech/Workspaces/ROS2/SCARA/install/scara_utils/lib'
[62.003s] Level 1:colcon.colcon_core.environment:checking '/home/wojciech/Workspaces/ROS2/SCARA/install/scara_utils/bin'
[62.003s] Level 1:colcon.colcon_core.environment:checking '/home/wojciech/Workspaces/ROS2/SCARA/install/scara_utils/lib/pkgconfig/scara_utils.pc'
[62.003s] Level 1:colcon.colcon_core.environment:checking '/home/wojciech/Workspaces/ROS2/SCARA/install/scara_utils/lib/python3.12/site-packages'
[62.003s] Level 1:colcon.colcon_core.environment:checking '/home/wojciech/Workspaces/ROS2/SCARA/install/scara_utils/bin'
[62.004s] INFO:colcon.colcon_core.shell:Creating package script '/home/wojciech/Workspaces/ROS2/SCARA/install/scara_utils/share/scara_utils/package.ps1'
[62.004s] INFO:colcon.colcon_core.shell:Creating package descriptor '/home/wojciech/Workspaces/ROS2/SCARA/install/scara_utils/share/scara_utils/package.dsv'
[62.005s] INFO:colcon.colcon_core.shell:Creating package script '/home/wojciech/Workspaces/ROS2/SCARA/install/scara_utils/share/scara_utils/package.sh'
[62.005s] INFO:colcon.colcon_core.shell:Creating package script '/home/wojciech/Workspaces/ROS2/SCARA/install/scara_utils/share/scara_utils/package.bash'
[62.006s] INFO:colcon.colcon_core.shell:Creating package script '/home/wojciech/Workspaces/ROS2/SCARA/install/scara_utils/share/scara_utils/package.zsh'
[62.006s] Level 1:colcon.colcon_core.environment:create_file_with_runtime_dependencies(/home/wojciech/Workspaces/ROS2/SCARA/install/scara_utils/share/colcon-core/packages/scara_utils)
[62.007s] Level 1:colcon.colcon_core.environment:create_environment_scripts_only(scara_utils)
[62.007s] Level 1:colcon.colcon_core.environment:checking '/home/wojciech/Workspaces/ROS2/SCARA/install/scara_utils' for CMake module files
[62.008s] Level 1:colcon.colcon_core.environment:checking '/home/wojciech/Workspaces/ROS2/SCARA/install/scara_utils' for CMake config files
[62.008s] Level 1:colcon.colcon_core.shell:create_environment_hook('scara_utils', 'cmake_prefix_path')
[62.009s] INFO:colcon.colcon_core.shell:Creating environment hook '/home/wojciech/Workspaces/ROS2/SCARA/install/scara_utils/share/scara_utils/hook/cmake_prefix_path.ps1'
[62.009s] INFO:colcon.colcon_core.shell:Creating environment descriptor '/home/wojciech/Workspaces/ROS2/SCARA/install/scara_utils/share/scara_utils/hook/cmake_prefix_path.dsv'
[62.010s] INFO:colcon.colcon_core.shell:Creating environment hook '/home/wojciech/Workspaces/ROS2/SCARA/install/scara_utils/share/scara_utils/hook/cmake_prefix_path.sh'
[62.011s] Level 1:colcon.colcon_core.environment:checking '/home/wojciech/Workspaces/ROS2/SCARA/install/scara_utils/lib'
[62.011s] Level 1:colcon.colcon_core.environment:checking '/home/wojciech/Workspaces/ROS2/SCARA/install/scara_utils/bin'
[62.011s] Level 1:colcon.colcon_core.environment:checking '/home/wojciech/Workspaces/ROS2/SCARA/install/scara_utils/lib/pkgconfig/scara_utils.pc'
[62.012s] Level 1:colcon.colcon_core.environment:checking '/home/wojciech/Workspaces/ROS2/SCARA/install/scara_utils/lib/python3.12/site-packages'
[62.012s] Level 1:colcon.colcon_core.environment:checking '/home/wojciech/Workspaces/ROS2/SCARA/install/scara_utils/bin'
[62.012s] INFO:colcon.colcon_core.shell:Creating package script '/home/wojciech/Workspaces/ROS2/SCARA/install/scara_utils/share/scara_utils/package.ps1'
[62.013s] INFO:colcon.colcon_core.shell:Creating package descriptor '/home/wojciech/Workspaces/ROS2/SCARA/install/scara_utils/share/scara_utils/package.dsv'
[62.041s] INFO:colcon.colcon_core.shell:Creating package script '/home/wojciech/Workspaces/ROS2/SCARA/install/scara_utils/share/scara_utils/package.sh'
[62.042s] INFO:colcon.colcon_core.shell:Creating package script '/home/wojciech/Workspaces/ROS2/SCARA/install/scara_utils/share/scara_utils/package.bash'
[62.043s] INFO:colcon.colcon_core.shell:Creating package script '/home/wojciech/Workspaces/ROS2/SCARA/install/scara_utils/share/scara_utils/package.zsh'
[62.043s] Level 1:colcon.colcon_core.environment:create_file_with_runtime_dependencies(/home/wojciech/Workspaces/ROS2/SCARA/install/scara_utils/share/colcon-core/packages/scara_utils)
[62.044s] DEBUG:colcon.colcon_parallel_executor.executor.parallel:closing loop
[62.045s] DEBUG:colcon.colcon_parallel_executor.executor.parallel:loop closed
[62.045s] DEBUG:colcon.colcon_parallel_executor.executor.parallel:run_until_complete finished with '0'
[62.045s] DEBUG:colcon.colcon_core.event_reactor:joining thread
[62.054s] INFO:colcon.colcon_core.plugin_system:Skipping extension 'colcon_notification.desktop_notification.terminal_notifier': Not used on non-Darwin systems
[62.054s] INFO:colcon.colcon_core.plugin_system:Skipping extension 'colcon_notification.desktop_notification.win32': Not used on non-Windows systems
[62.054s] INFO:colcon.colcon_notification.desktop_notification:Sending desktop notification using 'notify2'
[62.056s] DEBUG:colcon.colcon_notification.desktop_notification.notify2:Failed to initialize notify2: org.freedesktop.DBus.Error.ServiceUnknown: The name org.freedesktop.Notifications was not provided by any .service files
[62.056s] DEBUG:colcon.colcon_core.event_reactor:joined thread
[62.057s] INFO:colcon.colcon_core.shell:Creating prefix script '/home/wojciech/Workspaces/ROS2/SCARA/install/local_setup.ps1'
[62.058s] INFO:colcon.colcon_core.shell:Creating prefix util module '/home/wojciech/Workspaces/ROS2/SCARA/install/_local_setup_util_ps1.py'
[62.059s] INFO:colcon.colcon_core.shell:Creating prefix chain script '/home/wojciech/Workspaces/ROS2/SCARA/install/setup.ps1'
[62.061s] INFO:colcon.colcon_core.shell:Creating prefix script '/home/wojciech/Workspaces/ROS2/SCARA/install/local_setup.sh'
[62.062s] INFO:colcon.colcon_core.shell:Creating prefix util module '/home/wojciech/Workspaces/ROS2/SCARA/install/_local_setup_util_sh.py'
[62.063s] INFO:colcon.colcon_core.shell:Creating prefix chain script '/home/wojciech/Workspaces/ROS2/SCARA/install/setup.sh'
[62.065s] INFO:colcon.colcon_core.shell:Creating prefix script '/home/wojciech/Workspaces/ROS2/SCARA/install/local_setup.bash'
[62.065s] INFO:colcon.colcon_core.shell:Creating prefix chain script '/home/wojciech/Workspaces/ROS2/SCARA/install/setup.bash'
[62.067s] INFO:colcon.colcon_core.shell:Creating prefix script '/home/wojciech/Workspaces/ROS2/SCARA/install/local_setup.zsh'
[62.068s] INFO:colcon.colcon_core.shell:Creating prefix chain script '/home/wojciech/Workspaces/ROS2/SCARA/install/setup.zsh'
