[0.013s] Invoking command in '/home/wojciech/Workspaces/ROS2/SCARA/build/scara_msgs': CMAKE_PREFIX_PATH=${CMAKE_PREFIX_PATH}:/opt/ros/jazzy DEBUGINFOD_URLS=https://debuginfod.ubuntu.com /usr/bin/cmake --build /home/wojciech/Workspaces/ROS2/SCARA/build/scara_msgs -- -j12 -l12
[0.053s] [  1%] Built target scara_msgs__rosidl_generator_type_description
[0.063s] [  1%] Built target ament_cmake_python_copy_scara_msgs
[0.071s] [  3%] Built target scara_msgs__cpp
[0.075s] [ 24%] Built target scara_msgs__rosidl_generator_c
[0.097s] [ 33%] Built target scara_msgs__rosidl_typesupport_introspection_c
[0.098s] [ 42%] Built target scara_msgs__rosidl_typesupport_c
[0.100s] [ 51%] Built target scara_msgs__rosidl_typesupport_introspection_cpp
[0.100s] [ 61%] Built target scara_msgs__rosidl_typesupport_cpp
[0.102s] [ 70%] Built target scara_msgs__rosidl_typesupport_fastrtps_cpp
[0.102s] [ 79%] Built target scara_msgs__rosidl_typesupport_fastrtps_c
[0.119s] [ 79%] Built target scara_msgs
[0.135s] [ 81%] Built target scara_msgs__py
[0.156s] [ 88%] Built target scara_msgs__rosidl_generator_py
[0.175s] [100%] Built target scara_msgs_s__rosidl_typesupport_c
[0.175s] [100%] Built target scara_msgs_s__rosidl_typesupport_fastrtps_c
[0.175s] [100%] Built target scara_msgs_s__rosidl_typesupport_introspection_c
[0.202s] running egg_info
[0.214s] writing scara_msgs.egg-info/PKG-INFO
[0.214s] writing dependency_links to scara_msgs.egg-info/dependency_links.txt
[0.214s] writing top-level names to scara_msgs.egg-info/top_level.txt
[0.248s] reading manifest file 'scara_msgs.egg-info/SOURCES.txt'
[0.249s] writing manifest file 'scara_msgs.egg-info/SOURCES.txt'
[0.269s] [100%] Built target ament_cmake_python_build_scara_msgs_egg
[0.279s] Invoked command in '/home/wojciech/Workspaces/ROS2/SCARA/build/scara_msgs' returned '0': CMAKE_PREFIX_PATH=${CMAKE_PREFIX_PATH}:/opt/ros/jazzy DEBUGINFOD_URLS=https://debuginfod.ubuntu.com /usr/bin/cmake --build /home/wojciech/Workspaces/ROS2/SCARA/build/scara_msgs -- -j12 -l12
[0.279s] Invoking command in '/home/wojciech/Workspaces/ROS2/SCARA/build/scara_msgs': CMAKE_PREFIX_PATH=${CMAKE_PREFIX_PATH}:/opt/ros/jazzy DEBUGINFOD_URLS=https://debuginfod.ubuntu.com /usr/bin/cmake --install /home/wojciech/Workspaces/ROS2/SCARA/build/scara_msgs
[0.286s] -- Install configuration: ""
[0.286s] -- Up-to-date: /home/wojciech/Workspaces/ROS2/SCARA/install/scara_msgs/share/ament_index/resource_index/rosidl_interfaces/scara_msgs
[0.286s] -- Up-to-date: /home/wojciech/Workspaces/ROS2/SCARA/install/scara_msgs/share/scara_msgs/srv/EulerToQuaternion.json
[0.286s] -- Up-to-date: /home/wojciech/Workspaces/ROS2/SCARA/install/scara_msgs/share/scara_msgs/srv/QuaternionToEuler.json
[0.286s] -- Up-to-date: /home/wojciech/Workspaces/ROS2/SCARA/install/scara_msgs/share/scara_msgs/action/ScaraTask.json
[0.286s] -- Up-to-date: /home/wojciech/Workspaces/ROS2/SCARA/install/scara_msgs/include/scara_msgs/scara_msgs
[0.286s] -- Up-to-date: /home/wojciech/Workspaces/ROS2/SCARA/install/scara_msgs/include/scara_msgs/scara_msgs/msg
[0.286s] -- Up-to-date: /home/wojciech/Workspaces/ROS2/SCARA/install/scara_msgs/include/scara_msgs/scara_msgs/msg/rosidl_generator_c__visibility_control.h
[0.286s] -- Up-to-date: /home/wojciech/Workspaces/ROS2/SCARA/install/scara_msgs/include/scara_msgs/scara_msgs/action
[0.286s] -- Up-to-date: /home/wojciech/Workspaces/ROS2/SCARA/install/scara_msgs/include/scara_msgs/scara_msgs/action/detail
[0.286s] -- Up-to-date: /home/wojciech/Workspaces/ROS2/SCARA/install/scara_msgs/include/scara_msgs/scara_msgs/action/detail/scara_task__functions.c
[0.286s] -- Up-to-date: /home/wojciech/Workspaces/ROS2/SCARA/install/scara_msgs/include/scara_msgs/scara_msgs/action/detail/scara_task__type_support.h
[0.287s] -- Up-to-date: /home/wojciech/Workspaces/ROS2/SCARA/install/scara_msgs/include/scara_msgs/scara_msgs/action/detail/scara_task__functions.h
[0.287s] -- Up-to-date: /home/wojciech/Workspaces/ROS2/SCARA/install/scara_msgs/include/scara_msgs/scara_msgs/action/detail/scara_task__struct.h
[0.287s] -- Up-to-date: /home/wojciech/Workspaces/ROS2/SCARA/install/scara_msgs/include/scara_msgs/scara_msgs/action/detail/scara_task__description.c
[0.287s] -- Up-to-date: /home/wojciech/Workspaces/ROS2/SCARA/install/scara_msgs/include/scara_msgs/scara_msgs/action/detail/scara_task__type_support.c
[0.287s] -- Up-to-date: /home/wojciech/Workspaces/ROS2/SCARA/install/scara_msgs/include/scara_msgs/scara_msgs/action/scara_task.h
[0.287s] -- Up-to-date: /home/wojciech/Workspaces/ROS2/SCARA/install/scara_msgs/include/scara_msgs/scara_msgs/srv
[0.287s] -- Up-to-date: /home/wojciech/Workspaces/ROS2/SCARA/install/scara_msgs/include/scara_msgs/scara_msgs/srv/quaternion_to_euler.h
[0.287s] -- Up-to-date: /home/wojciech/Workspaces/ROS2/SCARA/install/scara_msgs/include/scara_msgs/scara_msgs/srv/detail
[0.287s] -- Up-to-date: /home/wojciech/Workspaces/ROS2/SCARA/install/scara_msgs/include/scara_msgs/scara_msgs/srv/detail/euler_to_quaternion__type_support.c
[0.287s] -- Up-to-date: /home/wojciech/Workspaces/ROS2/SCARA/install/scara_msgs/include/scara_msgs/scara_msgs/srv/detail/quaternion_to_euler__type_support.h
[0.287s] -- Up-to-date: /home/wojciech/Workspaces/ROS2/SCARA/install/scara_msgs/include/scara_msgs/scara_msgs/srv/detail/euler_to_quaternion__struct.h
[0.287s] -- Up-to-date: /home/wojciech/Workspaces/ROS2/SCARA/install/scara_msgs/include/scara_msgs/scara_msgs/srv/detail/euler_to_quaternion__functions.h
[0.287s] -- Up-to-date: /home/wojciech/Workspaces/ROS2/SCARA/install/scara_msgs/include/scara_msgs/scara_msgs/srv/detail/quaternion_to_euler__type_support.c
[0.287s] -- Up-to-date: /home/wojciech/Workspaces/ROS2/SCARA/install/scara_msgs/include/scara_msgs/scara_msgs/srv/detail/euler_to_quaternion__description.c
[0.287s] -- Up-to-date: /home/wojciech/Workspaces/ROS2/SCARA/install/scara_msgs/include/scara_msgs/scara_msgs/srv/detail/quaternion_to_euler__functions.c
[0.287s] -- Up-to-date: /home/wojciech/Workspaces/ROS2/SCARA/install/scara_msgs/include/scara_msgs/scara_msgs/srv/detail/quaternion_to_euler__functions.h
[0.287s] -- Up-to-date: /home/wojciech/Workspaces/ROS2/SCARA/install/scara_msgs/include/scara_msgs/scara_msgs/srv/detail/euler_to_quaternion__functions.c
[0.287s] -- Up-to-date: /home/wojciech/Workspaces/ROS2/SCARA/install/scara_msgs/include/scara_msgs/scara_msgs/srv/detail/euler_to_quaternion__type_support.h
[0.287s] -- Up-to-date: /home/wojciech/Workspaces/ROS2/SCARA/install/scara_msgs/include/scara_msgs/scara_msgs/srv/detail/quaternion_to_euler__struct.h
[0.287s] -- Up-to-date: /home/wojciech/Workspaces/ROS2/SCARA/install/scara_msgs/include/scara_msgs/scara_msgs/srv/detail/quaternion_to_euler__description.c
[0.287s] -- Up-to-date: /home/wojciech/Workspaces/ROS2/SCARA/install/scara_msgs/include/scara_msgs/scara_msgs/srv/euler_to_quaternion.h
[0.287s] -- Up-to-date: /home/wojciech/Workspaces/ROS2/SCARA/install/scara_msgs/share/scara_msgs/environment/library_path.sh
[0.287s] -- Up-to-date: /home/wojciech/Workspaces/ROS2/SCARA/install/scara_msgs/share/scara_msgs/environment/library_path.dsv
[0.287s] -- Up-to-date: /home/wojciech/Workspaces/ROS2/SCARA/install/scara_msgs/lib/libscara_msgs__rosidl_generator_c.so
[0.287s] -- Up-to-date: /home/wojciech/Workspaces/ROS2/SCARA/install/scara_msgs/include/scara_msgs/scara_msgs
[0.288s] -- Up-to-date: /home/wojciech/Workspaces/ROS2/SCARA/install/scara_msgs/include/scara_msgs/scara_msgs/msg
[0.288s] -- Up-to-date: /home/wojciech/Workspaces/ROS2/SCARA/install/scara_msgs/include/scara_msgs/scara_msgs/msg/rosidl_typesupport_fastrtps_c__visibility_control.h
[0.288s] -- Up-to-date: /home/wojciech/Workspaces/ROS2/SCARA/install/scara_msgs/include/scara_msgs/scara_msgs/action
[0.288s] -- Up-to-date: /home/wojciech/Workspaces/ROS2/SCARA/install/scara_msgs/include/scara_msgs/scara_msgs/action/detail
[0.288s] -- Up-to-date: /home/wojciech/Workspaces/ROS2/SCARA/install/scara_msgs/include/scara_msgs/scara_msgs/action/detail/scara_task__rosidl_typesupport_fastrtps_c.h
[0.288s] -- Up-to-date: /home/wojciech/Workspaces/ROS2/SCARA/install/scara_msgs/include/scara_msgs/scara_msgs/srv
[0.288s] -- Up-to-date: /home/wojciech/Workspaces/ROS2/SCARA/install/scara_msgs/include/scara_msgs/scara_msgs/srv/detail
[0.288s] -- Up-to-date: /home/wojciech/Workspaces/ROS2/SCARA/install/scara_msgs/include/scara_msgs/scara_msgs/srv/detail/quaternion_to_euler__rosidl_typesupport_fastrtps_c.h
[0.288s] -- Up-to-date: /home/wojciech/Workspaces/ROS2/SCARA/install/scara_msgs/include/scara_msgs/scara_msgs/srv/detail/euler_to_quaternion__rosidl_typesupport_fastrtps_c.h
[0.288s] -- Up-to-date: /home/wojciech/Workspaces/ROS2/SCARA/install/scara_msgs/lib/libscara_msgs__rosidl_typesupport_fastrtps_c.so
[0.288s] -- Up-to-date: /home/wojciech/Workspaces/ROS2/SCARA/install/scara_msgs/include/scara_msgs/scara_msgs
[0.288s] -- Up-to-date: /home/wojciech/Workspaces/ROS2/SCARA/install/scara_msgs/include/scara_msgs/scara_msgs/msg
[0.288s] -- Up-to-date: /home/wojciech/Workspaces/ROS2/SCARA/install/scara_msgs/include/scara_msgs/scara_msgs/msg/rosidl_generator_cpp__visibility_control.hpp
[0.288s] -- Up-to-date: /home/wojciech/Workspaces/ROS2/SCARA/install/scara_msgs/include/scara_msgs/scara_msgs/action
[0.288s] -- Up-to-date: /home/wojciech/Workspaces/ROS2/SCARA/install/scara_msgs/include/scara_msgs/scara_msgs/action/scara_task.hpp
[0.288s] -- Up-to-date: /home/wojciech/Workspaces/ROS2/SCARA/install/scara_msgs/include/scara_msgs/scara_msgs/action/detail
[0.288s] -- Up-to-date: /home/wojciech/Workspaces/ROS2/SCARA/install/scara_msgs/include/scara_msgs/scara_msgs/action/detail/scara_task__struct.hpp
[0.288s] -- Up-to-date: /home/wojciech/Workspaces/ROS2/SCARA/install/scara_msgs/include/scara_msgs/scara_msgs/action/detail/scara_task__traits.hpp
[0.288s] -- Up-to-date: /home/wojciech/Workspaces/ROS2/SCARA/install/scara_msgs/include/scara_msgs/scara_msgs/action/detail/scara_task__builder.hpp
[0.288s] -- Up-to-date: /home/wojciech/Workspaces/ROS2/SCARA/install/scara_msgs/include/scara_msgs/scara_msgs/action/detail/scara_task__type_support.hpp
[0.288s] -- Up-to-date: /home/wojciech/Workspaces/ROS2/SCARA/install/scara_msgs/include/scara_msgs/scara_msgs/srv
[0.288s] -- Up-to-date: /home/wojciech/Workspaces/ROS2/SCARA/install/scara_msgs/include/scara_msgs/scara_msgs/srv/detail
[0.288s] -- Up-to-date: /home/wojciech/Workspaces/ROS2/SCARA/install/scara_msgs/include/scara_msgs/scara_msgs/srv/detail/euler_to_quaternion__builder.hpp
[0.288s] -- Up-to-date: /home/wojciech/Workspaces/ROS2/SCARA/install/scara_msgs/include/scara_msgs/scara_msgs/srv/detail/euler_to_quaternion__traits.hpp
[0.288s] -- Up-to-date: /home/wojciech/Workspaces/ROS2/SCARA/install/scara_msgs/include/scara_msgs/scara_msgs/srv/detail/euler_to_quaternion__type_support.hpp
[0.288s] -- Up-to-date: /home/wojciech/Workspaces/ROS2/SCARA/install/scara_msgs/include/scara_msgs/scara_msgs/srv/detail/quaternion_to_euler__struct.hpp
[0.289s] -- Up-to-date: /home/wojciech/Workspaces/ROS2/SCARA/install/scara_msgs/include/scara_msgs/scara_msgs/srv/detail/euler_to_quaternion__struct.hpp
[0.289s] -- Up-to-date: /home/wojciech/Workspaces/ROS2/SCARA/install/scara_msgs/include/scara_msgs/scara_msgs/srv/detail/quaternion_to_euler__type_support.hpp
[0.289s] -- Up-to-date: /home/wojciech/Workspaces/ROS2/SCARA/install/scara_msgs/include/scara_msgs/scara_msgs/srv/detail/quaternion_to_euler__builder.hpp
[0.289s] -- Up-to-date: /home/wojciech/Workspaces/ROS2/SCARA/install/scara_msgs/include/scara_msgs/scara_msgs/srv/detail/quaternion_to_euler__traits.hpp
[0.289s] -- Up-to-date: /home/wojciech/Workspaces/ROS2/SCARA/install/scara_msgs/include/scara_msgs/scara_msgs/srv/quaternion_to_euler.hpp
[0.289s] -- Up-to-date: /home/wojciech/Workspaces/ROS2/SCARA/install/scara_msgs/include/scara_msgs/scara_msgs/srv/euler_to_quaternion.hpp
[0.289s] -- Up-to-date: /home/wojciech/Workspaces/ROS2/SCARA/install/scara_msgs/include/scara_msgs/scara_msgs
[0.289s] -- Up-to-date: /home/wojciech/Workspaces/ROS2/SCARA/install/scara_msgs/include/scara_msgs/scara_msgs/msg
[0.289s] -- Up-to-date: /home/wojciech/Workspaces/ROS2/SCARA/install/scara_msgs/include/scara_msgs/scara_msgs/msg/rosidl_typesupport_fastrtps_cpp__visibility_control.h
[0.289s] -- Up-to-date: /home/wojciech/Workspaces/ROS2/SCARA/install/scara_msgs/include/scara_msgs/scara_msgs/action
[0.289s] -- Up-to-date: /home/wojciech/Workspaces/ROS2/SCARA/install/scara_msgs/include/scara_msgs/scara_msgs/action/detail
[0.289s] -- Up-to-date: /home/wojciech/Workspaces/ROS2/SCARA/install/scara_msgs/include/scara_msgs/scara_msgs/action/detail/dds_fastrtps
[0.289s] -- Up-to-date: /home/wojciech/Workspaces/ROS2/SCARA/install/scara_msgs/include/scara_msgs/scara_msgs/action/detail/scara_task__rosidl_typesupport_fastrtps_cpp.hpp
[0.289s] -- Up-to-date: /home/wojciech/Workspaces/ROS2/SCARA/install/scara_msgs/include/scara_msgs/scara_msgs/srv
[0.289s] -- Up-to-date: /home/wojciech/Workspaces/ROS2/SCARA/install/scara_msgs/include/scara_msgs/scara_msgs/srv/detail
[0.289s] -- Up-to-date: /home/wojciech/Workspaces/ROS2/SCARA/install/scara_msgs/include/scara_msgs/scara_msgs/srv/detail/quaternion_to_euler__rosidl_typesupport_fastrtps_cpp.hpp
[0.289s] -- Up-to-date: /home/wojciech/Workspaces/ROS2/SCARA/install/scara_msgs/include/scara_msgs/scara_msgs/srv/detail/dds_fastrtps
[0.289s] -- Up-to-date: /home/wojciech/Workspaces/ROS2/SCARA/install/scara_msgs/include/scara_msgs/scara_msgs/srv/detail/euler_to_quaternion__rosidl_typesupport_fastrtps_cpp.hpp
[0.289s] -- Up-to-date: /home/wojciech/Workspaces/ROS2/SCARA/install/scara_msgs/lib/libscara_msgs__rosidl_typesupport_fastrtps_cpp.so
[0.289s] -- Up-to-date: /home/wojciech/Workspaces/ROS2/SCARA/install/scara_msgs/include/scara_msgs/scara_msgs
[0.289s] -- Up-to-date: /home/wojciech/Workspaces/ROS2/SCARA/install/scara_msgs/include/scara_msgs/scara_msgs/msg
[0.289s] -- Up-to-date: /home/wojciech/Workspaces/ROS2/SCARA/install/scara_msgs/include/scara_msgs/scara_msgs/msg/rosidl_typesupport_introspection_c__visibility_control.h
[0.289s] -- Up-to-date: /home/wojciech/Workspaces/ROS2/SCARA/install/scara_msgs/include/scara_msgs/scara_msgs/action
[0.289s] -- Up-to-date: /home/wojciech/Workspaces/ROS2/SCARA/install/scara_msgs/include/scara_msgs/scara_msgs/action/detail
[0.289s] -- Up-to-date: /home/wojciech/Workspaces/ROS2/SCARA/install/scara_msgs/include/scara_msgs/scara_msgs/action/detail/scara_task__rosidl_typesupport_introspection_c.h
[0.289s] -- Up-to-date: /home/wojciech/Workspaces/ROS2/SCARA/install/scara_msgs/include/scara_msgs/scara_msgs/action/detail/scara_task__type_support.c
[0.290s] -- Up-to-date: /home/wojciech/Workspaces/ROS2/SCARA/install/scara_msgs/include/scara_msgs/scara_msgs/srv
[0.290s] -- Up-to-date: /home/wojciech/Workspaces/ROS2/SCARA/install/scara_msgs/include/scara_msgs/scara_msgs/srv/detail
[0.290s] -- Up-to-date: /home/wojciech/Workspaces/ROS2/SCARA/install/scara_msgs/include/scara_msgs/scara_msgs/srv/detail/euler_to_quaternion__type_support.c
[0.290s] -- Up-to-date: /home/wojciech/Workspaces/ROS2/SCARA/install/scara_msgs/include/scara_msgs/scara_msgs/srv/detail/quaternion_to_euler__type_support.c
[0.290s] -- Up-to-date: /home/wojciech/Workspaces/ROS2/SCARA/install/scara_msgs/include/scara_msgs/scara_msgs/srv/detail/euler_to_quaternion__rosidl_typesupport_introspection_c.h
[0.290s] -- Up-to-date: /home/wojciech/Workspaces/ROS2/SCARA/install/scara_msgs/include/scara_msgs/scara_msgs/srv/detail/quaternion_to_euler__rosidl_typesupport_introspection_c.h
[0.290s] -- Up-to-date: /home/wojciech/Workspaces/ROS2/SCARA/install/scara_msgs/lib/libscara_msgs__rosidl_typesupport_introspection_c.so
[0.290s] -- Up-to-date: /home/wojciech/Workspaces/ROS2/SCARA/install/scara_msgs/lib/libscara_msgs__rosidl_typesupport_c.so
[0.290s] -- Up-to-date: /home/wojciech/Workspaces/ROS2/SCARA/install/scara_msgs/include/scara_msgs/scara_msgs
[0.290s] -- Up-to-date: /home/wojciech/Workspaces/ROS2/SCARA/install/scara_msgs/include/scara_msgs/scara_msgs/action
[0.290s] -- Up-to-date: /home/wojciech/Workspaces/ROS2/SCARA/install/scara_msgs/include/scara_msgs/scara_msgs/action/detail
[0.290s] -- Up-to-date: /home/wojciech/Workspaces/ROS2/SCARA/install/scara_msgs/include/scara_msgs/scara_msgs/action/detail/scara_task__rosidl_typesupport_introspection_cpp.hpp
[0.290s] -- Up-to-date: /home/wojciech/Workspaces/ROS2/SCARA/install/scara_msgs/include/scara_msgs/scara_msgs/action/detail/scara_task__type_support.cpp
[0.290s] -- Up-to-date: /home/wojciech/Workspaces/ROS2/SCARA/install/scara_msgs/include/scara_msgs/scara_msgs/srv
[0.290s] -- Up-to-date: /home/wojciech/Workspaces/ROS2/SCARA/install/scara_msgs/include/scara_msgs/scara_msgs/srv/detail
[0.290s] -- Up-to-date: /home/wojciech/Workspaces/ROS2/SCARA/install/scara_msgs/include/scara_msgs/scara_msgs/srv/detail/euler_to_quaternion__type_support.cpp
[0.290s] -- Up-to-date: /home/wojciech/Workspaces/ROS2/SCARA/install/scara_msgs/include/scara_msgs/scara_msgs/srv/detail/euler_to_quaternion__rosidl_typesupport_introspection_cpp.hpp
[0.290s] -- Up-to-date: /home/wojciech/Workspaces/ROS2/SCARA/install/scara_msgs/include/scara_msgs/scara_msgs/srv/detail/quaternion_to_euler__rosidl_typesupport_introspection_cpp.hpp
[0.290s] -- Up-to-date: /home/wojciech/Workspaces/ROS2/SCARA/install/scara_msgs/include/scara_msgs/scara_msgs/srv/detail/quaternion_to_euler__type_support.cpp
[0.290s] -- Up-to-date: /home/wojciech/Workspaces/ROS2/SCARA/install/scara_msgs/lib/libscara_msgs__rosidl_typesupport_introspection_cpp.so
[0.290s] -- Up-to-date: /home/wojciech/Workspaces/ROS2/SCARA/install/scara_msgs/lib/libscara_msgs__rosidl_typesupport_cpp.so
[0.290s] -- Up-to-date: /home/wojciech/Workspaces/ROS2/SCARA/install/scara_msgs/share/scara_msgs/environment/pythonpath.sh
[0.290s] -- Up-to-date: /home/wojciech/Workspaces/ROS2/SCARA/install/scara_msgs/share/scara_msgs/environment/pythonpath.dsv
[0.290s] -- Up-to-date: /home/wojciech/Workspaces/ROS2/SCARA/install/scara_msgs/lib/python3.12/site-packages/scara_msgs-0.0.0-py3.12.egg-info
[0.290s] -- Installing: /home/wojciech/Workspaces/ROS2/SCARA/install/scara_msgs/lib/python3.12/site-packages/scara_msgs-0.0.0-py3.12.egg-info/SOURCES.txt
[0.290s] -- Installing: /home/wojciech/Workspaces/ROS2/SCARA/install/scara_msgs/lib/python3.12/site-packages/scara_msgs-0.0.0-py3.12.egg-info/PKG-INFO
[0.291s] -- Installing: /home/wojciech/Workspaces/ROS2/SCARA/install/scara_msgs/lib/python3.12/site-packages/scara_msgs-0.0.0-py3.12.egg-info/top_level.txt
[0.291s] -- Installing: /home/wojciech/Workspaces/ROS2/SCARA/install/scara_msgs/lib/python3.12/site-packages/scara_msgs-0.0.0-py3.12.egg-info/dependency_links.txt
[0.291s] -- Up-to-date: /home/wojciech/Workspaces/ROS2/SCARA/install/scara_msgs/lib/python3.12/site-packages/scara_msgs
[0.291s] -- Up-to-date: /home/wojciech/Workspaces/ROS2/SCARA/install/scara_msgs/lib/python3.12/site-packages/scara_msgs/scara_msgs_s__rosidl_typesupport_introspection_c.so
[0.291s] -- Up-to-date: /home/wojciech/Workspaces/ROS2/SCARA/install/scara_msgs/lib/python3.12/site-packages/scara_msgs/scara_msgs_s__rosidl_typesupport_c.so
[0.291s] -- Up-to-date: /home/wojciech/Workspaces/ROS2/SCARA/install/scara_msgs/lib/python3.12/site-packages/scara_msgs/scara_msgs_s__rosidl_typesupport_fastrtps_c.so
[0.291s] -- Up-to-date: /home/wojciech/Workspaces/ROS2/SCARA/install/scara_msgs/lib/python3.12/site-packages/scara_msgs/_scara_msgs_s.ep.rosidl_typesupport_c.c
[0.291s] -- Up-to-date: /home/wojciech/Workspaces/ROS2/SCARA/install/scara_msgs/lib/python3.12/site-packages/scara_msgs/__init__.py
[0.291s] -- Up-to-date: /home/wojciech/Workspaces/ROS2/SCARA/install/scara_msgs/lib/python3.12/site-packages/scara_msgs/_scara_msgs_s.ep.rosidl_typesupport_introspection_c.c
[0.291s] -- Up-to-date: /home/wojciech/Workspaces/ROS2/SCARA/install/scara_msgs/lib/python3.12/site-packages/scara_msgs/action
[0.291s] -- Up-to-date: /home/wojciech/Workspaces/ROS2/SCARA/install/scara_msgs/lib/python3.12/site-packages/scara_msgs/action/_scara_task_s.c
[0.291s] -- Up-to-date: /home/wojciech/Workspaces/ROS2/SCARA/install/scara_msgs/lib/python3.12/site-packages/scara_msgs/action/_scara_task.py
[0.291s] -- Up-to-date: /home/wojciech/Workspaces/ROS2/SCARA/install/scara_msgs/lib/python3.12/site-packages/scara_msgs/action/__init__.py
[0.291s] -- Up-to-date: /home/wojciech/Workspaces/ROS2/SCARA/install/scara_msgs/lib/python3.12/site-packages/scara_msgs/srv
[0.291s] -- Up-to-date: /home/wojciech/Workspaces/ROS2/SCARA/install/scara_msgs/lib/python3.12/site-packages/scara_msgs/srv/_quaternion_to_euler_s.c
[0.291s] -- Up-to-date: /home/wojciech/Workspaces/ROS2/SCARA/install/scara_msgs/lib/python3.12/site-packages/scara_msgs/srv/_quaternion_to_euler.py
[0.291s] -- Up-to-date: /home/wojciech/Workspaces/ROS2/SCARA/install/scara_msgs/lib/python3.12/site-packages/scara_msgs/srv/__init__.py
[0.291s] -- Up-to-date: /home/wojciech/Workspaces/ROS2/SCARA/install/scara_msgs/lib/python3.12/site-packages/scara_msgs/srv/_euler_to_quaternion.py
[0.291s] -- Up-to-date: /home/wojciech/Workspaces/ROS2/SCARA/install/scara_msgs/lib/python3.12/site-packages/scara_msgs/srv/_euler_to_quaternion_s.c
[0.291s] -- Up-to-date: /home/wojciech/Workspaces/ROS2/SCARA/install/scara_msgs/lib/python3.12/site-packages/scara_msgs/_scara_msgs_s.ep.rosidl_typesupport_fastrtps_c.c
[0.314s] Listing '/home/wojciech/Workspaces/ROS2/SCARA/install/scara_msgs/lib/python3.12/site-packages/scara_msgs'...
[0.314s] Listing '/home/wojciech/Workspaces/ROS2/SCARA/install/scara_msgs/lib/python3.12/site-packages/scara_msgs/action'...
[0.314s] Listing '/home/wojciech/Workspaces/ROS2/SCARA/install/scara_msgs/lib/python3.12/site-packages/scara_msgs/srv'...
[0.318s] -- Up-to-date: /home/wojciech/Workspaces/ROS2/SCARA/install/scara_msgs/lib/python3.12/site-packages/scara_msgs/scara_msgs_s__rosidl_typesupport_fastrtps_c.so
[0.318s] -- Up-to-date: /home/wojciech/Workspaces/ROS2/SCARA/install/scara_msgs/lib/python3.12/site-packages/scara_msgs/scara_msgs_s__rosidl_typesupport_introspection_c.so
[0.318s] -- Up-to-date: /home/wojciech/Workspaces/ROS2/SCARA/install/scara_msgs/lib/python3.12/site-packages/scara_msgs/scara_msgs_s__rosidl_typesupport_c.so
[0.318s] -- Up-to-date: /home/wojciech/Workspaces/ROS2/SCARA/install/scara_msgs/lib/libscara_msgs__rosidl_generator_py.so
[0.318s] -- Up-to-date: /home/wojciech/Workspaces/ROS2/SCARA/install/scara_msgs/share/scara_msgs/srv/EulerToQuaternion.idl
[0.318s] -- Up-to-date: /home/wojciech/Workspaces/ROS2/SCARA/install/scara_msgs/share/scara_msgs/srv/QuaternionToEuler.idl
[0.319s] -- Up-to-date: /home/wojciech/Workspaces/ROS2/SCARA/install/scara_msgs/share/scara_msgs/action/ScaraTask.idl
[0.319s] -- Up-to-date: /home/wojciech/Workspaces/ROS2/SCARA/install/scara_msgs/share/scara_msgs/srv/EulerToQuaternion.srv
[0.319s] -- Up-to-date: /home/wojciech/Workspaces/ROS2/SCARA/install/scara_msgs/share/scara_msgs/srv/QuaternionToEuler.srv
[0.319s] -- Up-to-date: /home/wojciech/Workspaces/ROS2/SCARA/install/scara_msgs/share/scara_msgs/action/ScaraTask.action
[0.319s] -- Up-to-date: /home/wojciech/Workspaces/ROS2/SCARA/install/scara_msgs/share/ament_index/resource_index/package_run_dependencies/scara_msgs
[0.319s] -- Up-to-date: /home/wojciech/Workspaces/ROS2/SCARA/install/scara_msgs/share/ament_index/resource_index/parent_prefix_path/scara_msgs
[0.319s] -- Up-to-date: /home/wojciech/Workspaces/ROS2/SCARA/install/scara_msgs/share/scara_msgs/environment/ament_prefix_path.sh
[0.319s] -- Up-to-date: /home/wojciech/Workspaces/ROS2/SCARA/install/scara_msgs/share/scara_msgs/environment/ament_prefix_path.dsv
[0.319s] -- Up-to-date: /home/wojciech/Workspaces/ROS2/SCARA/install/scara_msgs/share/scara_msgs/environment/path.sh
[0.319s] -- Up-to-date: /home/wojciech/Workspaces/ROS2/SCARA/install/scara_msgs/share/scara_msgs/environment/path.dsv
[0.319s] -- Up-to-date: /home/wojciech/Workspaces/ROS2/SCARA/install/scara_msgs/share/scara_msgs/local_setup.bash
[0.319s] -- Up-to-date: /home/wojciech/Workspaces/ROS2/SCARA/install/scara_msgs/share/scara_msgs/local_setup.sh
[0.319s] -- Up-to-date: /home/wojciech/Workspaces/ROS2/SCARA/install/scara_msgs/share/scara_msgs/local_setup.zsh
[0.319s] -- Up-to-date: /home/wojciech/Workspaces/ROS2/SCARA/install/scara_msgs/share/scara_msgs/local_setup.dsv
[0.319s] -- Installing: /home/wojciech/Workspaces/ROS2/SCARA/install/scara_msgs/share/scara_msgs/package.dsv
[0.319s] -- Up-to-date: /home/wojciech/Workspaces/ROS2/SCARA/install/scara_msgs/share/ament_index/resource_index/packages/scara_msgs
[0.319s] -- Up-to-date: /home/wojciech/Workspaces/ROS2/SCARA/install/scara_msgs/share/scara_msgs/cmake/export_scara_msgs__rosidl_generator_cExport.cmake
[0.319s] -- Up-to-date: /home/wojciech/Workspaces/ROS2/SCARA/install/scara_msgs/share/scara_msgs/cmake/export_scara_msgs__rosidl_generator_cExport-noconfig.cmake
[0.319s] -- Up-to-date: /home/wojciech/Workspaces/ROS2/SCARA/install/scara_msgs/share/scara_msgs/cmake/export_scara_msgs__rosidl_typesupport_fastrtps_cExport.cmake
[0.320s] -- Up-to-date: /home/wojciech/Workspaces/ROS2/SCARA/install/scara_msgs/share/scara_msgs/cmake/export_scara_msgs__rosidl_typesupport_fastrtps_cExport-noconfig.cmake
[0.320s] -- Up-to-date: /home/wojciech/Workspaces/ROS2/SCARA/install/scara_msgs/share/scara_msgs/cmake/export_scara_msgs__rosidl_generator_cppExport.cmake
[0.320s] -- Up-to-date: /home/wojciech/Workspaces/ROS2/SCARA/install/scara_msgs/share/scara_msgs/cmake/export_scara_msgs__rosidl_typesupport_fastrtps_cppExport.cmake
[0.320s] -- Up-to-date: /home/wojciech/Workspaces/ROS2/SCARA/install/scara_msgs/share/scara_msgs/cmake/export_scara_msgs__rosidl_typesupport_fastrtps_cppExport-noconfig.cmake
[0.320s] -- Up-to-date: /home/wojciech/Workspaces/ROS2/SCARA/install/scara_msgs/share/scara_msgs/cmake/scara_msgs__rosidl_typesupport_introspection_cExport.cmake
[0.320s] -- Up-to-date: /home/wojciech/Workspaces/ROS2/SCARA/install/scara_msgs/share/scara_msgs/cmake/scara_msgs__rosidl_typesupport_introspection_cExport-noconfig.cmake
[0.320s] -- Up-to-date: /home/wojciech/Workspaces/ROS2/SCARA/install/scara_msgs/share/scara_msgs/cmake/scara_msgs__rosidl_typesupport_cExport.cmake
[0.320s] -- Up-to-date: /home/wojciech/Workspaces/ROS2/SCARA/install/scara_msgs/share/scara_msgs/cmake/scara_msgs__rosidl_typesupport_cExport-noconfig.cmake
[0.320s] -- Up-to-date: /home/wojciech/Workspaces/ROS2/SCARA/install/scara_msgs/share/scara_msgs/cmake/scara_msgs__rosidl_typesupport_introspection_cppExport.cmake
[0.320s] -- Up-to-date: /home/wojciech/Workspaces/ROS2/SCARA/install/scara_msgs/share/scara_msgs/cmake/scara_msgs__rosidl_typesupport_introspection_cppExport-noconfig.cmake
[0.320s] -- Up-to-date: /home/wojciech/Workspaces/ROS2/SCARA/install/scara_msgs/share/scara_msgs/cmake/scara_msgs__rosidl_typesupport_cppExport.cmake
[0.320s] -- Up-to-date: /home/wojciech/Workspaces/ROS2/SCARA/install/scara_msgs/share/scara_msgs/cmake/scara_msgs__rosidl_typesupport_cppExport-noconfig.cmake
[0.320s] -- Up-to-date: /home/wojciech/Workspaces/ROS2/SCARA/install/scara_msgs/share/scara_msgs/cmake/export_scara_msgs__rosidl_generator_pyExport.cmake
[0.320s] -- Up-to-date: /home/wojciech/Workspaces/ROS2/SCARA/install/scara_msgs/share/scara_msgs/cmake/export_scara_msgs__rosidl_generator_pyExport-noconfig.cmake
[0.320s] -- Up-to-date: /home/wojciech/Workspaces/ROS2/SCARA/install/scara_msgs/share/scara_msgs/cmake/rosidl_cmake-extras.cmake
[0.320s] -- Up-to-date: /home/wojciech/Workspaces/ROS2/SCARA/install/scara_msgs/share/scara_msgs/cmake/ament_cmake_export_dependencies-extras.cmake
[0.320s] -- Up-to-date: /home/wojciech/Workspaces/ROS2/SCARA/install/scara_msgs/share/scara_msgs/cmake/ament_cmake_export_include_directories-extras.cmake
[0.320s] -- Up-to-date: /home/wojciech/Workspaces/ROS2/SCARA/install/scara_msgs/share/scara_msgs/cmake/ament_cmake_export_libraries-extras.cmake
[0.320s] -- Up-to-date: /home/wojciech/Workspaces/ROS2/SCARA/install/scara_msgs/share/scara_msgs/cmake/ament_cmake_export_targets-extras.cmake
[0.320s] -- Up-to-date: /home/wojciech/Workspaces/ROS2/SCARA/install/scara_msgs/share/scara_msgs/cmake/rosidl_cmake_export_typesupport_targets-extras.cmake
[0.320s] -- Up-to-date: /home/wojciech/Workspaces/ROS2/SCARA/install/scara_msgs/share/scara_msgs/cmake/rosidl_cmake_export_typesupport_libraries-extras.cmake
[0.321s] -- Up-to-date: /home/wojciech/Workspaces/ROS2/SCARA/install/scara_msgs/share/scara_msgs/cmake/scara_msgsConfig.cmake
[0.321s] -- Up-to-date: /home/wojciech/Workspaces/ROS2/SCARA/install/scara_msgs/share/scara_msgs/cmake/scara_msgsConfig-version.cmake
[0.321s] -- Up-to-date: /home/wojciech/Workspaces/ROS2/SCARA/install/scara_msgs/share/scara_msgs/package.xml
[0.322s] Invoked command in '/home/wojciech/Workspaces/ROS2/SCARA/build/scara_msgs' returned '0': CMAKE_PREFIX_PATH=${CMAKE_PREFIX_PATH}:/opt/ros/jazzy DEBUGINFOD_URLS=https://debuginfod.ubuntu.com /usr/bin/cmake --install /home/wojciech/Workspaces/ROS2/SCARA/build/scara_msgs
