[0.068s] DEBUG:colcon:Command line arguments: ['/usr/bin/colcon', 'build']
[0.068s] DEBUG:colcon:Parsed command line arguments: Namespace(log_base=None, log_level=None, verb_name='build', build_base='build', install_base='install', merge_install=False, symlink_install=False, test_result_base=None, continue_on_error=False, executor='parallel', parallel_workers=12, event_handlers=None, ignore_user_meta=False, metas=['./colcon.meta'], base_paths=['.'], packages_ignore=None, packages_ignore_regex=None, paths=None, packages_up_to=None, packages_up_to_regex=None, packages_above=None, packages_above_and_dependencies=None, packages_above_depth=None, packages_select_by_dep=None, packages_skip_by_dep=None, packages_skip_up_to=None, packages_select_build_failed=False, packages_skip_build_finished=False, packages_select_test_failures=False, packages_skip_test_passed=False, packages_select=None, packages_skip=None, packages_select_regex=None, packages_skip_regex=None, packages_start=None, packages_end=None, allow_overriding=[], cmake_args=None, cmake_target=None, cmake_target_skip_unavailable=False, cmake_clean_cache=False, cmake_clean_first=False, cmake_force_configure=False, ament_cmake_args=None, catkin_cmake_args=None, catkin_skip_building_tests=False, mixin_files=None, mixin=None, verb_parser=<colcon_mixin.mixin.mixin_argument.MixinArgumentDecorator object at 0x7cd4b84b15b0>, verb_extension=<colcon_core.verb.build.BuildVerb object at 0x7cd4b85cd820>, main=<bound method BuildVerb.main of <colcon_core.verb.build.BuildVerb object at 0x7cd4b85cd820>>, mixin_verb=('build',))
[0.094s] Level 1:colcon.colcon_core.package_discovery:discover_packages(colcon_meta) check parameters
[0.094s] Level 1:colcon.colcon_core.package_discovery:discover_packages(recursive) check parameters
[0.094s] Level 1:colcon.colcon_core.package_discovery:discover_packages(ignore) check parameters
[0.094s] Level 1:colcon.colcon_core.package_discovery:discover_packages(path) check parameters
[0.094s] Level 1:colcon.colcon_core.package_discovery:discover_packages(colcon_meta) discover
[0.094s] Level 1:colcon.colcon_core.package_discovery:discover_packages(recursive) discover
[0.094s] INFO:colcon.colcon_core.package_discovery:Crawling recursively for packages in '/home/wojciech/Workspaces/ROS2/SCARA'
[0.094s] Level 1:colcon.colcon_core.package_identification:_identify(.) by extensions ['ignore', 'ignore_ament_install']
[0.095s] Level 1:colcon.colcon_core.package_identification:_identify(.) by extension 'ignore'
[0.095s] Level 1:colcon.colcon_core.package_identification:_identify(.) by extension 'ignore_ament_install'
[0.095s] Level 1:colcon.colcon_core.package_identification:_identify(.) by extensions ['colcon_pkg']
[0.095s] Level 1:colcon.colcon_core.package_identification:_identify(.) by extension 'colcon_pkg'
[0.095s] Level 1:colcon.colcon_core.package_identification:_identify(.) by extensions ['colcon_meta']
[0.095s] Level 1:colcon.colcon_core.package_identification:_identify(.) by extension 'colcon_meta'
[0.095s] Level 1:colcon.colcon_core.package_identification:_identify(.) by extensions ['ros']
[0.095s] Level 1:colcon.colcon_core.package_identification:_identify(.) by extension 'ros'
[0.111s] Level 1:colcon.colcon_core.package_identification:_identify(.) by extensions ['cmake', 'python']
[0.111s] Level 1:colcon.colcon_core.package_identification:_identify(.) by extension 'cmake'
[0.111s] Level 1:colcon.colcon_core.package_identification:_identify(.) by extension 'python'
[0.111s] Level 1:colcon.colcon_core.package_identification:_identify(.) by extensions ['python_setup_py']
[0.111s] Level 1:colcon.colcon_core.package_identification:_identify(.) by extension 'python_setup_py'
[0.111s] Level 1:colcon.colcon_core.package_identification:_identify(build) by extensions ['ignore', 'ignore_ament_install']
[0.111s] Level 1:colcon.colcon_core.package_identification:_identify(build) by extension 'ignore'
[0.111s] Level 1:colcon.colcon_core.package_identification:_identify(build) ignored
[0.111s] Level 1:colcon.colcon_core.package_identification:_identify(install) by extensions ['ignore', 'ignore_ament_install']
[0.111s] Level 1:colcon.colcon_core.package_identification:_identify(install) by extension 'ignore'
[0.111s] Level 1:colcon.colcon_core.package_identification:_identify(install) ignored
[0.111s] Level 1:colcon.colcon_core.package_identification:_identify(log) by extensions ['ignore', 'ignore_ament_install']
[0.111s] Level 1:colcon.colcon_core.package_identification:_identify(log) by extension 'ignore'
[0.111s] Level 1:colcon.colcon_core.package_identification:_identify(log) ignored
[0.111s] Level 1:colcon.colcon_core.package_identification:_identify(src) by extensions ['ignore', 'ignore_ament_install']
[0.111s] Level 1:colcon.colcon_core.package_identification:_identify(src) by extension 'ignore'
[0.111s] Level 1:colcon.colcon_core.package_identification:_identify(src) by extension 'ignore_ament_install'
[0.112s] Level 1:colcon.colcon_core.package_identification:_identify(src) by extensions ['colcon_pkg']
[0.112s] Level 1:colcon.colcon_core.package_identification:_identify(src) by extension 'colcon_pkg'
[0.112s] Level 1:colcon.colcon_core.package_identification:_identify(src) by extensions ['colcon_meta']
[0.112s] Level 1:colcon.colcon_core.package_identification:_identify(src) by extension 'colcon_meta'
[0.112s] Level 1:colcon.colcon_core.package_identification:_identify(src) by extensions ['ros']
[0.112s] Level 1:colcon.colcon_core.package_identification:_identify(src) by extension 'ros'
[0.112s] Level 1:colcon.colcon_core.package_identification:_identify(src) by extensions ['cmake', 'python']
[0.112s] Level 1:colcon.colcon_core.package_identification:_identify(src) by extension 'cmake'
[0.112s] Level 1:colcon.colcon_core.package_identification:_identify(src) by extension 'python'
[0.112s] Level 1:colcon.colcon_core.package_identification:_identify(src) by extensions ['python_setup_py']
[0.112s] Level 1:colcon.colcon_core.package_identification:_identify(src) by extension 'python_setup_py'
[0.112s] Level 1:colcon.colcon_core.package_identification:_identify(src/puzzle_solver) by extensions ['ignore', 'ignore_ament_install']
[0.112s] Level 1:colcon.colcon_core.package_identification:_identify(src/puzzle_solver) by extension 'ignore'
[0.112s] Level 1:colcon.colcon_core.package_identification:_identify(src/puzzle_solver) by extension 'ignore_ament_install'
[0.112s] Level 1:colcon.colcon_core.package_identification:_identify(src/puzzle_solver) by extensions ['colcon_pkg']
[0.112s] Level 1:colcon.colcon_core.package_identification:_identify(src/puzzle_solver) by extension 'colcon_pkg'
[0.112s] Level 1:colcon.colcon_core.package_identification:_identify(src/puzzle_solver) by extensions ['colcon_meta']
[0.112s] Level 1:colcon.colcon_core.package_identification:_identify(src/puzzle_solver) by extension 'colcon_meta'
[0.112s] Level 1:colcon.colcon_core.package_identification:_identify(src/puzzle_solver) by extensions ['ros']
[0.112s] Level 1:colcon.colcon_core.package_identification:_identify(src/puzzle_solver) by extension 'ros'
[0.113s] DEBUG:colcon.colcon_core.package_identification:Package 'src/puzzle_solver' with type 'ros.ament_cmake' and name 'puzzle_solver'
[0.113s] Level 1:colcon.colcon_core.package_identification:_identify(src/puzzle_tuner) by extensions ['ignore', 'ignore_ament_install']
[0.114s] Level 1:colcon.colcon_core.package_identification:_identify(src/puzzle_tuner) by extension 'ignore'
[0.114s] Level 1:colcon.colcon_core.package_identification:_identify(src/puzzle_tuner) by extension 'ignore_ament_install'
[0.114s] Level 1:colcon.colcon_core.package_identification:_identify(src/puzzle_tuner) by extensions ['colcon_pkg']
[0.114s] Level 1:colcon.colcon_core.package_identification:_identify(src/puzzle_tuner) by extension 'colcon_pkg'
[0.114s] Level 1:colcon.colcon_core.package_identification:_identify(src/puzzle_tuner) by extensions ['colcon_meta']
[0.114s] Level 1:colcon.colcon_core.package_identification:_identify(src/puzzle_tuner) by extension 'colcon_meta'
[0.114s] Level 1:colcon.colcon_core.package_identification:_identify(src/puzzle_tuner) by extensions ['ros']
[0.114s] Level 1:colcon.colcon_core.package_identification:_identify(src/puzzle_tuner) by extension 'ros'
[0.114s] DEBUG:colcon.colcon_core.package_identification:Package 'src/puzzle_tuner' with type 'ros.ament_cmake' and name 'puzzle_tuner'
[0.114s] Level 1:colcon.colcon_core.package_identification:_identify(src/scara_controller) by extensions ['ignore', 'ignore_ament_install']
[0.114s] Level 1:colcon.colcon_core.package_identification:_identify(src/scara_controller) by extension 'ignore'
[0.114s] Level 1:colcon.colcon_core.package_identification:_identify(src/scara_controller) by extension 'ignore_ament_install'
[0.114s] Level 1:colcon.colcon_core.package_identification:_identify(src/scara_controller) by extensions ['colcon_pkg']
[0.114s] Level 1:colcon.colcon_core.package_identification:_identify(src/scara_controller) by extension 'colcon_pkg'
[0.114s] Level 1:colcon.colcon_core.package_identification:_identify(src/scara_controller) by extensions ['colcon_meta']
[0.114s] Level 1:colcon.colcon_core.package_identification:_identify(src/scara_controller) by extension 'colcon_meta'
[0.114s] Level 1:colcon.colcon_core.package_identification:_identify(src/scara_controller) by extensions ['ros']
[0.114s] Level 1:colcon.colcon_core.package_identification:_identify(src/scara_controller) by extension 'ros'
[0.115s] DEBUG:colcon.colcon_core.package_identification:Package 'src/scara_controller' with type 'ros.ament_cmake' and name 'scara_controller'
[0.115s] Level 1:colcon.colcon_core.package_identification:_identify(src/scara_description) by extensions ['ignore', 'ignore_ament_install']
[0.115s] Level 1:colcon.colcon_core.package_identification:_identify(src/scara_description) by extension 'ignore'
[0.115s] Level 1:colcon.colcon_core.package_identification:_identify(src/scara_description) by extension 'ignore_ament_install'
[0.115s] Level 1:colcon.colcon_core.package_identification:_identify(src/scara_description) by extensions ['colcon_pkg']
[0.115s] Level 1:colcon.colcon_core.package_identification:_identify(src/scara_description) by extension 'colcon_pkg'
[0.115s] Level 1:colcon.colcon_core.package_identification:_identify(src/scara_description) by extensions ['colcon_meta']
[0.115s] Level 1:colcon.colcon_core.package_identification:_identify(src/scara_description) by extension 'colcon_meta'
[0.115s] Level 1:colcon.colcon_core.package_identification:_identify(src/scara_description) by extensions ['ros']
[0.115s] Level 1:colcon.colcon_core.package_identification:_identify(src/scara_description) by extension 'ros'
[0.115s] DEBUG:colcon.colcon_core.package_identification:Package 'src/scara_description' with type 'ros.ament_cmake' and name 'scara_description'
[0.115s] Level 1:colcon.colcon_core.package_identification:_identify(src/scara_moveit) by extensions ['ignore', 'ignore_ament_install']
[0.115s] Level 1:colcon.colcon_core.package_identification:_identify(src/scara_moveit) by extension 'ignore'
[0.115s] Level 1:colcon.colcon_core.package_identification:_identify(src/scara_moveit) by extension 'ignore_ament_install'
[0.115s] Level 1:colcon.colcon_core.package_identification:_identify(src/scara_moveit) by extensions ['colcon_pkg']
[0.115s] Level 1:colcon.colcon_core.package_identification:_identify(src/scara_moveit) by extension 'colcon_pkg'
[0.115s] Level 1:colcon.colcon_core.package_identification:_identify(src/scara_moveit) by extensions ['colcon_meta']
[0.115s] Level 1:colcon.colcon_core.package_identification:_identify(src/scara_moveit) by extension 'colcon_meta'
[0.115s] Level 1:colcon.colcon_core.package_identification:_identify(src/scara_moveit) by extensions ['ros']
[0.115s] Level 1:colcon.colcon_core.package_identification:_identify(src/scara_moveit) by extension 'ros'
[0.116s] DEBUG:colcon.colcon_core.package_identification:Package 'src/scara_moveit' with type 'ros.ament_cmake' and name 'scara_moveit'
[0.116s] Level 1:colcon.colcon_core.package_identification:_identify(src/scara_msgs) by extensions ['ignore', 'ignore_ament_install']
[0.116s] Level 1:colcon.colcon_core.package_identification:_identify(src/scara_msgs) by extension 'ignore'
[0.116s] Level 1:colcon.colcon_core.package_identification:_identify(src/scara_msgs) by extension 'ignore_ament_install'
[0.116s] Level 1:colcon.colcon_core.package_identification:_identify(src/scara_msgs) by extensions ['colcon_pkg']
[0.116s] Level 1:colcon.colcon_core.package_identification:_identify(src/scara_msgs) by extension 'colcon_pkg'
[0.116s] Level 1:colcon.colcon_core.package_identification:_identify(src/scara_msgs) by extensions ['colcon_meta']
[0.116s] Level 1:colcon.colcon_core.package_identification:_identify(src/scara_msgs) by extension 'colcon_meta'
[0.116s] Level 1:colcon.colcon_core.package_identification:_identify(src/scara_msgs) by extensions ['ros']
[0.116s] Level 1:colcon.colcon_core.package_identification:_identify(src/scara_msgs) by extension 'ros'
[0.116s] DEBUG:colcon.colcon_core.package_identification:Package 'src/scara_msgs' with type 'ros.ament_cmake' and name 'scara_msgs'
[0.116s] Level 1:colcon.colcon_core.package_identification:_identify(src/scara_utils) by extensions ['ignore', 'ignore_ament_install']
[0.116s] Level 1:colcon.colcon_core.package_identification:_identify(src/scara_utils) by extension 'ignore'
[0.116s] Level 1:colcon.colcon_core.package_identification:_identify(src/scara_utils) by extension 'ignore_ament_install'
[0.116s] Level 1:colcon.colcon_core.package_identification:_identify(src/scara_utils) by extensions ['colcon_pkg']
[0.116s] Level 1:colcon.colcon_core.package_identification:_identify(src/scara_utils) by extension 'colcon_pkg'
[0.116s] Level 1:colcon.colcon_core.package_identification:_identify(src/scara_utils) by extensions ['colcon_meta']
[0.116s] Level 1:colcon.colcon_core.package_identification:_identify(src/scara_utils) by extension 'colcon_meta'
[0.116s] Level 1:colcon.colcon_core.package_identification:_identify(src/scara_utils) by extensions ['ros']
[0.116s] Level 1:colcon.colcon_core.package_identification:_identify(src/scara_utils) by extension 'ros'
[0.117s] DEBUG:colcon.colcon_core.package_identification:Package 'src/scara_utils' with type 'ros.ament_cmake' and name 'scara_utils'
[0.117s] Level 1:colcon.colcon_core.package_discovery:discover_packages(recursive) using defaults
[0.117s] Level 1:colcon.colcon_core.package_discovery:discover_packages(ignore) discover
[0.117s] Level 1:colcon.colcon_core.package_discovery:discover_packages(ignore) using defaults
[0.117s] Level 1:colcon.colcon_core.package_discovery:discover_packages(path) discover
[0.117s] Level 1:colcon.colcon_core.package_discovery:discover_packages(path) using defaults
[0.128s] Level 1:colcon.colcon_core.package_discovery:discover_packages(prefix_path) check parameters
[0.128s] Level 1:colcon.colcon_core.package_discovery:discover_packages(prefix_path) discover
[0.131s] DEBUG:colcon.colcon_installed_package_information.package_discovery:Found 432 installed packages in /opt/ros/jazzy
[0.132s] Level 1:colcon.colcon_core.package_discovery:discover_packages(prefix_path) using defaults
[0.167s] Level 5:colcon.colcon_core.verb:set package 'puzzle_solver' build argument 'cmake_args' from command line to 'None'
[0.167s] Level 5:colcon.colcon_core.verb:set package 'puzzle_solver' build argument 'cmake_target' from command line to 'None'
[0.167s] Level 5:colcon.colcon_core.verb:set package 'puzzle_solver' build argument 'cmake_target_skip_unavailable' from command line to 'False'
[0.167s] Level 5:colcon.colcon_core.verb:set package 'puzzle_solver' build argument 'cmake_clean_cache' from command line to 'False'
[0.167s] Level 5:colcon.colcon_core.verb:set package 'puzzle_solver' build argument 'cmake_clean_first' from command line to 'False'
[0.167s] Level 5:colcon.colcon_core.verb:set package 'puzzle_solver' build argument 'cmake_force_configure' from command line to 'False'
[0.167s] Level 5:colcon.colcon_core.verb:set package 'puzzle_solver' build argument 'ament_cmake_args' from command line to 'None'
[0.167s] Level 5:colcon.colcon_core.verb:set package 'puzzle_solver' build argument 'catkin_cmake_args' from command line to 'None'
[0.167s] Level 5:colcon.colcon_core.verb:set package 'puzzle_solver' build argument 'catkin_skip_building_tests' from command line to 'False'
[0.167s] DEBUG:colcon.colcon_core.verb:Building package 'puzzle_solver' with the following arguments: {'ament_cmake_args': None, 'build_base': '/home/wojciech/Workspaces/ROS2/SCARA/build/puzzle_solver', 'catkin_cmake_args': None, 'catkin_skip_building_tests': False, 'cmake_args': None, 'cmake_clean_cache': False, 'cmake_clean_first': False, 'cmake_force_configure': False, 'cmake_target': None, 'cmake_target_skip_unavailable': False, 'install_base': '/home/wojciech/Workspaces/ROS2/SCARA/install/puzzle_solver', 'merge_install': False, 'path': '/home/wojciech/Workspaces/ROS2/SCARA/src/puzzle_solver', 'symlink_install': False, 'test_result_base': None}
[0.167s] Level 5:colcon.colcon_core.verb:set package 'puzzle_tuner' build argument 'cmake_args' from command line to 'None'
[0.167s] Level 5:colcon.colcon_core.verb:set package 'puzzle_tuner' build argument 'cmake_target' from command line to 'None'
[0.167s] Level 5:colcon.colcon_core.verb:set package 'puzzle_tuner' build argument 'cmake_target_skip_unavailable' from command line to 'False'
[0.167s] Level 5:colcon.colcon_core.verb:set package 'puzzle_tuner' build argument 'cmake_clean_cache' from command line to 'False'
[0.167s] Level 5:colcon.colcon_core.verb:set package 'puzzle_tuner' build argument 'cmake_clean_first' from command line to 'False'
[0.167s] Level 5:colcon.colcon_core.verb:set package 'puzzle_tuner' build argument 'cmake_force_configure' from command line to 'False'
[0.167s] Level 5:colcon.colcon_core.verb:set package 'puzzle_tuner' build argument 'ament_cmake_args' from command line to 'None'
[0.167s] Level 5:colcon.colcon_core.verb:set package 'puzzle_tuner' build argument 'catkin_cmake_args' from command line to 'None'
[0.167s] Level 5:colcon.colcon_core.verb:set package 'puzzle_tuner' build argument 'catkin_skip_building_tests' from command line to 'False'
[0.167s] DEBUG:colcon.colcon_core.verb:Building package 'puzzle_tuner' with the following arguments: {'ament_cmake_args': None, 'build_base': '/home/wojciech/Workspaces/ROS2/SCARA/build/puzzle_tuner', 'catkin_cmake_args': None, 'catkin_skip_building_tests': False, 'cmake_args': None, 'cmake_clean_cache': False, 'cmake_clean_first': False, 'cmake_force_configure': False, 'cmake_target': None, 'cmake_target_skip_unavailable': False, 'install_base': '/home/wojciech/Workspaces/ROS2/SCARA/install/puzzle_tuner', 'merge_install': False, 'path': '/home/wojciech/Workspaces/ROS2/SCARA/src/puzzle_tuner', 'symlink_install': False, 'test_result_base': None}
[0.167s] Level 5:colcon.colcon_core.verb:set package 'scara_controller' build argument 'cmake_args' from command line to 'None'
[0.167s] Level 5:colcon.colcon_core.verb:set package 'scara_controller' build argument 'cmake_target' from command line to 'None'
[0.167s] Level 5:colcon.colcon_core.verb:set package 'scara_controller' build argument 'cmake_target_skip_unavailable' from command line to 'False'
[0.167s] Level 5:colcon.colcon_core.verb:set package 'scara_controller' build argument 'cmake_clean_cache' from command line to 'False'
[0.167s] Level 5:colcon.colcon_core.verb:set package 'scara_controller' build argument 'cmake_clean_first' from command line to 'False'
[0.167s] Level 5:colcon.colcon_core.verb:set package 'scara_controller' build argument 'cmake_force_configure' from command line to 'False'
[0.167s] Level 5:colcon.colcon_core.verb:set package 'scara_controller' build argument 'ament_cmake_args' from command line to 'None'
[0.167s] Level 5:colcon.colcon_core.verb:set package 'scara_controller' build argument 'catkin_cmake_args' from command line to 'None'
[0.167s] Level 5:colcon.colcon_core.verb:set package 'scara_controller' build argument 'catkin_skip_building_tests' from command line to 'False'
[0.167s] DEBUG:colcon.colcon_core.verb:Building package 'scara_controller' with the following arguments: {'ament_cmake_args': None, 'build_base': '/home/wojciech/Workspaces/ROS2/SCARA/build/scara_controller', 'catkin_cmake_args': None, 'catkin_skip_building_tests': False, 'cmake_args': None, 'cmake_clean_cache': False, 'cmake_clean_first': False, 'cmake_force_configure': False, 'cmake_target': None, 'cmake_target_skip_unavailable': False, 'install_base': '/home/wojciech/Workspaces/ROS2/SCARA/install/scara_controller', 'merge_install': False, 'path': '/home/wojciech/Workspaces/ROS2/SCARA/src/scara_controller', 'symlink_install': False, 'test_result_base': None}
[0.168s] Level 5:colcon.colcon_core.verb:set package 'scara_description' build argument 'cmake_args' from command line to 'None'
[0.168s] Level 5:colcon.colcon_core.verb:set package 'scara_description' build argument 'cmake_target' from command line to 'None'
[0.168s] Level 5:colcon.colcon_core.verb:set package 'scara_description' build argument 'cmake_target_skip_unavailable' from command line to 'False'
[0.168s] Level 5:colcon.colcon_core.verb:set package 'scara_description' build argument 'cmake_clean_cache' from command line to 'False'
[0.168s] Level 5:colcon.colcon_core.verb:set package 'scara_description' build argument 'cmake_clean_first' from command line to 'False'
[0.168s] Level 5:colcon.colcon_core.verb:set package 'scara_description' build argument 'cmake_force_configure' from command line to 'False'
[0.168s] Level 5:colcon.colcon_core.verb:set package 'scara_description' build argument 'ament_cmake_args' from command line to 'None'
[0.168s] Level 5:colcon.colcon_core.verb:set package 'scara_description' build argument 'catkin_cmake_args' from command line to 'None'
[0.168s] Level 5:colcon.colcon_core.verb:set package 'scara_description' build argument 'catkin_skip_building_tests' from command line to 'False'
[0.168s] DEBUG:colcon.colcon_core.verb:Building package 'scara_description' with the following arguments: {'ament_cmake_args': None, 'build_base': '/home/wojciech/Workspaces/ROS2/SCARA/build/scara_description', 'catkin_cmake_args': None, 'catkin_skip_building_tests': False, 'cmake_args': None, 'cmake_clean_cache': False, 'cmake_clean_first': False, 'cmake_force_configure': False, 'cmake_target': None, 'cmake_target_skip_unavailable': False, 'install_base': '/home/wojciech/Workspaces/ROS2/SCARA/install/scara_description', 'merge_install': False, 'path': '/home/wojciech/Workspaces/ROS2/SCARA/src/scara_description', 'symlink_install': False, 'test_result_base': None}
[0.168s] Level 5:colcon.colcon_core.verb:set package 'scara_moveit' build argument 'cmake_args' from command line to 'None'
[0.168s] Level 5:colcon.colcon_core.verb:set package 'scara_moveit' build argument 'cmake_target' from command line to 'None'
[0.168s] Level 5:colcon.colcon_core.verb:set package 'scara_moveit' build argument 'cmake_target_skip_unavailable' from command line to 'False'
[0.168s] Level 5:colcon.colcon_core.verb:set package 'scara_moveit' build argument 'cmake_clean_cache' from command line to 'False'
[0.168s] Level 5:colcon.colcon_core.verb:set package 'scara_moveit' build argument 'cmake_clean_first' from command line to 'False'
[0.168s] Level 5:colcon.colcon_core.verb:set package 'scara_moveit' build argument 'cmake_force_configure' from command line to 'False'
[0.168s] Level 5:colcon.colcon_core.verb:set package 'scara_moveit' build argument 'ament_cmake_args' from command line to 'None'
[0.168s] Level 5:colcon.colcon_core.verb:set package 'scara_moveit' build argument 'catkin_cmake_args' from command line to 'None'
[0.168s] Level 5:colcon.colcon_core.verb:set package 'scara_moveit' build argument 'catkin_skip_building_tests' from command line to 'False'
[0.168s] DEBUG:colcon.colcon_core.verb:Building package 'scara_moveit' with the following arguments: {'ament_cmake_args': None, 'build_base': '/home/wojciech/Workspaces/ROS2/SCARA/build/scara_moveit', 'catkin_cmake_args': None, 'catkin_skip_building_tests': False, 'cmake_args': None, 'cmake_clean_cache': False, 'cmake_clean_first': False, 'cmake_force_configure': False, 'cmake_target': None, 'cmake_target_skip_unavailable': False, 'install_base': '/home/wojciech/Workspaces/ROS2/SCARA/install/scara_moveit', 'merge_install': False, 'path': '/home/wojciech/Workspaces/ROS2/SCARA/src/scara_moveit', 'symlink_install': False, 'test_result_base': None}
[0.168s] Level 5:colcon.colcon_core.verb:set package 'scara_msgs' build argument 'cmake_args' from command line to 'None'
[0.168s] Level 5:colcon.colcon_core.verb:set package 'scara_msgs' build argument 'cmake_target' from command line to 'None'
[0.168s] Level 5:colcon.colcon_core.verb:set package 'scara_msgs' build argument 'cmake_target_skip_unavailable' from command line to 'False'
[0.168s] Level 5:colcon.colcon_core.verb:set package 'scara_msgs' build argument 'cmake_clean_cache' from command line to 'False'
[0.168s] Level 5:colcon.colcon_core.verb:set package 'scara_msgs' build argument 'cmake_clean_first' from command line to 'False'
[0.168s] Level 5:colcon.colcon_core.verb:set package 'scara_msgs' build argument 'cmake_force_configure' from command line to 'False'
[0.168s] Level 5:colcon.colcon_core.verb:set package 'scara_msgs' build argument 'ament_cmake_args' from command line to 'None'
[0.168s] Level 5:colcon.colcon_core.verb:set package 'scara_msgs' build argument 'catkin_cmake_args' from command line to 'None'
[0.168s] Level 5:colcon.colcon_core.verb:set package 'scara_msgs' build argument 'catkin_skip_building_tests' from command line to 'False'
[0.168s] DEBUG:colcon.colcon_core.verb:Building package 'scara_msgs' with the following arguments: {'ament_cmake_args': None, 'build_base': '/home/wojciech/Workspaces/ROS2/SCARA/build/scara_msgs', 'catkin_cmake_args': None, 'catkin_skip_building_tests': False, 'cmake_args': None, 'cmake_clean_cache': False, 'cmake_clean_first': False, 'cmake_force_configure': False, 'cmake_target': None, 'cmake_target_skip_unavailable': False, 'install_base': '/home/wojciech/Workspaces/ROS2/SCARA/install/scara_msgs', 'merge_install': False, 'path': '/home/wojciech/Workspaces/ROS2/SCARA/src/scara_msgs', 'symlink_install': False, 'test_result_base': None}
[0.169s] Level 5:colcon.colcon_core.verb:set package 'scara_utils' build argument 'cmake_args' from command line to 'None'
[0.169s] Level 5:colcon.colcon_core.verb:set package 'scara_utils' build argument 'cmake_target' from command line to 'None'
[0.169s] Level 5:colcon.colcon_core.verb:set package 'scara_utils' build argument 'cmake_target_skip_unavailable' from command line to 'False'
[0.169s] Level 5:colcon.colcon_core.verb:set package 'scara_utils' build argument 'cmake_clean_cache' from command line to 'False'
[0.169s] Level 5:colcon.colcon_core.verb:set package 'scara_utils' build argument 'cmake_clean_first' from command line to 'False'
[0.169s] Level 5:colcon.colcon_core.verb:set package 'scara_utils' build argument 'cmake_force_configure' from command line to 'False'
[0.169s] Level 5:colcon.colcon_core.verb:set package 'scara_utils' build argument 'ament_cmake_args' from command line to 'None'
[0.169s] Level 5:colcon.colcon_core.verb:set package 'scara_utils' build argument 'catkin_cmake_args' from command line to 'None'
[0.169s] Level 5:colcon.colcon_core.verb:set package 'scara_utils' build argument 'catkin_skip_building_tests' from command line to 'False'
[0.169s] DEBUG:colcon.colcon_core.verb:Building package 'scara_utils' with the following arguments: {'ament_cmake_args': None, 'build_base': '/home/wojciech/Workspaces/ROS2/SCARA/build/scara_utils', 'catkin_cmake_args': None, 'catkin_skip_building_tests': False, 'cmake_args': None, 'cmake_clean_cache': False, 'cmake_clean_first': False, 'cmake_force_configure': False, 'cmake_target': None, 'cmake_target_skip_unavailable': False, 'install_base': '/home/wojciech/Workspaces/ROS2/SCARA/install/scara_utils', 'merge_install': False, 'path': '/home/wojciech/Workspaces/ROS2/SCARA/src/scara_utils', 'symlink_install': False, 'test_result_base': None}
[0.169s] INFO:colcon.colcon_core.executor:Executing jobs using 'parallel' executor
[0.169s] DEBUG:colcon.colcon_parallel_executor.executor.parallel:run_until_complete
[0.169s] INFO:colcon.colcon_ros.task.ament_cmake.build:Building ROS package in '/home/wojciech/Workspaces/ROS2/SCARA/src/scara_msgs' with build type 'ament_cmake'
[0.170s] INFO:colcon.colcon_cmake.task.cmake.build:Building CMake package in '/home/wojciech/Workspaces/ROS2/SCARA/src/scara_msgs'
[0.171s] INFO:colcon.colcon_core.plugin_system:Skipping extension 'colcon_core.shell.bat': Not used on non-Windows systems
[0.171s] INFO:colcon.colcon_core.shell:Skip shell extension 'powershell' for command environment: Not usable outside of PowerShell
[0.171s] DEBUG:colcon.colcon_core.shell:Skip shell extension 'dsv' for command environment
[0.174s] INFO:colcon.colcon_ros.task.ament_cmake.build:Building ROS package in '/home/wojciech/Workspaces/ROS2/SCARA/src/puzzle_solver' with build type 'ament_cmake'
[0.174s] INFO:colcon.colcon_cmake.task.cmake.build:Building CMake package in '/home/wojciech/Workspaces/ROS2/SCARA/src/puzzle_solver'
[0.174s] INFO:colcon.colcon_core.shell:Skip shell extension 'powershell' for command environment: Not usable outside of PowerShell
[0.174s] DEBUG:colcon.colcon_core.shell:Skip shell extension 'dsv' for command environment
[0.177s] INFO:colcon.colcon_ros.task.ament_cmake.build:Building ROS package in '/home/wojciech/Workspaces/ROS2/SCARA/src/puzzle_tuner' with build type 'ament_cmake'
[0.177s] INFO:colcon.colcon_cmake.task.cmake.build:Building CMake package in '/home/wojciech/Workspaces/ROS2/SCARA/src/puzzle_tuner'
[0.177s] INFO:colcon.colcon_core.shell:Skip shell extension 'powershell' for command environment: Not usable outside of PowerShell
[0.177s] DEBUG:colcon.colcon_core.shell:Skip shell extension 'dsv' for command environment
[0.180s] INFO:colcon.colcon_ros.task.ament_cmake.build:Building ROS package in '/home/wojciech/Workspaces/ROS2/SCARA/src/scara_controller' with build type 'ament_cmake'
[0.180s] INFO:colcon.colcon_cmake.task.cmake.build:Building CMake package in '/home/wojciech/Workspaces/ROS2/SCARA/src/scara_controller'
[0.180s] INFO:colcon.colcon_core.shell:Skip shell extension 'powershell' for command environment: Not usable outside of PowerShell
[0.180s] DEBUG:colcon.colcon_core.shell:Skip shell extension 'dsv' for command environment
[0.183s] INFO:colcon.colcon_ros.task.ament_cmake.build:Building ROS package in '/home/wojciech/Workspaces/ROS2/SCARA/src/scara_description' with build type 'ament_cmake'
[0.183s] INFO:colcon.colcon_cmake.task.cmake.build:Building CMake package in '/home/wojciech/Workspaces/ROS2/SCARA/src/scara_description'
[0.183s] INFO:colcon.colcon_core.shell:Skip shell extension 'powershell' for command environment: Not usable outside of PowerShell
[0.183s] DEBUG:colcon.colcon_core.shell:Skip shell extension 'dsv' for command environment
[0.185s] INFO:colcon.colcon_ros.task.ament_cmake.build:Building ROS package in '/home/wojciech/Workspaces/ROS2/SCARA/src/scara_moveit' with build type 'ament_cmake'
[0.185s] INFO:colcon.colcon_cmake.task.cmake.build:Building CMake package in '/home/wojciech/Workspaces/ROS2/SCARA/src/scara_moveit'
[0.185s] INFO:colcon.colcon_core.shell:Skip shell extension 'powershell' for command environment: Not usable outside of PowerShell
[0.185s] DEBUG:colcon.colcon_core.shell:Skip shell extension 'dsv' for command environment
[0.191s] DEBUG:colcon.colcon_core.event_handler.log_command:Invoking command in '/home/wojciech/Workspaces/ROS2/SCARA/build/scara_msgs': CMAKE_PREFIX_PATH=${CMAKE_PREFIX_PATH}:/opt/ros/jazzy DEBUGINFOD_URLS=https://debuginfod.ubuntu.com /usr/bin/cmake /home/wojciech/Workspaces/ROS2/SCARA/src/scara_msgs -DCMAKE_INSTALL_PREFIX=/home/wojciech/Workspaces/ROS2/SCARA/install/scara_msgs
[0.192s] DEBUG:colcon.colcon_core.event_handler.log_command:Invoking command in '/home/wojciech/Workspaces/ROS2/SCARA/build/puzzle_solver': CMAKE_PREFIX_PATH=${CMAKE_PREFIX_PATH}:/opt/ros/jazzy DEBUGINFOD_URLS=https://debuginfod.ubuntu.com /usr/bin/cmake /home/wojciech/Workspaces/ROS2/SCARA/src/puzzle_solver -DCMAKE_INSTALL_PREFIX=/home/wojciech/Workspaces/ROS2/SCARA/install/puzzle_solver
[0.193s] DEBUG:colcon.colcon_core.event_handler.log_command:Invoking command in '/home/wojciech/Workspaces/ROS2/SCARA/build/puzzle_tuner': CMAKE_PREFIX_PATH=${CMAKE_PREFIX_PATH}:/opt/ros/jazzy DEBUGINFOD_URLS=https://debuginfod.ubuntu.com /usr/bin/cmake /home/wojciech/Workspaces/ROS2/SCARA/src/puzzle_tuner -DCMAKE_INSTALL_PREFIX=/home/wojciech/Workspaces/ROS2/SCARA/install/puzzle_tuner
[0.195s] DEBUG:colcon.colcon_core.event_handler.log_command:Invoking command in '/home/wojciech/Workspaces/ROS2/SCARA/build/scara_controller': CMAKE_PREFIX_PATH=${CMAKE_PREFIX_PATH}:/opt/ros/jazzy DEBUGINFOD_URLS=https://debuginfod.ubuntu.com /usr/bin/cmake /home/wojciech/Workspaces/ROS2/SCARA/src/scara_controller -DCMAKE_INSTALL_PREFIX=/home/wojciech/Workspaces/ROS2/SCARA/install/scara_controller
[0.197s] DEBUG:colcon.colcon_core.event_handler.log_command:Invoking command in '/home/wojciech/Workspaces/ROS2/SCARA/build/scara_description': CMAKE_PREFIX_PATH=${CMAKE_PREFIX_PATH}:/opt/ros/jazzy DEBUGINFOD_URLS=https://debuginfod.ubuntu.com /usr/bin/cmake /home/wojciech/Workspaces/ROS2/SCARA/src/scara_description -DCMAKE_INSTALL_PREFIX=/home/wojciech/Workspaces/ROS2/SCARA/install/scara_description
[0.199s] DEBUG:colcon.colcon_core.event_handler.log_command:Invoking command in '/home/wojciech/Workspaces/ROS2/SCARA/build/scara_moveit': CMAKE_PREFIX_PATH=${CMAKE_PREFIX_PATH}:/opt/ros/jazzy DEBUGINFOD_URLS=https://debuginfod.ubuntu.com /usr/bin/cmake /home/wojciech/Workspaces/ROS2/SCARA/src/scara_moveit -DCMAKE_INSTALL_PREFIX=/home/wojciech/Workspaces/ROS2/SCARA/install/scara_moveit
[0.736s] DEBUG:colcon.colcon_core.event_handler.log_command:Invoked command in '/home/wojciech/Workspaces/ROS2/SCARA/build/scara_controller' returned '0': CMAKE_PREFIX_PATH=${CMAKE_PREFIX_PATH}:/opt/ros/jazzy DEBUGINFOD_URLS=https://debuginfod.ubuntu.com /usr/bin/cmake /home/wojciech/Workspaces/ROS2/SCARA/src/scara_controller -DCMAKE_INSTALL_PREFIX=/home/wojciech/Workspaces/ROS2/SCARA/install/scara_controller
[0.737s] DEBUG:colcon.colcon_core.event_handler.log_command:Invoking command in '/home/wojciech/Workspaces/ROS2/SCARA/build/scara_controller': CMAKE_PREFIX_PATH=${CMAKE_PREFIX_PATH}:/opt/ros/jazzy DEBUGINFOD_URLS=https://debuginfod.ubuntu.com /usr/bin/cmake --build /home/wojciech/Workspaces/ROS2/SCARA/build/scara_controller -- -j12 -l12
[0.748s] DEBUG:colcon.colcon_core.event_handler.log_command:Invoked command in '/home/wojciech/Workspaces/ROS2/SCARA/build/scara_moveit' returned '0': CMAKE_PREFIX_PATH=${CMAKE_PREFIX_PATH}:/opt/ros/jazzy DEBUGINFOD_URLS=https://debuginfod.ubuntu.com /usr/bin/cmake /home/wojciech/Workspaces/ROS2/SCARA/src/scara_moveit -DCMAKE_INSTALL_PREFIX=/home/wojciech/Workspaces/ROS2/SCARA/install/scara_moveit
[0.749s] DEBUG:colcon.colcon_core.event_handler.log_command:Invoking command in '/home/wojciech/Workspaces/ROS2/SCARA/build/scara_moveit': CMAKE_PREFIX_PATH=${CMAKE_PREFIX_PATH}:/opt/ros/jazzy DEBUGINFOD_URLS=https://debuginfod.ubuntu.com /usr/bin/cmake --build /home/wojciech/Workspaces/ROS2/SCARA/build/scara_moveit -- -j12 -l12
[0.763s] DEBUG:colcon.colcon_core.event_handler.log_command:Invoked command in '/home/wojciech/Workspaces/ROS2/SCARA/build/scara_controller' returned '0': CMAKE_PREFIX_PATH=${CMAKE_PREFIX_PATH}:/opt/ros/jazzy DEBUGINFOD_URLS=https://debuginfod.ubuntu.com /usr/bin/cmake --build /home/wojciech/Workspaces/ROS2/SCARA/build/scara_controller -- -j12 -l12
[0.769s] DEBUG:colcon.colcon_core.event_handler.log_command:Invoking command in '/home/wojciech/Workspaces/ROS2/SCARA/build/scara_controller': CMAKE_PREFIX_PATH=${CMAKE_PREFIX_PATH}:/opt/ros/jazzy DEBUGINFOD_URLS=https://debuginfod.ubuntu.com /usr/bin/cmake --install /home/wojciech/Workspaces/ROS2/SCARA/build/scara_controller
[0.774s] DEBUG:colcon.colcon_core.event_handler.log_command:Invoked command in '/home/wojciech/Workspaces/ROS2/SCARA/build/scara_moveit' returned '0': CMAKE_PREFIX_PATH=${CMAKE_PREFIX_PATH}:/opt/ros/jazzy DEBUGINFOD_URLS=https://debuginfod.ubuntu.com /usr/bin/cmake --build /home/wojciech/Workspaces/ROS2/SCARA/build/scara_moveit -- -j12 -l12
[0.776s] DEBUG:colcon.colcon_core.event_handler.log_command:Invoking command in '/home/wojciech/Workspaces/ROS2/SCARA/build/scara_moveit': CMAKE_PREFIX_PATH=${CMAKE_PREFIX_PATH}:/opt/ros/jazzy DEBUGINFOD_URLS=https://debuginfod.ubuntu.com /usr/bin/cmake --install /home/wojciech/Workspaces/ROS2/SCARA/build/scara_moveit
[0.777s] Level 1:colcon.colcon_core.environment:create_environment_scripts_only(scara_controller)
[0.777s] DEBUG:colcon.colcon_core.event_handler.log_command:Invoked command in '/home/wojciech/Workspaces/ROS2/SCARA/build/scara_controller' returned '0': CMAKE_PREFIX_PATH=${CMAKE_PREFIX_PATH}:/opt/ros/jazzy DEBUGINFOD_URLS=https://debuginfod.ubuntu.com /usr/bin/cmake --install /home/wojciech/Workspaces/ROS2/SCARA/build/scara_controller
[0.779s] Level 1:colcon.colcon_core.environment:checking '/home/wojciech/Workspaces/ROS2/SCARA/install/scara_controller' for CMake module files
[0.779s] Level 1:colcon.colcon_core.environment:checking '/home/wojciech/Workspaces/ROS2/SCARA/install/scara_controller' for CMake config files
[0.780s] Level 1:colcon.colcon_core.shell:create_environment_hook('scara_controller', 'cmake_prefix_path')
[0.780s] INFO:colcon.colcon_core.shell:Creating environment hook '/home/wojciech/Workspaces/ROS2/SCARA/install/scara_controller/share/scara_controller/hook/cmake_prefix_path.ps1'
[0.780s] INFO:colcon.colcon_core.shell:Creating environment descriptor '/home/wojciech/Workspaces/ROS2/SCARA/install/scara_controller/share/scara_controller/hook/cmake_prefix_path.dsv'
[0.780s] INFO:colcon.colcon_core.shell:Creating environment hook '/home/wojciech/Workspaces/ROS2/SCARA/install/scara_controller/share/scara_controller/hook/cmake_prefix_path.sh'
[0.781s] Level 1:colcon.colcon_core.environment:checking '/home/wojciech/Workspaces/ROS2/SCARA/install/scara_controller/bin'
[0.781s] Level 1:colcon.colcon_core.environment:checking '/home/wojciech/Workspaces/ROS2/SCARA/install/scara_controller/lib/pkgconfig/scara_controller.pc'
[0.781s] Level 1:colcon.colcon_core.environment:checking '/home/wojciech/Workspaces/ROS2/SCARA/install/scara_controller/lib/python3.12/site-packages'
[0.781s] Level 1:colcon.colcon_core.environment:checking '/home/wojciech/Workspaces/ROS2/SCARA/install/scara_controller/bin'
[0.782s] INFO:colcon.colcon_core.shell:Creating package script '/home/wojciech/Workspaces/ROS2/SCARA/install/scara_controller/share/scara_controller/package.ps1'
[0.783s] INFO:colcon.colcon_core.shell:Creating package descriptor '/home/wojciech/Workspaces/ROS2/SCARA/install/scara_controller/share/scara_controller/package.dsv'
[0.784s] INFO:colcon.colcon_core.shell:Creating package script '/home/wojciech/Workspaces/ROS2/SCARA/install/scara_controller/share/scara_controller/package.sh'
[0.785s] INFO:colcon.colcon_core.shell:Creating package script '/home/wojciech/Workspaces/ROS2/SCARA/install/scara_controller/share/scara_controller/package.bash'
[0.785s] INFO:colcon.colcon_core.shell:Creating package script '/home/wojciech/Workspaces/ROS2/SCARA/install/scara_controller/share/scara_controller/package.zsh'
[0.785s] Level 1:colcon.colcon_core.environment:create_file_with_runtime_dependencies(/home/wojciech/Workspaces/ROS2/SCARA/install/scara_controller/share/colcon-core/packages/scara_controller)
[0.786s] Level 1:colcon.colcon_core.environment:create_environment_scripts_only(scara_controller)
[0.786s] Level 1:colcon.colcon_core.environment:checking '/home/wojciech/Workspaces/ROS2/SCARA/install/scara_controller' for CMake module files
[0.787s] Level 1:colcon.colcon_core.environment:checking '/home/wojciech/Workspaces/ROS2/SCARA/install/scara_controller' for CMake config files
[0.787s] Level 1:colcon.colcon_core.shell:create_environment_hook('scara_controller', 'cmake_prefix_path')
[0.787s] INFO:colcon.colcon_core.shell:Creating environment hook '/home/wojciech/Workspaces/ROS2/SCARA/install/scara_controller/share/scara_controller/hook/cmake_prefix_path.ps1'
[0.787s] INFO:colcon.colcon_core.shell:Creating environment descriptor '/home/wojciech/Workspaces/ROS2/SCARA/install/scara_controller/share/scara_controller/hook/cmake_prefix_path.dsv'
[0.787s] INFO:colcon.colcon_core.shell:Creating environment hook '/home/wojciech/Workspaces/ROS2/SCARA/install/scara_controller/share/scara_controller/hook/cmake_prefix_path.sh'
[0.788s] Level 1:colcon.colcon_core.environment:checking '/home/wojciech/Workspaces/ROS2/SCARA/install/scara_controller/bin'
[0.788s] Level 1:colcon.colcon_core.environment:checking '/home/wojciech/Workspaces/ROS2/SCARA/install/scara_controller/lib/pkgconfig/scara_controller.pc'
[0.788s] Level 1:colcon.colcon_core.environment:checking '/home/wojciech/Workspaces/ROS2/SCARA/install/scara_controller/lib/python3.12/site-packages'
[0.788s] Level 1:colcon.colcon_core.environment:checking '/home/wojciech/Workspaces/ROS2/SCARA/install/scara_controller/bin'
[0.789s] INFO:colcon.colcon_core.shell:Creating package script '/home/wojciech/Workspaces/ROS2/SCARA/install/scara_controller/share/scara_controller/package.ps1'
[0.789s] INFO:colcon.colcon_core.shell:Creating package descriptor '/home/wojciech/Workspaces/ROS2/SCARA/install/scara_controller/share/scara_controller/package.dsv'
[0.789s] INFO:colcon.colcon_core.shell:Creating package script '/home/wojciech/Workspaces/ROS2/SCARA/install/scara_controller/share/scara_controller/package.sh'
[0.790s] INFO:colcon.colcon_core.shell:Creating package script '/home/wojciech/Workspaces/ROS2/SCARA/install/scara_controller/share/scara_controller/package.bash'
[0.790s] INFO:colcon.colcon_core.shell:Creating package script '/home/wojciech/Workspaces/ROS2/SCARA/install/scara_controller/share/scara_controller/package.zsh'
[0.790s] Level 1:colcon.colcon_core.environment:create_file_with_runtime_dependencies(/home/wojciech/Workspaces/ROS2/SCARA/install/scara_controller/share/colcon-core/packages/scara_controller)
[0.791s] Level 1:colcon.colcon_core.environment:create_environment_scripts_only(scara_moveit)
[0.791s] Level 1:colcon.colcon_core.environment:checking '/home/wojciech/Workspaces/ROS2/SCARA/install/scara_moveit' for CMake module files
[0.792s] DEBUG:colcon.colcon_core.event_handler.log_command:Invoked command in '/home/wojciech/Workspaces/ROS2/SCARA/build/scara_moveit' returned '0': CMAKE_PREFIX_PATH=${CMAKE_PREFIX_PATH}:/opt/ros/jazzy DEBUGINFOD_URLS=https://debuginfod.ubuntu.com /usr/bin/cmake --install /home/wojciech/Workspaces/ROS2/SCARA/build/scara_moveit
[0.792s] Level 1:colcon.colcon_core.environment:checking '/home/wojciech/Workspaces/ROS2/SCARA/install/scara_moveit' for CMake config files
[0.792s] Level 1:colcon.colcon_core.shell:create_environment_hook('scara_moveit', 'cmake_prefix_path')
[0.792s] INFO:colcon.colcon_core.shell:Creating environment hook '/home/wojciech/Workspaces/ROS2/SCARA/install/scara_moveit/share/scara_moveit/hook/cmake_prefix_path.ps1'
[0.792s] INFO:colcon.colcon_core.shell:Creating environment descriptor '/home/wojciech/Workspaces/ROS2/SCARA/install/scara_moveit/share/scara_moveit/hook/cmake_prefix_path.dsv'
[0.792s] INFO:colcon.colcon_core.shell:Creating environment hook '/home/wojciech/Workspaces/ROS2/SCARA/install/scara_moveit/share/scara_moveit/hook/cmake_prefix_path.sh'
[0.793s] Level 1:colcon.colcon_core.environment:checking '/home/wojciech/Workspaces/ROS2/SCARA/install/scara_moveit/bin'
[0.793s] Level 1:colcon.colcon_core.environment:checking '/home/wojciech/Workspaces/ROS2/SCARA/install/scara_moveit/lib/pkgconfig/scara_moveit.pc'
[0.793s] Level 1:colcon.colcon_core.environment:checking '/home/wojciech/Workspaces/ROS2/SCARA/install/scara_moveit/lib/python3.12/site-packages'
[0.793s] Level 1:colcon.colcon_core.environment:checking '/home/wojciech/Workspaces/ROS2/SCARA/install/scara_moveit/bin'
[0.793s] INFO:colcon.colcon_core.shell:Creating package script '/home/wojciech/Workspaces/ROS2/SCARA/install/scara_moveit/share/scara_moveit/package.ps1'
[0.793s] INFO:colcon.colcon_core.shell:Creating package descriptor '/home/wojciech/Workspaces/ROS2/SCARA/install/scara_moveit/share/scara_moveit/package.dsv'
[0.794s] INFO:colcon.colcon_core.shell:Creating package script '/home/wojciech/Workspaces/ROS2/SCARA/install/scara_moveit/share/scara_moveit/package.sh'
[0.794s] INFO:colcon.colcon_core.shell:Creating package script '/home/wojciech/Workspaces/ROS2/SCARA/install/scara_moveit/share/scara_moveit/package.bash'
[0.794s] INFO:colcon.colcon_core.shell:Creating package script '/home/wojciech/Workspaces/ROS2/SCARA/install/scara_moveit/share/scara_moveit/package.zsh'
[0.794s] Level 1:colcon.colcon_core.environment:create_file_with_runtime_dependencies(/home/wojciech/Workspaces/ROS2/SCARA/install/scara_moveit/share/colcon-core/packages/scara_moveit)
[0.794s] Level 1:colcon.colcon_core.environment:create_environment_scripts_only(scara_moveit)
[0.795s] Level 1:colcon.colcon_core.environment:checking '/home/wojciech/Workspaces/ROS2/SCARA/install/scara_moveit' for CMake module files
[0.795s] Level 1:colcon.colcon_core.environment:checking '/home/wojciech/Workspaces/ROS2/SCARA/install/scara_moveit' for CMake config files
[0.795s] Level 1:colcon.colcon_core.shell:create_environment_hook('scara_moveit', 'cmake_prefix_path')
[0.795s] INFO:colcon.colcon_core.shell:Creating environment hook '/home/wojciech/Workspaces/ROS2/SCARA/install/scara_moveit/share/scara_moveit/hook/cmake_prefix_path.ps1'
[0.795s] INFO:colcon.colcon_core.shell:Creating environment descriptor '/home/wojciech/Workspaces/ROS2/SCARA/install/scara_moveit/share/scara_moveit/hook/cmake_prefix_path.dsv'
[0.795s] INFO:colcon.colcon_core.shell:Creating environment hook '/home/wojciech/Workspaces/ROS2/SCARA/install/scara_moveit/share/scara_moveit/hook/cmake_prefix_path.sh'
[0.796s] Level 1:colcon.colcon_core.environment:checking '/home/wojciech/Workspaces/ROS2/SCARA/install/scara_moveit/bin'
[0.796s] Level 1:colcon.colcon_core.environment:checking '/home/wojciech/Workspaces/ROS2/SCARA/install/scara_moveit/lib/pkgconfig/scara_moveit.pc'
[0.796s] Level 1:colcon.colcon_core.environment:checking '/home/wojciech/Workspaces/ROS2/SCARA/install/scara_moveit/lib/python3.12/site-packages'
[0.796s] Level 1:colcon.colcon_core.environment:checking '/home/wojciech/Workspaces/ROS2/SCARA/install/scara_moveit/bin'
[0.796s] INFO:colcon.colcon_core.shell:Creating package script '/home/wojciech/Workspaces/ROS2/SCARA/install/scara_moveit/share/scara_moveit/package.ps1'
[0.796s] INFO:colcon.colcon_core.shell:Creating package descriptor '/home/wojciech/Workspaces/ROS2/SCARA/install/scara_moveit/share/scara_moveit/package.dsv'
[0.797s] INFO:colcon.colcon_core.shell:Creating package script '/home/wojciech/Workspaces/ROS2/SCARA/install/scara_moveit/share/scara_moveit/package.sh'
[0.797s] INFO:colcon.colcon_core.shell:Creating package script '/home/wojciech/Workspaces/ROS2/SCARA/install/scara_moveit/share/scara_moveit/package.bash'
[0.797s] INFO:colcon.colcon_core.shell:Creating package script '/home/wojciech/Workspaces/ROS2/SCARA/install/scara_moveit/share/scara_moveit/package.zsh'
[0.797s] Level 1:colcon.colcon_core.environment:create_file_with_runtime_dependencies(/home/wojciech/Workspaces/ROS2/SCARA/install/scara_moveit/share/colcon-core/packages/scara_moveit)
[0.801s] DEBUG:colcon.colcon_core.event_handler.log_command:Invoked command in '/home/wojciech/Workspaces/ROS2/SCARA/build/scara_description' returned '0': CMAKE_PREFIX_PATH=${CMAKE_PREFIX_PATH}:/opt/ros/jazzy DEBUGINFOD_URLS=https://debuginfod.ubuntu.com /usr/bin/cmake /home/wojciech/Workspaces/ROS2/SCARA/src/scara_description -DCMAKE_INSTALL_PREFIX=/home/wojciech/Workspaces/ROS2/SCARA/install/scara_description
[0.801s] DEBUG:colcon.colcon_core.event_handler.log_command:Invoking command in '/home/wojciech/Workspaces/ROS2/SCARA/build/scara_description': CMAKE_PREFIX_PATH=${CMAKE_PREFIX_PATH}:/opt/ros/jazzy DEBUGINFOD_URLS=https://debuginfod.ubuntu.com /usr/bin/cmake --build /home/wojciech/Workspaces/ROS2/SCARA/build/scara_description -- -j12 -l12
[0.828s] DEBUG:colcon.colcon_core.event_handler.log_command:Invoked command in '/home/wojciech/Workspaces/ROS2/SCARA/build/scara_description' returned '0': CMAKE_PREFIX_PATH=${CMAKE_PREFIX_PATH}:/opt/ros/jazzy DEBUGINFOD_URLS=https://debuginfod.ubuntu.com /usr/bin/cmake --build /home/wojciech/Workspaces/ROS2/SCARA/build/scara_description -- -j12 -l12
[0.829s] DEBUG:colcon.colcon_core.event_handler.log_command:Invoking command in '/home/wojciech/Workspaces/ROS2/SCARA/build/scara_description': CMAKE_PREFIX_PATH=${CMAKE_PREFIX_PATH}:/opt/ros/jazzy DEBUGINFOD_URLS=https://debuginfod.ubuntu.com /usr/bin/cmake --install /home/wojciech/Workspaces/ROS2/SCARA/build/scara_description
[0.848s] Level 1:colcon.colcon_core.environment:create_environment_scripts_only(scara_description)
[0.848s] DEBUG:colcon.colcon_core.event_handler.log_command:Invoked command in '/home/wojciech/Workspaces/ROS2/SCARA/build/scara_description' returned '0': CMAKE_PREFIX_PATH=${CMAKE_PREFIX_PATH}:/opt/ros/jazzy DEBUGINFOD_URLS=https://debuginfod.ubuntu.com /usr/bin/cmake --install /home/wojciech/Workspaces/ROS2/SCARA/build/scara_description
[0.849s] Level 1:colcon.colcon_core.environment:checking '/home/wojciech/Workspaces/ROS2/SCARA/install/scara_description' for CMake module files
[0.849s] Level 1:colcon.colcon_core.environment:checking '/home/wojciech/Workspaces/ROS2/SCARA/install/scara_description' for CMake config files
[0.849s] Level 1:colcon.colcon_core.shell:create_environment_hook('scara_description', 'cmake_prefix_path')
[0.849s] INFO:colcon.colcon_core.shell:Creating environment hook '/home/wojciech/Workspaces/ROS2/SCARA/install/scara_description/share/scara_description/hook/cmake_prefix_path.ps1'
[0.849s] INFO:colcon.colcon_core.shell:Creating environment descriptor '/home/wojciech/Workspaces/ROS2/SCARA/install/scara_description/share/scara_description/hook/cmake_prefix_path.dsv'
[0.849s] INFO:colcon.colcon_core.shell:Creating environment hook '/home/wojciech/Workspaces/ROS2/SCARA/install/scara_description/share/scara_description/hook/cmake_prefix_path.sh'
[0.850s] Level 1:colcon.colcon_core.environment:checking '/home/wojciech/Workspaces/ROS2/SCARA/install/scara_description/bin'
[0.850s] Level 1:colcon.colcon_core.environment:checking '/home/wojciech/Workspaces/ROS2/SCARA/install/scara_description/lib/pkgconfig/scara_description.pc'
[0.850s] Level 1:colcon.colcon_core.environment:checking '/home/wojciech/Workspaces/ROS2/SCARA/install/scara_description/lib/python3.12/site-packages'
[0.850s] Level 1:colcon.colcon_core.environment:checking '/home/wojciech/Workspaces/ROS2/SCARA/install/scara_description/bin'
[0.850s] INFO:colcon.colcon_core.shell:Creating package script '/home/wojciech/Workspaces/ROS2/SCARA/install/scara_description/share/scara_description/package.ps1'
[0.851s] INFO:colcon.colcon_core.shell:Creating package descriptor '/home/wojciech/Workspaces/ROS2/SCARA/install/scara_description/share/scara_description/package.dsv'
[0.851s] INFO:colcon.colcon_core.shell:Creating package script '/home/wojciech/Workspaces/ROS2/SCARA/install/scara_description/share/scara_description/package.sh'
[0.851s] INFO:colcon.colcon_core.shell:Creating package script '/home/wojciech/Workspaces/ROS2/SCARA/install/scara_description/share/scara_description/package.bash'
[0.851s] INFO:colcon.colcon_core.shell:Creating package script '/home/wojciech/Workspaces/ROS2/SCARA/install/scara_description/share/scara_description/package.zsh'
[0.851s] Level 1:colcon.colcon_core.environment:create_file_with_runtime_dependencies(/home/wojciech/Workspaces/ROS2/SCARA/install/scara_description/share/colcon-core/packages/scara_description)
[0.852s] Level 1:colcon.colcon_core.environment:create_environment_scripts_only(scara_description)
[0.852s] Level 1:colcon.colcon_core.environment:checking '/home/wojciech/Workspaces/ROS2/SCARA/install/scara_description' for CMake module files
[0.852s] Level 1:colcon.colcon_core.environment:checking '/home/wojciech/Workspaces/ROS2/SCARA/install/scara_description' for CMake config files
[0.852s] Level 1:colcon.colcon_core.shell:create_environment_hook('scara_description', 'cmake_prefix_path')
[0.853s] INFO:colcon.colcon_core.shell:Creating environment hook '/home/wojciech/Workspaces/ROS2/SCARA/install/scara_description/share/scara_description/hook/cmake_prefix_path.ps1'
[0.853s] INFO:colcon.colcon_core.shell:Creating environment descriptor '/home/wojciech/Workspaces/ROS2/SCARA/install/scara_description/share/scara_description/hook/cmake_prefix_path.dsv'
[0.853s] INFO:colcon.colcon_core.shell:Creating environment hook '/home/wojciech/Workspaces/ROS2/SCARA/install/scara_description/share/scara_description/hook/cmake_prefix_path.sh'
[0.853s] Level 1:colcon.colcon_core.environment:checking '/home/wojciech/Workspaces/ROS2/SCARA/install/scara_description/bin'
[0.853s] Level 1:colcon.colcon_core.environment:checking '/home/wojciech/Workspaces/ROS2/SCARA/install/scara_description/lib/pkgconfig/scara_description.pc'
[0.854s] Level 1:colcon.colcon_core.environment:checking '/home/wojciech/Workspaces/ROS2/SCARA/install/scara_description/lib/python3.12/site-packages'
[0.854s] Level 1:colcon.colcon_core.environment:checking '/home/wojciech/Workspaces/ROS2/SCARA/install/scara_description/bin'
[0.854s] INFO:colcon.colcon_core.shell:Creating package script '/home/wojciech/Workspaces/ROS2/SCARA/install/scara_description/share/scara_description/package.ps1'
[0.854s] INFO:colcon.colcon_core.shell:Creating package descriptor '/home/wojciech/Workspaces/ROS2/SCARA/install/scara_description/share/scara_description/package.dsv'
[0.854s] INFO:colcon.colcon_core.shell:Creating package script '/home/wojciech/Workspaces/ROS2/SCARA/install/scara_description/share/scara_description/package.sh'
[0.855s] INFO:colcon.colcon_core.shell:Creating package script '/home/wojciech/Workspaces/ROS2/SCARA/install/scara_description/share/scara_description/package.bash'
[0.855s] INFO:colcon.colcon_core.shell:Creating package script '/home/wojciech/Workspaces/ROS2/SCARA/install/scara_description/share/scara_description/package.zsh'
[0.855s] Level 1:colcon.colcon_core.environment:create_file_with_runtime_dependencies(/home/wojciech/Workspaces/ROS2/SCARA/install/scara_description/share/colcon-core/packages/scara_description)
[1.037s] DEBUG:colcon.colcon_core.event_handler.log_command:Invoked command in '/home/wojciech/Workspaces/ROS2/SCARA/build/puzzle_tuner' returned '0': CMAKE_PREFIX_PATH=${CMAKE_PREFIX_PATH}:/opt/ros/jazzy DEBUGINFOD_URLS=https://debuginfod.ubuntu.com /usr/bin/cmake /home/wojciech/Workspaces/ROS2/SCARA/src/puzzle_tuner -DCMAKE_INSTALL_PREFIX=/home/wojciech/Workspaces/ROS2/SCARA/install/puzzle_tuner
[1.038s] DEBUG:colcon.colcon_core.event_handler.log_command:Invoking command in '/home/wojciech/Workspaces/ROS2/SCARA/build/puzzle_tuner': CMAKE_PREFIX_PATH=${CMAKE_PREFIX_PATH}:/opt/ros/jazzy DEBUGINFOD_URLS=https://debuginfod.ubuntu.com /usr/bin/cmake --build /home/wojciech/Workspaces/ROS2/SCARA/build/puzzle_tuner -- -j12 -l12
[1.055s] DEBUG:colcon.colcon_core.event_handler.log_command:Invoked command in '/home/wojciech/Workspaces/ROS2/SCARA/build/puzzle_solver' returned '0': CMAKE_PREFIX_PATH=${CMAKE_PREFIX_PATH}:/opt/ros/jazzy DEBUGINFOD_URLS=https://debuginfod.ubuntu.com /usr/bin/cmake /home/wojciech/Workspaces/ROS2/SCARA/src/puzzle_solver -DCMAKE_INSTALL_PREFIX=/home/wojciech/Workspaces/ROS2/SCARA/install/puzzle_solver
[1.056s] DEBUG:colcon.colcon_core.event_handler.log_command:Invoking command in '/home/wojciech/Workspaces/ROS2/SCARA/build/puzzle_solver': CMAKE_PREFIX_PATH=${CMAKE_PREFIX_PATH}:/opt/ros/jazzy DEBUGINFOD_URLS=https://debuginfod.ubuntu.com /usr/bin/cmake --build /home/wojciech/Workspaces/ROS2/SCARA/build/puzzle_solver -- -j12 -l12
[1.065s] DEBUG:colcon.colcon_core.event_handler.log_command:Invoked command in '/home/wojciech/Workspaces/ROS2/SCARA/build/puzzle_tuner' returned '0': CMAKE_PREFIX_PATH=${CMAKE_PREFIX_PATH}:/opt/ros/jazzy DEBUGINFOD_URLS=https://debuginfod.ubuntu.com /usr/bin/cmake --build /home/wojciech/Workspaces/ROS2/SCARA/build/puzzle_tuner -- -j12 -l12
[1.065s] DEBUG:colcon.colcon_core.event_handler.log_command:Invoking command in '/home/wojciech/Workspaces/ROS2/SCARA/build/puzzle_tuner': CMAKE_PREFIX_PATH=${CMAKE_PREFIX_PATH}:/opt/ros/jazzy DEBUGINFOD_URLS=https://debuginfod.ubuntu.com /usr/bin/cmake --install /home/wojciech/Workspaces/ROS2/SCARA/build/puzzle_tuner
[1.073s] Level 1:colcon.colcon_core.environment:create_environment_scripts_only(puzzle_tuner)
[1.073s] Level 1:colcon.colcon_core.environment:checking '/home/wojciech/Workspaces/ROS2/SCARA/install/puzzle_tuner' for CMake module files
[1.073s] DEBUG:colcon.colcon_core.event_handler.log_command:Invoked command in '/home/wojciech/Workspaces/ROS2/SCARA/build/puzzle_tuner' returned '0': CMAKE_PREFIX_PATH=${CMAKE_PREFIX_PATH}:/opt/ros/jazzy DEBUGINFOD_URLS=https://debuginfod.ubuntu.com /usr/bin/cmake --install /home/wojciech/Workspaces/ROS2/SCARA/build/puzzle_tuner
[1.073s] Level 1:colcon.colcon_core.environment:checking '/home/wojciech/Workspaces/ROS2/SCARA/install/puzzle_tuner' for CMake config files
[1.073s] Level 1:colcon.colcon_core.shell:create_environment_hook('puzzle_tuner', 'cmake_prefix_path')
[1.073s] INFO:colcon.colcon_core.shell:Creating environment hook '/home/wojciech/Workspaces/ROS2/SCARA/install/puzzle_tuner/share/puzzle_tuner/hook/cmake_prefix_path.ps1'
[1.074s] INFO:colcon.colcon_core.shell:Creating environment descriptor '/home/wojciech/Workspaces/ROS2/SCARA/install/puzzle_tuner/share/puzzle_tuner/hook/cmake_prefix_path.dsv'
[1.074s] INFO:colcon.colcon_core.shell:Creating environment hook '/home/wojciech/Workspaces/ROS2/SCARA/install/puzzle_tuner/share/puzzle_tuner/hook/cmake_prefix_path.sh'
[1.074s] Level 1:colcon.colcon_core.environment:checking '/home/wojciech/Workspaces/ROS2/SCARA/install/puzzle_tuner/bin'
[1.074s] Level 1:colcon.colcon_core.environment:checking '/home/wojciech/Workspaces/ROS2/SCARA/install/puzzle_tuner/lib/pkgconfig/puzzle_tuner.pc'
[1.074s] Level 1:colcon.colcon_core.environment:checking '/home/wojciech/Workspaces/ROS2/SCARA/install/puzzle_tuner/lib/python3.12/site-packages'
[1.074s] Level 1:colcon.colcon_core.environment:checking '/home/wojciech/Workspaces/ROS2/SCARA/install/puzzle_tuner/bin'
[1.074s] INFO:colcon.colcon_core.shell:Creating package script '/home/wojciech/Workspaces/ROS2/SCARA/install/puzzle_tuner/share/puzzle_tuner/package.ps1'
[1.075s] INFO:colcon.colcon_core.shell:Creating package descriptor '/home/wojciech/Workspaces/ROS2/SCARA/install/puzzle_tuner/share/puzzle_tuner/package.dsv'
[1.075s] INFO:colcon.colcon_core.shell:Creating package script '/home/wojciech/Workspaces/ROS2/SCARA/install/puzzle_tuner/share/puzzle_tuner/package.sh'
[1.075s] INFO:colcon.colcon_core.shell:Creating package script '/home/wojciech/Workspaces/ROS2/SCARA/install/puzzle_tuner/share/puzzle_tuner/package.bash'
[1.075s] INFO:colcon.colcon_core.shell:Creating package script '/home/wojciech/Workspaces/ROS2/SCARA/install/puzzle_tuner/share/puzzle_tuner/package.zsh'
[1.075s] Level 1:colcon.colcon_core.environment:create_file_with_runtime_dependencies(/home/wojciech/Workspaces/ROS2/SCARA/install/puzzle_tuner/share/colcon-core/packages/puzzle_tuner)
[1.075s] Level 1:colcon.colcon_core.environment:create_environment_scripts_only(puzzle_tuner)
[1.076s] Level 1:colcon.colcon_core.environment:checking '/home/wojciech/Workspaces/ROS2/SCARA/install/puzzle_tuner' for CMake module files
[1.076s] Level 1:colcon.colcon_core.environment:checking '/home/wojciech/Workspaces/ROS2/SCARA/install/puzzle_tuner' for CMake config files
[1.076s] Level 1:colcon.colcon_core.shell:create_environment_hook('puzzle_tuner', 'cmake_prefix_path')
[1.076s] INFO:colcon.colcon_core.shell:Creating environment hook '/home/wojciech/Workspaces/ROS2/SCARA/install/puzzle_tuner/share/puzzle_tuner/hook/cmake_prefix_path.ps1'
[1.076s] INFO:colcon.colcon_core.shell:Creating environment descriptor '/home/wojciech/Workspaces/ROS2/SCARA/install/puzzle_tuner/share/puzzle_tuner/hook/cmake_prefix_path.dsv'
[1.076s] INFO:colcon.colcon_core.shell:Creating environment hook '/home/wojciech/Workspaces/ROS2/SCARA/install/puzzle_tuner/share/puzzle_tuner/hook/cmake_prefix_path.sh'
[1.077s] Level 1:colcon.colcon_core.environment:checking '/home/wojciech/Workspaces/ROS2/SCARA/install/puzzle_tuner/bin'
[1.077s] Level 1:colcon.colcon_core.environment:checking '/home/wojciech/Workspaces/ROS2/SCARA/install/puzzle_tuner/lib/pkgconfig/puzzle_tuner.pc'
[1.077s] Level 1:colcon.colcon_core.environment:checking '/home/wojciech/Workspaces/ROS2/SCARA/install/puzzle_tuner/lib/python3.12/site-packages'
[1.077s] Level 1:colcon.colcon_core.environment:checking '/home/wojciech/Workspaces/ROS2/SCARA/install/puzzle_tuner/bin'
[1.077s] INFO:colcon.colcon_core.shell:Creating package script '/home/wojciech/Workspaces/ROS2/SCARA/install/puzzle_tuner/share/puzzle_tuner/package.ps1'
[1.077s] INFO:colcon.colcon_core.shell:Creating package descriptor '/home/wojciech/Workspaces/ROS2/SCARA/install/puzzle_tuner/share/puzzle_tuner/package.dsv'
[1.077s] INFO:colcon.colcon_core.shell:Creating package script '/home/wojciech/Workspaces/ROS2/SCARA/install/puzzle_tuner/share/puzzle_tuner/package.sh'
[1.078s] INFO:colcon.colcon_core.shell:Creating package script '/home/wojciech/Workspaces/ROS2/SCARA/install/puzzle_tuner/share/puzzle_tuner/package.bash'
[1.078s] INFO:colcon.colcon_core.shell:Creating package script '/home/wojciech/Workspaces/ROS2/SCARA/install/puzzle_tuner/share/puzzle_tuner/package.zsh'
[1.078s] Level 1:colcon.colcon_core.environment:create_file_with_runtime_dependencies(/home/wojciech/Workspaces/ROS2/SCARA/install/puzzle_tuner/share/colcon-core/packages/puzzle_tuner)
[2.353s] DEBUG:colcon.colcon_core.event_handler.log_command:Invoked command in '/home/wojciech/Workspaces/ROS2/SCARA/build/scara_msgs' returned '0': CMAKE_PREFIX_PATH=${CMAKE_PREFIX_PATH}:/opt/ros/jazzy DEBUGINFOD_URLS=https://debuginfod.ubuntu.com /usr/bin/cmake /home/wojciech/Workspaces/ROS2/SCARA/src/scara_msgs -DCMAKE_INSTALL_PREFIX=/home/wojciech/Workspaces/ROS2/SCARA/install/scara_msgs
[2.354s] DEBUG:colcon.colcon_core.event_handler.log_command:Invoking command in '/home/wojciech/Workspaces/ROS2/SCARA/build/scara_msgs': CMAKE_PREFIX_PATH=${CMAKE_PREFIX_PATH}:/opt/ros/jazzy DEBUGINFOD_URLS=https://debuginfod.ubuntu.com /usr/bin/cmake --build /home/wojciech/Workspaces/ROS2/SCARA/build/scara_msgs -- -j12 -l12
[4.864s] DEBUG:colcon.colcon_core.event_handler.log_command:Invoked command in '/home/wojciech/Workspaces/ROS2/SCARA/build/puzzle_solver' returned '0': CMAKE_PREFIX_PATH=${CMAKE_PREFIX_PATH}:/opt/ros/jazzy DEBUGINFOD_URLS=https://debuginfod.ubuntu.com /usr/bin/cmake --build /home/wojciech/Workspaces/ROS2/SCARA/build/puzzle_solver -- -j12 -l12
[4.865s] DEBUG:colcon.colcon_core.event_handler.log_command:Invoking command in '/home/wojciech/Workspaces/ROS2/SCARA/build/puzzle_solver': CMAKE_PREFIX_PATH=${CMAKE_PREFIX_PATH}:/opt/ros/jazzy DEBUGINFOD_URLS=https://debuginfod.ubuntu.com /usr/bin/cmake --install /home/wojciech/Workspaces/ROS2/SCARA/build/puzzle_solver
[4.874s] Level 1:colcon.colcon_core.environment:create_environment_scripts_only(puzzle_solver)
[4.875s] Level 1:colcon.colcon_core.environment:checking '/home/wojciech/Workspaces/ROS2/SCARA/install/puzzle_solver' for CMake module files
[4.875s] DEBUG:colcon.colcon_core.event_handler.log_command:Invoked command in '/home/wojciech/Workspaces/ROS2/SCARA/build/puzzle_solver' returned '0': CMAKE_PREFIX_PATH=${CMAKE_PREFIX_PATH}:/opt/ros/jazzy DEBUGINFOD_URLS=https://debuginfod.ubuntu.com /usr/bin/cmake --install /home/wojciech/Workspaces/ROS2/SCARA/build/puzzle_solver
[4.875s] Level 1:colcon.colcon_core.environment:checking '/home/wojciech/Workspaces/ROS2/SCARA/install/puzzle_solver' for CMake config files
[4.875s] Level 1:colcon.colcon_core.shell:create_environment_hook('puzzle_solver', 'cmake_prefix_path')
[4.875s] INFO:colcon.colcon_core.shell:Creating environment hook '/home/wojciech/Workspaces/ROS2/SCARA/install/puzzle_solver/share/puzzle_solver/hook/cmake_prefix_path.ps1'
[4.876s] INFO:colcon.colcon_core.shell:Creating environment descriptor '/home/wojciech/Workspaces/ROS2/SCARA/install/puzzle_solver/share/puzzle_solver/hook/cmake_prefix_path.dsv'
[4.876s] INFO:colcon.colcon_core.shell:Creating environment hook '/home/wojciech/Workspaces/ROS2/SCARA/install/puzzle_solver/share/puzzle_solver/hook/cmake_prefix_path.sh'
[4.876s] Level 1:colcon.colcon_core.environment:checking '/home/wojciech/Workspaces/ROS2/SCARA/install/puzzle_solver/lib'
[4.876s] Level 1:colcon.colcon_core.environment:checking '/home/wojciech/Workspaces/ROS2/SCARA/install/puzzle_solver/bin'
[4.876s] Level 1:colcon.colcon_core.environment:checking '/home/wojciech/Workspaces/ROS2/SCARA/install/puzzle_solver/lib/pkgconfig/puzzle_solver.pc'
[4.876s] Level 1:colcon.colcon_core.environment:checking '/home/wojciech/Workspaces/ROS2/SCARA/install/puzzle_solver/lib/python3.12/site-packages'
[4.876s] Level 1:colcon.colcon_core.environment:checking '/home/wojciech/Workspaces/ROS2/SCARA/install/puzzle_solver/bin'
[4.877s] INFO:colcon.colcon_core.shell:Creating package script '/home/wojciech/Workspaces/ROS2/SCARA/install/puzzle_solver/share/puzzle_solver/package.ps1'
[4.877s] INFO:colcon.colcon_core.shell:Creating package descriptor '/home/wojciech/Workspaces/ROS2/SCARA/install/puzzle_solver/share/puzzle_solver/package.dsv'
[4.877s] INFO:colcon.colcon_core.shell:Creating package script '/home/wojciech/Workspaces/ROS2/SCARA/install/puzzle_solver/share/puzzle_solver/package.sh'
[4.877s] INFO:colcon.colcon_core.shell:Creating package script '/home/wojciech/Workspaces/ROS2/SCARA/install/puzzle_solver/share/puzzle_solver/package.bash'
[4.877s] INFO:colcon.colcon_core.shell:Creating package script '/home/wojciech/Workspaces/ROS2/SCARA/install/puzzle_solver/share/puzzle_solver/package.zsh'
[4.878s] Level 1:colcon.colcon_core.environment:create_file_with_runtime_dependencies(/home/wojciech/Workspaces/ROS2/SCARA/install/puzzle_solver/share/colcon-core/packages/puzzle_solver)
[4.878s] Level 1:colcon.colcon_core.environment:create_environment_scripts_only(puzzle_solver)
[4.878s] Level 1:colcon.colcon_core.environment:checking '/home/wojciech/Workspaces/ROS2/SCARA/install/puzzle_solver' for CMake module files
[4.878s] Level 1:colcon.colcon_core.environment:checking '/home/wojciech/Workspaces/ROS2/SCARA/install/puzzle_solver' for CMake config files
[4.878s] Level 1:colcon.colcon_core.shell:create_environment_hook('puzzle_solver', 'cmake_prefix_path')
[4.878s] INFO:colcon.colcon_core.shell:Creating environment hook '/home/wojciech/Workspaces/ROS2/SCARA/install/puzzle_solver/share/puzzle_solver/hook/cmake_prefix_path.ps1'
[4.879s] INFO:colcon.colcon_core.shell:Creating environment descriptor '/home/wojciech/Workspaces/ROS2/SCARA/install/puzzle_solver/share/puzzle_solver/hook/cmake_prefix_path.dsv'
[4.879s] INFO:colcon.colcon_core.shell:Creating environment hook '/home/wojciech/Workspaces/ROS2/SCARA/install/puzzle_solver/share/puzzle_solver/hook/cmake_prefix_path.sh'
[4.879s] Level 1:colcon.colcon_core.environment:checking '/home/wojciech/Workspaces/ROS2/SCARA/install/puzzle_solver/lib'
[4.879s] Level 1:colcon.colcon_core.environment:checking '/home/wojciech/Workspaces/ROS2/SCARA/install/puzzle_solver/bin'
[4.879s] Level 1:colcon.colcon_core.environment:checking '/home/wojciech/Workspaces/ROS2/SCARA/install/puzzle_solver/lib/pkgconfig/puzzle_solver.pc'
[4.879s] Level 1:colcon.colcon_core.environment:checking '/home/wojciech/Workspaces/ROS2/SCARA/install/puzzle_solver/lib/python3.12/site-packages'
[4.879s] Level 1:colcon.colcon_core.environment:checking '/home/wojciech/Workspaces/ROS2/SCARA/install/puzzle_solver/bin'
[4.880s] INFO:colcon.colcon_core.shell:Creating package script '/home/wojciech/Workspaces/ROS2/SCARA/install/puzzle_solver/share/puzzle_solver/package.ps1'
[4.880s] INFO:colcon.colcon_core.shell:Creating package descriptor '/home/wojciech/Workspaces/ROS2/SCARA/install/puzzle_solver/share/puzzle_solver/package.dsv'
[4.880s] INFO:colcon.colcon_core.shell:Creating package script '/home/wojciech/Workspaces/ROS2/SCARA/install/puzzle_solver/share/puzzle_solver/package.sh'
[4.880s] INFO:colcon.colcon_core.shell:Creating package script '/home/wojciech/Workspaces/ROS2/SCARA/install/puzzle_solver/share/puzzle_solver/package.bash'
[4.881s] INFO:colcon.colcon_core.shell:Creating package script '/home/wojciech/Workspaces/ROS2/SCARA/install/puzzle_solver/share/puzzle_solver/package.zsh'
[4.881s] Level 1:colcon.colcon_core.environment:create_file_with_runtime_dependencies(/home/wojciech/Workspaces/ROS2/SCARA/install/puzzle_solver/share/colcon-core/packages/puzzle_solver)
[5.102s] DEBUG:colcon.colcon_core.event_handler.log_command:Invoked command in '/home/wojciech/Workspaces/ROS2/SCARA/build/scara_msgs' returned '0': CMAKE_PREFIX_PATH=${CMAKE_PREFIX_PATH}:/opt/ros/jazzy DEBUGINFOD_URLS=https://debuginfod.ubuntu.com /usr/bin/cmake --build /home/wojciech/Workspaces/ROS2/SCARA/build/scara_msgs -- -j12 -l12
[5.102s] DEBUG:colcon.colcon_core.event_handler.log_command:Invoking command in '/home/wojciech/Workspaces/ROS2/SCARA/build/scara_msgs': CMAKE_PREFIX_PATH=${CMAKE_PREFIX_PATH}:/opt/ros/jazzy DEBUGINFOD_URLS=https://debuginfod.ubuntu.com /usr/bin/cmake --install /home/wojciech/Workspaces/ROS2/SCARA/build/scara_msgs
[5.169s] Level 1:colcon.colcon_core.environment:create_environment_scripts_only(scara_msgs)
[5.169s] Level 1:colcon.colcon_core.environment:checking '/home/wojciech/Workspaces/ROS2/SCARA/install/scara_msgs' for CMake module files
[5.169s] DEBUG:colcon.colcon_core.event_handler.log_command:Invoked command in '/home/wojciech/Workspaces/ROS2/SCARA/build/scara_msgs' returned '0': CMAKE_PREFIX_PATH=${CMAKE_PREFIX_PATH}:/opt/ros/jazzy DEBUGINFOD_URLS=https://debuginfod.ubuntu.com /usr/bin/cmake --install /home/wojciech/Workspaces/ROS2/SCARA/build/scara_msgs
[5.169s] Level 1:colcon.colcon_core.environment:checking '/home/wojciech/Workspaces/ROS2/SCARA/install/scara_msgs' for CMake config files
[5.170s] Level 1:colcon.colcon_core.shell:create_environment_hook('scara_msgs', 'cmake_prefix_path')
[5.170s] INFO:colcon.colcon_core.shell:Creating environment hook '/home/wojciech/Workspaces/ROS2/SCARA/install/scara_msgs/share/scara_msgs/hook/cmake_prefix_path.ps1'
[5.170s] INFO:colcon.colcon_core.shell:Creating environment descriptor '/home/wojciech/Workspaces/ROS2/SCARA/install/scara_msgs/share/scara_msgs/hook/cmake_prefix_path.dsv'
[5.170s] INFO:colcon.colcon_core.shell:Creating environment hook '/home/wojciech/Workspaces/ROS2/SCARA/install/scara_msgs/share/scara_msgs/hook/cmake_prefix_path.sh'
[5.171s] Level 1:colcon.colcon_core.environment:checking '/home/wojciech/Workspaces/ROS2/SCARA/install/scara_msgs/lib'
[5.171s] Level 1:colcon.colcon_core.shell:create_environment_hook('scara_msgs', 'ld_library_path_lib')
[5.171s] INFO:colcon.colcon_core.shell:Creating environment hook '/home/wojciech/Workspaces/ROS2/SCARA/install/scara_msgs/share/scara_msgs/hook/ld_library_path_lib.ps1'
[5.171s] INFO:colcon.colcon_core.shell:Creating environment descriptor '/home/wojciech/Workspaces/ROS2/SCARA/install/scara_msgs/share/scara_msgs/hook/ld_library_path_lib.dsv'
[5.171s] INFO:colcon.colcon_core.shell:Creating environment hook '/home/wojciech/Workspaces/ROS2/SCARA/install/scara_msgs/share/scara_msgs/hook/ld_library_path_lib.sh'
[5.171s] Level 1:colcon.colcon_core.environment:checking '/home/wojciech/Workspaces/ROS2/SCARA/install/scara_msgs/bin'
[5.171s] Level 1:colcon.colcon_core.environment:checking '/home/wojciech/Workspaces/ROS2/SCARA/install/scara_msgs/lib/pkgconfig/scara_msgs.pc'
[5.172s] Level 1:colcon.colcon_core.environment:checking '/home/wojciech/Workspaces/ROS2/SCARA/install/scara_msgs/lib/python3.12/site-packages'
[5.172s] Level 1:colcon.colcon_core.shell:create_environment_hook('scara_msgs', 'pythonpath')
[5.172s] INFO:colcon.colcon_core.shell:Creating environment hook '/home/wojciech/Workspaces/ROS2/SCARA/install/scara_msgs/share/scara_msgs/hook/pythonpath.ps1'
[5.172s] INFO:colcon.colcon_core.shell:Creating environment descriptor '/home/wojciech/Workspaces/ROS2/SCARA/install/scara_msgs/share/scara_msgs/hook/pythonpath.dsv'
[5.172s] INFO:colcon.colcon_core.shell:Creating environment hook '/home/wojciech/Workspaces/ROS2/SCARA/install/scara_msgs/share/scara_msgs/hook/pythonpath.sh'
[5.172s] Level 1:colcon.colcon_core.environment:checking '/home/wojciech/Workspaces/ROS2/SCARA/install/scara_msgs/bin'
[5.173s] INFO:colcon.colcon_core.shell:Creating package script '/home/wojciech/Workspaces/ROS2/SCARA/install/scara_msgs/share/scara_msgs/package.ps1'
[5.173s] INFO:colcon.colcon_core.shell:Creating package descriptor '/home/wojciech/Workspaces/ROS2/SCARA/install/scara_msgs/share/scara_msgs/package.dsv'
[5.173s] INFO:colcon.colcon_core.shell:Creating package script '/home/wojciech/Workspaces/ROS2/SCARA/install/scara_msgs/share/scara_msgs/package.sh'
[5.173s] INFO:colcon.colcon_core.shell:Creating package script '/home/wojciech/Workspaces/ROS2/SCARA/install/scara_msgs/share/scara_msgs/package.bash'
[5.174s] INFO:colcon.colcon_core.shell:Creating package script '/home/wojciech/Workspaces/ROS2/SCARA/install/scara_msgs/share/scara_msgs/package.zsh'
[5.174s] Level 1:colcon.colcon_core.environment:create_file_with_runtime_dependencies(/home/wojciech/Workspaces/ROS2/SCARA/install/scara_msgs/share/colcon-core/packages/scara_msgs)
[5.174s] Level 1:colcon.colcon_core.environment:create_environment_scripts_only(scara_msgs)
[5.174s] Level 1:colcon.colcon_core.environment:checking '/home/wojciech/Workspaces/ROS2/SCARA/install/scara_msgs' for CMake module files
[5.175s] Level 1:colcon.colcon_core.environment:checking '/home/wojciech/Workspaces/ROS2/SCARA/install/scara_msgs' for CMake config files
[5.175s] Level 1:colcon.colcon_core.shell:create_environment_hook('scara_msgs', 'cmake_prefix_path')
[5.175s] INFO:colcon.colcon_core.shell:Creating environment hook '/home/wojciech/Workspaces/ROS2/SCARA/install/scara_msgs/share/scara_msgs/hook/cmake_prefix_path.ps1'
[5.175s] INFO:colcon.colcon_core.shell:Creating environment descriptor '/home/wojciech/Workspaces/ROS2/SCARA/install/scara_msgs/share/scara_msgs/hook/cmake_prefix_path.dsv'
[5.175s] INFO:colcon.colcon_core.shell:Creating environment hook '/home/wojciech/Workspaces/ROS2/SCARA/install/scara_msgs/share/scara_msgs/hook/cmake_prefix_path.sh'
[5.176s] Level 1:colcon.colcon_core.environment:checking '/home/wojciech/Workspaces/ROS2/SCARA/install/scara_msgs/lib'
[5.176s] Level 1:colcon.colcon_core.shell:create_environment_hook('scara_msgs', 'ld_library_path_lib')
[5.176s] INFO:colcon.colcon_core.shell:Creating environment hook '/home/wojciech/Workspaces/ROS2/SCARA/install/scara_msgs/share/scara_msgs/hook/ld_library_path_lib.ps1'
[5.176s] INFO:colcon.colcon_core.shell:Creating environment descriptor '/home/wojciech/Workspaces/ROS2/SCARA/install/scara_msgs/share/scara_msgs/hook/ld_library_path_lib.dsv'
[5.176s] INFO:colcon.colcon_core.shell:Creating environment hook '/home/wojciech/Workspaces/ROS2/SCARA/install/scara_msgs/share/scara_msgs/hook/ld_library_path_lib.sh'
[5.176s] Level 1:colcon.colcon_core.environment:checking '/home/wojciech/Workspaces/ROS2/SCARA/install/scara_msgs/bin'
[5.176s] Level 1:colcon.colcon_core.environment:checking '/home/wojciech/Workspaces/ROS2/SCARA/install/scara_msgs/lib/pkgconfig/scara_msgs.pc'
[5.176s] Level 1:colcon.colcon_core.environment:checking '/home/wojciech/Workspaces/ROS2/SCARA/install/scara_msgs/lib/python3.12/site-packages'
[5.176s] Level 1:colcon.colcon_core.shell:create_environment_hook('scara_msgs', 'pythonpath')
[5.177s] INFO:colcon.colcon_core.shell:Creating environment hook '/home/wojciech/Workspaces/ROS2/SCARA/install/scara_msgs/share/scara_msgs/hook/pythonpath.ps1'
[5.177s] INFO:colcon.colcon_core.shell:Creating environment descriptor '/home/wojciech/Workspaces/ROS2/SCARA/install/scara_msgs/share/scara_msgs/hook/pythonpath.dsv'
[5.177s] INFO:colcon.colcon_core.shell:Creating environment hook '/home/wojciech/Workspaces/ROS2/SCARA/install/scara_msgs/share/scara_msgs/hook/pythonpath.sh'
[5.177s] Level 1:colcon.colcon_core.environment:checking '/home/wojciech/Workspaces/ROS2/SCARA/install/scara_msgs/bin'
[5.177s] INFO:colcon.colcon_core.shell:Creating package script '/home/wojciech/Workspaces/ROS2/SCARA/install/scara_msgs/share/scara_msgs/package.ps1'
[5.178s] INFO:colcon.colcon_core.shell:Creating package descriptor '/home/wojciech/Workspaces/ROS2/SCARA/install/scara_msgs/share/scara_msgs/package.dsv'
[5.178s] INFO:colcon.colcon_core.shell:Creating package script '/home/wojciech/Workspaces/ROS2/SCARA/install/scara_msgs/share/scara_msgs/package.sh'
[5.178s] INFO:colcon.colcon_core.shell:Creating package script '/home/wojciech/Workspaces/ROS2/SCARA/install/scara_msgs/share/scara_msgs/package.bash'
[5.178s] INFO:colcon.colcon_core.shell:Creating package script '/home/wojciech/Workspaces/ROS2/SCARA/install/scara_msgs/share/scara_msgs/package.zsh'
[5.179s] Level 1:colcon.colcon_core.environment:create_file_with_runtime_dependencies(/home/wojciech/Workspaces/ROS2/SCARA/install/scara_msgs/share/colcon-core/packages/scara_msgs)
[5.179s] INFO:colcon.colcon_ros.task.ament_cmake.build:Building ROS package in '/home/wojciech/Workspaces/ROS2/SCARA/src/scara_utils' with build type 'ament_cmake'
[5.179s] INFO:colcon.colcon_cmake.task.cmake.build:Building CMake package in '/home/wojciech/Workspaces/ROS2/SCARA/src/scara_utils'
[5.179s] INFO:colcon.colcon_core.shell:Skip shell extension 'powershell' for command environment: Not usable outside of PowerShell
[5.179s] DEBUG:colcon.colcon_core.shell:Skip shell extension 'dsv' for command environment
[5.187s] DEBUG:colcon.colcon_core.event_handler.log_command:Invoking command in '/home/wojciech/Workspaces/ROS2/SCARA/build/scara_utils': AMENT_PREFIX_PATH=/home/wojciech/Workspaces/ROS2/SCARA/install/scara_msgs:${AMENT_PREFIX_PATH} CMAKE_PREFIX_PATH=/home/wojciech/Workspaces/ROS2/SCARA/install/scara_msgs:/opt/ros/jazzy/opt/gz_sim_vendor:/opt/ros/jazzy/opt/gz_sensors_vendor:/opt/ros/jazzy/opt/gz_physics_vendor:/opt/ros/jazzy/opt/sdformat_vendor:/opt/ros/jazzy/opt/gz_gui_vendor:/opt/ros/jazzy/opt/gz_transport_vendor:/opt/ros/jazzy/opt/gz_rendering_vendor:/opt/ros/jazzy/opt/gz_plugin_vendor:/opt/ros/jazzy/opt/gz_fuel_tools_vendor:/opt/ros/jazzy/opt/gz_msgs_vendor:/opt/ros/jazzy/opt/gz_common_vendor:/opt/ros/jazzy/opt/gz_math_vendor:/opt/ros/jazzy/opt/gz_utils_vendor:/opt/ros/jazzy/opt/gz_tools_vendor:/opt/ros/jazzy/opt/gz_ogre_next_vendor:/opt/ros/jazzy/opt/gz_dartsim_vendor:/opt/ros/jazzy/opt/gz_cmake_vendor:/opt/ros/jazzy DEBUGINFOD_URLS=https://debuginfod.ubuntu.com LD_LIBRARY_PATH=/home/wojciech/Workspaces/ROS2/SCARA/install/scara_msgs/lib:/lib/x86_64-linux-gnu:/usr/lib/x86_64-linux-gnu:/opt/ros/jazzy/opt/gz_sim_vendor/lib:/opt/ros/jazzy/opt/gz_sensors_vendor/lib:/opt/ros/jazzy/opt/gz_physics_vendor/lib:/opt/ros/jazzy/opt/sdformat_vendor/lib:/opt/ros/jazzy/opt/rviz_ogre_vendor/lib:/opt/ros/jazzy/lib/x86_64-linux-gnu:/opt/ros/jazzy/opt/gz_gui_vendor/lib:/opt/ros/jazzy/opt/gz_transport_vendor/lib:/opt/ros/jazzy/opt/gz_rendering_vendor/lib:/opt/ros/jazzy/opt/gz_plugin_vendor/lib:/opt/ros/jazzy/opt/gz_fuel_tools_vendor/lib:/opt/ros/jazzy/opt/gz_msgs_vendor/lib:/opt/ros/jazzy/opt/gz_common_vendor/lib:/opt/ros/jazzy/opt/gz_math_vendor/lib:/opt/ros/jazzy/opt/gz_utils_vendor/lib:/opt/ros/jazzy/opt/gz_tools_vendor/lib:/opt/ros/jazzy/opt/gz_ogre_next_vendor/lib:/opt/ros/jazzy/opt/gz_dartsim_vendor/lib:/opt/ros/jazzy/opt/gz_cmake_vendor/lib:/opt/ros/jazzy/lib:/lib/x86_64-linux-gnu:/usr/lib/x86_64-linux-gnu PYTHONPATH=/home/wojciech/Workspaces/ROS2/SCARA/install/scara_msgs/lib/python3.12/site-packages:${PYTHONPATH} /usr/bin/cmake /home/wojciech/Workspaces/ROS2/SCARA/src/scara_utils -DCMAKE_INSTALL_PREFIX=/home/wojciech/Workspaces/ROS2/SCARA/install/scara_utils
[6.002s] DEBUG:colcon.colcon_core.event_handler.log_command:Invoked command in '/home/wojciech/Workspaces/ROS2/SCARA/build/scara_utils' returned '0': AMENT_PREFIX_PATH=/home/wojciech/Workspaces/ROS2/SCARA/install/scara_msgs:${AMENT_PREFIX_PATH} CMAKE_PREFIX_PATH=/home/wojciech/Workspaces/ROS2/SCARA/install/scara_msgs:/opt/ros/jazzy/opt/gz_sim_vendor:/opt/ros/jazzy/opt/gz_sensors_vendor:/opt/ros/jazzy/opt/gz_physics_vendor:/opt/ros/jazzy/opt/sdformat_vendor:/opt/ros/jazzy/opt/gz_gui_vendor:/opt/ros/jazzy/opt/gz_transport_vendor:/opt/ros/jazzy/opt/gz_rendering_vendor:/opt/ros/jazzy/opt/gz_plugin_vendor:/opt/ros/jazzy/opt/gz_fuel_tools_vendor:/opt/ros/jazzy/opt/gz_msgs_vendor:/opt/ros/jazzy/opt/gz_common_vendor:/opt/ros/jazzy/opt/gz_math_vendor:/opt/ros/jazzy/opt/gz_utils_vendor:/opt/ros/jazzy/opt/gz_tools_vendor:/opt/ros/jazzy/opt/gz_ogre_next_vendor:/opt/ros/jazzy/opt/gz_dartsim_vendor:/opt/ros/jazzy/opt/gz_cmake_vendor:/opt/ros/jazzy DEBUGINFOD_URLS=https://debuginfod.ubuntu.com LD_LIBRARY_PATH=/home/wojciech/Workspaces/ROS2/SCARA/install/scara_msgs/lib:/lib/x86_64-linux-gnu:/usr/lib/x86_64-linux-gnu:/opt/ros/jazzy/opt/gz_sim_vendor/lib:/opt/ros/jazzy/opt/gz_sensors_vendor/lib:/opt/ros/jazzy/opt/gz_physics_vendor/lib:/opt/ros/jazzy/opt/sdformat_vendor/lib:/opt/ros/jazzy/opt/rviz_ogre_vendor/lib:/opt/ros/jazzy/lib/x86_64-linux-gnu:/opt/ros/jazzy/opt/gz_gui_vendor/lib:/opt/ros/jazzy/opt/gz_transport_vendor/lib:/opt/ros/jazzy/opt/gz_rendering_vendor/lib:/opt/ros/jazzy/opt/gz_plugin_vendor/lib:/opt/ros/jazzy/opt/gz_fuel_tools_vendor/lib:/opt/ros/jazzy/opt/gz_msgs_vendor/lib:/opt/ros/jazzy/opt/gz_common_vendor/lib:/opt/ros/jazzy/opt/gz_math_vendor/lib:/opt/ros/jazzy/opt/gz_utils_vendor/lib:/opt/ros/jazzy/opt/gz_tools_vendor/lib:/opt/ros/jazzy/opt/gz_ogre_next_vendor/lib:/opt/ros/jazzy/opt/gz_dartsim_vendor/lib:/opt/ros/jazzy/opt/gz_cmake_vendor/lib:/opt/ros/jazzy/lib:/lib/x86_64-linux-gnu:/usr/lib/x86_64-linux-gnu PYTHONPATH=/home/wojciech/Workspaces/ROS2/SCARA/install/scara_msgs/lib/python3.12/site-packages:${PYTHONPATH} /usr/bin/cmake /home/wojciech/Workspaces/ROS2/SCARA/src/scara_utils -DCMAKE_INSTALL_PREFIX=/home/wojciech/Workspaces/ROS2/SCARA/install/scara_utils
[6.003s] DEBUG:colcon.colcon_core.event_handler.log_command:Invoking command in '/home/wojciech/Workspaces/ROS2/SCARA/build/scara_utils': AMENT_PREFIX_PATH=/home/wojciech/Workspaces/ROS2/SCARA/install/scara_msgs:${AMENT_PREFIX_PATH} CMAKE_PREFIX_PATH=/home/wojciech/Workspaces/ROS2/SCARA/install/scara_msgs:/opt/ros/jazzy/opt/gz_sim_vendor:/opt/ros/jazzy/opt/gz_sensors_vendor:/opt/ros/jazzy/opt/gz_physics_vendor:/opt/ros/jazzy/opt/sdformat_vendor:/opt/ros/jazzy/opt/gz_gui_vendor:/opt/ros/jazzy/opt/gz_transport_vendor:/opt/ros/jazzy/opt/gz_rendering_vendor:/opt/ros/jazzy/opt/gz_plugin_vendor:/opt/ros/jazzy/opt/gz_fuel_tools_vendor:/opt/ros/jazzy/opt/gz_msgs_vendor:/opt/ros/jazzy/opt/gz_common_vendor:/opt/ros/jazzy/opt/gz_math_vendor:/opt/ros/jazzy/opt/gz_utils_vendor:/opt/ros/jazzy/opt/gz_tools_vendor:/opt/ros/jazzy/opt/gz_ogre_next_vendor:/opt/ros/jazzy/opt/gz_dartsim_vendor:/opt/ros/jazzy/opt/gz_cmake_vendor:/opt/ros/jazzy DEBUGINFOD_URLS=https://debuginfod.ubuntu.com LD_LIBRARY_PATH=/home/wojciech/Workspaces/ROS2/SCARA/install/scara_msgs/lib:/lib/x86_64-linux-gnu:/usr/lib/x86_64-linux-gnu:/opt/ros/jazzy/opt/gz_sim_vendor/lib:/opt/ros/jazzy/opt/gz_sensors_vendor/lib:/opt/ros/jazzy/opt/gz_physics_vendor/lib:/opt/ros/jazzy/opt/sdformat_vendor/lib:/opt/ros/jazzy/opt/rviz_ogre_vendor/lib:/opt/ros/jazzy/lib/x86_64-linux-gnu:/opt/ros/jazzy/opt/gz_gui_vendor/lib:/opt/ros/jazzy/opt/gz_transport_vendor/lib:/opt/ros/jazzy/opt/gz_rendering_vendor/lib:/opt/ros/jazzy/opt/gz_plugin_vendor/lib:/opt/ros/jazzy/opt/gz_fuel_tools_vendor/lib:/opt/ros/jazzy/opt/gz_msgs_vendor/lib:/opt/ros/jazzy/opt/gz_common_vendor/lib:/opt/ros/jazzy/opt/gz_math_vendor/lib:/opt/ros/jazzy/opt/gz_utils_vendor/lib:/opt/ros/jazzy/opt/gz_tools_vendor/lib:/opt/ros/jazzy/opt/gz_ogre_next_vendor/lib:/opt/ros/jazzy/opt/gz_dartsim_vendor/lib:/opt/ros/jazzy/opt/gz_cmake_vendor/lib:/opt/ros/jazzy/lib:/lib/x86_64-linux-gnu:/usr/lib/x86_64-linux-gnu PYTHONPATH=/home/wojciech/Workspaces/ROS2/SCARA/install/scara_msgs/lib/python3.12/site-packages:${PYTHONPATH} /usr/bin/cmake --build /home/wojciech/Workspaces/ROS2/SCARA/build/scara_utils -- -j12 -l12
[8.344s] DEBUG:colcon.colcon_core.event_handler.log_command:Invoked command in '/home/wojciech/Workspaces/ROS2/SCARA/build/scara_utils' returned '0': AMENT_PREFIX_PATH=/home/wojciech/Workspaces/ROS2/SCARA/install/scara_msgs:${AMENT_PREFIX_PATH} CMAKE_PREFIX_PATH=/home/wojciech/Workspaces/ROS2/SCARA/install/scara_msgs:/opt/ros/jazzy/opt/gz_sim_vendor:/opt/ros/jazzy/opt/gz_sensors_vendor:/opt/ros/jazzy/opt/gz_physics_vendor:/opt/ros/jazzy/opt/sdformat_vendor:/opt/ros/jazzy/opt/gz_gui_vendor:/opt/ros/jazzy/opt/gz_transport_vendor:/opt/ros/jazzy/opt/gz_rendering_vendor:/opt/ros/jazzy/opt/gz_plugin_vendor:/opt/ros/jazzy/opt/gz_fuel_tools_vendor:/opt/ros/jazzy/opt/gz_msgs_vendor:/opt/ros/jazzy/opt/gz_common_vendor:/opt/ros/jazzy/opt/gz_math_vendor:/opt/ros/jazzy/opt/gz_utils_vendor:/opt/ros/jazzy/opt/gz_tools_vendor:/opt/ros/jazzy/opt/gz_ogre_next_vendor:/opt/ros/jazzy/opt/gz_dartsim_vendor:/opt/ros/jazzy/opt/gz_cmake_vendor:/opt/ros/jazzy DEBUGINFOD_URLS=https://debuginfod.ubuntu.com LD_LIBRARY_PATH=/home/wojciech/Workspaces/ROS2/SCARA/install/scara_msgs/lib:/lib/x86_64-linux-gnu:/usr/lib/x86_64-linux-gnu:/opt/ros/jazzy/opt/gz_sim_vendor/lib:/opt/ros/jazzy/opt/gz_sensors_vendor/lib:/opt/ros/jazzy/opt/gz_physics_vendor/lib:/opt/ros/jazzy/opt/sdformat_vendor/lib:/opt/ros/jazzy/opt/rviz_ogre_vendor/lib:/opt/ros/jazzy/lib/x86_64-linux-gnu:/opt/ros/jazzy/opt/gz_gui_vendor/lib:/opt/ros/jazzy/opt/gz_transport_vendor/lib:/opt/ros/jazzy/opt/gz_rendering_vendor/lib:/opt/ros/jazzy/opt/gz_plugin_vendor/lib:/opt/ros/jazzy/opt/gz_fuel_tools_vendor/lib:/opt/ros/jazzy/opt/gz_msgs_vendor/lib:/opt/ros/jazzy/opt/gz_common_vendor/lib:/opt/ros/jazzy/opt/gz_math_vendor/lib:/opt/ros/jazzy/opt/gz_utils_vendor/lib:/opt/ros/jazzy/opt/gz_tools_vendor/lib:/opt/ros/jazzy/opt/gz_ogre_next_vendor/lib:/opt/ros/jazzy/opt/gz_dartsim_vendor/lib:/opt/ros/jazzy/opt/gz_cmake_vendor/lib:/opt/ros/jazzy/lib:/lib/x86_64-linux-gnu:/usr/lib/x86_64-linux-gnu PYTHONPATH=/home/wojciech/Workspaces/ROS2/SCARA/install/scara_msgs/lib/python3.12/site-packages:${PYTHONPATH} /usr/bin/cmake --build /home/wojciech/Workspaces/ROS2/SCARA/build/scara_utils -- -j12 -l12
[8.345s] DEBUG:colcon.colcon_core.event_handler.log_command:Invoking command in '/home/wojciech/Workspaces/ROS2/SCARA/build/scara_utils': AMENT_PREFIX_PATH=/home/wojciech/Workspaces/ROS2/SCARA/install/scara_msgs:${AMENT_PREFIX_PATH} CMAKE_PREFIX_PATH=/home/wojciech/Workspaces/ROS2/SCARA/install/scara_msgs:/opt/ros/jazzy/opt/gz_sim_vendor:/opt/ros/jazzy/opt/gz_sensors_vendor:/opt/ros/jazzy/opt/gz_physics_vendor:/opt/ros/jazzy/opt/sdformat_vendor:/opt/ros/jazzy/opt/gz_gui_vendor:/opt/ros/jazzy/opt/gz_transport_vendor:/opt/ros/jazzy/opt/gz_rendering_vendor:/opt/ros/jazzy/opt/gz_plugin_vendor:/opt/ros/jazzy/opt/gz_fuel_tools_vendor:/opt/ros/jazzy/opt/gz_msgs_vendor:/opt/ros/jazzy/opt/gz_common_vendor:/opt/ros/jazzy/opt/gz_math_vendor:/opt/ros/jazzy/opt/gz_utils_vendor:/opt/ros/jazzy/opt/gz_tools_vendor:/opt/ros/jazzy/opt/gz_ogre_next_vendor:/opt/ros/jazzy/opt/gz_dartsim_vendor:/opt/ros/jazzy/opt/gz_cmake_vendor:/opt/ros/jazzy DEBUGINFOD_URLS=https://debuginfod.ubuntu.com LD_LIBRARY_PATH=/home/wojciech/Workspaces/ROS2/SCARA/install/scara_msgs/lib:/lib/x86_64-linux-gnu:/usr/lib/x86_64-linux-gnu:/opt/ros/jazzy/opt/gz_sim_vendor/lib:/opt/ros/jazzy/opt/gz_sensors_vendor/lib:/opt/ros/jazzy/opt/gz_physics_vendor/lib:/opt/ros/jazzy/opt/sdformat_vendor/lib:/opt/ros/jazzy/opt/rviz_ogre_vendor/lib:/opt/ros/jazzy/lib/x86_64-linux-gnu:/opt/ros/jazzy/opt/gz_gui_vendor/lib:/opt/ros/jazzy/opt/gz_transport_vendor/lib:/opt/ros/jazzy/opt/gz_rendering_vendor/lib:/opt/ros/jazzy/opt/gz_plugin_vendor/lib:/opt/ros/jazzy/opt/gz_fuel_tools_vendor/lib:/opt/ros/jazzy/opt/gz_msgs_vendor/lib:/opt/ros/jazzy/opt/gz_common_vendor/lib:/opt/ros/jazzy/opt/gz_math_vendor/lib:/opt/ros/jazzy/opt/gz_utils_vendor/lib:/opt/ros/jazzy/opt/gz_tools_vendor/lib:/opt/ros/jazzy/opt/gz_ogre_next_vendor/lib:/opt/ros/jazzy/opt/gz_dartsim_vendor/lib:/opt/ros/jazzy/opt/gz_cmake_vendor/lib:/opt/ros/jazzy/lib:/lib/x86_64-linux-gnu:/usr/lib/x86_64-linux-gnu PYTHONPATH=/home/wojciech/Workspaces/ROS2/SCARA/install/scara_msgs/lib/python3.12/site-packages:${PYTHONPATH} /usr/bin/cmake --install /home/wojciech/Workspaces/ROS2/SCARA/build/scara_utils
[8.354s] Level 1:colcon.colcon_core.environment:create_environment_scripts_only(scara_utils)
[8.354s] Level 1:colcon.colcon_core.environment:checking '/home/wojciech/Workspaces/ROS2/SCARA/install/scara_utils' for CMake module files
[8.354s] DEBUG:colcon.colcon_core.event_handler.log_command:Invoked command in '/home/wojciech/Workspaces/ROS2/SCARA/build/scara_utils' returned '0': AMENT_PREFIX_PATH=/home/wojciech/Workspaces/ROS2/SCARA/install/scara_msgs:${AMENT_PREFIX_PATH} CMAKE_PREFIX_PATH=/home/wojciech/Workspaces/ROS2/SCARA/install/scara_msgs:/opt/ros/jazzy/opt/gz_sim_vendor:/opt/ros/jazzy/opt/gz_sensors_vendor:/opt/ros/jazzy/opt/gz_physics_vendor:/opt/ros/jazzy/opt/sdformat_vendor:/opt/ros/jazzy/opt/gz_gui_vendor:/opt/ros/jazzy/opt/gz_transport_vendor:/opt/ros/jazzy/opt/gz_rendering_vendor:/opt/ros/jazzy/opt/gz_plugin_vendor:/opt/ros/jazzy/opt/gz_fuel_tools_vendor:/opt/ros/jazzy/opt/gz_msgs_vendor:/opt/ros/jazzy/opt/gz_common_vendor:/opt/ros/jazzy/opt/gz_math_vendor:/opt/ros/jazzy/opt/gz_utils_vendor:/opt/ros/jazzy/opt/gz_tools_vendor:/opt/ros/jazzy/opt/gz_ogre_next_vendor:/opt/ros/jazzy/opt/gz_dartsim_vendor:/opt/ros/jazzy/opt/gz_cmake_vendor:/opt/ros/jazzy DEBUGINFOD_URLS=https://debuginfod.ubuntu.com LD_LIBRARY_PATH=/home/wojciech/Workspaces/ROS2/SCARA/install/scara_msgs/lib:/lib/x86_64-linux-gnu:/usr/lib/x86_64-linux-gnu:/opt/ros/jazzy/opt/gz_sim_vendor/lib:/opt/ros/jazzy/opt/gz_sensors_vendor/lib:/opt/ros/jazzy/opt/gz_physics_vendor/lib:/opt/ros/jazzy/opt/sdformat_vendor/lib:/opt/ros/jazzy/opt/rviz_ogre_vendor/lib:/opt/ros/jazzy/lib/x86_64-linux-gnu:/opt/ros/jazzy/opt/gz_gui_vendor/lib:/opt/ros/jazzy/opt/gz_transport_vendor/lib:/opt/ros/jazzy/opt/gz_rendering_vendor/lib:/opt/ros/jazzy/opt/gz_plugin_vendor/lib:/opt/ros/jazzy/opt/gz_fuel_tools_vendor/lib:/opt/ros/jazzy/opt/gz_msgs_vendor/lib:/opt/ros/jazzy/opt/gz_common_vendor/lib:/opt/ros/jazzy/opt/gz_math_vendor/lib:/opt/ros/jazzy/opt/gz_utils_vendor/lib:/opt/ros/jazzy/opt/gz_tools_vendor/lib:/opt/ros/jazzy/opt/gz_ogre_next_vendor/lib:/opt/ros/jazzy/opt/gz_dartsim_vendor/lib:/opt/ros/jazzy/opt/gz_cmake_vendor/lib:/opt/ros/jazzy/lib:/lib/x86_64-linux-gnu:/usr/lib/x86_64-linux-gnu PYTHONPATH=/home/wojciech/Workspaces/ROS2/SCARA/install/scara_msgs/lib/python3.12/site-packages:${PYTHONPATH} /usr/bin/cmake --install /home/wojciech/Workspaces/ROS2/SCARA/build/scara_utils
[8.354s] Level 1:colcon.colcon_core.environment:checking '/home/wojciech/Workspaces/ROS2/SCARA/install/scara_utils' for CMake config files
[8.355s] Level 1:colcon.colcon_core.shell:create_environment_hook('scara_utils', 'cmake_prefix_path')
[8.355s] INFO:colcon.colcon_core.shell:Creating environment hook '/home/wojciech/Workspaces/ROS2/SCARA/install/scara_utils/share/scara_utils/hook/cmake_prefix_path.ps1'
[8.355s] INFO:colcon.colcon_core.shell:Creating environment descriptor '/home/wojciech/Workspaces/ROS2/SCARA/install/scara_utils/share/scara_utils/hook/cmake_prefix_path.dsv'
[8.355s] INFO:colcon.colcon_core.shell:Creating environment hook '/home/wojciech/Workspaces/ROS2/SCARA/install/scara_utils/share/scara_utils/hook/cmake_prefix_path.sh'
[8.356s] Level 1:colcon.colcon_core.environment:checking '/home/wojciech/Workspaces/ROS2/SCARA/install/scara_utils/lib'
[8.356s] Level 1:colcon.colcon_core.environment:checking '/home/wojciech/Workspaces/ROS2/SCARA/install/scara_utils/bin'
[8.356s] Level 1:colcon.colcon_core.environment:checking '/home/wojciech/Workspaces/ROS2/SCARA/install/scara_utils/lib/pkgconfig/scara_utils.pc'
[8.356s] Level 1:colcon.colcon_core.environment:checking '/home/wojciech/Workspaces/ROS2/SCARA/install/scara_utils/lib/python3.12/site-packages'
[8.356s] Level 1:colcon.colcon_core.environment:checking '/home/wojciech/Workspaces/ROS2/SCARA/install/scara_utils/bin'
[8.356s] INFO:colcon.colcon_core.shell:Creating package script '/home/wojciech/Workspaces/ROS2/SCARA/install/scara_utils/share/scara_utils/package.ps1'
[8.356s] INFO:colcon.colcon_core.shell:Creating package descriptor '/home/wojciech/Workspaces/ROS2/SCARA/install/scara_utils/share/scara_utils/package.dsv'
[8.357s] INFO:colcon.colcon_core.shell:Creating package script '/home/wojciech/Workspaces/ROS2/SCARA/install/scara_utils/share/scara_utils/package.sh'
[8.357s] INFO:colcon.colcon_core.shell:Creating package script '/home/wojciech/Workspaces/ROS2/SCARA/install/scara_utils/share/scara_utils/package.bash'
[8.357s] INFO:colcon.colcon_core.shell:Creating package script '/home/wojciech/Workspaces/ROS2/SCARA/install/scara_utils/share/scara_utils/package.zsh'
[8.357s] Level 1:colcon.colcon_core.environment:create_file_with_runtime_dependencies(/home/wojciech/Workspaces/ROS2/SCARA/install/scara_utils/share/colcon-core/packages/scara_utils)
[8.357s] Level 1:colcon.colcon_core.environment:create_environment_scripts_only(scara_utils)
[8.357s] Level 1:colcon.colcon_core.environment:checking '/home/wojciech/Workspaces/ROS2/SCARA/install/scara_utils' for CMake module files
[8.358s] Level 1:colcon.colcon_core.environment:checking '/home/wojciech/Workspaces/ROS2/SCARA/install/scara_utils' for CMake config files
[8.358s] Level 1:colcon.colcon_core.shell:create_environment_hook('scara_utils', 'cmake_prefix_path')
[8.358s] INFO:colcon.colcon_core.shell:Creating environment hook '/home/wojciech/Workspaces/ROS2/SCARA/install/scara_utils/share/scara_utils/hook/cmake_prefix_path.ps1'
[8.358s] INFO:colcon.colcon_core.shell:Creating environment descriptor '/home/wojciech/Workspaces/ROS2/SCARA/install/scara_utils/share/scara_utils/hook/cmake_prefix_path.dsv'
[8.358s] INFO:colcon.colcon_core.shell:Creating environment hook '/home/wojciech/Workspaces/ROS2/SCARA/install/scara_utils/share/scara_utils/hook/cmake_prefix_path.sh'
[8.358s] Level 1:colcon.colcon_core.environment:checking '/home/wojciech/Workspaces/ROS2/SCARA/install/scara_utils/lib'
[8.359s] Level 1:colcon.colcon_core.environment:checking '/home/wojciech/Workspaces/ROS2/SCARA/install/scara_utils/bin'
[8.359s] Level 1:colcon.colcon_core.environment:checking '/home/wojciech/Workspaces/ROS2/SCARA/install/scara_utils/lib/pkgconfig/scara_utils.pc'
[8.359s] Level 1:colcon.colcon_core.environment:checking '/home/wojciech/Workspaces/ROS2/SCARA/install/scara_utils/lib/python3.12/site-packages'
[8.359s] Level 1:colcon.colcon_core.environment:checking '/home/wojciech/Workspaces/ROS2/SCARA/install/scara_utils/bin'
[8.359s] INFO:colcon.colcon_core.shell:Creating package script '/home/wojciech/Workspaces/ROS2/SCARA/install/scara_utils/share/scara_utils/package.ps1'
[8.359s] INFO:colcon.colcon_core.shell:Creating package descriptor '/home/wojciech/Workspaces/ROS2/SCARA/install/scara_utils/share/scara_utils/package.dsv'
[8.359s] INFO:colcon.colcon_core.shell:Creating package script '/home/wojciech/Workspaces/ROS2/SCARA/install/scara_utils/share/scara_utils/package.sh'
[8.359s] INFO:colcon.colcon_core.shell:Creating package script '/home/wojciech/Workspaces/ROS2/SCARA/install/scara_utils/share/scara_utils/package.bash'
[8.360s] INFO:colcon.colcon_core.shell:Creating package script '/home/wojciech/Workspaces/ROS2/SCARA/install/scara_utils/share/scara_utils/package.zsh'
[8.360s] Level 1:colcon.colcon_core.environment:create_file_with_runtime_dependencies(/home/wojciech/Workspaces/ROS2/SCARA/install/scara_utils/share/colcon-core/packages/scara_utils)
[8.360s] DEBUG:colcon.colcon_parallel_executor.executor.parallel:closing loop
[8.360s] DEBUG:colcon.colcon_parallel_executor.executor.parallel:loop closed
[8.360s] DEBUG:colcon.colcon_parallel_executor.executor.parallel:run_until_complete finished with '0'
[8.360s] DEBUG:colcon.colcon_core.event_reactor:joining thread
[8.364s] INFO:colcon.colcon_core.plugin_system:Skipping extension 'colcon_notification.desktop_notification.terminal_notifier': Not used on non-Darwin systems
[8.364s] INFO:colcon.colcon_core.plugin_system:Skipping extension 'colcon_notification.desktop_notification.win32': Not used on non-Windows systems
[8.364s] INFO:colcon.colcon_notification.desktop_notification:Sending desktop notification using 'notify2'
[8.372s] DEBUG:colcon.colcon_core.event_reactor:joined thread
[8.372s] INFO:colcon.colcon_core.shell:Creating prefix script '/home/wojciech/Workspaces/ROS2/SCARA/install/local_setup.ps1'
[8.373s] INFO:colcon.colcon_core.shell:Creating prefix util module '/home/wojciech/Workspaces/ROS2/SCARA/install/_local_setup_util_ps1.py'
[8.373s] INFO:colcon.colcon_core.shell:Creating prefix chain script '/home/wojciech/Workspaces/ROS2/SCARA/install/setup.ps1'
[8.374s] INFO:colcon.colcon_core.shell:Creating prefix script '/home/wojciech/Workspaces/ROS2/SCARA/install/local_setup.sh'
[8.374s] INFO:colcon.colcon_core.shell:Creating prefix util module '/home/wojciech/Workspaces/ROS2/SCARA/install/_local_setup_util_sh.py'
[8.375s] INFO:colcon.colcon_core.shell:Creating prefix chain script '/home/wojciech/Workspaces/ROS2/SCARA/install/setup.sh'
[8.375s] INFO:colcon.colcon_core.shell:Creating prefix script '/home/wojciech/Workspaces/ROS2/SCARA/install/local_setup.bash'
[8.375s] INFO:colcon.colcon_core.shell:Creating prefix chain script '/home/wojciech/Workspaces/ROS2/SCARA/install/setup.bash'
[8.376s] INFO:colcon.colcon_core.shell:Creating prefix script '/home/wojciech/Workspaces/ROS2/SCARA/install/local_setup.zsh'
[8.376s] INFO:colcon.colcon_core.shell:Creating prefix chain script '/home/wojciech/Workspaces/ROS2/SCARA/install/setup.zsh'
