[0.013s] Invoking command in '/home/wojciech/Workspaces/ROS2/SCARA/build/scara_description': CMAKE_PREFIX_PATH=${CMAKE_PREFIX_PATH}:/opt/ros/jazzy DEBUGINFOD_URLS=https://debuginfod.ubuntu.com /usr/bin/cmake /home/wojciech/Workspaces/ROS2/SCARA/src/scara_description -DCMAKE_INSTALL_PREFIX=/home/wojciech/Workspaces/ROS2/SCARA/install/scara_description
[0.055s] -- The C compiler identification is GNU 13.3.0
[0.096s] -- The CXX compiler identification is GNU 13.3.0
[0.112s] -- Detecting C compiler ABI info
[0.181s] -- Detecting C compiler ABI info - done
[0.188s] -- Check for working C compiler: /usr/bin/cc - skipped
[0.189s] -- Detecting C compile features
[0.189s] -- Detecting C compile features - done
[0.195s] -- Detecting CXX compiler ABI info
[0.256s] -- Detecting CXX compiler ABI info - done
[0.261s] -- Check for working CXX compiler: /usr/bin/c++ - skipped
[0.262s] -- Detecting CXX compile features
[0.262s] -- Detecting CXX compile features - done
[0.265s] -- Found ament_cmake: 2.5.3 (/opt/ros/jazzy/share/ament_cmake/cmake)
[0.370s] -- Found Python3: /usr/bin/python3 (found version "3.12.3") found components: Interpreter 
[0.467s] -- Found urdf: 2.10.0 (/opt/ros/jazzy/share/urdf/cmake)
[0.508s] -- Found TinyXML2 via Config file: /usr/lib/x86_64-linux-gnu/cmake/tinyxml2
[0.521s] -- Found ament_lint_auto: 0.17.1 (/opt/ros/jazzy/share/ament_lint_auto/cmake)
[0.603s] -- Added test 'flake8' to check Python code syntax and style conventions
[0.604s] -- Configured 'flake8' exclude dirs and/or files: 
[0.604s] -- Added test 'lint_cmake' to check CMake code style
[0.605s] -- Added test 'pep257' to check Python code against some of the docstring style conventions in PEP 257
[0.607s] -- Added test 'xmllint' to check XML markup files
[0.609s] -- Configuring done (0.6s)
[0.611s] -- Generating done (0.0s)
[0.612s] -- Build files have been written to: /home/wojciech/Workspaces/ROS2/SCARA/build/scara_description
[0.618s] Invoked command in '/home/wojciech/Workspaces/ROS2/SCARA/build/scara_description' returned '0': CMAKE_PREFIX_PATH=${CMAKE_PREFIX_PATH}:/opt/ros/jazzy DEBUGINFOD_URLS=https://debuginfod.ubuntu.com /usr/bin/cmake /home/wojciech/Workspaces/ROS2/SCARA/src/scara_description -DCMAKE_INSTALL_PREFIX=/home/wojciech/Workspaces/ROS2/SCARA/install/scara_description
[0.618s] Invoking command in '/home/wojciech/Workspaces/ROS2/SCARA/build/scara_description': CMAKE_PREFIX_PATH=${CMAKE_PREFIX_PATH}:/opt/ros/jazzy DEBUGINFOD_URLS=https://debuginfod.ubuntu.com /usr/bin/cmake --build /home/wojciech/Workspaces/ROS2/SCARA/build/scara_description -- -j12 -l12
[0.645s] Invoked command in '/home/wojciech/Workspaces/ROS2/SCARA/build/scara_description' returned '0': CMAKE_PREFIX_PATH=${CMAKE_PREFIX_PATH}:/opt/ros/jazzy DEBUGINFOD_URLS=https://debuginfod.ubuntu.com /usr/bin/cmake --build /home/wojciech/Workspaces/ROS2/SCARA/build/scara_description -- -j12 -l12
[0.646s] Invoking command in '/home/wojciech/Workspaces/ROS2/SCARA/build/scara_description': CMAKE_PREFIX_PATH=${CMAKE_PREFIX_PATH}:/opt/ros/jazzy DEBUGINFOD_URLS=https://debuginfod.ubuntu.com /usr/bin/cmake --install /home/wojciech/Workspaces/ROS2/SCARA/build/scara_description
[0.651s] -- Install configuration: ""
[0.651s] -- Installing: /home/wojciech/Workspaces/ROS2/SCARA/install/scara_description/share/scara_description/meshes
[0.652s] -- Installing: /home/wojciech/Workspaces/ROS2/SCARA/install/scara_description/share/scara_description/meshes/BASEPLATE.stl
[0.653s] -- Installing: /home/wojciech/Workspaces/ROS2/SCARA/install/scara_description/share/scara_description/meshes/CAP.stl
[0.653s] -- Installing: /home/wojciech/Workspaces/ROS2/SCARA/install/scara_description/share/scara_description/meshes/ARM_TOP.stl
[0.654s] -- Installing: /home/wojciech/Workspaces/ROS2/SCARA/install/scara_description/share/scara_description/meshes/Z_BASE.stl
[0.655s] -- Installing: /home/wojciech/Workspaces/ROS2/SCARA/install/scara_description/share/scara_description/meshes/FOREARM.stl
[0.656s] -- Installing: /home/wojciech/Workspaces/ROS2/SCARA/install/scara_description/share/scara_description/meshes/GRIPPER_NAILS.stl
[0.656s] -- Installing: /home/wojciech/Workspaces/ROS2/SCARA/install/scara_description/share/scara_description/meshes/REDUCTION.stl
[0.657s] -- Installing: /home/wojciech/Workspaces/ROS2/SCARA/install/scara_description/share/scara_description/meshes/ARM_BOTTOM.stl
[0.658s] -- Installing: /home/wojciech/Workspaces/ROS2/SCARA/install/scara_description/share/scara_description/meshes/GRIPPER_BASE.stl
[0.658s] -- Installing: /home/wojciech/Workspaces/ROS2/SCARA/install/scara_description/share/scara_description/meshes/RPI_CAM.stl
[0.660s] -- Installing: /home/wojciech/Workspaces/ROS2/SCARA/install/scara_description/share/scara_description/meshes/PEN_HOLDER.stl
[0.660s] -- Installing: /home/wojciech/Workspaces/ROS2/SCARA/install/scara_description/share/scara_description/meshes/TOP_TRIANGLE.stl
[0.660s] -- Installing: /home/wojciech/Workspaces/ROS2/SCARA/install/scara_description/share/scara_description/meshes/MOTORS_TRIANGLE.stl
[0.661s] -- Installing: /home/wojciech/Workspaces/ROS2/SCARA/install/scara_description/share/scara_description/meshes/ARM_HUB.stl
[0.661s] -- Installing: /home/wojciech/Workspaces/ROS2/SCARA/install/scara_description/share/scara_description/meshes/CABLES_CAP.stl
[0.662s] -- Installing: /home/wojciech/Workspaces/ROS2/SCARA/install/scara_description/share/scara_description/urdf
[0.662s] -- Installing: /home/wojciech/Workspaces/ROS2/SCARA/install/scara_description/share/scara_description/urdf/scara_gazebo.xacro
[0.662s] -- Installing: /home/wojciech/Workspaces/ROS2/SCARA/install/scara_description/share/scara_description/urdf/scara.urdf.xacro
[0.662s] -- Installing: /home/wojciech/Workspaces/ROS2/SCARA/install/scara_description/share/scara_description/urdf/scara_ros2_control.xacro
[0.662s] -- Installing: /home/wojciech/Workspaces/ROS2/SCARA/install/scara_description/share/scara_description/launch
[0.662s] -- Installing: /home/wojciech/Workspaces/ROS2/SCARA/install/scara_description/share/scara_description/launch/display.launch.py
[0.662s] -- Installing: /home/wojciech/Workspaces/ROS2/SCARA/install/scara_description/share/scara_description/launch/gazebo.launch.py
[0.662s] -- Installing: /home/wojciech/Workspaces/ROS2/SCARA/install/scara_description/share/scara_description/rviz
[0.662s] -- Installing: /home/wojciech/Workspaces/ROS2/SCARA/install/scara_description/share/scara_description/rviz/display.rviz
[0.663s] -- Installing: /home/wojciech/Workspaces/ROS2/SCARA/install/scara_description/share/ament_index/resource_index/package_run_dependencies/scara_description
[0.663s] -- Installing: /home/wojciech/Workspaces/ROS2/SCARA/install/scara_description/share/ament_index/resource_index/parent_prefix_path/scara_description
[0.663s] -- Installing: /home/wojciech/Workspaces/ROS2/SCARA/install/scara_description/share/scara_description/environment/ament_prefix_path.sh
[0.663s] -- Installing: /home/wojciech/Workspaces/ROS2/SCARA/install/scara_description/share/scara_description/environment/ament_prefix_path.dsv
[0.663s] -- Installing: /home/wojciech/Workspaces/ROS2/SCARA/install/scara_description/share/scara_description/environment/path.sh
[0.663s] -- Installing: /home/wojciech/Workspaces/ROS2/SCARA/install/scara_description/share/scara_description/environment/path.dsv
[0.663s] -- Installing: /home/wojciech/Workspaces/ROS2/SCARA/install/scara_description/share/scara_description/local_setup.bash
[0.663s] -- Installing: /home/wojciech/Workspaces/ROS2/SCARA/install/scara_description/share/scara_description/local_setup.sh
[0.664s] -- Installing: /home/wojciech/Workspaces/ROS2/SCARA/install/scara_description/share/scara_description/local_setup.zsh
[0.664s] -- Installing: /home/wojciech/Workspaces/ROS2/SCARA/install/scara_description/share/scara_description/local_setup.dsv
[0.664s] -- Installing: /home/wojciech/Workspaces/ROS2/SCARA/install/scara_description/share/scara_description/package.dsv
[0.664s] -- Installing: /home/wojciech/Workspaces/ROS2/SCARA/install/scara_description/share/ament_index/resource_index/packages/scara_description
[0.664s] -- Installing: /home/wojciech/Workspaces/ROS2/SCARA/install/scara_description/share/scara_description/cmake/scara_descriptionConfig.cmake
[0.664s] -- Installing: /home/wojciech/Workspaces/ROS2/SCARA/install/scara_description/share/scara_description/cmake/scara_descriptionConfig-version.cmake
[0.664s] -- Installing: /home/wojciech/Workspaces/ROS2/SCARA/install/scara_description/share/scara_description/package.xml
[0.666s] Invoked command in '/home/wojciech/Workspaces/ROS2/SCARA/build/scara_description' returned '0': CMAKE_PREFIX_PATH=${CMAKE_PREFIX_PATH}:/opt/ros/jazzy DEBUGINFOD_URLS=https://debuginfod.ubuntu.com /usr/bin/cmake --install /home/wojciech/Workspaces/ROS2/SCARA/build/scara_description
