[0.009s] Invoking command in '/home/wojciech/Workspaces/ROS2/SCARA/build/scara_moveit': CMAKE_PREFIX_PATH=${CMAKE_PREFIX_PATH}:/opt/ros/jazzy DEBUGINFOD_URLS=https://debuginfod.ubuntu.com /usr/bin/cmake --build /home/wojciech/Workspaces/ROS2/SCARA/build/scara_moveit -- -j12 -l12
[0.027s] -- Found ament_cmake: 2.5.3 (/opt/ros/jazzy/share/ament_cmake/cmake)
[0.179s] -- Found ament_lint_auto: 0.17.1 (/opt/ros/jazzy/share/ament_lint_auto/cmake)
[0.250s] -- Added test 'copyright' to check source files copyright and LICENSE
[0.252s] -- Added test 'flake8' to check Python code syntax and style conventions
[0.252s] -- Configured 'flake8' exclude dirs and/or files: 
[0.253s] -- Added test 'lint_cmake' to check CMake code style
[0.253s] -- Added test 'pep257' to check Python code against some of the docstring style conventions in PEP 257
[0.255s] -- Added test 'xmllint' to check XML markup files
[0.255s] -- Configuring done (0.2s)
[0.258s] -- Generating done (0.0s)
[0.259s] -- Build files have been written to: /home/wojciech/Workspaces/ROS2/SCARA/build/scara_moveit
[0.276s] Invoked command in '/home/wojciech/Workspaces/ROS2/SCARA/build/scara_moveit' returned '0': CMAKE_PREFIX_PATH=${CMAKE_PREFIX_PATH}:/opt/ros/jazzy DEBUGINFOD_URLS=https://debuginfod.ubuntu.com /usr/bin/cmake --build /home/wojciech/Workspaces/ROS2/SCARA/build/scara_moveit -- -j12 -l12
[0.277s] Invoking command in '/home/wojciech/Workspaces/ROS2/SCARA/build/scara_moveit': CMAKE_PREFIX_PATH=${CMAKE_PREFIX_PATH}:/opt/ros/jazzy DEBUGINFOD_URLS=https://debuginfod.ubuntu.com /usr/bin/cmake --install /home/wojciech/Workspaces/ROS2/SCARA/build/scara_moveit
[0.283s] -- Install configuration: ""
[0.283s] -- Installing: /home/wojciech/Workspaces/ROS2/SCARA/install/scara_moveit/share/scara_moveit/launch
[0.283s] -- Installing: /home/wojciech/Workspaces/ROS2/SCARA/install/scara_moveit/share/scara_moveit/launch/moveit.launch.py
[0.283s] -- Installing: /home/wojciech/Workspaces/ROS2/SCARA/install/scara_moveit/share/scara_moveit/config
[0.283s] -- Installing: /home/wojciech/Workspaces/ROS2/SCARA/install/scara_moveit/share/scara_moveit/config/moveit.rviz
[0.283s] -- Installing: /home/wojciech/Workspaces/ROS2/SCARA/install/scara_moveit/share/scara_moveit/config/kinematics.yaml
[0.283s] -- Installing: /home/wojciech/Workspaces/ROS2/SCARA/install/scara_moveit/share/scara_moveit/config/planning_python_api.yaml
[0.283s] -- Installing: /home/wojciech/Workspaces/ROS2/SCARA/install/scara_moveit/share/scara_moveit/config/initial_positions.yaml
[0.283s] -- Installing: /home/wojciech/Workspaces/ROS2/SCARA/install/scara_moveit/share/scara_moveit/config/joint_limits.yaml
[0.284s] -- Installing: /home/wojciech/Workspaces/ROS2/SCARA/install/scara_moveit/share/scara_moveit/config/scara.srdf
[0.284s] -- Installing: /home/wojciech/Workspaces/ROS2/SCARA/install/scara_moveit/share/scara_moveit/config/pilz_cartesian_limits.yaml
[0.284s] -- Installing: /home/wojciech/Workspaces/ROS2/SCARA/install/scara_moveit/share/scara_moveit/config/moveit_controllers.yaml
[0.284s] -- Installing: /home/wojciech/Workspaces/ROS2/SCARA/install/scara_moveit/share/ament_index/resource_index/package_run_dependencies/scara_moveit
[0.284s] -- Up-to-date: /home/wojciech/Workspaces/ROS2/SCARA/install/scara_moveit/share/ament_index/resource_index/parent_prefix_path/scara_moveit
[0.284s] -- Up-to-date: /home/wojciech/Workspaces/ROS2/SCARA/install/scara_moveit/share/scara_moveit/environment/ament_prefix_path.sh
[0.284s] -- Up-to-date: /home/wojciech/Workspaces/ROS2/SCARA/install/scara_moveit/share/scara_moveit/environment/ament_prefix_path.dsv
[0.284s] -- Up-to-date: /home/wojciech/Workspaces/ROS2/SCARA/install/scara_moveit/share/scara_moveit/environment/path.sh
[0.284s] -- Up-to-date: /home/wojciech/Workspaces/ROS2/SCARA/install/scara_moveit/share/scara_moveit/environment/path.dsv
[0.284s] -- Up-to-date: /home/wojciech/Workspaces/ROS2/SCARA/install/scara_moveit/share/scara_moveit/local_setup.bash
[0.284s] -- Up-to-date: /home/wojciech/Workspaces/ROS2/SCARA/install/scara_moveit/share/scara_moveit/local_setup.sh
[0.284s] -- Up-to-date: /home/wojciech/Workspaces/ROS2/SCARA/install/scara_moveit/share/scara_moveit/local_setup.zsh
[0.284s] -- Up-to-date: /home/wojciech/Workspaces/ROS2/SCARA/install/scara_moveit/share/scara_moveit/local_setup.dsv
[0.284s] -- Installing: /home/wojciech/Workspaces/ROS2/SCARA/install/scara_moveit/share/scara_moveit/package.dsv
[0.284s] -- Up-to-date: /home/wojciech/Workspaces/ROS2/SCARA/install/scara_moveit/share/ament_index/resource_index/packages/scara_moveit
[0.284s] -- Up-to-date: /home/wojciech/Workspaces/ROS2/SCARA/install/scara_moveit/share/scara_moveit/cmake/scara_moveitConfig.cmake
[0.284s] -- Up-to-date: /home/wojciech/Workspaces/ROS2/SCARA/install/scara_moveit/share/scara_moveit/cmake/scara_moveitConfig-version.cmake
[0.284s] -- Installing: /home/wojciech/Workspaces/ROS2/SCARA/install/scara_moveit/share/scara_moveit/package.xml
[0.286s] Invoked command in '/home/wojciech/Workspaces/ROS2/SCARA/build/scara_moveit' returned '0': CMAKE_PREFIX_PATH=${CMAKE_PREFIX_PATH}:/opt/ros/jazzy DEBUGINFOD_URLS=https://debuginfod.ubuntu.com /usr/bin/cmake --install /home/wojciech/Workspaces/ROS2/SCARA/build/scara_moveit
