[0.013s] Invoking command in '/home/wojciech/Workspaces/ROS2/SCARA/build/scara_msgs': CMAKE_PREFIX_PATH=${CMAKE_PREFIX_PATH}:/opt/ros/jazzy DEBUGINFOD_URLS=https://debuginfod.ubuntu.com /usr/bin/cmake /home/wojciech/Workspaces/ROS2/SCARA/src/scara_msgs -DCMAKE_INSTALL_PREFIX=/home/wojciech/Workspaces/ROS2/SCARA/install/scara_msgs
[0.023s] -- Found ament_cmake: 2.5.3 (/opt/ros/jazzy/share/ament_cmake/cmake)
[0.167s] -- Found std_msgs: 5.3.5 (/opt/ros/jazzy/share/std_msgs/cmake)
[0.186s] -- Found rosidl_generator_c: 4.6.5 (/opt/ros/jazzy/share/rosidl_generator_c/cmake)
[0.191s] -- Found rosidl_generator_cpp: 4.6.5 (/opt/ros/jazzy/share/rosidl_generator_cpp/cmake)
[0.199s] -- Using all available rosidl_typesupport_c: rosidl_typesupport_fastrtps_c;rosidl_typesupport_introspection_c
[0.207s] -- Using all available rosidl_typesupport_cpp: rosidl_typesupport_fastrtps_cpp;rosidl_typesupport_introspection_cpp
[0.225s] -- Found rosidl_default_generators: 1.6.0 (/opt/ros/jazzy/share/rosidl_default_generators/cmake)
[0.230s] -- Found rosidl_adapter: 4.6.5 (/opt/ros/jazzy/share/rosidl_adapter/cmake)
[0.630s] -- Found ament_cmake_ros: 0.12.0 (/opt/ros/jazzy/share/ament_cmake_ros/cmake)
[1.047s] -- Using all available rosidl_typesupport_c: rosidl_typesupport_fastrtps_c;rosidl_typesupport_introspection_c
[1.209s] -- Using all available rosidl_typesupport_cpp: rosidl_typesupport_fastrtps_cpp;rosidl_typesupport_introspection_cpp
[1.212s] -- Found python_cmake_module: 0.11.1 (/opt/ros/jazzy/share/python_cmake_module/cmake)
[1.291s] -- Found PythonExtra: /usr/bin/python3  
[1.532s] -- Found Python3: /usr/bin/python3 (found version "3.12.3") found components: Interpreter Development NumPy Development.Module Development.Embed 
[1.555s] -- Found ament_lint_auto: 0.17.1 (/opt/ros/jazzy/share/ament_lint_auto/cmake)
[1.577s] -- Added test 'lint_cmake' to check CMake code style
[1.578s] -- Added test 'xmllint' to check XML markup files
[1.580s] -- Configuring done (1.6s)
[1.605s] -- Generating done (0.0s)
[1.611s] -- Build files have been written to: /home/wojciech/Workspaces/ROS2/SCARA/build/scara_msgs
[1.616s] Invoked command in '/home/wojciech/Workspaces/ROS2/SCARA/build/scara_msgs' returned '0': CMAKE_PREFIX_PATH=${CMAKE_PREFIX_PATH}:/opt/ros/jazzy DEBUGINFOD_URLS=https://debuginfod.ubuntu.com /usr/bin/cmake /home/wojciech/Workspaces/ROS2/SCARA/src/scara_msgs -DCMAKE_INSTALL_PREFIX=/home/wojciech/Workspaces/ROS2/SCARA/install/scara_msgs
[1.617s] Invoking command in '/home/wojciech/Workspaces/ROS2/SCARA/build/scara_msgs': CMAKE_PREFIX_PATH=${CMAKE_PREFIX_PATH}:/opt/ros/jazzy DEBUGINFOD_URLS=https://debuginfod.ubuntu.com /usr/bin/cmake --build /home/wojciech/Workspaces/ROS2/SCARA/build/scara_msgs -- -j12 -l12
[1.652s] [  1%] [34m[1mGenerating type hashes for ROS interfaces[0m
[1.659s] [  1%] Built target ament_cmake_python_copy_scara_msgs
[1.768s] running egg_info
[1.768s] creating scara_msgs.egg-info
[1.777s] writing scara_msgs.egg-info/PKG-INFO
[1.777s] writing dependency_links to scara_msgs.egg-info/dependency_links.txt
[1.777s] writing top-level names to scara_msgs.egg-info/top_level.txt
[1.777s] writing manifest file 'scara_msgs.egg-info/SOURCES.txt'
[1.795s] [  1%] Built target scara_msgs__rosidl_generator_type_description
[1.803s] [  3%] [34m[1mGenerating C code for ROS interfaces[0m
[1.804s] reading manifest file 'scara_msgs.egg-info/SOURCES.txt'
[1.805s] writing manifest file 'scara_msgs.egg-info/SOURCES.txt'
[1.809s] [  5%] [34m[1mGenerating C++ code for ROS interfaces[0m
[1.823s] [  5%] Built target ament_cmake_python_build_scara_msgs_egg
[2.122s] [  5%] Built target scara_msgs__cpp
[2.164s] [  7%] [32mBuilding C object CMakeFiles/scara_msgs__rosidl_generator_c.dir/rosidl_generator_c/scara_msgs/srv/detail/euler_to_quaternion__description.c.o[0m
[2.164s] [  9%] [32mBuilding C object CMakeFiles/scara_msgs__rosidl_generator_c.dir/rosidl_generator_c/scara_msgs/srv/detail/euler_to_quaternion__functions.c.o[0m
[2.165s] [ 11%] [32mBuilding C object CMakeFiles/scara_msgs__rosidl_generator_c.dir/rosidl_generator_c/scara_msgs/srv/detail/quaternion_to_euler__type_support.c.o[0m
[2.165s] [ 12%] [32mBuilding C object CMakeFiles/scara_msgs__rosidl_generator_c.dir/rosidl_generator_c/scara_msgs/srv/detail/euler_to_quaternion__type_support.c.o[0m
[2.165s] [ 14%] [32mBuilding C object CMakeFiles/scara_msgs__rosidl_generator_c.dir/rosidl_generator_c/scara_msgs/srv/detail/quaternion_to_euler__description.c.o[0m
[2.165s] [ 16%] [32mBuilding C object CMakeFiles/scara_msgs__rosidl_generator_c.dir/rosidl_generator_c/scara_msgs/action/detail/scara_task__functions.c.o[0m
[2.165s] [ 18%] [32mBuilding C object CMakeFiles/scara_msgs__rosidl_generator_c.dir/rosidl_generator_c/scara_msgs/srv/detail/quaternion_to_euler__functions.c.o[0m
[2.166s] [ 20%] [32mBuilding C object CMakeFiles/scara_msgs__rosidl_generator_c.dir/rosidl_generator_c/scara_msgs/action/detail/scara_task__description.c.o[0m
[2.166s] [ 22%] [32mBuilding C object CMakeFiles/scara_msgs__rosidl_generator_c.dir/rosidl_generator_c/scara_msgs/action/detail/scara_task__type_support.c.o[0m
[2.256s] [ 24%] [32m[1mLinking C shared library libscara_msgs__rosidl_generator_c.so[0m
[2.283s] [ 24%] Built target scara_msgs__rosidl_generator_c
[2.290s] [ 31%] [34m[1mGenerating C introspection for ROS interfaces[0m
[2.290s] [ 31%] [34m[1mGenerating C++ type support dispatch for ROS interfaces[0m
[2.290s] [ 31%] [34m[1mGenerating C++ type support for eProsima Fast-RTPS[0m
[2.290s] [ 33%] [34m[1mGenerating C type support dispatch for ROS interfaces[0m
[2.290s] [ 33%] [34m[1mGenerating C++ introspection for ROS interfaces[0m
[2.290s] [ 35%] [34m[1mGenerating C type support for eProsima Fast-RTPS[0m
[2.497s] [ 37%] [32mBuilding CXX object CMakeFiles/scara_msgs__rosidl_typesupport_c.dir/rosidl_typesupport_c/scara_msgs/srv/euler_to_quaternion__type_support.cpp.o[0m
[2.497s] [ 38%] [32mBuilding CXX object CMakeFiles/scara_msgs__rosidl_typesupport_c.dir/rosidl_typesupport_c/scara_msgs/action/scara_task__type_support.cpp.o[0m
[2.497s] [ 40%] [32mBuilding CXX object CMakeFiles/scara_msgs__rosidl_typesupport_c.dir/rosidl_typesupport_c/scara_msgs/srv/quaternion_to_euler__type_support.cpp.o[0m
[2.504s] [ 42%] [32mBuilding CXX object CMakeFiles/scara_msgs__rosidl_typesupport_cpp.dir/rosidl_typesupport_cpp/scara_msgs/srv/euler_to_quaternion__type_support.cpp.o[0m
[2.505s] [ 46%] [32mBuilding CXX object CMakeFiles/scara_msgs__rosidl_typesupport_cpp.dir/rosidl_typesupport_cpp/scara_msgs/srv/quaternion_to_euler__type_support.cpp.o[0m
[2.506s] [ 46%] [32mBuilding CXX object CMakeFiles/scara_msgs__rosidl_typesupport_cpp.dir/rosidl_typesupport_cpp/scara_msgs/action/scara_task__type_support.cpp.o[0m
[2.545s] [ 48%] [32m[1mLinking CXX shared library libscara_msgs__rosidl_typesupport_c.so[0m
[2.557s] [ 51%] [32mBuilding CXX object CMakeFiles/scara_msgs__rosidl_typesupport_introspection_cpp.dir/rosidl_typesupport_introspection_cpp/scara_msgs/srv/detail/euler_to_quaternion__type_support.cpp.o[0m
[2.557s] [ 51%] [32mBuilding CXX object CMakeFiles/scara_msgs__rosidl_typesupport_introspection_cpp.dir/rosidl_typesupport_introspection_cpp/scara_msgs/srv/detail/quaternion_to_euler__type_support.cpp.o[0m
[2.557s] [ 53%] [32mBuilding CXX object CMakeFiles/scara_msgs__rosidl_typesupport_introspection_cpp.dir/rosidl_typesupport_introspection_cpp/scara_msgs/action/detail/scara_task__type_support.cpp.o[0m
[2.581s] [ 53%] Built target scara_msgs__rosidl_typesupport_c
[2.584s] [ 55%] [32mBuilding C object CMakeFiles/scara_msgs__rosidl_typesupport_introspection_c.dir/rosidl_typesupport_introspection_c/scara_msgs/srv/detail/euler_to_quaternion__type_support.c.o[0m
[2.585s] [ 57%] [32mBuilding C object CMakeFiles/scara_msgs__rosidl_typesupport_introspection_c.dir/rosidl_typesupport_introspection_c/scara_msgs/action/detail/scara_task__type_support.c.o[0m
[2.585s] [ 59%] [32mBuilding C object CMakeFiles/scara_msgs__rosidl_typesupport_introspection_c.dir/rosidl_typesupport_introspection_c/scara_msgs/srv/detail/quaternion_to_euler__type_support.c.o[0m
[2.634s] [ 61%] [32m[1mLinking C shared library libscara_msgs__rosidl_typesupport_introspection_c.so[0m
[2.659s] [ 61%] Built target scara_msgs__rosidl_typesupport_introspection_c
[2.686s] [ 64%] [32mBuilding CXX object CMakeFiles/scara_msgs__rosidl_typesupport_fastrtps_cpp.dir/rosidl_typesupport_fastrtps_cpp/scara_msgs/srv/detail/dds_fastrtps/quaternion_to_euler__type_support.cpp.o[0m
[2.686s] [ 64%] [32mBuilding CXX object CMakeFiles/scara_msgs__rosidl_typesupport_fastrtps_cpp.dir/rosidl_typesupport_fastrtps_cpp/scara_msgs/srv/detail/dds_fastrtps/euler_to_quaternion__type_support.cpp.o[0m
[2.686s] [ 66%] [32mBuilding CXX object CMakeFiles/scara_msgs__rosidl_typesupport_fastrtps_cpp.dir/rosidl_typesupport_fastrtps_cpp/scara_msgs/action/detail/dds_fastrtps/scara_task__type_support.cpp.o[0m
[2.752s] [ 72%] [32mBuilding CXX object CMakeFiles/scara_msgs__rosidl_typesupport_fastrtps_c.dir/rosidl_typesupport_fastrtps_c/scara_msgs/srv/detail/euler_to_quaternion__type_support_c.cpp.o[0m
[2.752s] [ 72%] [32mBuilding CXX object CMakeFiles/scara_msgs__rosidl_typesupport_fastrtps_c.dir/rosidl_typesupport_fastrtps_c/scara_msgs/action/detail/scara_task__type_support_c.cpp.o[0m
[2.753s] [ 72%] [32mBuilding CXX object CMakeFiles/scara_msgs__rosidl_typesupport_fastrtps_c.dir/rosidl_typesupport_fastrtps_c/scara_msgs/srv/detail/quaternion_to_euler__type_support_c.cpp.o[0m
[2.995s] [ 74%] [32m[1mLinking CXX shared library libscara_msgs__rosidl_typesupport_cpp.so[0m
[3.056s] [ 74%] Built target scara_msgs__rosidl_typesupport_cpp
[3.076s] [ 75%] [32m[1mLinking CXX shared library libscara_msgs__rosidl_typesupport_introspection_cpp.so[0m
[3.126s] [ 75%] Built target scara_msgs__rosidl_typesupport_introspection_cpp
[3.144s] [ 77%] [32m[1mLinking CXX shared library libscara_msgs__rosidl_typesupport_fastrtps_c.so[0m
[3.180s] [ 77%] Built target scara_msgs__rosidl_typesupport_fastrtps_c
[3.243s] [ 79%] [32m[1mLinking CXX shared library libscara_msgs__rosidl_typesupport_fastrtps_cpp.so[0m
[3.293s] [ 79%] Built target scara_msgs__rosidl_typesupport_fastrtps_cpp
[3.307s] [ 79%] Built target scara_msgs
[3.321s] [ 81%] [34m[1mGenerating Python code for ROS interfaces[0m
[3.861s] [ 81%] Built target scara_msgs__py
[3.876s] [ 83%] [32mBuilding C object CMakeFiles/scara_msgs__rosidl_generator_py.dir/rosidl_generator_py/scara_msgs/srv/_euler_to_quaternion_s.c.o[0m
[3.876s] [ 85%] [32mBuilding C object CMakeFiles/scara_msgs__rosidl_generator_py.dir/rosidl_generator_py/scara_msgs/action/_scara_task_s.c.o[0m
[3.877s] [ 87%] [32mBuilding C object CMakeFiles/scara_msgs__rosidl_generator_py.dir/rosidl_generator_py/scara_msgs/srv/_quaternion_to_euler_s.c.o[0m
[3.988s] [ 88%] [32m[1mLinking C shared library libscara_msgs__rosidl_generator_py.so[0m
[4.019s] [ 88%] Built target scara_msgs__rosidl_generator_py
[4.033s] [ 90%] [32mBuilding C object CMakeFiles/scara_msgs_s__rosidl_typesupport_introspection_c.dir/rosidl_generator_py/scara_msgs/_scara_msgs_s.ep.rosidl_typesupport_introspection_c.c.o[0m
[4.034s] [ 92%] [32mBuilding C object CMakeFiles/scara_msgs_s__rosidl_typesupport_fastrtps_c.dir/rosidl_generator_py/scara_msgs/_scara_msgs_s.ep.rosidl_typesupport_fastrtps_c.c.o[0m
[4.034s] [ 94%] [32mBuilding C object CMakeFiles/scara_msgs_s__rosidl_typesupport_c.dir/rosidl_generator_py/scara_msgs/_scara_msgs_s.ep.rosidl_typesupport_c.c.o[0m
[4.116s] [ 98%] [32m[1mLinking C shared module rosidl_generator_py/scara_msgs/scara_msgs_s__rosidl_typesupport_c.so[0m
[4.116s] [ 98%] [32m[1mLinking C shared module rosidl_generator_py/scara_msgs/scara_msgs_s__rosidl_typesupport_introspection_c.so[0m
[4.119s] [100%] [32m[1mLinking C shared module rosidl_generator_py/scara_msgs/scara_msgs_s__rosidl_typesupport_fastrtps_c.so[0m
[4.139s] [100%] Built target scara_msgs_s__rosidl_typesupport_c
[4.139s] [100%] Built target scara_msgs_s__rosidl_typesupport_introspection_c
[4.141s] [100%] Built target scara_msgs_s__rosidl_typesupport_fastrtps_c
[4.150s] Invoked command in '/home/wojciech/Workspaces/ROS2/SCARA/build/scara_msgs' returned '0': CMAKE_PREFIX_PATH=${CMAKE_PREFIX_PATH}:/opt/ros/jazzy DEBUGINFOD_URLS=https://debuginfod.ubuntu.com /usr/bin/cmake --build /home/wojciech/Workspaces/ROS2/SCARA/build/scara_msgs -- -j12 -l12
[4.151s] Invoking command in '/home/wojciech/Workspaces/ROS2/SCARA/build/scara_msgs': CMAKE_PREFIX_PATH=${CMAKE_PREFIX_PATH}:/opt/ros/jazzy DEBUGINFOD_URLS=https://debuginfod.ubuntu.com /usr/bin/cmake --install /home/wojciech/Workspaces/ROS2/SCARA/build/scara_msgs
[4.157s] -- Install configuration: ""
[4.157s] -- Installing: /home/wojciech/Workspaces/ROS2/SCARA/install/scara_msgs/share/ament_index/resource_index/rosidl_interfaces/scara_msgs
[4.157s] -- Installing: /home/wojciech/Workspaces/ROS2/SCARA/install/scara_msgs/share/scara_msgs/srv/EulerToQuaternion.json
[4.157s] -- Installing: /home/wojciech/Workspaces/ROS2/SCARA/install/scara_msgs/share/scara_msgs/srv/QuaternionToEuler.json
[4.157s] -- Installing: /home/wojciech/Workspaces/ROS2/SCARA/install/scara_msgs/share/scara_msgs/action/ScaraTask.json
[4.157s] -- Installing: /home/wojciech/Workspaces/ROS2/SCARA/install/scara_msgs/include/scara_msgs/scara_msgs
[4.157s] -- Installing: /home/wojciech/Workspaces/ROS2/SCARA/install/scara_msgs/include/scara_msgs/scara_msgs/msg
[4.157s] -- Installing: /home/wojciech/Workspaces/ROS2/SCARA/install/scara_msgs/include/scara_msgs/scara_msgs/msg/rosidl_generator_c__visibility_control.h
[4.157s] -- Installing: /home/wojciech/Workspaces/ROS2/SCARA/install/scara_msgs/include/scara_msgs/scara_msgs/action
[4.157s] -- Installing: /home/wojciech/Workspaces/ROS2/SCARA/install/scara_msgs/include/scara_msgs/scara_msgs/action/detail
[4.157s] -- Installing: /home/wojciech/Workspaces/ROS2/SCARA/install/scara_msgs/include/scara_msgs/scara_msgs/action/detail/scara_task__functions.c
[4.158s] -- Installing: /home/wojciech/Workspaces/ROS2/SCARA/install/scara_msgs/include/scara_msgs/scara_msgs/action/detail/scara_task__type_support.h
[4.158s] -- Installing: /home/wojciech/Workspaces/ROS2/SCARA/install/scara_msgs/include/scara_msgs/scara_msgs/action/detail/scara_task__functions.h
[4.158s] -- Installing: /home/wojciech/Workspaces/ROS2/SCARA/install/scara_msgs/include/scara_msgs/scara_msgs/action/detail/scara_task__struct.h
[4.158s] -- Installing: /home/wojciech/Workspaces/ROS2/SCARA/install/scara_msgs/include/scara_msgs/scara_msgs/action/detail/scara_task__description.c
[4.158s] -- Installing: /home/wojciech/Workspaces/ROS2/SCARA/install/scara_msgs/include/scara_msgs/scara_msgs/action/detail/scara_task__type_support.c
[4.158s] -- Installing: /home/wojciech/Workspaces/ROS2/SCARA/install/scara_msgs/include/scara_msgs/scara_msgs/action/scara_task.h
[4.158s] -- Installing: /home/wojciech/Workspaces/ROS2/SCARA/install/scara_msgs/include/scara_msgs/scara_msgs/srv
[4.158s] -- Installing: /home/wojciech/Workspaces/ROS2/SCARA/install/scara_msgs/include/scara_msgs/scara_msgs/srv/quaternion_to_euler.h
[4.158s] -- Installing: /home/wojciech/Workspaces/ROS2/SCARA/install/scara_msgs/include/scara_msgs/scara_msgs/srv/detail
[4.158s] -- Installing: /home/wojciech/Workspaces/ROS2/SCARA/install/scara_msgs/include/scara_msgs/scara_msgs/srv/detail/euler_to_quaternion__type_support.c
[4.158s] -- Installing: /home/wojciech/Workspaces/ROS2/SCARA/install/scara_msgs/include/scara_msgs/scara_msgs/srv/detail/quaternion_to_euler__type_support.h
[4.159s] -- Installing: /home/wojciech/Workspaces/ROS2/SCARA/install/scara_msgs/include/scara_msgs/scara_msgs/srv/detail/euler_to_quaternion__struct.h
[4.159s] -- Installing: /home/wojciech/Workspaces/ROS2/SCARA/install/scara_msgs/include/scara_msgs/scara_msgs/srv/detail/euler_to_quaternion__functions.h
[4.159s] -- Installing: /home/wojciech/Workspaces/ROS2/SCARA/install/scara_msgs/include/scara_msgs/scara_msgs/srv/detail/quaternion_to_euler__type_support.c
[4.159s] -- Installing: /home/wojciech/Workspaces/ROS2/SCARA/install/scara_msgs/include/scara_msgs/scara_msgs/srv/detail/euler_to_quaternion__description.c
[4.159s] -- Installing: /home/wojciech/Workspaces/ROS2/SCARA/install/scara_msgs/include/scara_msgs/scara_msgs/srv/detail/quaternion_to_euler__functions.c
[4.159s] -- Installing: /home/wojciech/Workspaces/ROS2/SCARA/install/scara_msgs/include/scara_msgs/scara_msgs/srv/detail/quaternion_to_euler__functions.h
[4.159s] -- Installing: /home/wojciech/Workspaces/ROS2/SCARA/install/scara_msgs/include/scara_msgs/scara_msgs/srv/detail/euler_to_quaternion__functions.c
[4.159s] -- Installing: /home/wojciech/Workspaces/ROS2/SCARA/install/scara_msgs/include/scara_msgs/scara_msgs/srv/detail/euler_to_quaternion__type_support.h
[4.159s] -- Installing: /home/wojciech/Workspaces/ROS2/SCARA/install/scara_msgs/include/scara_msgs/scara_msgs/srv/detail/quaternion_to_euler__struct.h
[4.159s] -- Installing: /home/wojciech/Workspaces/ROS2/SCARA/install/scara_msgs/include/scara_msgs/scara_msgs/srv/detail/quaternion_to_euler__description.c
[4.159s] -- Installing: /home/wojciech/Workspaces/ROS2/SCARA/install/scara_msgs/include/scara_msgs/scara_msgs/srv/euler_to_quaternion.h
[4.159s] -- Installing: /home/wojciech/Workspaces/ROS2/SCARA/install/scara_msgs/share/scara_msgs/environment/library_path.sh
[4.160s] -- Installing: /home/wojciech/Workspaces/ROS2/SCARA/install/scara_msgs/share/scara_msgs/environment/library_path.dsv
[4.160s] -- Installing: /home/wojciech/Workspaces/ROS2/SCARA/install/scara_msgs/lib/libscara_msgs__rosidl_generator_c.so
[4.160s] -- Set non-toolchain portion of runtime path of "/home/wojciech/Workspaces/ROS2/SCARA/install/scara_msgs/lib/libscara_msgs__rosidl_generator_c.so" to ""
[4.160s] -- Up-to-date: /home/wojciech/Workspaces/ROS2/SCARA/install/scara_msgs/include/scara_msgs/scara_msgs
[4.160s] -- Up-to-date: /home/wojciech/Workspaces/ROS2/SCARA/install/scara_msgs/include/scara_msgs/scara_msgs/msg
[4.160s] -- Installing: /home/wojciech/Workspaces/ROS2/SCARA/install/scara_msgs/include/scara_msgs/scara_msgs/msg/rosidl_typesupport_fastrtps_c__visibility_control.h
[4.160s] -- Up-to-date: /home/wojciech/Workspaces/ROS2/SCARA/install/scara_msgs/include/scara_msgs/scara_msgs/action
[4.160s] -- Up-to-date: /home/wojciech/Workspaces/ROS2/SCARA/install/scara_msgs/include/scara_msgs/scara_msgs/action/detail
[4.160s] -- Installing: /home/wojciech/Workspaces/ROS2/SCARA/install/scara_msgs/include/scara_msgs/scara_msgs/action/detail/scara_task__rosidl_typesupport_fastrtps_c.h
[4.160s] -- Up-to-date: /home/wojciech/Workspaces/ROS2/SCARA/install/scara_msgs/include/scara_msgs/scara_msgs/srv
[4.160s] -- Up-to-date: /home/wojciech/Workspaces/ROS2/SCARA/install/scara_msgs/include/scara_msgs/scara_msgs/srv/detail
[4.161s] -- Installing: /home/wojciech/Workspaces/ROS2/SCARA/install/scara_msgs/include/scara_msgs/scara_msgs/srv/detail/quaternion_to_euler__rosidl_typesupport_fastrtps_c.h
[4.161s] -- Installing: /home/wojciech/Workspaces/ROS2/SCARA/install/scara_msgs/include/scara_msgs/scara_msgs/srv/detail/euler_to_quaternion__rosidl_typesupport_fastrtps_c.h
[4.161s] -- Installing: /home/wojciech/Workspaces/ROS2/SCARA/install/scara_msgs/lib/libscara_msgs__rosidl_typesupport_fastrtps_c.so
[4.161s] -- Set non-toolchain portion of runtime path of "/home/wojciech/Workspaces/ROS2/SCARA/install/scara_msgs/lib/libscara_msgs__rosidl_typesupport_fastrtps_c.so" to ""
[4.161s] -- Up-to-date: /home/wojciech/Workspaces/ROS2/SCARA/install/scara_msgs/include/scara_msgs/scara_msgs
[4.161s] -- Up-to-date: /home/wojciech/Workspaces/ROS2/SCARA/install/scara_msgs/include/scara_msgs/scara_msgs/msg
[4.161s] -- Installing: /home/wojciech/Workspaces/ROS2/SCARA/install/scara_msgs/include/scara_msgs/scara_msgs/msg/rosidl_generator_cpp__visibility_control.hpp
[4.161s] -- Up-to-date: /home/wojciech/Workspaces/ROS2/SCARA/install/scara_msgs/include/scara_msgs/scara_msgs/action
[4.161s] -- Installing: /home/wojciech/Workspaces/ROS2/SCARA/install/scara_msgs/include/scara_msgs/scara_msgs/action/scara_task.hpp
[4.161s] -- Up-to-date: /home/wojciech/Workspaces/ROS2/SCARA/install/scara_msgs/include/scara_msgs/scara_msgs/action/detail
[4.161s] -- Installing: /home/wojciech/Workspaces/ROS2/SCARA/install/scara_msgs/include/scara_msgs/scara_msgs/action/detail/scara_task__struct.hpp
[4.161s] -- Installing: /home/wojciech/Workspaces/ROS2/SCARA/install/scara_msgs/include/scara_msgs/scara_msgs/action/detail/scara_task__traits.hpp
[4.161s] -- Installing: /home/wojciech/Workspaces/ROS2/SCARA/install/scara_msgs/include/scara_msgs/scara_msgs/action/detail/scara_task__builder.hpp
[4.161s] -- Installing: /home/wojciech/Workspaces/ROS2/SCARA/install/scara_msgs/include/scara_msgs/scara_msgs/action/detail/scara_task__type_support.hpp
[4.162s] -- Up-to-date: /home/wojciech/Workspaces/ROS2/SCARA/install/scara_msgs/include/scara_msgs/scara_msgs/srv
[4.162s] -- Up-to-date: /home/wojciech/Workspaces/ROS2/SCARA/install/scara_msgs/include/scara_msgs/scara_msgs/srv/detail
[4.162s] -- Installing: /home/wojciech/Workspaces/ROS2/SCARA/install/scara_msgs/include/scara_msgs/scara_msgs/srv/detail/euler_to_quaternion__builder.hpp
[4.162s] -- Installing: /home/wojciech/Workspaces/ROS2/SCARA/install/scara_msgs/include/scara_msgs/scara_msgs/srv/detail/euler_to_quaternion__traits.hpp
[4.162s] -- Installing: /home/wojciech/Workspaces/ROS2/SCARA/install/scara_msgs/include/scara_msgs/scara_msgs/srv/detail/euler_to_quaternion__type_support.hpp
[4.162s] -- Installing: /home/wojciech/Workspaces/ROS2/SCARA/install/scara_msgs/include/scara_msgs/scara_msgs/srv/detail/quaternion_to_euler__struct.hpp
[4.162s] -- Installing: /home/wojciech/Workspaces/ROS2/SCARA/install/scara_msgs/include/scara_msgs/scara_msgs/srv/detail/euler_to_quaternion__struct.hpp
[4.162s] -- Installing: /home/wojciech/Workspaces/ROS2/SCARA/install/scara_msgs/include/scara_msgs/scara_msgs/srv/detail/quaternion_to_euler__type_support.hpp
[4.162s] -- Installing: /home/wojciech/Workspaces/ROS2/SCARA/install/scara_msgs/include/scara_msgs/scara_msgs/srv/detail/quaternion_to_euler__builder.hpp
[4.162s] -- Installing: /home/wojciech/Workspaces/ROS2/SCARA/install/scara_msgs/include/scara_msgs/scara_msgs/srv/detail/quaternion_to_euler__traits.hpp
[4.162s] -- Installing: /home/wojciech/Workspaces/ROS2/SCARA/install/scara_msgs/include/scara_msgs/scara_msgs/srv/quaternion_to_euler.hpp
[4.162s] -- Installing: /home/wojciech/Workspaces/ROS2/SCARA/install/scara_msgs/include/scara_msgs/scara_msgs/srv/euler_to_quaternion.hpp
[4.163s] -- Up-to-date: /home/wojciech/Workspaces/ROS2/SCARA/install/scara_msgs/include/scara_msgs/scara_msgs
[4.163s] -- Up-to-date: /home/wojciech/Workspaces/ROS2/SCARA/install/scara_msgs/include/scara_msgs/scara_msgs/msg
[4.163s] -- Installing: /home/wojciech/Workspaces/ROS2/SCARA/install/scara_msgs/include/scara_msgs/scara_msgs/msg/rosidl_typesupport_fastrtps_cpp__visibility_control.h
[4.163s] -- Up-to-date: /home/wojciech/Workspaces/ROS2/SCARA/install/scara_msgs/include/scara_msgs/scara_msgs/action
[4.163s] -- Up-to-date: /home/wojciech/Workspaces/ROS2/SCARA/install/scara_msgs/include/scara_msgs/scara_msgs/action/detail
[4.163s] -- Installing: /home/wojciech/Workspaces/ROS2/SCARA/install/scara_msgs/include/scara_msgs/scara_msgs/action/detail/dds_fastrtps
[4.163s] -- Installing: /home/wojciech/Workspaces/ROS2/SCARA/install/scara_msgs/include/scara_msgs/scara_msgs/action/detail/scara_task__rosidl_typesupport_fastrtps_cpp.hpp
[4.163s] -- Up-to-date: /home/wojciech/Workspaces/ROS2/SCARA/install/scara_msgs/include/scara_msgs/scara_msgs/srv
[4.163s] -- Up-to-date: /home/wojciech/Workspaces/ROS2/SCARA/install/scara_msgs/include/scara_msgs/scara_msgs/srv/detail
[4.163s] -- Installing: /home/wojciech/Workspaces/ROS2/SCARA/install/scara_msgs/include/scara_msgs/scara_msgs/srv/detail/quaternion_to_euler__rosidl_typesupport_fastrtps_cpp.hpp
[4.163s] -- Installing: /home/wojciech/Workspaces/ROS2/SCARA/install/scara_msgs/include/scara_msgs/scara_msgs/srv/detail/dds_fastrtps
[4.163s] -- Installing: /home/wojciech/Workspaces/ROS2/SCARA/install/scara_msgs/include/scara_msgs/scara_msgs/srv/detail/euler_to_quaternion__rosidl_typesupport_fastrtps_cpp.hpp
[4.163s] -- Installing: /home/wojciech/Workspaces/ROS2/SCARA/install/scara_msgs/lib/libscara_msgs__rosidl_typesupport_fastrtps_cpp.so
[4.164s] -- Set non-toolchain portion of runtime path of "/home/wojciech/Workspaces/ROS2/SCARA/install/scara_msgs/lib/libscara_msgs__rosidl_typesupport_fastrtps_cpp.so" to ""
[4.164s] -- Up-to-date: /home/wojciech/Workspaces/ROS2/SCARA/install/scara_msgs/include/scara_msgs/scara_msgs
[4.164s] -- Up-to-date: /home/wojciech/Workspaces/ROS2/SCARA/install/scara_msgs/include/scara_msgs/scara_msgs/msg
[4.164s] -- Installing: /home/wojciech/Workspaces/ROS2/SCARA/install/scara_msgs/include/scara_msgs/scara_msgs/msg/rosidl_typesupport_introspection_c__visibility_control.h
[4.164s] -- Up-to-date: /home/wojciech/Workspaces/ROS2/SCARA/install/scara_msgs/include/scara_msgs/scara_msgs/action
[4.164s] -- Up-to-date: /home/wojciech/Workspaces/ROS2/SCARA/install/scara_msgs/include/scara_msgs/scara_msgs/action/detail
[4.164s] -- Installing: /home/wojciech/Workspaces/ROS2/SCARA/install/scara_msgs/include/scara_msgs/scara_msgs/action/detail/scara_task__rosidl_typesupport_introspection_c.h
[4.164s] -- Installing: /home/wojciech/Workspaces/ROS2/SCARA/install/scara_msgs/include/scara_msgs/scara_msgs/action/detail/scara_task__type_support.c
[4.164s] -- Up-to-date: /home/wojciech/Workspaces/ROS2/SCARA/install/scara_msgs/include/scara_msgs/scara_msgs/srv
[4.164s] -- Up-to-date: /home/wojciech/Workspaces/ROS2/SCARA/install/scara_msgs/include/scara_msgs/scara_msgs/srv/detail
[4.164s] -- Installing: /home/wojciech/Workspaces/ROS2/SCARA/install/scara_msgs/include/scara_msgs/scara_msgs/srv/detail/euler_to_quaternion__type_support.c
[4.165s] -- Installing: /home/wojciech/Workspaces/ROS2/SCARA/install/scara_msgs/include/scara_msgs/scara_msgs/srv/detail/quaternion_to_euler__type_support.c
[4.165s] -- Installing: /home/wojciech/Workspaces/ROS2/SCARA/install/scara_msgs/include/scara_msgs/scara_msgs/srv/detail/euler_to_quaternion__rosidl_typesupport_introspection_c.h
[4.165s] -- Installing: /home/wojciech/Workspaces/ROS2/SCARA/install/scara_msgs/include/scara_msgs/scara_msgs/srv/detail/quaternion_to_euler__rosidl_typesupport_introspection_c.h
[4.165s] -- Installing: /home/wojciech/Workspaces/ROS2/SCARA/install/scara_msgs/lib/libscara_msgs__rosidl_typesupport_introspection_c.so
[4.165s] -- Set non-toolchain portion of runtime path of "/home/wojciech/Workspaces/ROS2/SCARA/install/scara_msgs/lib/libscara_msgs__rosidl_typesupport_introspection_c.so" to ""
[4.165s] -- Installing: /home/wojciech/Workspaces/ROS2/SCARA/install/scara_msgs/lib/libscara_msgs__rosidl_typesupport_c.so
[4.165s] -- Set non-toolchain portion of runtime path of "/home/wojciech/Workspaces/ROS2/SCARA/install/scara_msgs/lib/libscara_msgs__rosidl_typesupport_c.so" to ""
[4.165s] -- Up-to-date: /home/wojciech/Workspaces/ROS2/SCARA/install/scara_msgs/include/scara_msgs/scara_msgs
[4.165s] -- Up-to-date: /home/wojciech/Workspaces/ROS2/SCARA/install/scara_msgs/include/scara_msgs/scara_msgs/action
[4.165s] -- Up-to-date: /home/wojciech/Workspaces/ROS2/SCARA/install/scara_msgs/include/scara_msgs/scara_msgs/action/detail
[4.166s] -- Installing: /home/wojciech/Workspaces/ROS2/SCARA/install/scara_msgs/include/scara_msgs/scara_msgs/action/detail/scara_task__rosidl_typesupport_introspection_cpp.hpp
[4.166s] -- Installing: /home/wojciech/Workspaces/ROS2/SCARA/install/scara_msgs/include/scara_msgs/scara_msgs/action/detail/scara_task__type_support.cpp
[4.166s] -- Up-to-date: /home/wojciech/Workspaces/ROS2/SCARA/install/scara_msgs/include/scara_msgs/scara_msgs/srv
[4.166s] -- Up-to-date: /home/wojciech/Workspaces/ROS2/SCARA/install/scara_msgs/include/scara_msgs/scara_msgs/srv/detail
[4.166s] -- Installing: /home/wojciech/Workspaces/ROS2/SCARA/install/scara_msgs/include/scara_msgs/scara_msgs/srv/detail/euler_to_quaternion__type_support.cpp
[4.166s] -- Installing: /home/wojciech/Workspaces/ROS2/SCARA/install/scara_msgs/include/scara_msgs/scara_msgs/srv/detail/euler_to_quaternion__rosidl_typesupport_introspection_cpp.hpp
[4.166s] -- Installing: /home/wojciech/Workspaces/ROS2/SCARA/install/scara_msgs/include/scara_msgs/scara_msgs/srv/detail/quaternion_to_euler__rosidl_typesupport_introspection_cpp.hpp
[4.166s] -- Installing: /home/wojciech/Workspaces/ROS2/SCARA/install/scara_msgs/include/scara_msgs/scara_msgs/srv/detail/quaternion_to_euler__type_support.cpp
[4.166s] -- Installing: /home/wojciech/Workspaces/ROS2/SCARA/install/scara_msgs/lib/libscara_msgs__rosidl_typesupport_introspection_cpp.so
[4.167s] -- Set non-toolchain portion of runtime path of "/home/wojciech/Workspaces/ROS2/SCARA/install/scara_msgs/lib/libscara_msgs__rosidl_typesupport_introspection_cpp.so" to ""
[4.167s] -- Installing: /home/wojciech/Workspaces/ROS2/SCARA/install/scara_msgs/lib/libscara_msgs__rosidl_typesupport_cpp.so
[4.167s] -- Set non-toolchain portion of runtime path of "/home/wojciech/Workspaces/ROS2/SCARA/install/scara_msgs/lib/libscara_msgs__rosidl_typesupport_cpp.so" to ""
[4.167s] -- Installing: /home/wojciech/Workspaces/ROS2/SCARA/install/scara_msgs/share/scara_msgs/environment/pythonpath.sh
[4.167s] -- Installing: /home/wojciech/Workspaces/ROS2/SCARA/install/scara_msgs/share/scara_msgs/environment/pythonpath.dsv
[4.167s] -- Installing: /home/wojciech/Workspaces/ROS2/SCARA/install/scara_msgs/lib/python3.12/site-packages/scara_msgs-0.0.0-py3.12.egg-info
[4.167s] -- Installing: /home/wojciech/Workspaces/ROS2/SCARA/install/scara_msgs/lib/python3.12/site-packages/scara_msgs-0.0.0-py3.12.egg-info/SOURCES.txt
[4.167s] -- Installing: /home/wojciech/Workspaces/ROS2/SCARA/install/scara_msgs/lib/python3.12/site-packages/scara_msgs-0.0.0-py3.12.egg-info/PKG-INFO
[4.168s] -- Installing: /home/wojciech/Workspaces/ROS2/SCARA/install/scara_msgs/lib/python3.12/site-packages/scara_msgs-0.0.0-py3.12.egg-info/top_level.txt
[4.168s] -- Installing: /home/wojciech/Workspaces/ROS2/SCARA/install/scara_msgs/lib/python3.12/site-packages/scara_msgs-0.0.0-py3.12.egg-info/dependency_links.txt
[4.168s] -- Installing: /home/wojciech/Workspaces/ROS2/SCARA/install/scara_msgs/lib/python3.12/site-packages/scara_msgs
[4.168s] -- Installing: /home/wojciech/Workspaces/ROS2/SCARA/install/scara_msgs/lib/python3.12/site-packages/scara_msgs/scara_msgs_s__rosidl_typesupport_introspection_c.so
[4.168s] -- Installing: /home/wojciech/Workspaces/ROS2/SCARA/install/scara_msgs/lib/python3.12/site-packages/scara_msgs/scara_msgs_s__rosidl_typesupport_c.so
[4.168s] -- Installing: /home/wojciech/Workspaces/ROS2/SCARA/install/scara_msgs/lib/python3.12/site-packages/scara_msgs/scara_msgs_s__rosidl_typesupport_fastrtps_c.so
[4.168s] -- Installing: /home/wojciech/Workspaces/ROS2/SCARA/install/scara_msgs/lib/python3.12/site-packages/scara_msgs/_scara_msgs_s.ep.rosidl_typesupport_c.c
[4.168s] -- Installing: /home/wojciech/Workspaces/ROS2/SCARA/install/scara_msgs/lib/python3.12/site-packages/scara_msgs/__init__.py
[4.168s] -- Installing: /home/wojciech/Workspaces/ROS2/SCARA/install/scara_msgs/lib/python3.12/site-packages/scara_msgs/_scara_msgs_s.ep.rosidl_typesupport_introspection_c.c
[4.168s] -- Installing: /home/wojciech/Workspaces/ROS2/SCARA/install/scara_msgs/lib/python3.12/site-packages/scara_msgs/action
[4.168s] -- Installing: /home/wojciech/Workspaces/ROS2/SCARA/install/scara_msgs/lib/python3.12/site-packages/scara_msgs/action/_scara_task_s.c
[4.168s] -- Installing: /home/wojciech/Workspaces/ROS2/SCARA/install/scara_msgs/lib/python3.12/site-packages/scara_msgs/action/_scara_task.py
[4.169s] -- Installing: /home/wojciech/Workspaces/ROS2/SCARA/install/scara_msgs/lib/python3.12/site-packages/scara_msgs/action/__init__.py
[4.169s] -- Installing: /home/wojciech/Workspaces/ROS2/SCARA/install/scara_msgs/lib/python3.12/site-packages/scara_msgs/srv
[4.169s] -- Installing: /home/wojciech/Workspaces/ROS2/SCARA/install/scara_msgs/lib/python3.12/site-packages/scara_msgs/srv/_quaternion_to_euler_s.c
[4.169s] -- Installing: /home/wojciech/Workspaces/ROS2/SCARA/install/scara_msgs/lib/python3.12/site-packages/scara_msgs/srv/_quaternion_to_euler.py
[4.169s] -- Installing: /home/wojciech/Workspaces/ROS2/SCARA/install/scara_msgs/lib/python3.12/site-packages/scara_msgs/srv/__init__.py
[4.169s] -- Installing: /home/wojciech/Workspaces/ROS2/SCARA/install/scara_msgs/lib/python3.12/site-packages/scara_msgs/srv/_euler_to_quaternion.py
[4.169s] -- Installing: /home/wojciech/Workspaces/ROS2/SCARA/install/scara_msgs/lib/python3.12/site-packages/scara_msgs/srv/_euler_to_quaternion_s.c
[4.169s] -- Installing: /home/wojciech/Workspaces/ROS2/SCARA/install/scara_msgs/lib/python3.12/site-packages/scara_msgs/_scara_msgs_s.ep.rosidl_typesupport_fastrtps_c.c
[4.201s] Listing '/home/wojciech/Workspaces/ROS2/SCARA/install/scara_msgs/lib/python3.12/site-packages/scara_msgs'...
[4.201s] Compiling '/home/wojciech/Workspaces/ROS2/SCARA/install/scara_msgs/lib/python3.12/site-packages/scara_msgs/__init__.py'...
[4.201s] Listing '/home/wojciech/Workspaces/ROS2/SCARA/install/scara_msgs/lib/python3.12/site-packages/scara_msgs/action'...
[4.201s] Compiling '/home/wojciech/Workspaces/ROS2/SCARA/install/scara_msgs/lib/python3.12/site-packages/scara_msgs/action/__init__.py'...
[4.201s] Compiling '/home/wojciech/Workspaces/ROS2/SCARA/install/scara_msgs/lib/python3.12/site-packages/scara_msgs/action/_scara_task.py'...
[4.201s] Listing '/home/wojciech/Workspaces/ROS2/SCARA/install/scara_msgs/lib/python3.12/site-packages/scara_msgs/srv'...
[4.201s] Compiling '/home/wojciech/Workspaces/ROS2/SCARA/install/scara_msgs/lib/python3.12/site-packages/scara_msgs/srv/__init__.py'...
[4.201s] Compiling '/home/wojciech/Workspaces/ROS2/SCARA/install/scara_msgs/lib/python3.12/site-packages/scara_msgs/srv/_euler_to_quaternion.py'...
[4.201s] Compiling '/home/wojciech/Workspaces/ROS2/SCARA/install/scara_msgs/lib/python3.12/site-packages/scara_msgs/srv/_quaternion_to_euler.py'...
[4.204s] -- Installing: /home/wojciech/Workspaces/ROS2/SCARA/install/scara_msgs/lib/python3.12/site-packages/scara_msgs/scara_msgs_s__rosidl_typesupport_fastrtps_c.so
[4.204s] -- Set non-toolchain portion of runtime path of "/home/wojciech/Workspaces/ROS2/SCARA/install/scara_msgs/lib/python3.12/site-packages/scara_msgs/scara_msgs_s__rosidl_typesupport_fastrtps_c.so" to ""
[4.204s] -- Installing: /home/wojciech/Workspaces/ROS2/SCARA/install/scara_msgs/lib/python3.12/site-packages/scara_msgs/scara_msgs_s__rosidl_typesupport_introspection_c.so
[4.205s] -- Set non-toolchain portion of runtime path of "/home/wojciech/Workspaces/ROS2/SCARA/install/scara_msgs/lib/python3.12/site-packages/scara_msgs/scara_msgs_s__rosidl_typesupport_introspection_c.so" to ""
[4.205s] -- Installing: /home/wojciech/Workspaces/ROS2/SCARA/install/scara_msgs/lib/python3.12/site-packages/scara_msgs/scara_msgs_s__rosidl_typesupport_c.so
[4.205s] -- Set non-toolchain portion of runtime path of "/home/wojciech/Workspaces/ROS2/SCARA/install/scara_msgs/lib/python3.12/site-packages/scara_msgs/scara_msgs_s__rosidl_typesupport_c.so" to ""
[4.205s] -- Installing: /home/wojciech/Workspaces/ROS2/SCARA/install/scara_msgs/lib/libscara_msgs__rosidl_generator_py.so
[4.206s] -- Set non-toolchain portion of runtime path of "/home/wojciech/Workspaces/ROS2/SCARA/install/scara_msgs/lib/libscara_msgs__rosidl_generator_py.so" to ""
[4.206s] -- Installing: /home/wojciech/Workspaces/ROS2/SCARA/install/scara_msgs/share/scara_msgs/srv/EulerToQuaternion.idl
[4.206s] -- Installing: /home/wojciech/Workspaces/ROS2/SCARA/install/scara_msgs/share/scara_msgs/srv/QuaternionToEuler.idl
[4.206s] -- Installing: /home/wojciech/Workspaces/ROS2/SCARA/install/scara_msgs/share/scara_msgs/action/ScaraTask.idl
[4.206s] -- Installing: /home/wojciech/Workspaces/ROS2/SCARA/install/scara_msgs/share/scara_msgs/srv/EulerToQuaternion.srv
[4.206s] -- Installing: /home/wojciech/Workspaces/ROS2/SCARA/install/scara_msgs/share/scara_msgs/srv/QuaternionToEuler.srv
[4.206s] -- Installing: /home/wojciech/Workspaces/ROS2/SCARA/install/scara_msgs/share/scara_msgs/action/ScaraTask.action
[4.206s] -- Installing: /home/wojciech/Workspaces/ROS2/SCARA/install/scara_msgs/share/ament_index/resource_index/package_run_dependencies/scara_msgs
[4.206s] -- Installing: /home/wojciech/Workspaces/ROS2/SCARA/install/scara_msgs/share/ament_index/resource_index/parent_prefix_path/scara_msgs
[4.207s] -- Installing: /home/wojciech/Workspaces/ROS2/SCARA/install/scara_msgs/share/scara_msgs/environment/ament_prefix_path.sh
[4.207s] -- Installing: /home/wojciech/Workspaces/ROS2/SCARA/install/scara_msgs/share/scara_msgs/environment/ament_prefix_path.dsv
[4.207s] -- Installing: /home/wojciech/Workspaces/ROS2/SCARA/install/scara_msgs/share/scara_msgs/environment/path.sh
[4.207s] -- Installing: /home/wojciech/Workspaces/ROS2/SCARA/install/scara_msgs/share/scara_msgs/environment/path.dsv
[4.207s] -- Installing: /home/wojciech/Workspaces/ROS2/SCARA/install/scara_msgs/share/scara_msgs/local_setup.bash
[4.207s] -- Installing: /home/wojciech/Workspaces/ROS2/SCARA/install/scara_msgs/share/scara_msgs/local_setup.sh
[4.207s] -- Installing: /home/wojciech/Workspaces/ROS2/SCARA/install/scara_msgs/share/scara_msgs/local_setup.zsh
[4.207s] -- Installing: /home/wojciech/Workspaces/ROS2/SCARA/install/scara_msgs/share/scara_msgs/local_setup.dsv
[4.207s] -- Installing: /home/wojciech/Workspaces/ROS2/SCARA/install/scara_msgs/share/scara_msgs/package.dsv
[4.207s] -- Installing: /home/wojciech/Workspaces/ROS2/SCARA/install/scara_msgs/share/ament_index/resource_index/packages/scara_msgs
[4.208s] -- Installing: /home/wojciech/Workspaces/ROS2/SCARA/install/scara_msgs/share/scara_msgs/cmake/export_scara_msgs__rosidl_generator_cExport.cmake
[4.208s] -- Installing: /home/wojciech/Workspaces/ROS2/SCARA/install/scara_msgs/share/scara_msgs/cmake/export_scara_msgs__rosidl_generator_cExport-noconfig.cmake
[4.208s] -- Installing: /home/wojciech/Workspaces/ROS2/SCARA/install/scara_msgs/share/scara_msgs/cmake/export_scara_msgs__rosidl_typesupport_fastrtps_cExport.cmake
[4.208s] -- Installing: /home/wojciech/Workspaces/ROS2/SCARA/install/scara_msgs/share/scara_msgs/cmake/export_scara_msgs__rosidl_typesupport_fastrtps_cExport-noconfig.cmake
[4.208s] -- Installing: /home/wojciech/Workspaces/ROS2/SCARA/install/scara_msgs/share/scara_msgs/cmake/export_scara_msgs__rosidl_generator_cppExport.cmake
[4.208s] -- Installing: /home/wojciech/Workspaces/ROS2/SCARA/install/scara_msgs/share/scara_msgs/cmake/export_scara_msgs__rosidl_typesupport_fastrtps_cppExport.cmake
[4.208s] -- Installing: /home/wojciech/Workspaces/ROS2/SCARA/install/scara_msgs/share/scara_msgs/cmake/export_scara_msgs__rosidl_typesupport_fastrtps_cppExport-noconfig.cmake
[4.208s] -- Installing: /home/wojciech/Workspaces/ROS2/SCARA/install/scara_msgs/share/scara_msgs/cmake/scara_msgs__rosidl_typesupport_introspection_cExport.cmake
[4.208s] -- Installing: /home/wojciech/Workspaces/ROS2/SCARA/install/scara_msgs/share/scara_msgs/cmake/scara_msgs__rosidl_typesupport_introspection_cExport-noconfig.cmake
[4.209s] -- Installing: /home/wojciech/Workspaces/ROS2/SCARA/install/scara_msgs/share/scara_msgs/cmake/scara_msgs__rosidl_typesupport_cExport.cmake
[4.209s] -- Installing: /home/wojciech/Workspaces/ROS2/SCARA/install/scara_msgs/share/scara_msgs/cmake/scara_msgs__rosidl_typesupport_cExport-noconfig.cmake
[4.209s] -- Installing: /home/wojciech/Workspaces/ROS2/SCARA/install/scara_msgs/share/scara_msgs/cmake/scara_msgs__rosidl_typesupport_introspection_cppExport.cmake
[4.209s] -- Installing: /home/wojciech/Workspaces/ROS2/SCARA/install/scara_msgs/share/scara_msgs/cmake/scara_msgs__rosidl_typesupport_introspection_cppExport-noconfig.cmake
[4.209s] -- Installing: /home/wojciech/Workspaces/ROS2/SCARA/install/scara_msgs/share/scara_msgs/cmake/scara_msgs__rosidl_typesupport_cppExport.cmake
[4.209s] -- Installing: /home/wojciech/Workspaces/ROS2/SCARA/install/scara_msgs/share/scara_msgs/cmake/scara_msgs__rosidl_typesupport_cppExport-noconfig.cmake
[4.209s] -- Installing: /home/wojciech/Workspaces/ROS2/SCARA/install/scara_msgs/share/scara_msgs/cmake/export_scara_msgs__rosidl_generator_pyExport.cmake
[4.209s] -- Installing: /home/wojciech/Workspaces/ROS2/SCARA/install/scara_msgs/share/scara_msgs/cmake/export_scara_msgs__rosidl_generator_pyExport-noconfig.cmake
[4.209s] -- Installing: /home/wojciech/Workspaces/ROS2/SCARA/install/scara_msgs/share/scara_msgs/cmake/rosidl_cmake-extras.cmake
[4.209s] -- Installing: /home/wojciech/Workspaces/ROS2/SCARA/install/scara_msgs/share/scara_msgs/cmake/ament_cmake_export_dependencies-extras.cmake
[4.209s] -- Installing: /home/wojciech/Workspaces/ROS2/SCARA/install/scara_msgs/share/scara_msgs/cmake/ament_cmake_export_include_directories-extras.cmake
[4.210s] -- Installing: /home/wojciech/Workspaces/ROS2/SCARA/install/scara_msgs/share/scara_msgs/cmake/ament_cmake_export_libraries-extras.cmake
[4.210s] -- Installing: /home/wojciech/Workspaces/ROS2/SCARA/install/scara_msgs/share/scara_msgs/cmake/ament_cmake_export_targets-extras.cmake
[4.210s] -- Installing: /home/wojciech/Workspaces/ROS2/SCARA/install/scara_msgs/share/scara_msgs/cmake/rosidl_cmake_export_typesupport_targets-extras.cmake
[4.210s] -- Installing: /home/wojciech/Workspaces/ROS2/SCARA/install/scara_msgs/share/scara_msgs/cmake/rosidl_cmake_export_typesupport_libraries-extras.cmake
[4.210s] -- Installing: /home/wojciech/Workspaces/ROS2/SCARA/install/scara_msgs/share/scara_msgs/cmake/scara_msgsConfig.cmake
[4.210s] -- Installing: /home/wojciech/Workspaces/ROS2/SCARA/install/scara_msgs/share/scara_msgs/cmake/scara_msgsConfig-version.cmake
[4.210s] -- Installing: /home/wojciech/Workspaces/ROS2/SCARA/install/scara_msgs/share/scara_msgs/package.xml
[4.212s] Invoked command in '/home/wojciech/Workspaces/ROS2/SCARA/build/scara_msgs' returned '0': CMAKE_PREFIX_PATH=${CMAKE_PREFIX_PATH}:/opt/ros/jazzy DEBUGINFOD_URLS=https://debuginfod.ubuntu.com /usr/bin/cmake --install /home/wojciech/Workspaces/ROS2/SCARA/build/scara_msgs
