[0.037s] Invoking command in '/home/wojciech/Workspaces/ROS2/SCARA/build/scara_msgs': CMAKE_PREFIX_PATH=${CMAKE_PREFIX_PATH}:/opt/ros/jazzy DEBUGINFOD_URLS=https://debuginfod.ubuntu.com /usr/bin/cmake --build /home/wojciech/Workspaces/ROS2/SCARA/build/scara_msgs -- -j4 -l4
[0.282s] [  1%] Built target scara_msgs__rosidl_generator_type_description
[0.344s] [  1%] Built target ament_cmake_python_copy_scara_msgs
[0.383s] [  3%] Built target scara_msgs__cpp
[0.438s] [ 24%] Built target scara_msgs__rosidl_generator_c
[0.572s] [ 33%] Built target scara_msgs__rosidl_typesupport_fastrtps_c
[0.604s] [ 42%] Built target scara_msgs__rosidl_typesupport_fastrtps_cpp
[0.610s] [ 51%] Built target scara_msgs__rosidl_typesupport_cpp
[0.660s] [ 61%] Built target scara_msgs__rosidl_typesupport_introspection_c
[0.710s] [ 70%] Built target scara_msgs__rosidl_typesupport_c
[0.769s] [ 79%] Built target scara_msgs__rosidl_typesupport_introspection_cpp
[0.866s] [ 79%] Built target scara_msgs
[0.923s] [ 81%] Built target scara_msgs__py
[0.983s] [ 88%] Built target scara_msgs__rosidl_generator_py
[1.072s] [ 92%] Built target scara_msgs_s__rosidl_typesupport_c
[1.088s] [ 96%] Built target scara_msgs_s__rosidl_typesupport_fastrtps_c
[1.109s] [100%] Built target scara_msgs_s__rosidl_typesupport_introspection_c
[1.223s] running egg_info
[1.310s] writing scara_msgs.egg-info/PKG-INFO
[1.313s] writing dependency_links to scara_msgs.egg-info/dependency_links.txt
[1.313s] writing top-level names to scara_msgs.egg-info/top_level.txt
[1.426s] reading manifest file 'scara_msgs.egg-info/SOURCES.txt'
[1.426s] writing manifest file 'scara_msgs.egg-info/SOURCES.txt'
[1.530s] [100%] Built target ament_cmake_python_build_scara_msgs_egg
[1.586s] Invoked command in '/home/wojciech/Workspaces/ROS2/SCARA/build/scara_msgs' returned '0': CMAKE_PREFIX_PATH=${CMAKE_PREFIX_PATH}:/opt/ros/jazzy DEBUGINFOD_URLS=https://debuginfod.ubuntu.com /usr/bin/cmake --build /home/wojciech/Workspaces/ROS2/SCARA/build/scara_msgs -- -j4 -l4
[1.589s] Invoking command in '/home/wojciech/Workspaces/ROS2/SCARA/build/scara_msgs': CMAKE_PREFIX_PATH=${CMAKE_PREFIX_PATH}:/opt/ros/jazzy DEBUGINFOD_URLS=https://debuginfod.ubuntu.com /usr/bin/cmake --install /home/wojciech/Workspaces/ROS2/SCARA/build/scara_msgs
[1.619s] -- Install configuration: ""
[1.620s] -- Up-to-date: /home/wojciech/Workspaces/ROS2/SCARA/install/scara_msgs/share/ament_index/resource_index/rosidl_interfaces/scara_msgs
[1.622s] -- Up-to-date: /home/wojciech/Workspaces/ROS2/SCARA/install/scara_msgs/share/scara_msgs/srv/EulerToQuaternion.json
[1.622s] -- Up-to-date: /home/wojciech/Workspaces/ROS2/SCARA/install/scara_msgs/share/scara_msgs/srv/QuaternionToEuler.json
[1.623s] -- Up-to-date: /home/wojciech/Workspaces/ROS2/SCARA/install/scara_msgs/share/scara_msgs/action/ScaraTask.json
[1.623s] -- Up-to-date: /home/wojciech/Workspaces/ROS2/SCARA/install/scara_msgs/include/scara_msgs/scara_msgs
[1.623s] -- Up-to-date: /home/wojciech/Workspaces/ROS2/SCARA/install/scara_msgs/include/scara_msgs/scara_msgs/srv
[1.623s] -- Up-to-date: /home/wojciech/Workspaces/ROS2/SCARA/install/scara_msgs/include/scara_msgs/scara_msgs/srv/quaternion_to_euler.h
[1.623s] -- Up-to-date: /home/wojciech/Workspaces/ROS2/SCARA/install/scara_msgs/include/scara_msgs/scara_msgs/srv/detail
[1.624s] -- Up-to-date: /home/wojciech/Workspaces/ROS2/SCARA/install/scara_msgs/include/scara_msgs/scara_msgs/srv/detail/euler_to_quaternion__functions.c
[1.628s] -- Up-to-date: /home/wojciech/Workspaces/ROS2/SCARA/install/scara_msgs/include/scara_msgs/scara_msgs/srv/detail/euler_to_quaternion__type_support.h
[1.629s] -- Up-to-date: /home/wojciech/Workspaces/ROS2/SCARA/install/scara_msgs/include/scara_msgs/scara_msgs/srv/detail/quaternion_to_euler__description.c
[1.629s] -- Installing: /home/wojciech/Workspaces/ROS2/SCARA/install/scara_msgs/include/scara_msgs/scara_msgs/srv/detail/quaternion_to_euler__type_support.c
[1.632s] -- Up-to-date: /home/wojciech/Workspaces/ROS2/SCARA/install/scara_msgs/include/scara_msgs/scara_msgs/srv/detail/euler_to_quaternion__description.c
[1.632s] -- Up-to-date: /home/wojciech/Workspaces/ROS2/SCARA/install/scara_msgs/include/scara_msgs/scara_msgs/srv/detail/quaternion_to_euler__functions.c
[1.632s] -- Up-to-date: /home/wojciech/Workspaces/ROS2/SCARA/install/scara_msgs/include/scara_msgs/scara_msgs/srv/detail/quaternion_to_euler__struct.h
[1.633s] -- Up-to-date: /home/wojciech/Workspaces/ROS2/SCARA/install/scara_msgs/include/scara_msgs/scara_msgs/srv/detail/quaternion_to_euler__type_support.h
[1.633s] -- Up-to-date: /home/wojciech/Workspaces/ROS2/SCARA/install/scara_msgs/include/scara_msgs/scara_msgs/srv/detail/quaternion_to_euler__functions.h
[1.633s] -- Up-to-date: /home/wojciech/Workspaces/ROS2/SCARA/install/scara_msgs/include/scara_msgs/scara_msgs/srv/detail/euler_to_quaternion__struct.h
[1.633s] -- Up-to-date: /home/wojciech/Workspaces/ROS2/SCARA/install/scara_msgs/include/scara_msgs/scara_msgs/srv/detail/euler_to_quaternion__functions.h
[1.633s] -- Installing: /home/wojciech/Workspaces/ROS2/SCARA/install/scara_msgs/include/scara_msgs/scara_msgs/srv/detail/euler_to_quaternion__type_support.c
[1.637s] -- Up-to-date: /home/wojciech/Workspaces/ROS2/SCARA/install/scara_msgs/include/scara_msgs/scara_msgs/srv/euler_to_quaternion.h
[1.641s] -- Up-to-date: /home/wojciech/Workspaces/ROS2/SCARA/install/scara_msgs/include/scara_msgs/scara_msgs/action
[1.641s] -- Up-to-date: /home/wojciech/Workspaces/ROS2/SCARA/install/scara_msgs/include/scara_msgs/scara_msgs/action/detail
[1.641s] -- Up-to-date: /home/wojciech/Workspaces/ROS2/SCARA/install/scara_msgs/include/scara_msgs/scara_msgs/action/detail/scara_task__functions.c
[1.642s] -- Up-to-date: /home/wojciech/Workspaces/ROS2/SCARA/install/scara_msgs/include/scara_msgs/scara_msgs/action/detail/scara_task__struct.h
[1.645s] -- Installing: /home/wojciech/Workspaces/ROS2/SCARA/install/scara_msgs/include/scara_msgs/scara_msgs/action/detail/scara_task__type_support.c
[1.645s] -- Up-to-date: /home/wojciech/Workspaces/ROS2/SCARA/install/scara_msgs/include/scara_msgs/scara_msgs/action/detail/scara_task__functions.h
[1.645s] -- Up-to-date: /home/wojciech/Workspaces/ROS2/SCARA/install/scara_msgs/include/scara_msgs/scara_msgs/action/detail/scara_task__type_support.h
[1.646s] -- Up-to-date: /home/wojciech/Workspaces/ROS2/SCARA/install/scara_msgs/include/scara_msgs/scara_msgs/action/detail/scara_task__description.c
[1.646s] -- Up-to-date: /home/wojciech/Workspaces/ROS2/SCARA/install/scara_msgs/include/scara_msgs/scara_msgs/action/scara_task.h
[1.646s] -- Up-to-date: /home/wojciech/Workspaces/ROS2/SCARA/install/scara_msgs/include/scara_msgs/scara_msgs/msg
[1.646s] -- Up-to-date: /home/wojciech/Workspaces/ROS2/SCARA/install/scara_msgs/include/scara_msgs/scara_msgs/msg/rosidl_generator_c__visibility_control.h
[1.647s] -- Up-to-date: /home/wojciech/Workspaces/ROS2/SCARA/install/scara_msgs/share/scara_msgs/environment/library_path.sh
[1.647s] -- Up-to-date: /home/wojciech/Workspaces/ROS2/SCARA/install/scara_msgs/share/scara_msgs/environment/library_path.dsv
[1.647s] -- Up-to-date: /home/wojciech/Workspaces/ROS2/SCARA/install/scara_msgs/lib/libscara_msgs__rosidl_generator_c.so
[1.647s] -- Up-to-date: /home/wojciech/Workspaces/ROS2/SCARA/install/scara_msgs/include/scara_msgs/scara_msgs
[1.657s] -- Up-to-date: /home/wojciech/Workspaces/ROS2/SCARA/install/scara_msgs/include/scara_msgs/scara_msgs/srv
[1.657s] -- Up-to-date: /home/wojciech/Workspaces/ROS2/SCARA/install/scara_msgs/include/scara_msgs/scara_msgs/srv/detail
[1.657s] -- Up-to-date: /home/wojciech/Workspaces/ROS2/SCARA/install/scara_msgs/include/scara_msgs/scara_msgs/srv/detail/quaternion_to_euler__rosidl_typesupport_fastrtps_c.h
[1.657s] -- Up-to-date: /home/wojciech/Workspaces/ROS2/SCARA/install/scara_msgs/include/scara_msgs/scara_msgs/srv/detail/euler_to_quaternion__rosidl_typesupport_fastrtps_c.h
[1.658s] -- Up-to-date: /home/wojciech/Workspaces/ROS2/SCARA/install/scara_msgs/include/scara_msgs/scara_msgs/action
[1.658s] -- Up-to-date: /home/wojciech/Workspaces/ROS2/SCARA/install/scara_msgs/include/scara_msgs/scara_msgs/action/detail
[1.664s] -- Up-to-date: /home/wojciech/Workspaces/ROS2/SCARA/install/scara_msgs/include/scara_msgs/scara_msgs/action/detail/scara_task__rosidl_typesupport_fastrtps_c.h
[1.664s] -- Up-to-date: /home/wojciech/Workspaces/ROS2/SCARA/install/scara_msgs/include/scara_msgs/scara_msgs/msg
[1.664s] -- Up-to-date: /home/wojciech/Workspaces/ROS2/SCARA/install/scara_msgs/include/scara_msgs/scara_msgs/msg/rosidl_typesupport_fastrtps_c__visibility_control.h
[1.664s] -- Up-to-date: /home/wojciech/Workspaces/ROS2/SCARA/install/scara_msgs/lib/libscara_msgs__rosidl_typesupport_fastrtps_c.so
[1.669s] -- Up-to-date: /home/wojciech/Workspaces/ROS2/SCARA/install/scara_msgs/include/scara_msgs/scara_msgs
[1.669s] -- Up-to-date: /home/wojciech/Workspaces/ROS2/SCARA/install/scara_msgs/include/scara_msgs/scara_msgs/srv
[1.672s] -- Up-to-date: /home/wojciech/Workspaces/ROS2/SCARA/install/scara_msgs/include/scara_msgs/scara_msgs/srv/euler_to_quaternion.hpp
[1.672s] -- Up-to-date: /home/wojciech/Workspaces/ROS2/SCARA/install/scara_msgs/include/scara_msgs/scara_msgs/srv/quaternion_to_euler.hpp
[1.672s] -- Up-to-date: /home/wojciech/Workspaces/ROS2/SCARA/install/scara_msgs/include/scara_msgs/scara_msgs/srv/detail
[1.672s] -- Up-to-date: /home/wojciech/Workspaces/ROS2/SCARA/install/scara_msgs/include/scara_msgs/scara_msgs/srv/detail/euler_to_quaternion__struct.hpp
[1.673s] -- Up-to-date: /home/wojciech/Workspaces/ROS2/SCARA/install/scara_msgs/include/scara_msgs/scara_msgs/srv/detail/euler_to_quaternion__builder.hpp
[1.673s] -- Up-to-date: /home/wojciech/Workspaces/ROS2/SCARA/install/scara_msgs/include/scara_msgs/scara_msgs/srv/detail/quaternion_to_euler__traits.hpp
[1.673s] -- Up-to-date: /home/wojciech/Workspaces/ROS2/SCARA/install/scara_msgs/include/scara_msgs/scara_msgs/srv/detail/euler_to_quaternion__traits.hpp
[1.673s] -- Up-to-date: /home/wojciech/Workspaces/ROS2/SCARA/install/scara_msgs/include/scara_msgs/scara_msgs/srv/detail/quaternion_to_euler__builder.hpp
[1.673s] -- Up-to-date: /home/wojciech/Workspaces/ROS2/SCARA/install/scara_msgs/include/scara_msgs/scara_msgs/srv/detail/quaternion_to_euler__type_support.hpp
[1.673s] -- Up-to-date: /home/wojciech/Workspaces/ROS2/SCARA/install/scara_msgs/include/scara_msgs/scara_msgs/srv/detail/quaternion_to_euler__struct.hpp
[1.681s] -- Up-to-date: /home/wojciech/Workspaces/ROS2/SCARA/install/scara_msgs/include/scara_msgs/scara_msgs/srv/detail/euler_to_quaternion__type_support.hpp
[1.681s] -- Up-to-date: /home/wojciech/Workspaces/ROS2/SCARA/install/scara_msgs/include/scara_msgs/scara_msgs/action
[1.682s] -- Up-to-date: /home/wojciech/Workspaces/ROS2/SCARA/install/scara_msgs/include/scara_msgs/scara_msgs/action/scara_task.hpp
[1.682s] -- Up-to-date: /home/wojciech/Workspaces/ROS2/SCARA/install/scara_msgs/include/scara_msgs/scara_msgs/action/detail
[1.682s] -- Up-to-date: /home/wojciech/Workspaces/ROS2/SCARA/install/scara_msgs/include/scara_msgs/scara_msgs/action/detail/scara_task__traits.hpp
[1.683s] -- Up-to-date: /home/wojciech/Workspaces/ROS2/SCARA/install/scara_msgs/include/scara_msgs/scara_msgs/action/detail/scara_task__type_support.hpp
[1.683s] -- Up-to-date: /home/wojciech/Workspaces/ROS2/SCARA/install/scara_msgs/include/scara_msgs/scara_msgs/action/detail/scara_task__struct.hpp
[1.683s] -- Up-to-date: /home/wojciech/Workspaces/ROS2/SCARA/install/scara_msgs/include/scara_msgs/scara_msgs/action/detail/scara_task__builder.hpp
[1.683s] -- Up-to-date: /home/wojciech/Workspaces/ROS2/SCARA/install/scara_msgs/include/scara_msgs/scara_msgs/msg
[1.683s] -- Up-to-date: /home/wojciech/Workspaces/ROS2/SCARA/install/scara_msgs/include/scara_msgs/scara_msgs/msg/rosidl_generator_cpp__visibility_control.hpp
[1.683s] -- Up-to-date: /home/wojciech/Workspaces/ROS2/SCARA/install/scara_msgs/include/scara_msgs/scara_msgs
[1.687s] -- Up-to-date: /home/wojciech/Workspaces/ROS2/SCARA/install/scara_msgs/include/scara_msgs/scara_msgs/srv
[1.687s] -- Up-to-date: /home/wojciech/Workspaces/ROS2/SCARA/install/scara_msgs/include/scara_msgs/scara_msgs/srv/detail
[1.687s] -- Up-to-date: /home/wojciech/Workspaces/ROS2/SCARA/install/scara_msgs/include/scara_msgs/scara_msgs/srv/detail/dds_fastrtps
[1.687s] -- Up-to-date: /home/wojciech/Workspaces/ROS2/SCARA/install/scara_msgs/include/scara_msgs/scara_msgs/srv/detail/quaternion_to_euler__rosidl_typesupport_fastrtps_cpp.hpp
[1.687s] -- Up-to-date: /home/wojciech/Workspaces/ROS2/SCARA/install/scara_msgs/include/scara_msgs/scara_msgs/srv/detail/euler_to_quaternion__rosidl_typesupport_fastrtps_cpp.hpp
[1.687s] -- Up-to-date: /home/wojciech/Workspaces/ROS2/SCARA/install/scara_msgs/include/scara_msgs/scara_msgs/action
[1.688s] -- Up-to-date: /home/wojciech/Workspaces/ROS2/SCARA/install/scara_msgs/include/scara_msgs/scara_msgs/action/detail
[1.688s] -- Up-to-date: /home/wojciech/Workspaces/ROS2/SCARA/install/scara_msgs/include/scara_msgs/scara_msgs/action/detail/dds_fastrtps
[1.688s] -- Up-to-date: /home/wojciech/Workspaces/ROS2/SCARA/install/scara_msgs/include/scara_msgs/scara_msgs/action/detail/scara_task__rosidl_typesupport_fastrtps_cpp.hpp
[1.688s] -- Up-to-date: /home/wojciech/Workspaces/ROS2/SCARA/install/scara_msgs/include/scara_msgs/scara_msgs/msg
[1.688s] -- Up-to-date: /home/wojciech/Workspaces/ROS2/SCARA/install/scara_msgs/include/scara_msgs/scara_msgs/msg/rosidl_typesupport_fastrtps_cpp__visibility_control.h
[1.688s] -- Up-to-date: /home/wojciech/Workspaces/ROS2/SCARA/install/scara_msgs/lib/libscara_msgs__rosidl_typesupport_fastrtps_cpp.so
[1.688s] -- Up-to-date: /home/wojciech/Workspaces/ROS2/SCARA/install/scara_msgs/include/scara_msgs/scara_msgs
[1.688s] -- Up-to-date: /home/wojciech/Workspaces/ROS2/SCARA/install/scara_msgs/include/scara_msgs/scara_msgs/srv
[1.688s] -- Up-to-date: /home/wojciech/Workspaces/ROS2/SCARA/install/scara_msgs/include/scara_msgs/scara_msgs/srv/detail
[1.692s] -- Installing: /home/wojciech/Workspaces/ROS2/SCARA/install/scara_msgs/include/scara_msgs/scara_msgs/srv/detail/quaternion_to_euler__type_support.c
[1.692s] -- Up-to-date: /home/wojciech/Workspaces/ROS2/SCARA/install/scara_msgs/include/scara_msgs/scara_msgs/srv/detail/quaternion_to_euler__rosidl_typesupport_introspection_c.h
[1.693s] -- Up-to-date: /home/wojciech/Workspaces/ROS2/SCARA/install/scara_msgs/include/scara_msgs/scara_msgs/srv/detail/euler_to_quaternion__rosidl_typesupport_introspection_c.h
[1.693s] -- Installing: /home/wojciech/Workspaces/ROS2/SCARA/install/scara_msgs/include/scara_msgs/scara_msgs/srv/detail/euler_to_quaternion__type_support.c
[1.693s] -- Up-to-date: /home/wojciech/Workspaces/ROS2/SCARA/install/scara_msgs/include/scara_msgs/scara_msgs/action
[1.693s] -- Up-to-date: /home/wojciech/Workspaces/ROS2/SCARA/install/scara_msgs/include/scara_msgs/scara_msgs/action/detail
[1.693s] -- Installing: /home/wojciech/Workspaces/ROS2/SCARA/install/scara_msgs/include/scara_msgs/scara_msgs/action/detail/scara_task__type_support.c
[1.693s] -- Up-to-date: /home/wojciech/Workspaces/ROS2/SCARA/install/scara_msgs/include/scara_msgs/scara_msgs/action/detail/scara_task__rosidl_typesupport_introspection_c.h
[1.693s] -- Up-to-date: /home/wojciech/Workspaces/ROS2/SCARA/install/scara_msgs/include/scara_msgs/scara_msgs/msg
[1.694s] -- Up-to-date: /home/wojciech/Workspaces/ROS2/SCARA/install/scara_msgs/include/scara_msgs/scara_msgs/msg/rosidl_typesupport_introspection_c__visibility_control.h
[1.694s] -- Up-to-date: /home/wojciech/Workspaces/ROS2/SCARA/install/scara_msgs/lib/libscara_msgs__rosidl_typesupport_introspection_c.so
[1.694s] -- Up-to-date: /home/wojciech/Workspaces/ROS2/SCARA/install/scara_msgs/lib/libscara_msgs__rosidl_typesupport_c.so
[1.694s] -- Up-to-date: /home/wojciech/Workspaces/ROS2/SCARA/install/scara_msgs/include/scara_msgs/scara_msgs
[1.694s] -- Up-to-date: /home/wojciech/Workspaces/ROS2/SCARA/install/scara_msgs/include/scara_msgs/scara_msgs/srv
[1.698s] -- Up-to-date: /home/wojciech/Workspaces/ROS2/SCARA/install/scara_msgs/include/scara_msgs/scara_msgs/srv/detail
[1.698s] -- Up-to-date: /home/wojciech/Workspaces/ROS2/SCARA/install/scara_msgs/include/scara_msgs/scara_msgs/srv/detail/euler_to_quaternion__rosidl_typesupport_introspection_cpp.hpp
[1.698s] -- Up-to-date: /home/wojciech/Workspaces/ROS2/SCARA/install/scara_msgs/include/scara_msgs/scara_msgs/srv/detail/quaternion_to_euler__rosidl_typesupport_introspection_cpp.hpp
[1.698s] -- Up-to-date: /home/wojciech/Workspaces/ROS2/SCARA/install/scara_msgs/include/scara_msgs/scara_msgs/srv/detail/quaternion_to_euler__type_support.cpp
[1.698s] -- Up-to-date: /home/wojciech/Workspaces/ROS2/SCARA/install/scara_msgs/include/scara_msgs/scara_msgs/srv/detail/euler_to_quaternion__type_support.cpp
[1.699s] -- Up-to-date: /home/wojciech/Workspaces/ROS2/SCARA/install/scara_msgs/include/scara_msgs/scara_msgs/action
[1.700s] -- Up-to-date: /home/wojciech/Workspaces/ROS2/SCARA/install/scara_msgs/include/scara_msgs/scara_msgs/action/detail
[1.701s] -- Up-to-date: /home/wojciech/Workspaces/ROS2/SCARA/install/scara_msgs/include/scara_msgs/scara_msgs/action/detail/scara_task__rosidl_typesupport_introspection_cpp.hpp
[1.701s] -- Up-to-date: /home/wojciech/Workspaces/ROS2/SCARA/install/scara_msgs/include/scara_msgs/scara_msgs/action/detail/scara_task__type_support.cpp
[1.701s] -- Up-to-date: /home/wojciech/Workspaces/ROS2/SCARA/install/scara_msgs/lib/libscara_msgs__rosidl_typesupport_introspection_cpp.so
[1.701s] -- Up-to-date: /home/wojciech/Workspaces/ROS2/SCARA/install/scara_msgs/lib/libscara_msgs__rosidl_typesupport_cpp.so
[1.701s] -- Up-to-date: /home/wojciech/Workspaces/ROS2/SCARA/install/scara_msgs/share/scara_msgs/environment/pythonpath.sh
[1.701s] -- Up-to-date: /home/wojciech/Workspaces/ROS2/SCARA/install/scara_msgs/share/scara_msgs/environment/pythonpath.dsv
[1.702s] -- Up-to-date: /home/wojciech/Workspaces/ROS2/SCARA/install/scara_msgs/lib/python3.12/site-packages/scara_msgs-0.0.0-py3.12.egg-info
[1.702s] -- Installing: /home/wojciech/Workspaces/ROS2/SCARA/install/scara_msgs/lib/python3.12/site-packages/scara_msgs-0.0.0-py3.12.egg-info/dependency_links.txt
[1.702s] -- Installing: /home/wojciech/Workspaces/ROS2/SCARA/install/scara_msgs/lib/python3.12/site-packages/scara_msgs-0.0.0-py3.12.egg-info/PKG-INFO
[1.702s] -- Installing: /home/wojciech/Workspaces/ROS2/SCARA/install/scara_msgs/lib/python3.12/site-packages/scara_msgs-0.0.0-py3.12.egg-info/top_level.txt
[1.702s] -- Installing: /home/wojciech/Workspaces/ROS2/SCARA/install/scara_msgs/lib/python3.12/site-packages/scara_msgs-0.0.0-py3.12.egg-info/SOURCES.txt
[1.702s] -- Up-to-date: /home/wojciech/Workspaces/ROS2/SCARA/install/scara_msgs/lib/python3.12/site-packages/scara_msgs
[1.702s] -- Up-to-date: /home/wojciech/Workspaces/ROS2/SCARA/install/scara_msgs/lib/python3.12/site-packages/scara_msgs/scara_msgs_s__rosidl_typesupport_introspection_c.so
[1.703s] -- Up-to-date: /home/wojciech/Workspaces/ROS2/SCARA/install/scara_msgs/lib/python3.12/site-packages/scara_msgs/srv
[1.703s] -- Up-to-date: /home/wojciech/Workspaces/ROS2/SCARA/install/scara_msgs/lib/python3.12/site-packages/scara_msgs/srv/_quaternion_to_euler_s.c
[1.703s] -- Up-to-date: /home/wojciech/Workspaces/ROS2/SCARA/install/scara_msgs/lib/python3.12/site-packages/scara_msgs/srv/_euler_to_quaternion_s.c
[1.703s] -- Up-to-date: /home/wojciech/Workspaces/ROS2/SCARA/install/scara_msgs/lib/python3.12/site-packages/scara_msgs/srv/__init__.py
[1.703s] -- Up-to-date: /home/wojciech/Workspaces/ROS2/SCARA/install/scara_msgs/lib/python3.12/site-packages/scara_msgs/srv/_quaternion_to_euler.py
[1.703s] -- Up-to-date: /home/wojciech/Workspaces/ROS2/SCARA/install/scara_msgs/lib/python3.12/site-packages/scara_msgs/srv/_euler_to_quaternion.py
[1.703s] -- Up-to-date: /home/wojciech/Workspaces/ROS2/SCARA/install/scara_msgs/lib/python3.12/site-packages/scara_msgs/_scara_msgs_s.ep.rosidl_typesupport_c.c
[1.703s] -- Up-to-date: /home/wojciech/Workspaces/ROS2/SCARA/install/scara_msgs/lib/python3.12/site-packages/scara_msgs/action
[1.703s] -- Up-to-date: /home/wojciech/Workspaces/ROS2/SCARA/install/scara_msgs/lib/python3.12/site-packages/scara_msgs/action/_scara_task_s.c
[1.704s] -- Up-to-date: /home/wojciech/Workspaces/ROS2/SCARA/install/scara_msgs/lib/python3.12/site-packages/scara_msgs/action/__init__.py
[1.704s] -- Up-to-date: /home/wojciech/Workspaces/ROS2/SCARA/install/scara_msgs/lib/python3.12/site-packages/scara_msgs/action/_scara_task.py
[1.704s] -- Up-to-date: /home/wojciech/Workspaces/ROS2/SCARA/install/scara_msgs/lib/python3.12/site-packages/scara_msgs/scara_msgs_s__rosidl_typesupport_c.so
[1.704s] -- Up-to-date: /home/wojciech/Workspaces/ROS2/SCARA/install/scara_msgs/lib/python3.12/site-packages/scara_msgs/_scara_msgs_s.ep.rosidl_typesupport_fastrtps_c.c
[1.704s] -- Up-to-date: /home/wojciech/Workspaces/ROS2/SCARA/install/scara_msgs/lib/python3.12/site-packages/scara_msgs/__init__.py
[1.704s] -- Up-to-date: /home/wojciech/Workspaces/ROS2/SCARA/install/scara_msgs/lib/python3.12/site-packages/scara_msgs/scara_msgs_s__rosidl_typesupport_fastrtps_c.so
[1.704s] -- Up-to-date: /home/wojciech/Workspaces/ROS2/SCARA/install/scara_msgs/lib/python3.12/site-packages/scara_msgs/_scara_msgs_s.ep.rosidl_typesupport_introspection_c.c
[1.730s] Listing '/home/wojciech/Workspaces/ROS2/SCARA/install/scara_msgs/lib/python3.12/site-packages/scara_msgs'...
[1.730s] Listing '/home/wojciech/Workspaces/ROS2/SCARA/install/scara_msgs/lib/python3.12/site-packages/scara_msgs/action'...
[1.730s] Listing '/home/wojciech/Workspaces/ROS2/SCARA/install/scara_msgs/lib/python3.12/site-packages/scara_msgs/srv'...
[1.743s] -- Up-to-date: /home/wojciech/Workspaces/ROS2/SCARA/install/scara_msgs/lib/python3.12/site-packages/scara_msgs/scara_msgs_s__rosidl_typesupport_fastrtps_c.so
[1.744s] -- Up-to-date: /home/wojciech/Workspaces/ROS2/SCARA/install/scara_msgs/lib/python3.12/site-packages/scara_msgs/scara_msgs_s__rosidl_typesupport_introspection_c.so
[1.746s] -- Up-to-date: /home/wojciech/Workspaces/ROS2/SCARA/install/scara_msgs/lib/python3.12/site-packages/scara_msgs/scara_msgs_s__rosidl_typesupport_c.so
[1.746s] -- Up-to-date: /home/wojciech/Workspaces/ROS2/SCARA/install/scara_msgs/lib/libscara_msgs__rosidl_generator_py.so
[1.746s] -- Up-to-date: /home/wojciech/Workspaces/ROS2/SCARA/install/scara_msgs/share/scara_msgs/srv/EulerToQuaternion.idl
[1.746s] -- Up-to-date: /home/wojciech/Workspaces/ROS2/SCARA/install/scara_msgs/share/scara_msgs/srv/QuaternionToEuler.idl
[1.747s] -- Up-to-date: /home/wojciech/Workspaces/ROS2/SCARA/install/scara_msgs/share/scara_msgs/action/ScaraTask.idl
[1.747s] -- Up-to-date: /home/wojciech/Workspaces/ROS2/SCARA/install/scara_msgs/share/scara_msgs/srv/EulerToQuaternion.srv
[1.747s] -- Up-to-date: /home/wojciech/Workspaces/ROS2/SCARA/install/scara_msgs/share/scara_msgs/srv/QuaternionToEuler.srv
[1.747s] -- Up-to-date: /home/wojciech/Workspaces/ROS2/SCARA/install/scara_msgs/share/scara_msgs/action/ScaraTask.action
[1.747s] -- Up-to-date: /home/wojciech/Workspaces/ROS2/SCARA/install/scara_msgs/share/ament_index/resource_index/package_run_dependencies/scara_msgs
[1.747s] -- Up-to-date: /home/wojciech/Workspaces/ROS2/SCARA/install/scara_msgs/share/ament_index/resource_index/parent_prefix_path/scara_msgs
[1.747s] -- Up-to-date: /home/wojciech/Workspaces/ROS2/SCARA/install/scara_msgs/share/scara_msgs/environment/ament_prefix_path.sh
[1.748s] -- Up-to-date: /home/wojciech/Workspaces/ROS2/SCARA/install/scara_msgs/share/scara_msgs/environment/ament_prefix_path.dsv
[1.748s] -- Up-to-date: /home/wojciech/Workspaces/ROS2/SCARA/install/scara_msgs/share/scara_msgs/environment/path.sh
[1.748s] -- Up-to-date: /home/wojciech/Workspaces/ROS2/SCARA/install/scara_msgs/share/scara_msgs/environment/path.dsv
[1.749s] -- Up-to-date: /home/wojciech/Workspaces/ROS2/SCARA/install/scara_msgs/share/scara_msgs/local_setup.bash
[1.749s] -- Up-to-date: /home/wojciech/Workspaces/ROS2/SCARA/install/scara_msgs/share/scara_msgs/local_setup.sh
[1.749s] -- Up-to-date: /home/wojciech/Workspaces/ROS2/SCARA/install/scara_msgs/share/scara_msgs/local_setup.zsh
[1.749s] -- Up-to-date: /home/wojciech/Workspaces/ROS2/SCARA/install/scara_msgs/share/scara_msgs/local_setup.dsv
[1.749s] -- Installing: /home/wojciech/Workspaces/ROS2/SCARA/install/scara_msgs/share/scara_msgs/package.dsv
[1.749s] -- Up-to-date: /home/wojciech/Workspaces/ROS2/SCARA/install/scara_msgs/share/ament_index/resource_index/packages/scara_msgs
[1.749s] -- Up-to-date: /home/wojciech/Workspaces/ROS2/SCARA/install/scara_msgs/share/scara_msgs/cmake/export_scara_msgs__rosidl_generator_cExport.cmake
[1.751s] -- Up-to-date: /home/wojciech/Workspaces/ROS2/SCARA/install/scara_msgs/share/scara_msgs/cmake/export_scara_msgs__rosidl_generator_cExport-noconfig.cmake
[1.752s] -- Up-to-date: /home/wojciech/Workspaces/ROS2/SCARA/install/scara_msgs/share/scara_msgs/cmake/export_scara_msgs__rosidl_typesupport_fastrtps_cExport.cmake
[1.752s] -- Up-to-date: /home/wojciech/Workspaces/ROS2/SCARA/install/scara_msgs/share/scara_msgs/cmake/export_scara_msgs__rosidl_typesupport_fastrtps_cExport-noconfig.cmake
[1.752s] -- Up-to-date: /home/wojciech/Workspaces/ROS2/SCARA/install/scara_msgs/share/scara_msgs/cmake/export_scara_msgs__rosidl_generator_cppExport.cmake
[1.752s] -- Up-to-date: /home/wojciech/Workspaces/ROS2/SCARA/install/scara_msgs/share/scara_msgs/cmake/export_scara_msgs__rosidl_typesupport_fastrtps_cppExport.cmake
[1.752s] -- Up-to-date: /home/wojciech/Workspaces/ROS2/SCARA/install/scara_msgs/share/scara_msgs/cmake/export_scara_msgs__rosidl_typesupport_fastrtps_cppExport-noconfig.cmake
[1.752s] -- Up-to-date: /home/wojciech/Workspaces/ROS2/SCARA/install/scara_msgs/share/scara_msgs/cmake/scara_msgs__rosidl_typesupport_introspection_cExport.cmake
[1.752s] -- Up-to-date: /home/wojciech/Workspaces/ROS2/SCARA/install/scara_msgs/share/scara_msgs/cmake/scara_msgs__rosidl_typesupport_introspection_cExport-noconfig.cmake
[1.752s] -- Up-to-date: /home/wojciech/Workspaces/ROS2/SCARA/install/scara_msgs/share/scara_msgs/cmake/scara_msgs__rosidl_typesupport_cExport.cmake
[1.753s] -- Up-to-date: /home/wojciech/Workspaces/ROS2/SCARA/install/scara_msgs/share/scara_msgs/cmake/scara_msgs__rosidl_typesupport_cExport-noconfig.cmake
[1.753s] -- Up-to-date: /home/wojciech/Workspaces/ROS2/SCARA/install/scara_msgs/share/scara_msgs/cmake/scara_msgs__rosidl_typesupport_introspection_cppExport.cmake
[1.753s] -- Up-to-date: /home/wojciech/Workspaces/ROS2/SCARA/install/scara_msgs/share/scara_msgs/cmake/scara_msgs__rosidl_typesupport_introspection_cppExport-noconfig.cmake
[1.753s] -- Up-to-date: /home/wojciech/Workspaces/ROS2/SCARA/install/scara_msgs/share/scara_msgs/cmake/scara_msgs__rosidl_typesupport_cppExport.cmake
[1.753s] -- Up-to-date: /home/wojciech/Workspaces/ROS2/SCARA/install/scara_msgs/share/scara_msgs/cmake/scara_msgs__rosidl_typesupport_cppExport-noconfig.cmake
[1.753s] -- Up-to-date: /home/wojciech/Workspaces/ROS2/SCARA/install/scara_msgs/share/scara_msgs/cmake/export_scara_msgs__rosidl_generator_pyExport.cmake
[1.753s] -- Up-to-date: /home/wojciech/Workspaces/ROS2/SCARA/install/scara_msgs/share/scara_msgs/cmake/export_scara_msgs__rosidl_generator_pyExport-noconfig.cmake
[1.753s] -- Up-to-date: /home/wojciech/Workspaces/ROS2/SCARA/install/scara_msgs/share/scara_msgs/cmake/rosidl_cmake-extras.cmake
[1.753s] -- Up-to-date: /home/wojciech/Workspaces/ROS2/SCARA/install/scara_msgs/share/scara_msgs/cmake/ament_cmake_export_dependencies-extras.cmake
[1.753s] -- Up-to-date: /home/wojciech/Workspaces/ROS2/SCARA/install/scara_msgs/share/scara_msgs/cmake/ament_cmake_export_include_directories-extras.cmake
[1.754s] -- Up-to-date: /home/wojciech/Workspaces/ROS2/SCARA/install/scara_msgs/share/scara_msgs/cmake/ament_cmake_export_libraries-extras.cmake
[1.754s] -- Up-to-date: /home/wojciech/Workspaces/ROS2/SCARA/install/scara_msgs/share/scara_msgs/cmake/ament_cmake_export_targets-extras.cmake
[1.755s] -- Up-to-date: /home/wojciech/Workspaces/ROS2/SCARA/install/scara_msgs/share/scara_msgs/cmake/rosidl_cmake_export_typesupport_targets-extras.cmake
[1.755s] -- Up-to-date: /home/wojciech/Workspaces/ROS2/SCARA/install/scara_msgs/share/scara_msgs/cmake/rosidl_cmake_export_typesupport_libraries-extras.cmake
[1.755s] -- Up-to-date: /home/wojciech/Workspaces/ROS2/SCARA/install/scara_msgs/share/scara_msgs/cmake/scara_msgsConfig.cmake
[1.757s] -- Up-to-date: /home/wojciech/Workspaces/ROS2/SCARA/install/scara_msgs/share/scara_msgs/cmake/scara_msgsConfig-version.cmake
[1.757s] -- Up-to-date: /home/wojciech/Workspaces/ROS2/SCARA/install/scara_msgs/share/scara_msgs/package.xml
[1.759s] Invoked command in '/home/wojciech/Workspaces/ROS2/SCARA/build/scara_msgs' returned '0': CMAKE_PREFIX_PATH=${CMAKE_PREFIX_PATH}:/opt/ros/jazzy DEBUGINFOD_URLS=https://debuginfod.ubuntu.com /usr/bin/cmake --install /home/wojciech/Workspaces/ROS2/SCARA/build/scara_msgs
